38.2419   40.2794   2.03744  
41.1479   43.198    2.05012  
109.229   110.466   1.23687  
119.79    121.076   1.28594  
141.573   142.615   1.04197  
153.51    154.556   1.04684  
164.199   165.631   1.43241  
187.443   188.599   1.15591  
196.994   198.068   1.07344  
199.581   201.545   1.96441  
223.844   224.897   1.05313  
234.965   236.452   1.48716  
259.905   261.256   1.35081  
275.293   276.457   1.16375  
301.679   303.361   1.68178  
311.393   312.465   1.07184  
318.663   319.977   1.31378  
323.686   324.828   1.14234  
331.818   333.518   1.69947  
339.968   341.513   1.54494  
358.749   359.81    1.06059  
361.691   362.737   1.04609  
372.564   373.78    1.21566  
378.131   380.118   1.987    
393.971   394.991   1.01944  
423.248   424.557   1.30897  
452.25    453.375   1.12503  
490.123   491.878   1.75516  
507.063   508.286   1.22322  
554.038   555.127   1.08922  
572.083   573.267   1.18353  
576.339   577.847   1.50816  
594.258   595.397   1.13919  
597.699   598.782   1.08306  
601.573   602.727   1.15334  
617.04    618.165   1.12503  
629.449   630.499   1.05006  
643.445   644.47    1.02519  
670.738   671.89    1.15187  
678       679.259   1.25875  
681.227   682.246   1.01859  
696.592   698.142   1.5495   
703.604   705.455   1.85137  
710.087   711.215   1.12834  
716.486   717.628   1.14206  
722.543   723.96    1.41672  
740.551   741.867   1.31547  
808.34    809.528   1.18784  
822.617   823.813   1.19622  
838.081   839.391   1.3095   
860.924   861.961   1.03703  
872.778   874.037   1.25809  
912.268   913.774   1.50572  
926.498   927.772   1.27369  
937.109   938.124   1.01566  
944.886   946.257   1.37109  
963.437   964.664   1.22728  
971.628   972.665   1.03687  
1014.37   1015.52   1.14538  
1016.13   1017.58   1.44675  
1048.1    1049.16   1.05737  
1051.4    1052.56   1.16263  
1074.39   1075.47   1.08066  
1130.27   1131.48   1.21116  
1139.31   1141.3    1.9925   
1202.44   1203.47   1.02484  
1226.03   1227.31   1.27606  
1233.98   1235.33   1.35106  
1240.03   1241.06   1.03038  
1271.7    1272.81   1.10194  
1315.66   1316.69   1.02719  
1346.13   1347.15   1.0185   
1367.78   1368.81   1.03434  
1370.4    1372.4    1.99734  
1397.38   1398.4    1.0235   
1414.32   1415.36   1.03847  
1443.89   1444.94   1.05334  
1492.62   1493.96   1.33809  
1517.66   1518.76   1.10647  
1551.23   1552.29   1.06116  
1592.36   1593.5    1.14344  
1630.42   1631.95   1.52819  
1641.08   1642.23   1.15181  
1646.27   1647.81   1.53756  
1648.56   1649.69   1.13312  
1650.86   1651.88   1.02238  
1668.41   1669.45   1.04128  
1684.77   1686.09   1.32016  
1701.11   1702.5    1.39106  
1722.97   1724.31   1.341    
1753.58   1754.7    1.11719  
1757.17   1758.39   1.21669  
1763.91   1765.44   1.52934  
1778.17   1779.66   1.48922  
1787.24   1788.38   1.13519  
1800.65   1801.8    1.15484  
1817.81   1819.19   1.37603  
1832.86   1833.94   1.08153  
1843.67   1847.84   4.17472  
1848.67   1850.71   2.03556  
1861.08   1862.36   1.28663  
1884.05   1885.11   1.06547  
1894.47   1895.8    1.32691  
1922.14   1923.52   1.37722  
1947.49   1948.72   1.22091  
1954.29   1955.47   1.17497  
1988.36   1989.42   1.05838  
1995.72   1996.8    1.07937  
2021.54   2022.86   1.31644  
2078.88   2080.08   1.20356  
2090.71   2091.87   1.16731  
2121.68   2123.27   1.59528  
2130.96   2132      1.03716  
2171.83   2173.1    1.27097  
2182.14   2183.21   1.07088  
2236.97   2238.25   1.28025  
2243.38   2244.5    1.12206  
2252.63   2253.78   1.15653  
2267.9    2269.17   1.26822  
2300.87   2302.05   1.18541  
2303.48   2304.53   1.05     
2319.72   2320.76   1.04294  
2370.13   2371.54   1.40784  
2395.01   2396.29   1.28616  
2404.63   2405.84   1.20841  
2419.45   2420.8    1.35116  
2442.26   2443.37   1.10872  
2450.19   2451.32   1.132    
2454.36   2456.5    2.13434  
2466.84   2468.02   1.17266  
2483.87   2485.16   1.29144  
2497.29   2498.45   1.15841  
2511.23   2512.31   1.07519  
2556.47   2557.83   1.36297  
2571.72   2572.78   1.06456  
2577.29   2578.36   1.07284  
2610.23   2611.28   1.04819  
2621.95   2623.23   1.27687  
2629.76   2630.86   1.09691  
2637.22   2639.82   2.60669  
2698.19   2699.77   1.58503  
2716.34   2717.44   1.10803  
2768.67   2769.79   1.11253  
2808.3    2809.44   1.14181  
2832.02   2833.05   1.03313  
2875.02   2876.31   1.29775  
2899.78   2901.23   1.44931  
2920.67   2921.83   1.15534  
2945.75   2946.79   1.03256  
2976.7    2977.77   1.06959  
3005.08   3006.11   1.02566  
3054.12   3055.4    1.27269  
3074.86   3077.5    2.63278  
3083.33   3084.63   1.30372  
3098.39   3099.51   1.11331  
3112.53   3113.64   1.10431  
3118.12   3119.44   1.32159  
3123.48   3124.51   1.02531  
3146.54   3147.56   1.0215   
3172.94   3174.01   1.07322  
3178.73   3180.11   1.37731  
3186.1    3187.59   1.48456  
3193.53   3194.56   1.03378  
3198.78   3199.87   1.08509  
3207.6    3208.77   1.17362  
3212.2    3213.4    1.20584  
3220.32   3221.71   1.38634  
3230.54   3231.58   1.03737  
3266.54   3268.18   1.64587  
3274.18   3275.26   1.08494  
3280.84   3281.91   1.07109  
3287.37   3288.52   1.14822  
3292.58   3293.6    1.02309  
3297.13   3298.63   1.50366  
3303.08   3304.25   1.17225  
3321.53   3322.61   1.07931  
3331.17   3332.22   1.05175  
3361.44   3362.93   1.48678  
3371.19   3372.54   1.34634  
3386.03   3388.77   2.74688  
3399.86   3401.08   1.22584  
3419.43   3420.44   1.01056  
3445.35   3446.51   1.16319  
3460.78   3462.16   1.37591  
3465.72   3467.06   1.33706  
3483.75   3484.89   1.14716  
3522.49   3523.78   1.29731  
3544.7    3545.91   1.20894  
3554.95   3556.68   1.73125  
3559.54   3560.75   1.21225  
3592.77   3593.93   1.15363  
3596.08   3597.2    1.12244  
3600.62   3601.64   1.01978  
3607.54   3608.57   1.02416  
3619.72   3621.05   1.333    
3627.62   3628.85   1.23078  
3634.24   3638.43   4.18772  
3639.27   3641.3    2.02478  
3709.49   3710.55   1.06072  
3769.4    3770.44   1.03966  
3841.31   3842.9    1.58341  
3873.36   3874.95   1.58772  
3929.3    3930.31   1.00503  
3938.05   3939.36   1.30359  
3960.25   3961.53   1.27937  
3969.32   3970.52   1.19453  
3985.6    3986.69   1.09097  
3991.8    3992.91   1.11216  
4018.64   4019.72   1.07925  
4038.67   4039.68   1.00566  
4168.98   4170.19   1.21087  
4172.68   4173.93   1.25153  
4181.82   4182.99   1.16994  
4199.45   4200.74   1.29553  
4237.63   4238.97   1.33719  
4280.22   4281.34   1.12544  
4345.4    4346.68   1.282    
4395.03   4396.83   1.79928  
4443.9    4444.92   1.01441  
4517.98   4519.39   1.41709  
4523.54   4524.88   1.34422  
4538.11   4539.48   1.36775  
4551      4552.78   1.77569  
4648.22   4649.23   1.00663  
4706.81   4708.13   1.31575  
4859.11   4860.53   1.41303  
4917.63   4918.73   1.10147  
4931.69   4932.81   1.12112  
4968.49   4969.61   1.12022  
4997.37   4998.59   1.22481  
5062.1    5063.41   1.30516  
5095.87   5096.89   1.02     
5109.89   5111.01   1.12344  
5163.04   5164.06   1.02103  
5176.74   5177.94   1.19744  
5203.37   5204.83   1.46162  
5251.53   5252.69   1.158    
5265.11   5266.51   1.39919  
5347.96   5349.34   1.37906  
5355.6    5356.63   1.02953  
5369.51   5370.86   1.35913  
5381      5382.25   1.24588  
5390.21   5391.41   1.19178  
5400.67   5401.78   1.10997  
5439.47   5440.55   1.08387  
5480.85   5482.44   1.59903  
5512.96   5513.96   1.00153  
5531.45   5535.55   4.09413  
5536.39   5538.44   2.04234  
5591.96   5593      1.04525  
5623.36   5625.08   1.72437  
5627.79   5628.95   1.15616  
5632.43   5633.56   1.12494  
5660.98   5662.24   1.25747  
5705.64   5706.95   1.31541  
5718.62   5720.02   1.40244  
5732.84   5734.15   1.30497  
5735.3    5736.39   1.08669  
5739.61   5740.64   1.03356  
5759.33   5760.66   1.32313  
5766.42   5767.79   1.3755   
5773.22   5774.43   1.20422  
5789.57   5790.89   1.32259  
5792.79   5794.13   1.34594  
5801.53   5802.6    1.07078  
5810.74   5811.75   1.00903  
5825.87   5827.23   1.35444  
5840.5    5841.8    1.30022  
5855.59   5856.79   1.19759  
5862.42   5863.58   1.15341  
5879.81   5881.27   1.46247  
5885.62   5886.82   1.20837  
5890.48   5891.52   1.04216  
5897.71   5898.95   1.23106  
5917.76   5918.98   1.21975  
5925.82   5926.85   1.02878  
5935.18   5936.57   1.38956  
5941.38   5942.79   1.40897  
5965.49   5966.99   1.49284  
5971.99   5973.2    1.20778  
6050.25   6051.26   1.00344  
6073.83   6075.17   1.33884  
6104.78   6106.04   1.26328  
6114.35   6115.45   1.09669  
6126.43   6128.66   2.23059  
6152.22   6153.7    1.48087  
6196.82   6197.83   1.00394  
6203.89   6204.98   1.09541  
6217.27   6218.8    1.52625  
6224.14   6225.28   1.13538  
6233.08   6234.93   1.85069  
6276.97   6278.19   1.21856  
6297.43   6298.8    1.36916  
6309.81   6310.88   1.076    
6334.55   6335.99   1.44197  
6341.85   6343.22   1.36569  
6350.86   6352.1    1.23769  
6391.59   6392.63   1.03759  
6393.28   6394.32   1.04278  
6400.65   6402.02   1.36475  
6454.25   6455.61   1.35913  
6463.42   6464.76   1.33834  
6473.22   6474.25   1.03309  
6480.18   6481.43   1.25138  
6486.31   6487.48   1.16606  
6506.84   6508.42   1.58291  
6510.42   6511.66   1.24716  
6519.2    6520.21   1.00375  
6526.37   6527.61   1.23628  
6544.89   6545.99   1.09969  
6571.97   6573.18   1.21281  
6580.72   6581.73   1.01328  
6590.78   6592.04   1.26422  
6600.3    6601.42   1.11925  
6608.71   6609.79   1.08172  
6635.97   6637.39   1.42744  
6673.09   6674.24   1.14703  
6677.04   6678.09   1.04662  
6699.61   6700.83   1.22275  
6716.04   6717.2    1.16134  
6758.23   6759.46   1.23547  
6766.31   6767.39   1.07822  
6785.44   6786.66   1.21809  
6794.87   6796.14   1.26819  
6825.25   6826.65   1.40078  
6835.45   6836.5    1.05006  
6864.93   6866.64   1.71672  
6874.81   6875.91   1.09041  
6906.49   6907.52   1.03116  
6938.35   6939.73   1.37972  
6966.46   6967.55   1.09509  
6976.53   6977.59   1.06297  
7057.92   7059.19   1.26684  
7069      7070.29   1.29119  
7080.37   7081.38   1.01591  
7092.11   7093.11   1.00106  
7116.73   7118.3    1.57091  
7186.43   7187.83   1.39912  
7196.78   7197.89   1.11694  
7205.45   7206.59   1.14256  
7230.58   7232.46   1.87838  
7242.66   7243.96   1.30766  
7266.13   7267.16   1.02594  
7277.61   7278.66   1.05384  
7285.45   7286.62   1.17059  
7301.74   7302.82   1.07838  
7318.58   7319.64   1.06594  
7327.03   7328.04   1.00853  
7344.76   7346.22   1.45606  
7346.72   7347.77   1.04916  
7356.62   7358.04   1.42275  
7363.83   7365.49   1.66159  
7367.35   7368.67   1.32547  
7369.19   7370.24   1.04903  
7375.74   7377.14   1.39938  
7381.36   7385.46   4.09556  
7386.53   7388.56   2.02966  
7415.95   7416.99   1.04219  
7426.24   7427.41   1.16422  
7510.01   7511.33   1.32766  
7598.3    7599.43   1.12778  
7636.14   7637.23   1.08241  
7716.34   7717.58   1.2405   
7730.87   7731.98   1.10822  
7762.37   7763.48   1.10628  
7802.01   7803.05   1.044    
7845.5    7846.8    1.29281  
7866.13   7867.18   1.04888  
7872.28   7873.29   1.00756  
7940.66   7941.7    1.0355   
7999.08   8000.33   1.25538  
8024.73   8026.03   1.29656  
8034.03   8035.4    1.37056  
8105.09   8106.19   1.10269  
8115.83   8116.84   1.00966  
8130.48   8131.64   1.15631  
8143.06   8144.08   1.01269  
8157.75   8159.21   1.45644  
8185.23   8186.52   1.29084  
8193.11   8194.32   1.20744  
8218.88   8220.35   1.47431  
8234.4    8235.62   1.2155   
8263.02   8264.38   1.36628  
8273.64   8275.04   1.403    
8282.56   8283.8    1.23453  
8285.5    8286.85   1.34384  
8310.53   8311.72   1.18956  
8319.98   8320.99   1.01397  
8354.72   8355.88   1.15925  
8364.15   8365.24   1.08744  
8377.12   8378.49   1.37247  
8400.72   8401.99   1.27056  
8414.93   8416.27   1.33862  
8417.99   8419.01   1.02284  
8424.44   8425.62   1.18031  
8441.53   8442.73   1.19881  
8450.01   8451.02   1.01181  
8454.18   8455.54   1.35944  
8462.15   8463.29   1.13319  
8463.29   8464.48   1.18944  
8488.58   8489.67   1.09322  
8516.69   8517.83   1.14237  
8544.79   8545.79   1.00334  
8581.13   8582.3    1.16863  
8604.54   8605.89   1.34734  
8637.33   8638.37   1.04128  
8664.49   8665.64   1.14284  
8695.01   8696.1    1.08719  
8716.19   8717.34   1.15053  
8721.41   8722.44   1.03884  
8735.65   8736.7    1.04872  
8753.22   8754.84   1.62075  
8765.09   8766.09   1.00975  
8794.33   8795.85   1.51397  
8858.12   8859.59   1.46256  
8865.61   8866.88   1.27287  
8907.84   8909.22   1.37963  
8911.37   8912.65   1.28306  
8920.6    8921.81   1.21019  
8923.48   8924.53   1.04631  
8963.87   8965.06   1.19634  
8967.76   8969.02   1.25834  
8977.93   8979.35   1.42138  
9006.49   9007.58   1.08672  
9040.82   9041.89   1.07488  
9048      9049.19   1.18678  
9067.23   9068.5    1.26419  
9099.61   9100.82   1.21728  
9103.48   9104.6    1.11875  
9110.39   9111.47   1.08075  
9140.21   9141.7    1.48687  
9165.66   9167.25   1.58872  
9170.92   9171.93   1.01406  
9183.75   9184.94   1.19178  
9191.85   9192.85   1.00081  
9197.22   9198.25   1.03803  
9200.95   9205.07   4.11656  
9205.9    9207.94   2.04438  
9259.72   9260.8    1.08513  
9290.13   9291.54   1.41091  
9309.75   9311.08   1.33344  
9391.48   9393.1    1.62931  
9402.1    9403.17   1.06625  
9418.82   9419.9    1.07919  
9457.24   9458.36   1.11859  
9460.9    9462.11   1.20666  
9475.6    9476.73   1.12444  
9532.99   9534.25   1.25706  
9580.25   9581.3    1.05406  
9595.69   9596.76   1.07119  
9621.29   9622.6    1.31178  
9632.76   9634.1    1.33513  
9640.01   9641.05   1.0405   
9671.23   9672.41   1.18322  
9674.2    9675.28   1.07931  
9677.14   9678.24   1.09606  
9685.08   9686.16   1.08166  
9710.71   9711.77   1.05375  
9720.94   9722.52   1.57716  
9725.76   9726.79   1.03056  
9777.01   9778.2    1.19747  
9810.32   9811.44   1.11816  
9824.18   9825.32   1.13844  
9847.54   9848.86   1.321    
9878.01   9879.23   1.22331  
9882.37   9883.43   1.05506  
9893.1    9894.36   1.25913  
9925.66   9927.11   1.44975  
9953.34   9954.44   1.09881  
9963.25   9964.42   1.17631  
9970.78   9971.8    1.02547  
10041.1   10042.1   1.02416  
10064.1   10065.2   1.07937  
10094.4   10095.8   1.39466  
10119.9   10120.9   1.04937  
10137.9   10139.2   1.26653  
10169.1   10170.4   1.21559  
10179.4   10180.7   1.37453  
10187.9   10189.2   1.22472  
10196.5   10197.6   1.09728  
10201.7   10202.7   1.06128  
10204.6   10206.3   1.70925  
10237.7   10239     1.28916  
10269.3   10270.6   1.27706  
10286.1   10287.1   1.03916  
10304.5   10305.7   1.10422  
10334.3   10335.4   1.032    
10362.7   10363.9   1.22775  
10369     10370.3   1.26687  
10393.2   10394.2   1.01294  
10404.3   10405.7   1.42169  
10467.3   10468.4   1.05097  
10472.3   10474.1   1.76487  
10485.8   10487.5   1.72578  
10509.2   10510.4   1.15797  
10527.5   10528.8   1.32425  
10532.7   10533.8   1.11912  
10539.6   10540.6   1.04694  
10558.2   10559.6   1.41844  
10570.1   10571.5   1.44688  
10577.6   10578.8   1.25081  
10596.4   10597.5   1.09319  
10621.5   10622.5   1.00384  
10626.5   10627.9   1.3395   
10631     10632.2   1.25472  
10641.2   10642.8   1.51125  
10646.3   10647.4   1.05722  
10668.8   10669.9   1.07453  
10675.5   10676.9   1.42234  
10692.7   10694     1.29556  
10706     10708.1   2.10981  
10742.1   10743.8   1.769    
10748.1   10749.6   1.53456  
10760.1   10761.4   1.37787  
10765.8   10766.9   1.08853  
10768.8   10770     1.11441  
10773.7   10774.7   1.01166  
10780.2   10781.3   1.08875  
10790.7   10791.7   1.05253  
10810.2   10811.4   1.1805   
10825.9   10827.3   1.46128  
10841.3   10842.3   1.02478  
10863.2   10864.2   1.00544  
10879.7   10881.1   1.33981  
10897.1   10898.2   1.06641  
10927.8   10929     1.1295   
10959.9   10960.9   1.03969  
10970.5   10974.7   4.15388  
10975.5   10977.5   2.03737  
11005.7   11007.1   1.32641  
11017.8   11018.9   1.02016  
11026.8   11028.2   1.31163  
11065.6   11066.7   1.10253  
11124.9   11126     1.06456  
11147.8   11149.2   1.41378  
11192.6   11194.3   1.72147  
11219.5   11220.6   1.09597  
11291.1   11292.3   1.27775  
11305     11306     1.03322  
11330.5   11331.6   1.11109  
11337.9   11339.1   1.162    
11370.3   11371.9   1.61966  
11402.8   11404     1.14872  
11422.4   11423.4   1.03159  
11430.3   11431.4   1.09694  
11435.2   11436.3   1.13625  
11440.3   11441.4   1.09278  
11442.5   11443.6   1.07572  
11448.7   11449.7   1.06044  
11460.3   11461.3   1.00531  
11500.7   11501.7   1.0215   
11505.1   11506.3   1.26141  
11523.4   11524.9   1.57703  
11530.4   11531.5   1.14178  
11566.9   11567.9   1.01994  
11571.1   11572.4   1.30003  
11586.7   11588     1.31125  
11639.7   11640.8   1.15425  
11672.5   11673.8   1.33225  
11695.8   11697.1   1.24309  
11765.3   11766.3   1.04622  
11793.5   11794.8   1.30344  
11819.3   11820.5   1.15488  
11841.6   11842.6   1.03159  
11863.3   11864.3   1.05169  
11871.9   11873     1.12606  
11888.5   11890.3   1.84778  
11914.4   11915.7   1.31563  
11933.6   11934.9   1.35291  
11972.5   11973.6   1.03419  
11995     11996.1   1.09213  
12058.1   12059.5   1.43697  
12095.9   12097     1.05741  
12166.1   12167.3   1.22069  
12179.8   12181     1.18962  
12203.1   12204.5   1.3605   
12208.9   12210     1.0475   
12210.7   12211.7   1.04875  
12215.8   12216.8   1.02184  
12226     12227.1   1.10909  
12250     12251.1   1.10447  
12264.8   12265.9   1.10712  
12345.3   12346.4   1.17106  
12374.2   12375.6   1.46788  
12389.5   12390.6   1.05891  
12401.3   12402.4   1.13322  
12433.8   12435.3   1.48881  
12468.7   12470.2   1.48206  
12477     12478.1   1.04775  
12503     12504.1   1.07441  
12517.1   12518.8   1.73431  
12528.3   12529.3   1.02872  
12546.4   12547.9   1.49666  
12553.4   12554.5   1.11669  
12561.8   12562.8   1.00962  
12569.2   12573.2   4.08444  
12574     12576     2.01516  
12586.3   12587.7   1.42437  
12594     12595     1.01188  
12602.4   12603.5   1.07556  
12612.9   12613.9   1.03084  
12616.5   12617.6   1.13009  
12670.7   12671.8   1.11241  
12672.7   12674.2   1.51319  
12689     12690.1   1.11178  
12710.9   12712.2   1.26169  
12714.1   12715.1   1.04909  
12748.7   12750     1.32225  
12758.9   12760.2   1.32106  
12765.6   12766.7   1.02997  
12769.7   12770.7   1.02953  
12771.1   12772.1   1.03875  
12780.4   12781.6   1.17422  
12801.4   12802.7   1.33003  
12823.3   12824.4   1.11234  
12836.4   12837.4   1.01581  
12872.9   12873.9   1.0195   
12928.8   12930     1.12878  
12937.6   12938.9   1.32012  
12970.5   12971.7   1.16244  
12976.8   12978     1.2035   
12986.5   12987.7   1.12819  
13005.4   13007     1.66303  
13014.5   13015.7   1.15659  
13020.2   13021.3   1.12538  
13025.3   13026.9   1.55997  
13037.8   13039.3   1.50147  
13044.9   13046     1.11725  
13048.4   13049.7   1.31288  
13052.8   13054     1.16803  
13070.2   13071.4   1.14434  
13075.7   13076.8   1.12206  
13123.8   13124.9   1.17109  
13140.7   13141.7   1.03381  
13205.4   13206.5   1.09484  
13213.2   13214.4   1.18037  
13217.3   13218.4   1.10847  
13226.5   13227.8   1.25141  
13233.1   13234.2   1.06372  
13242.5   13244.1   1.62888  
13265.9   13267.1   1.19759  
13279.8   13280.8   1.05175  
13284.1   13285.2   1.04669  
13312.4   13313.8   1.37984  
13330     13331.3   1.34359  
13343.5   13344.7   1.20312  
13349.6   13350.6   1.00869  
13360.8   13362.1   1.343    
13379.7   13380.8   1.11284  
13389.6   13390.6   1.00591  
13395.9   13397.4   1.49616  
13404.2   13405.5   1.30056  
13417.2   13418.2   1.01619  
13420.8   13422     1.19703  
13440.1   13441.1   1.00472  
13445.9   13447.2   1.28219  
13454.7   13455.8   1.08666  
13461.9   13463.1   1.22691  
13465.2   13466.5   1.30766  
13481.6   13482.9   1.34525  
13490.6   13492.4   1.79366  
13534.9   13536.4   1.53484  
13550.4   13551.6   1.24416  
13573.1   13575     1.91975  
13586.3   13587.7   1.34569  
13610.9   13612.5   1.61122  
13630.5   13631.6   1.14413  
13635.7   13636.9   1.16872  
13683.5   13684.6   1.18872  
13690.9   13692.6   1.72616  
13706     13707.1   1.05109  
13740.3   13741.4   1.072    
13783.1   13784.3   1.21622  
13819.6   13821     1.38866  
13834.3   13835.8   1.49294  
13863.7   13866.1   2.35462  
13892.8   13894.2   1.35413  
13897.5   13898.8   1.29359  
13921.6   13922.9   1.31619  
13974.8   13976.4   1.52794  
13995.3   13996.5   1.14078  
14017.5   14018.6   1.08916  
14091.8   14092.8   1.01306  
14108.6   14110     1.32547  
14120     14121.7   1.6675   
14128.1   14129.9   1.81412  
14142.5   14143.6   1.10469  
14148.6   14149.9   1.28663  
14155.1   14156.1   1.02353  
14182.5   14183.5   1.035    
14229.5   14231     1.55747  
14232.7   14233.8   1.11134  
14241.6   14242.8   1.17347  
14250     14251.6   1.51812  
14258.5   14259.5   1.03366  
14267.5   14268.6   1.13009  
14278.1   14279.2   1.09413  
14303.7   14304.8   1.06781  
14308.8   14310.1   1.29478  
14326.7   14328     1.26775  
14347.7   14349     1.26059  
14356.1   14357.5   1.42225  
14365.9   14367.1   1.14825  
14377.9   14379.1   1.22588  
14405.6   14409.7   4.12806  
14410.6   14412.6   2.05825  
14421.2   14422.3   1.07556  
14423.9   14424.9   1.04188  
14438.3   14439.4   1.08556  
14451     14452.1   1.11091  
14482.4   14483.6   1.18753  
14493.2   14494.3   1.16375  
14526.1   14527.6   1.52584  
14534.7   14536.1   1.37194  
14539.4   14540.4   1.03863  
14564.4   14565.6   1.23575  
14607.7   14608.8   1.05956  
14637.8   14639     1.21887  
14655     14656     1.01588  
14659.1   14660.5   1.37512  
14684.7   14685.8   1.07553  
14721.6   14723.1   1.48219  
14774.1   14775.2   1.08603  
14786.4   14787.5   1.07222  
14794.6   14796.3   1.69219  
14800.8   14802     1.23638  
14812     14813.6   1.55991  
14833.2   14834.6   1.40266  
14853.3   14854.6   1.31737  
14857.5   14858.5   1.03988  
14865.2   14866.3   1.11875  
14877.4   14878.7   1.2935   
14884.4   14885.5   1.07553  
14890.2   14891.2   1.03391  
14905.5   14907.1   1.52516  
14909     14910     1.01359  
14918.3   14919.6   1.264    
14923.5   14924.8   1.31306  
14930.7   14932.1   1.40825  
14936.3   14937.6   1.29681  
14947.6   14949     1.41831  
14950.7   14951.9   1.19675  
14972.2   14973.3   1.12294  
14993.5   14994.7   1.21331  
14999.7   15001.1   1.3975   
15034.3   15035.5   1.27722  
15038.4   15039.5   1.07866  
15056.5   15057.7   1.22994  
15066.4   15067.4   1.01887  
15070.3   15071.9   1.66419  
15076.2   15077.4   1.20481  
15113.1   15114.4   1.30734  
15115.7   15116.8   1.04366  
15143.9   15145     1.06594  
15146.7   15147.7   1.00325  
15154.8   15155.9   1.12675  
15159.4   15161.6   2.14125  
15221.6   15223.3   1.65016  
15246.3   15247.5   1.29603  
15265.6   15266.6   1.01216  
15274.1   15275.6   1.51184  
15283.1   15284.2   1.08866  
15289.4   15290.5   1.04569  
15297.6   15298.7   1.11378  
15314     15315     1.07831  
15328.3   15329.6   1.36203  
15337.2   15338.3   1.09741  
15362.5   15363.9   1.36791  
15376.5   15377.7   1.205    
15399.4   15400.4   1.03203  
15421.9   15423.1   1.19841  
15426     15427     1.00791  
15429.8   15431.1   1.28094  
15438.9   15440.2   1.32303  
15450.4   15451.7   1.21544  
15523.6   15525.3   1.71588  
15533.2   15534.3   1.03994  
15560.2   15561.3   1.05022  
15569.2   15570.2   1.03956  
15574.1   15575.2   1.138    
15604.4   15606     1.61356  
15611.7   15613.2   1.43097  
15618     15619     1.03356  
15626.8   15629.6   2.77588  
15652.4   15653.7   1.32381  
15677.4   15678.5   1.13519  
15695.5   15696.9   1.33594  
15703.5   15704.5   1.03003  
15710.4   15711.7   1.27644  
15732.1   15733.2   1.16116  
15762.7   15764.3   1.65134  
15776.4   15777.5   1.03331  
15780.6   15781.7   1.04681  
15787.1   15788.2   1.10528  
15792.8   15793.8   1.02991  
15815.4   15816.6   1.16434  
15827.9   15829     1.03722  
15873.7   15874.8   1.05319  
15877.6   15878.8   1.16488  
15885.6   15886.9   1.25275  
15893.2   15897.4   4.14328  
15898.3   15900.3   2.03469  
15951.4   15952.4   1.01941  
15959.7   15960.8   1.06012  
15971.2   15972.4   1.19822  
15991.7   15993.1   1.44088  
16017.3   16018.5   1.24284  
16021     16022.1   1.12753  
16061.4   16062.9   1.45997  
16080.6   16081.8   1.15637  
16085.9   16087     1.09103  
16106.3   16107.3   1.00638  
16112.7   16113.8   1.05984  
16116.4   16117.4   1.01872  
16131.6   16133.1   1.53025  
16145     16146.2   1.15394  
16151.9   16153.7   1.73906  
16159.3   16160.7   1.35141  
16192.3   16193.4   1.05116  
16210.3   16212     1.63553  
16226.7   16227.8   1.15481  
16243.6   16245.5   1.942    
16265.4   16266.5   1.09831  
16268.6   16269.7   1.15356  
16275.6   16276.9   1.32009  
16280     16281.3   1.32788  
16286     16287.3   1.31688  
16292.8   16294     1.17831  
16314.3   16315.6   1.26709  
16320.7   16322     1.28216  
16334.1   16335.2   1.08928  
16339.8   16341     1.12494  
16348.5   16350.1   1.62262  
16357.3   16358.5   1.24253  
16365.6   16367.2   1.60497  
16436.2   16437.3   1.10022  
16480.3   16481.9   1.61688  
16487.5   16488.8   1.38172  
16495.6   16497.1   1.51094  
16501.1   16502.4   1.33628  
16506.1   16507.4   1.24081  
16510.6   16512.2   1.52853  
16525     16526.2   1.23659  
16529.8   16531.3   1.45362  
16541.4   16543     1.55844  
16545.8   16546.8   1.00031  
16564.1   16565.5   1.4355   
16574     16575     1.00975  
16578.2   16579.8   1.61266  
16582.7   16583.8   1.09866  
16623.1   16624.3   1.27953  
16630.8   16631.9   1.17938  
16634.1   16635.4   1.31909  
16641.4   16642.9   1.512    
16666.1   16667.2   1.11394  
16669.9   16670.9   1.00781  
16673.4   16674.7   1.27412  
16675.9   16677     1.11553  
16680.7   16682.1   1.43878  
16688.5   16689.9   1.32769  
16714.9   16716.1   1.2015   
16720.5   16721.7   1.16509  
16739.2   16740.4   1.17591  
16754.3   16755.9   1.597    
16768.5   16769.6   1.09525  
16798.1   16799.2   1.123    
16810     16811.1   1.12947  
16826.1   16827.2   1.08847  
16831.6   16832.7   1.12387  
16839.4   16840.4   1.06681  
16842.4   16843.5   1.13816  
16860.1   16861.4   1.25306  
16864.5   16866     1.56672  
16871.1   16872.1   1.05594  
16877.7   16879     1.35494  
16889.6   16891.1   1.50325  
16901     16902.3   1.25178  
16905.9   16907.2   1.38987  
16919.6   16920.6   1.026    
16924.1   16925.3   1.21225  
16938.7   16940.1   1.43397  
16946.6   16948.5   1.93644  
16962.8   16963.8   1.02972  
16966     16967.1   1.04472  
16974.6   16975.8   1.18566  
16978.7   16980     1.20572  
17005.8   17006.9   1.12331  
17013.7   17014.9   1.17141  
17039     17040.1   1.09359  
17043.7   17045.2   1.47588  
17058.5   17059.5   1.04056  
17070.5   17071.6   1.19131  
17089.8   17091.4   1.57397  
17111.6   17112.6   1.01484  
17123.8   17125.2   1.33713  
17130.5   17131.7   1.21003  
17136.7   17138.1   1.4175   
17152.2   17153.6   1.32366  
17167.1   17168.3   1.20588  
17175.8   17176.9   1.11297  
17180.1   17181.2   1.09484  
17202.7   17204.4   1.65787  
17220.7   17221.8   1.11372  
17237.1   17238.5   1.46819  
17252.1   17253.1   1.05666  
17261.2   17262.8   1.55713  
17267.2   17268.3   1.05797  
17290.2   17291.6   1.43969  
17309.9   17311.1   1.16406  
17316     17317     1.01137  
17319.5   17320.6   1.05913  
17327     17328.3   1.27866  
17342.8   17344.3   1.55369  
17353.2   17354.3   1.10353  
17364.2   17365.2   1.06816  
17384.6   17386.1   1.56094  
17388.1   17389.4   1.32931  
17399.3   17401.4   2.08922  
17412.1   17414.1   1.98838  
17420.6   17421.7   1.16931  
17427.3   17428.4   1.10378  
17432     17433.4   1.43362  
17437     17438.7   1.74531  
17443.7   17445.2   1.43472  
17449.9   17451.1   1.18822  
17477.5   17478.7   1.176    
17480.7   17481.8   1.10778  
17490.6   17491.6   1.03575  
17504.5   17505.6   1.06934  
17516.2   17517.3   1.11478  
17532.1   17533.2   1.0725   
17540.5   17541.6   1.06144  
17544.9   17546.5   1.65541  
17558.6   17559.7   1.06381  
17562.7   17563.7   1.02222  
17598.7   17599.8   1.06741  
17616     17617.3   1.30025  
17630.6   17631.7   1.03322  
17637.8   17639.1   1.31228  
17641.3   17642.6   1.24384  
17644.4   17645.5   1.07119  
17660     17661.1   1.03128  
17664.8   17665.8   1.003    
17671.9   17676     4.12131  
17676.9   17679     2.03756  
17696.3   17697.3   1.0135   
17706.2   17707.6   1.41091  
17711.4   17712.5   1.02628  
17730.4   17731.6   1.13203  
17735     17736.4   1.38662  
17739.5   17740.5   1.02081  
17746.8   17748.2   1.41128  
17769.8   17771     1.16022  
17823.5   17824.6   1.1165   
17852.3   17853.5   1.16253  
17864.1   17865.4   1.27212  
17887.7   17889.4   1.73544  
17897.1   17898.4   1.34944  
17907.8   17908.9   1.07272  
17909.9   17911.3   1.36978  
17939     17940.2   1.17381  
17945.2   17946.8   1.55472  
17968.7   17970.4   1.73734  
17982.6   17984.4   1.82206  
18027.1   18028.3   1.177    
18039.6   18040.8   1.26588  
18045.7   18046.8   1.09628  
18060.3   18061.3   1.00422  
18080.4   18081.6   1.15672  
18089.2   18090.4   1.26513  
18116.7   18118     1.29688  
18121.6   18122.6   1.00028  
18127.3   18128.8   1.56919  
18135.9   18137.1   1.14934  
18158.9   18160.4   1.47197  
18166.7   18168.1   1.31719  
18198.7   18199.7   1.06669  
18205.6   18206.8   1.18941  
18216.3   18217.3   1.00487  
18244.2   18245.6   1.39413  
18254.5   18255.6   1.02809  
18276.2   18277.3   1.10459  
18285.7   18287     1.34209  
18294     18295.2   1.25538  
18300.6   18301.7   1.04316  
18304.7   18305.8   1.05853  
18326     18327.9   1.93738  
18375.1   18376.2   1.1275   
18407.1   18408.2   1.10844  
18423.3   18424.7   1.39719  
18436.4   18437.4   1.04028  
18453.6   18454.6   1.0145   
18476.4   18477.4   1.02406  
18483.7   18484.7   1.00875  
18508.4   18509.7   1.26509  
18518.8   18520.4   1.60578  
18528.2   18529.4   1.18444  
18568     18569.2   1.22744  
18581.2   18582.4   1.271    
18588.5   18589.6   1.10228  
18601.8   18602.9   1.16569  
18629.6   18630.7   1.07491  
18667.3   18668.4   1.11163  
18693.6   18694.7   1.13956  
18762     18763.3   1.27994  
18813.5   18814.5   1.01416  
18840.7   18842     1.24681  
18866.8   18867.9   1.09513  
18882.2   18883.4   1.24825  
18891.7   18892.9   1.21897  
18911.4   18912.5   1.11859  
18918.8   18920.1   1.24766  
18928.1   18929.6   1.49484  
18948.1   18949.2   1.03438  
18951.2   18952.9   1.73353  
18968.6   18969.7   1.17319  
18976.1   18977.3   1.20678  
19010.1   19011.1   1.05947  
19030.9   19032.3   1.39591  
19049.2   19050.8   1.6275   
19063.1   19064.1   1.00828  
19157     19161.1   4.10025  
19162.1   19163.2   1.12441  
19208.4   19209.5   1.14341  
19266.6   19268     1.37659  
19346.7   19347.9   1.2495   
19358.2   19359.4   1.13031  
19392.6   19393.7   1.15338  
19419.5   19420.9   1.34053  
19436.7   19437.7   1.00812  
19441.8   19442.9   1.03563  
19513.3   19514.4   1.0955   
19516.9   19518.1   1.21772  
19563.7   19565.1   1.45347  
19569.2   19570.4   1.28731  
19586.6   19588     1.47094  
19602.1   19603.2   1.02706  
19609.6   19610.8   1.17672  
19611.9   19613     1.08913  
19622     19623     1.00597  
19624.2   19625.2   1.01087  
19647.4   19649.4   1.95819  
19669.5   19670.5   1.02247  
19676.3   19677.5   1.19353  
19685.7   19686.7   1.04759  
19689.5   19690.5   1.02009  
19701.1   19702.2   1.13797  
19717.6   19718.8   1.22938  
19721.5   19722.7   1.15641  
19732.6   19734.1   1.46169  
19763.4   19764.8   1.39822  
19768.4   19769.5   1.08253  
19775.1   19776.3   1.19269  
19785.2   19787     1.75066  
19801     19802.1   1.08303  
19813.7   19815.3   1.66422  
19829.6   19830.7   1.14797  
19839.2   19840.7   1.48409  
19848.1   19849.2   1.02356  
19850.3   19851.4   1.12722  
19883.4   19885.1   1.7255   
19886     19887.1   1.11016  
19937.1   19938.2   1.14019  
19946     19947.1   1.05778  
19963.4   19965     1.58806  
19969.2   19970.8   1.54316  
19974     19975.1   1.10828  
19989.2   19990.2   1.03909  
20005     20006.2   1.20747  
20033     20035.1   2.16675  
20038.9   20039.9   1.03391  
20042.5   20044.1   1.59994  
20046.9   20048.2   1.31513  
20049.6   20050.8   1.18512  
20053.8   20055.3   1.53638  
20063.3   20064.6   1.27381  
20067.5   20069     1.47353  
20071.4   20072.7   1.28219  
20077.5   20078.8   1.31675  
20089.3   20090.6   1.36381  
20093.7   20094.9   1.16928  
20100.7   20101.8   1.16088  
20130.3   20131.4   1.19125  
20153     20155.1   2.03531  
20181.9   20183.2   1.30303  
20186.9   20188.5   1.52119  
20261.2   20262.7   1.50516  
20286.5   20287.6   1.05212  
20305     20306     1.03681  
20381.9   20383     1.18584  
20388.7   20390.3   1.51097  
20404.7   20405.7   1.05363  
20409.2   20410.4   1.17306  
20411.2   20412.3   1.12031  
20422.8   20424     1.17334  
20426.6   20427.7   1.04222  
20439.1   20440.2   1.16706  
20444.8   20445.8   1.04928  
20452.8   20454.4   1.64881  
20473.6   20474.6   1.06084  
20502.4   20503.6   1.20581  
20514.1   20515.2   1.12391  
20515.7   20516.8   1.14841  
20519.4   20520.5   1.04812  
20538.7   20540.3   1.60688  
20548.3   20549.3   1.02969  
20562.9   20564.1   1.14959  
20586.3   20587.4   1.09916  
20609.6   20611.1   1.48919  
20669.1   20670.3   1.20328  
20680.9   20682.3   1.43025  
20684.2   20685.3   1.14944  
20702.5   20703.8   1.25831  
20707.1   20708.4   1.33125  
20716.8   20718.2   1.35491  
20767.4   20768.7   1.31797  
20775.3   20779.4   4.09959  
20780.5   20782.6   2.04669  
20820     20821     1.03531  
20825.9   20827.1   1.21672  
20872.4   20873.6   1.21769  
20886.2   20887.3   1.12628  
20918.6   20919.6   1.07862  
20947.7   20949     1.35103  
20967.1   20968.3   1.13884  
20980.1   20981.3   1.16328  
20988.4   20989.4   1.09497  
20995.1   20996.4   1.29256  
21003.3   21004.8   1.44678  
21019.3   21020.5   1.23447  
21024.2   21025.6   1.43588  
21030.8   21032.6   1.72344  
21038.1   21039.6   1.52725  
21046.6   21048     1.37459  
21052.5   21053.5   1.0315   
21077.8   21078.9   1.06825  
21085.1   21086.1   1.03516  
21101.1   21102.2   1.19084  
21116.7   21117.7   1.01362  
21120.1   21121.3   1.18869  
21125.6   21126.9   1.27141  
21132.4   21133.5   1.07334  
21188.5   21189.8   1.29569  
21195.2   21196.2   1.07088  
21200.9   21202     1.09747  
21219.7   21221.4   1.69625  
21250     21251.3   1.3465   
21264.3   21265.4   1.14213  
21330.4   21331.6   1.26069  
21352.9   21354     1.08916  
21445.7   21447     1.22428  
21465.4   21466.6   1.13253  
21485.1   21486.2   1.08516  
21505.7   21507.4   1.68684  
21537.3   21538.3   1.03166  
21559.8   21560.8   1.02447  
21643.3   21644.4   1.12816  
21666.4   21667.8   1.39616  
21674.4   21675.7   1.22559  
21677.9   21679     1.08144  
21728.6   21729.6   1.06716  
21759.9   21761.2   1.30416  
21777.2   21778.3   1.08081  
21812.2   21813.4   1.14406  
21828.3   21829.4   1.16031  
21845.1   21846.1   1.01153  
21851     21852.8   1.80075  
21860.5   21861.6   1.16884  
21884.6   21886.3   1.62494  
21906.8   21908     1.27603  
21914.2   21915.4   1.14594  
21920.5   21921.7   1.22316  
21926.9   21928.3   1.37959  
21939.1   21940.4   1.38516  
21947.5   21948.8   1.23422  
21970.6   21971.6   1.05888  
22019.9   22021.2   1.32606  
22035.1   22036.1   1.00484  
22042.3   22043.6   1.28775  
22048.1   22049.2   1.06303  
22063.6   22064.8   1.18738  
22068.8   22069.8   1.00919  
22072.7   22073.7   1.05488  
22078.7   22080     1.22159  
22097.3   22098.8   1.48531  
22114.6   22115.7   1.105    
22118.2   22119.3   1.13047  
22130.2   22134.3   4.10475  
22135.4   22137.5   2.06528  
22165.7   22166.7   1.01906  
22174.7   22175.8   1.03188  
22254.5   22255.6   1.0945   
22291.6   22292.8   1.16622  
22350.5   22351.7   1.23853  
22397.7   22398.8   1.09191  
22417.4   22418.4   1.06741  
22437.7   22438.9   1.15738  
22454.8   22455.8   1.00791  
22492.2   22493.3   1.05878  
22497.6   22499.3   1.70762  
22501.7   22502.8   1.02972  
22513.2   22514.5   1.26709  
22530.6   22531.7   1.12172  
22534     22535.1   1.13347  
22546.7   22547.9   1.19512  
22581.5   22582.9   1.38925  
22588.8   22590.1   1.31041  
22602.3   22603.6   1.31059  
22619.5   22620.7   1.22481  
22624.7   22626.1   1.33569  
22642.8   22644.5   1.67034  
22646.8   22648.2   1.45803  
22653.5   22654.8   1.276    
22672.2   22673.2   1.02044  
22676.9   22677.9   1.07759  
22695.8   22696.9   1.11466  
22715.6   22716.6   1.05031  
22722.7   22724.1   1.43241  
22735.2   22736.2   1.02038  
22768.2   22769.3   1.12813  
22790     22791.7   1.73875  
22801.8   22802.9   1.05209  
22806.4   22808     1.57606  
22816.3   22817.3   1.01444  
22818.5   22819.6   1.06706  
22821.2   22822.4   1.22744  
22827.2   22828.6   1.32906  
22834     22835.4   1.36775  
22859.7   22861.2   1.54781  
22873.2   22874.4   1.21403  
22880.5   22881.9   1.33719  
22895     22896.5   1.55278  
22902.6   22903.7   1.12912  
22911.7   22912.9   1.15884  
22922.5   22923.9   1.43131  
22930.1   22931.2   1.093    
22961.3   22962.5   1.25169  
22967.3   22968.4   1.09547  
22994.4   22995.9   1.49919  
22999.7   23000.7   1.00175  
23013.7   23014.9   1.25684  
23024.9   23026.1   1.19928  
23033.8   23035     1.17144  
23046.7   23047.8   1.09163  
23051.7   23052.9   1.20325  
23054.4   23056.6   2.17781  
23072.7   23073.8   1.08028  
23090.3   23091.4   1.08531  
23105.5   23106.6   1.08147  
23112.5   23113.6   1.14912  
23129.9   23131     1.08834  
23150.2   23151.3   1.13697  
23214.5   23215.5   1.01553  
23228.2   23229.3   1.12609  
23283.2   23284.4   1.12681  
23297.2   23298.3   1.09394  
23326.5   23327.7   1.21613  
23355.9   23357.3   1.36366  
23359.7   23361.1   1.35916  
23367     23368     1.01469  
23382.3   23383.3   1.04647  
23415.2   23417.1   1.91987  
23491.7   23492.8   1.11084  
23603.9   23604.9   1.01472  
23637.4   23638.5   1.17722  
23665.7   23667.2   1.46822  
23675.3   23676.3   1.04884  
23691.8   23693     1.18381  
23695.6   23696.9   1.31634  
23699.6   23700.6   1.041    
23711     23712.4   1.46153  
23721.8   23723.1   1.234    
23741     23742     1.01691  
23771.2   23772.5   1.33056  
23794.5   23796.2   1.72494  
23810.8   23812.1   1.30841  
23830.8   23832.1   1.30875  
23837.3   23838.5   1.11669  
23876.8   23878     1.16444  
23879.7   23880.7   1.02506  
23883.4   23884.9   1.49538  
23890.7   23892     1.31822  
23905.1   23906.8   1.67522  
23912.1   23913.4   1.341    
23916     23917     1.04419  
23930.4   23931.6   1.16809  
23940.2   23941.5   1.26525  
23946.6   23948.3   1.66344  
23953.4   23957.5   4.11966  
23958.5   23960.6   2.04231  
23988     23989.4   1.40809  
23997.2   23998.3   1.108    
24009.3   24010.9   1.63506  
24020.8   24022     1.16522  
24057.9   24059.3   1.40372  
24098.9   24100.3   1.35325  
24103.8   24105.2   1.38569  
24127.9   24129.4   1.54859  
24145.9   24147.3   1.44119  
24194.2   24195.3   1.13197  
24229.8   24231.6   1.78994  
24261.4   24263     1.58153  
24272.3   24273.3   1.01294  
24320.4   24322.2   1.70369  
24346.1   24347.1   1.08834  
24360.5   24361.6   1.06012  
24379.8   24381     1.16981  
24418     24419.5   1.43022  
24422.3   24423.7   1.43884  
24425.3   24426.4   1.07234  
24432.1   24433.2   1.08647  
24437.7   24438.8   1.11606  
24445.2   24446.2   1.00453  
24463.4   24464.7   1.27625  
24469.1   24470.3   1.20094  
24502.5   24503.8   1.20769  
24526.7   24527.7   1.01234  
24547.2   24548.3   1.16809  
24569.4   24570.7   1.23856  
24575.5   24577.7   2.23816  
24597.2   24598.3   1.02841  
24633.6   24635     1.38059  
24688.7   24689.9   1.14669  
24706.9   24708.1   1.20078  
24726.2   24727.3   1.06569  
24742.1   24743.3   1.21497  
24778.6   24780.2   1.56906  
24784.7   24785.7   1.04566  
24788.8   24790.4   1.52734  
24791.4   24793.7   2.26453  
24817.7   24818.9   1.22553  
24841     24842.1   1.10466  
24851.5   24854.9   3.34634  
24889.8   24891     1.20969  
24918     24920.1   2.09788  
