0         1.5665    1.5665   
14.9739   18.0909   3.117    
25.8323   26.9696   1.13731  
32.9152   34.6464   1.73119  
60.6271   61.8532   1.22609  
62.8353   64.2827   1.44741  
74.1178   75.5203   1.40253  
95.1756   96.9722   1.79663  
102.665   104.049   1.38472  
111.069   112.414   1.34488  
118.002   119.203   1.20056  
128.86    130.461   1.60056  
136.224   137.385   1.16122  
138.501   139.706   1.20441  
146.921   147.98    1.05816  
151.851   153.291   1.4405   
160.995   162.099   1.10313  
172.218   173.359   1.1415   
173.938   175.023   1.08522  
200.426   201.431   1.00588  
203.994   205.265   1.271    
206.61    208.139   1.52825  
258.522   259.901   1.37956  
285.365   287.163   1.79763  
297.185   298.533   1.34819  
301.816   303.626   1.80975  
315.548   317.244   1.6955   
322.306   323.938   1.63197  
329.366   331.214   1.84794  
340.872   341.986   1.114    
345.606   346.793   1.18634  
350.374   351.43    1.05616  
366.844   368.773   1.92931  
381.717   382.876   1.15947  
393.398   394.403   1.00538  
407.336   408.656   1.31972  
413.278   414.543   1.26591  
430.352   432.619   2.26716  
449.208   450.502   1.29409  
459.452   461.264   1.81212  
464.397   465.52    1.1225   
479.105   480.281   1.17622  
503.279   504.604   1.32438  
522.508   523.707   1.19959  
530.912   532.17    1.25828  
537.595   538.835   1.24     
552.11    554.153   2.04334  
557.543   558.546   1.00366  
568.77    569.909   1.13925  
575.223   576.966   1.74247  
585.978   587.575   1.59719  
600.077   601.237   1.15994  
619.878   621.411   1.53259  
627.651   628.782   1.13053  
640.073   641.527   1.45416  
649.092   650.309   1.21719  
651.708   652.753   1.04528  
654.148   655.197   1.04978  
658.794   660.116   1.32206  
666.714   668.213   1.49947  
674.733   676.392   1.65856  
681.621   682.805   1.18325  
686.442   687.711   1.26891  
696.433   697.69    1.25663  
700.678   702.506   1.82772  
712.475   713.543   1.068    
742.507   743.605   1.09781  
764.412   765.855   1.44334  
769.006   770.178   1.17169  
774.025   775.202   1.17656  
785.177   786.647   1.46978  
800.612   802.241   1.62938  
811.312   812.642   1.33062  
814.763   815.935   1.17219  
827.348   828.351   1.0035   
831.769   833.759   1.98997  
846.75    847.763   1.01328  
866.957   868.638   1.68081  
892.152   893.16    1.00828  
904.392   905.642   1.25028  
912.988   914.005   1.01741  
934.289   935.579   1.29034  
948.914   949.93    1.01612  
957.68    959.415   1.73466  
968.877   970.062   1.18559  
989.791   991.092   1.30066  
1008.03   1009.08   1.05572  
1033.55   1035.4    1.84794  
1066.23   1067.52   1.29356  
1100.75   1102.23   1.47897  
1142.87   1144.58   1.70778  
1150.27   1151.36   1.09559  
1167.77   1169.29   1.51997  
1176.07   1177.23   1.1605   
1189.55   1190.71   1.163    
1192.69   1193.93   1.23972  
1200.24   1201.32   1.08178  
1210.87   1212.15   1.28825  
1217.65   1219.12   1.47388  
1226.31   1227.38   1.06278  
1228.34   1229.49   1.14406  
1230.7    1231.87   1.16406  
1251.15   1252.58   1.43097  
1265.93   1267.81   1.87578  
1292.73   1293.79   1.05844  
1298.81   1300.12   1.31369  
1309.17   1310.65   1.47716  
1329.32   1330.96   1.64225  
1340.58   1341.93   1.35363  
1349.8    1351.6    1.80137  
1360.52   1361.64   1.12134  
1370.83   1372.34   1.5085   
1375.99   1377.17   1.17788  
1380.27   1381.56   1.29106  
1410.58   1411.75   1.17722  
1426.46   1427.9    1.44156  
1434.32   1435.36   1.03588  
1451.44   1452.88   1.44075  
1470.29   1472      1.71481  
1475.37   1476.37   1.00263  
1503.39   1504.81   1.42231  
1528.19   1529.65   1.45806  
1533.42   1534.56   1.13819  
1545.37   1546.72   1.34963  
1563.81   1565.04   1.22275  
1575.43   1576.57   1.13538  
1578.82   1580.05   1.23484  
1585.79   1586.95   1.15259  
1592.45   1594.08   1.63491  
1597.61   1598.91   1.30672  
1606.49   1607.71   1.21419  
1625.16   1626.79   1.62897  
1630      1631.3    1.29388  
1641.82   1643.2    1.38472  
1652.09   1653.29   1.20731  
1655.46   1656.79   1.32884  
1667.11   1668.51   1.399    
1687.03   1688.25   1.21247  
1699.67   1701      1.33894  
1702.15   1703.56   1.41681  
1722.36   1723.65   1.29137  
1724.84   1726.52   1.67244  
1784.86   1786.53   1.66681  
1792.52   1793.7    1.18672  
1795.68   1797.02   1.34613  
1818.28   1819.44   1.15106  
1832.35   1833.39   1.04156  
1839.98   1841.38   1.39781  
1855.43   1856.75   1.32444  
1864.53   1865.82   1.28872  
1872.16   1873.25   1.08616  
1880.25   1881.89   1.63556  
1891.42   1892.97   1.54766  
1900.74   1901.86   1.11622  
1910.3    1911.36   1.058    
1915.74   1918.91   3.16406  
1943.36   1944.48   1.11903  
1971.64   1972.93   1.29016  
1982.93   1984.29   1.35831  
1991.17   1992.22   1.05238  
2008.39   2009.85   1.45934  
2020.96   2022.15   1.19019  
2032.05   2033.33   1.27378  
2066.16   2067.45   1.298    
2076.87   2077.91   1.03463  
2086.91   2088.06   1.149    
2100.07   2101.43   1.36344  
2118.02   2119.39   1.3645   
2122.37   2123.45   1.07697  
2139.56   2140.56   1.00494  
2153.96   2155.23   1.26887  
2179.1    2180.1    1.00047  
2192.43   2193.74   1.31428  
2205.88   2206.91   1.03438  
2209.43   2210.71   1.28166  
2219.69   2221.07   1.37725  
2222.84   2224.18   1.33613  
2232.3    2233.37   1.07387  
2240.44   2242.07   1.62378  
2251.57   2253.04   1.47684  
2281.32   2282.96   1.63919  
2286.89   2287.94   1.04328  
2304.95   2306.07   1.11656  
2316.53   2317.61   1.08016  
2332.55   2333.91   1.36491  
2345.72   2346.95   1.23422  
2356.45   2357.62   1.16653  
2362.19   2363.64   1.45006  
2376.82   2377.99   1.17547  
2382.82   2383.83   1.01797  
2395.3    2396.58   1.28125  
2406.32   2407.37   1.04159  
2409.27   2410.46   1.18984  
2412.18   2415.33   3.15003  
2445.94   2447.05   1.10797  
2456.84   2457.99   1.15972  
2478.74   2479.88   1.13712  
2482.58   2483.61   1.03097  
2496.47   2497.83   1.36088  
2504.6    2505.84   1.247    
2513.66   2514.89   1.22359  
2515.97   2516.98   1.01197  
2520.01   2521.18   1.16359  
2524.65   2526.06   1.41322  
2539.35   2541.21   1.86016  
2547.41   2548.43   1.02881  
2557.51   2558.98   1.47409  
2565.15   2566.2    1.04834  
2568.75   2570.29   1.54159  
2585.38   2588.52   3.14669  
2603.75   2605.14   1.38238  
2616.68   2617.72   1.04653  
2624.45   2626.18   1.73559  
2641.91   2642.94   1.02981  
2650.4    2651.45   1.05181  
2657.08   2658.4    1.31984  
2661.25   2662.34   1.08316  
2665.18   2666.82   1.63512  
2675.37   2676.78   1.40744  
2681.33   2682.73   1.40884  
2692.47   2693.74   1.26788  
2720.21   2721.25   1.04238  
2732.82   2734.05   1.23087  
2737.76   2739.12   1.36219  
2744.34   2745.59   1.24022  
2748.64   2749.75   1.10678  
2753.03   2754.41   1.38147  
2759.73   2760.92   1.18831  
2773.2    2774.68   1.4865   
2787.62   2788.87   1.25394  
2811.39   2812.69   1.29841  
2817.37   2818.39   1.02747  
2836.72   2837.99   1.26834  
2840.74   2841.93   1.18978  
2846.74   2847.82   1.08459  
2858.25   2859.9    1.64959  
2884.73   2885.93   1.20528  
2890.1    2891.57   1.46406  
2905.06   2906.36   1.30206  
2933.94   2935.03   1.08403  
2958.76   2960.03   1.26772  
2962.83   2964.06   1.23516  
2972.36   2973.66   1.30038  
2985.77   2987.2    1.42644  
2997.72   2999.26   1.53509  
3004.46   3006.02   1.55869  
3011.85   3013.17   1.31247  
3035.23   3037.02   1.79434  
3038.35   3039.41   1.05941  
3046.05   3047.23   1.1755   
3049.06   3050.34   1.27459  
3059.12   3060.33   1.21422  
3069.36   3070.75   1.38747  
3073.68   3075.01   1.32088  
3082.67   3083.85   1.18066  
3090.05   3091.67   1.62166  
3100.15   3101.29   1.14463  
3112.04   3113.91   1.87341  
3122.47   3123.92   1.44153  
3127.26   3128.59   1.32806  
3135.33   3136.54   1.21019  
3156.96   3158.7    1.73316  
3164.78   3166.28   1.49672  
3175.3    3176.96   1.66731  
3200.92   3202.01   1.09025  
3232.03   3233.72   1.69319  
3237.2    3238.24   1.03328  
3248.02   3249.11   1.09309  
3252.77   3253.81   1.03697  
3256.25   3257.3    1.05206  
3266.14   3267.27   1.12431  
3269.31   3270.61   1.304    
3275.51   3276.83   1.31153  
3282.05   3283.29   1.24188  
3286.51   3288.06   1.55394  
3297.01   3298.17   1.16763  
3301.03   3302.65   1.62531  
3326.66   3327.87   1.2115   
3345.01   3346.5    1.49056  
3347.22   3349.01   1.78903  
3373.13   3375.13   1.99406  
3392.8    3393.88   1.08484  
3396.17   3397.17   1.00212  
3404.39   3405.79   1.39516  
3409.78   3411.46   1.68538  
3447.35   3448.43   1.07928  
3457.9    3458.96   1.06428  
3467.71   3468.76   1.04259  
3487.72   3488.82   1.09172  
3499.2    3500.31   1.11141  
3511.81   3513.13   1.32113  
3557.15   3558.41   1.26166  
3570.68   3571.91   1.22778  
3575.61   3577.14   1.53481  
3586.55   3587.8    1.24875  
3589.36   3590.77   1.414    
3611.54   3612.82   1.28031  
3617.26   3618.33   1.06469  
3644.66   3646.11   1.44616  
3672.4    3673.48   1.07509  
3681.03   3682.49   1.45994  
3703.31   3704.55   1.23838  
3707.68   3709.03   1.35391  
3715.85   3716.95   1.10444  
3723.62   3724.69   1.07122  
3753.76   3755.74   1.97831  
3785.76   3787.51   1.74241  
3800.51   3801.53   1.01941  
3828.75   3830.29   1.53406  
3851.22   3852.34   1.11703  
3854.12   3855.63   1.51     
3875.45   3876.67   1.21441  
3894.01   3895.14   1.12644  
3898.45   3899.72   1.26591  
3901.53   3902.72   1.19231  
3918.19   3919.29   1.10428  
3928.69   3930.49   1.79719  
3940.3    3941.59   1.29238  
3945.64   3947.6    1.95791  
3970.07   3971.21   1.13609  
3979.71   3981.14   1.4345   
3981.84   3983.48   1.63997  
3991.92   3993.31   1.38531  
3994.98   3996.26   1.27788  
4018.14   4019.3    1.15781  
4023.52   4024.9    1.3745   
4031.46   4032.75   1.29344  
4043.44   4044.64   1.19772  
4048.7    4049.94   1.23972  
4055.55   4056.57   1.02084  
4060.52   4062      1.47594  
4068.45   4069.96   1.51763  
4073.33   4074.38   1.04928  
4082.79   4083.96   1.17541  
4109.9    4111.38   1.48463  
4118.98   4120.58   1.601    
4145.51   4146.95   1.43447  
4158.12   4159.86   1.74397  
4200.29   4201.58   1.28656  
4216.67   4218.52   1.85137  
4224.4    4225.58   1.18663  
4229.25   4230.64   1.39197  
4247.01   4248.81   1.79441  
4256.95   4258.43   1.47675  
4271.59   4273.09   1.50231  
4293.81   4294.85   1.03372  
4305.36   4306.42   1.06078  
4313.15   4314.78   1.63556  
4320.73   4322.23   1.49753  
4324.54   4325.95   1.41503  
4358.72   4359.73   1.00769  
4367.34   4368.43   1.08856  
4379.5    4380.72   1.21625  
4392      4393.03   1.02153  
4430.26   4431.29   1.03228  
4439.43   4440.57   1.14184  
4476.1    4477.84   1.74369  
4489.3    4490.85   1.54859  
4499.05   4500.38   1.33438  
4503.06   4504.4    1.34366  
4518.51   4520.04   1.53137  
4523.1    4524.2    1.09722  
4527.59   4528.79   1.19469  
4536.92   4537.93   1.00553  
4542.3    4543.62   1.327    
4548.61   4549.95   1.33409  
4556.93   4558.22   1.28597  
4561.63   4562.63   1.00384  
4563.56   4564.97   1.40897  
4573.51   4574.94   1.42728  
4584.82   4586.14   1.32916  
4589.71   4591.13   1.42338  
4596.51   4597.63   1.11572  
4606.91   4608.67   1.75509  
4623.42   4624.98   1.56113  
4629.15   4630.23   1.08344  
4633.19   4634.23   1.03766  
4647.35   4648.9    1.55616  
4654.24   4655.5    1.26922  
4669.21   4670.47   1.25822  
4677.9    4678.98   1.07519  
4683.29   4684.33   1.03412  
4698.88   4700.39   1.50878  
4704.11   4705.72   1.61469  
4710.12   4711.37   1.256    
4716.54   4718.16   1.62331  
4722.68   4723.99   1.31581  
4729.32   4731.13   1.81188  
4741.03   4742.28   1.24581  
4747.1    4748.66   1.55744  
4753.54   4754.88   1.33441  
4761.79   4763.18   1.38338  
4764.78   4765.98   1.20272  
4772.29   4773.33   1.042    
4782.74   4784.37   1.63262  
4788.4    4789.67   1.26075  
4797.61   4799.33   1.72506  
4809.04   4810.3    1.26138  
4812.56   4813.65   1.08303  
4822.42   4823.85   1.42656  
4825.67   4826.79   1.11309  
4833.37   4834.45   1.08653  
4835.61   4837.07   1.46381  
4845.53   4846.59   1.05947  
4848.99   4850.03   1.04178  
4868.36   4870.08   1.72128  
4875.62   4876.92   1.29363  
4890.73   4891.95   1.22275  
4895.98   4897.1    1.12328  
4916.77   4917.92   1.15022  
4927.63   4928.86   1.23147  
4930.16   4931.24   1.07825  
4937.38   4938.47   1.08513  
4949.25   4950.47   1.22116  
4963.6    4964.87   1.27278  
4972.75   4973.77   1.02206  
4978.76   4980.16   1.401    
4984.36   4985.56   1.20166  
5002.27   5003.73   1.45463  
5015.14   5016.65   1.51003  
5025.39   5026.57   1.186    
5054.89   5055.91   1.02272  
5058.42   5060.22   1.80003  
5074.96   5076.01   1.0545   
5084.12   5085.21   1.08831  
5089.07   5090.16   1.08584  
5093      5094.43   1.43309  
5096.65   5098.08   1.4295   
5102.28   5103.39   1.1025   
5118.88   5120.64   1.76741  
5150.02   5151.56   1.54878  
5154.78   5156.59   1.81516  
5159.46   5160.48   1.02231  
5174.03   5175.1    1.07488  
5196.56   5197.86   1.29513  
5199.5    5200.62   1.12119  
5219.48   5221.16   1.68138  
5222.65   5223.71   1.06253  
5225.19   5226.43   1.242    
5227.36   5228.43   1.06925  
5252.27   5253.67   1.40037  
5254.37   5255.38   1.01081  
5268.81   5270.34   1.52997  
5284.52   5286.24   1.72625  
5291.63   5293.01   1.37288  
5299.65   5300.86   1.20153  
5304.47   5305.7    1.22881  
5319.43   5321.15   1.727    
5327.28   5328.35   1.07778  
5329.33   5330.48   1.15187  
5331.45   5332.65   1.19606  
5345.57   5347.29   1.72091  
5351.26   5352.3    1.04266  
5354.28   5355.7    1.42003  
5359.5    5360.87   1.36897  
5362.33   5363.63   1.30128  
5370      5371.08   1.07897  
5371.81   5372.85   1.04281  
5375.29   5376.43   1.141    
5377.03   5378.24   1.21106  
5385.96   5387.17   1.21572  
5394.66   5396.18   1.52306  
5399.98   5401.14   1.16525  
5406.83   5407.92   1.08897  
5414.37   5415.46   1.0935   
5423.19   5424.48   1.2875   
5430.04   5431.13   1.09284  
5436.43   5437.82   1.39394  
5439.59   5441.03   1.43103  
5443.37   5444.42   1.04553  
5449.7    5450.97   1.26141  
5456.13   5457.28   1.14284  
5463.25   5464.56   1.30284  
5468.33   5469.58   1.25294  
5471.53   5472.54   1.01475  
5476.16   5477.4    1.24341  
5485.87   5487.42   1.5525   
5492.56   5494.04   1.48556  
5495.38   5496.63   1.24919  
5506.2    5507.67   1.46991  
5509.23   5510.55   1.31416  
5511.85   5512.92   1.07372  
5518.54   5519.81   1.27097  
5521.25   5522.47   1.21228  
5525.56   5526.74   1.18125  
5532.96   5533.98   1.0185   
5534.94   5536.06   1.11434  
5544.92   5546.42   1.50181  
5555.72   5556.92   1.20734  
5561.05   5562.15   1.09659  
5564.19   5565.25   1.05694  
5568.15   5569.21   1.05616  
5572.65   5573.7    1.05397  
5578.07   5579.16   1.09194  
5585.19   5586.46   1.26875  
5592.07   5593.2    1.12925  
5596.19   5597.36   1.16175  
5600.19   5601.25   1.05344  
5604.82   5606.48   1.65709  
5615.36   5616.5    1.14363  
5623.39   5624.44   1.04991  
5631.57   5633.29   1.72687  
5636.51   5637.69   1.17828  
5642.12   5643.28   1.15213  
5651.9    5653.29   1.38856  
5663.52   5665.01   1.48516  
5671.44   5672.44   1.00812  
5676.44   5677.69   1.25081  
5681.46   5683      1.54509  
5687.37   5688.42   1.04913  
5694.68   5696.13   1.44272  
5700.9    5702.07   1.16803  
5710.48   5711.77   1.29534  
5717.45   5718.6    1.14778  
5720.75   5722.08   1.32163  
5725.97   5727.46   1.49328  
5727.97   5729.02   1.05409  
5730.43   5731.58   1.15016  
5735.13   5736.6    1.4665   
5752.6    5754.31   1.71331  
5786.79   5787.84   1.04662  
5789.55   5790.67   1.12266  
5803.21   5804.47   1.2585   
5809.09   5810.1    1.00853  
5819.14   5820.54   1.40034  
5824.11   5825.36   1.25731  
5828.54   5829.85   1.31016  
5834.15   5835.67   1.52369  
5861.73   5863.91   2.18372  
5881.52   5882.66   1.14616  
5900.35   5901.37   1.01528  
5906.94   5908.03   1.09222  
5920.99   5922.37   1.37438  
5932.89   5934.39   1.50522  
5946.57   5947.85   1.27791  
5959.09   5960.89   1.79275  
5964.5    5965.56   1.06231  
5971.27   5972.56   1.28428  
5973.52   5974.64   1.11728  
5979.24   5980.57   1.32847  
5984.61   5985.75   1.13825  
5987.96   5989      1.04122  
5992.49   5993.84   1.35681  
6005.72   6007.49   1.76175  
6014.79   6015.82   1.03031  
6025.91   6027.52   1.61209  
6028.47   6030.01   1.54731  
6042      6043.16   1.15406  
6044.22   6045.25   1.02953  
6046.75   6047.85   1.10387  
6052.02   6053.07   1.05278  
6055.56   6056.76   1.19912  
6063.05   6064.45   1.39984  
6070.82   6072.19   1.36963  
6075.37   6076.62   1.25181  
6080.09   6081.32   1.23516  
6084.98   6087      2.02294  
6088.6    6089.9    1.29909  
6092.12   6093.33   1.20741  
6094.5    6095.79   1.29     
6096.31   6097.81   1.49341  
6115      6116.71   1.70528  
6124.86   6126.32   1.45566  
6134.19   6135.22   1.02537  
6136.34   6138.29   1.95441  
6150.93   6152.17   1.23709  
6153.56   6155.3    1.74588  
6159.5    6160.71   1.21141  
6167.59   6169.12   1.539    
6173.37   6174.74   1.37334  
6177.5    6179.02   1.51697  
6185.64   6187.33   1.68728  
6189.92   6191.44   1.51909  
6204.31   6205.81   1.49631  
6213.29   6214.87   1.57531  
6217.39   6218.99   1.59316  
6226.39   6227.48   1.08175  
6232.67   6233.74   1.06603  
6255.97   6257.44   1.47156  
6260.33   6261.38   1.04641  
6264.74   6265.8    1.06081  
6283.81   6285.49   1.68716  
6287.55   6288.79   1.24122  
6291.79   6292.79   1.00828  
6303.07   6304.33   1.26222  
6337.28   6339      1.72194  
6348.68   6349.75   1.06894  
6362.29   6363.87   1.58003  
6385.56   6387.02   1.46256  
6397.57   6398.64   1.07391  
6423.42   6424.86   1.43706  
6445.1    6446.45   1.34803  
6450.97   6452.09   1.12638  
6456.27   6457.35   1.075    
6467.53   6468.97   1.44306  
6489.71   6491.03   1.3145   
6502.72   6503.98   1.25788  
6505.47   6506.59   1.11059  
6521.51   6522.85   1.3425   
6531.14   6532.3    1.15534  
6537.98   6539.25   1.26481  
6544.52   6546.08   1.559    
6552.13   6553.59   1.45581  
6557.49   6558.69   1.20403  
6563.6    6564.67   1.06941  
6573.99   6575.18   1.19194  
6585.92   6587.43   1.50841  
6601.75   6602.86   1.10819  
6608.59   6609.61   1.01925  
6611.65   6613.19   1.54066  
6627.06   6628.16   1.09337  
6630.01   6631.09   1.08034  
6637.97   6639.12   1.15394  
6640.86   6641.89   1.02922  
6650.85   6652.41   1.56456  
6656.53   6657.72   1.18897  
6660.92   6662.05   1.12813  
6663.9    6665.15   1.2505   
6666.97   6668.47   1.50087  
6672.78   6674.01   1.22503  
6681.13   6682.48   1.34381  
6685.2    6686.62   1.41488  
6691.34   6692.53   1.19244  
6701.55   6702.88   1.32656  
6713.42   6714.72   1.29747  
6717.25   6718.26   1.00588  
6721.42   6722.65   1.23681  
6725.34   6726.84   1.50247  
6750.13   6751.51   1.38106  
6758.37   6759.52   1.15472  
6764.93   6766.07   1.13519  
6767.4    6768.41   1.00944  
6779.7    6781.15   1.45344  
6788.55   6789.81   1.25809  
6791.94   6793.09   1.15697  
6814.61   6816.14   1.5305   
6816.86   6818.23   1.36522  
6848.04   6849.69   1.658    
6864.24   6865.64   1.40806  
6867.77   6868.79   1.01972  
6874.64   6875.73   1.09531  
6886.06   6887.56   1.49772  
6892      6893.24   1.23706  
6900.15   6901.48   1.32119  
6907.5    6908.9    1.40409  
6910.86   6912.5    1.63797  
6940.79   6942.17   1.37997  
6959.28   6960.51   1.22506  
6965.3    6966.66   1.35419  
6969.96   6971.37   1.41247  
6976.62   6977.85   1.22837  
6979.22   6980.41   1.189    
6984.76   6985.97   1.20844  
6998.73   7000.7    1.96147  
7021.91   7023.63   1.72656  
7029.03   7030.09   1.06363  
7037.29   7038.62   1.33559  
7043.12   7044.29   1.17297  
7046.4    7047.4    1.00556  
7065.71   7067.08   1.36763  
7077.34   7079.21   1.86153  
7095.01   7096.42   1.40928  
7121.29   7122.43   1.14025  
7159.17   7160.64   1.46813  
7168.61   7169.96   1.34675  
7178.36   7179.68   1.31928  
7185.44   7186.92   1.48097  
7202.48   7203.93   1.45041  
7216.27   7217.31   1.03687  
7224.55   7225.7    1.14234  
7227.69   7229.06   1.36669  
7238.1    7239.12   1.01997  
7246.12   7247.47   1.34475  
7256.43   7257.84   1.40738  
7280.59   7282.33   1.74159  
7290.02   7291.18   1.15881  
7292.73   7294.01   1.27272  
7295.17   7296.59   1.42213  
7302.19   7303.28   1.09062  
7309.5    7310.58   1.08406  
7324.16   7325.62   1.46281  
7330.2    7331.6    1.40338  
7334.25   7335.43   1.17534  
7340.12   7343.29   3.16569  
7381.66   7382.73   1.07175  
7403.24   7404.76   1.52641  
7426.2    7427.65   1.451    
7441.55   7442.75   1.20463  
7449.77   7450.91   1.14322  
7453.47   7455      1.53206  
7464.4    7465.73   1.32556  
7470.91   7471.98   1.07178  
7473.97   7475.27   1.30256  
7493.7    7494.94   1.24781  
7505.1    7506.64   1.53734  
7511.91   7512.95   1.04134  
7515.66   7516.77   1.10669  
7521.07   7522.42   1.34059  
7533.48   7534.5    1.02131  
7552.04   7553.6    1.55941  
7560.23   7561.58   1.34856  
7572.26   7573.81   1.55241  
7579.89   7581.34   1.45216  
7599.4    7600.92   1.52031  
7601.88   7603.15   1.27159  
7606.23   7607.68   1.44719  
7619.49   7621.3    1.8095   
7624.68   7625.86   1.18391  
7628.91   7629.96   1.05122  
7648.07   7649.15   1.08356  
7658.91   7660.94   2.03419  
7674.67   7676.63   1.95666  
7684.59   7685.71   1.12356  
7705.43   7707.33   1.89919  
7717.36   7718.55   1.19469  
7734.45   7735.98   1.52788  
7737.85   7738.86   1.01444  
7755.61   7757.04   1.43791  
7764.27   7766.04   1.77316  
7780.25   7781.31   1.05344  
7782.66   7784.52   1.86059  
7787.79   7788.8    1.00903  
7794.31   7796.2    1.88859  
7813.76   7815.04   1.27241  
7841.61   7843.45   1.83528  
7849.99   7851.35   1.35559  
7853.37   7854.47   1.09544  
7863.3    7864.95   1.65109  
7869.76   7871.35   1.59191  
7873.87   7874.88   1.01222  
7875.73   7876.94   1.21231  
7895.31   7896.72   1.41053  
7897.18   7898.62   1.43897  
7903.64   7904.72   1.0835   
7921.83   7922.87   1.03541  
7936.31   7937.74   1.43059  
7947.91   7949.22   1.31122  
7961.27   7963      1.72456  
7988.41   7989.81   1.40234  
7991.31   7992.62   1.31353  
7998.29   8000.06   1.7775   
8011.94   8013.69   1.75297  
8031.8    8033.61   1.80825  
8040.62   8041.82   1.19816  
8043.92   8045.03   1.11509  
8046.31   8047.35   1.03838  
8049.55   8050.66   1.11322  
8059.46   8060.89   1.43562  
8062.31   8063.64   1.32441  
8071.12   8073.14   2.01394  
8079.96   8081.59   1.63303  
8100.82   8102.34   1.52181  
8130.48   8131.95   1.47778  
8140.56   8141.6    1.03541  
8144.79   8145.93   1.13888  
8148.15   8149.37   1.21734  
8154.32   8155.73   1.41553  
8162.61   8163.83   1.22222  
8175.52   8176.75   1.22569  
8180.38   8181.41   1.02856  
8187.4    8188.69   1.28525  
8203.56   8204.62   1.06322  
8208.8    8210.44   1.63353  
8215.47   8216.93   1.46244  
8221.53   8222.9    1.37797  
8228.62   8229.99   1.36947  
8246.98   8248.5    1.51778  
8252.89   8254.53   1.63909  
8265.8    8267.23   1.42744  
8276.68   8277.69   1.01031  
8278.48   8279.58   1.09944  
8282.43   8283.73   1.30713  
8289.9    8290.95   1.05294  
8296.14   8297.55   1.41372  
8308.18   8309.6    1.42175  
8325.08   8326.73   1.64959  
8333.66   8334.91   1.24741  
8346.29   8347.66   1.37844  
8365.44   8366.52   1.08262  
8370.42   8372.11   1.69603  
8380.53   8382.16   1.62563  
8384.45   8385.54   1.09103  
8387.97   8389.25   1.28225  
8391.22   8392.44   1.21413  
8396.87   8397.95   1.07922  
8406.92   8408.27   1.35572  
8412.75   8413.87   1.12363  
8422.46   8424.01   1.55091  
8441.72   8443.27   1.55222  
8458.22   8459.31   1.09431  
8462.07   8463.3    1.23069  
8465.12   8466.24   1.11938  
8473.43   8474.65   1.21494  
8482.56   8484.04   1.48016  
8488.75   8490.09   1.34484  
8500.63   8502.23   1.60266  
8516.17   8517.35   1.18194  
8526.67   8528.31   1.64425  
8533.4    8534.84   1.44103  
8548.58   8549.95   1.36509  
8558.82   8559.97   1.14684  
8563.7    8564.77   1.07884  
8578.96   8580.28   1.32119  
8585.64   8586.83   1.18544  
8614.27   8615.45   1.18566  
8625.19   8626.46   1.26425  
8650.82   8652.59   1.77184  
8666.75   8667.95   1.20259  
8685.57   8686.98   1.40613  
8706.57   8707.65   1.07822  
8722.18   8723.4    1.21859  
8739.72   8741.05   1.32834  
8769.99   8771.25   1.26766  
8774.84   8776.12   1.28034  
8781.54   8782.71   1.17284  
8804.13   8805.3    1.17047  
8819.17   8820.55   1.37578  
8839.03   8840.42   1.38566  
8846.35   8847.92   1.569    
8854.18   8855.76   1.57347  
8874.33   8875.7    1.36897  
8881.03   8882.35   1.3255   
8894.67   8896.16   1.48691  
8906.05   8907.2    1.15066  
8908.81   8910.15   1.33991  
8918.1    8919.65   1.55009  
8927.69   8929.21   1.51666  
8934.76   8936.42   1.65491  
8938.95   8940.09   1.13575  
8952.48   8953.88   1.40019  
8963.84   8965.37   1.53028  
8972.79   8974.06   1.27337  
8981.92   8982.94   1.02028  
9003.72   9005      1.27531  
9009.55   9010.58   1.02791  
9019.99   9021.26   1.26178  
9024.51   9027.64   3.12853  
9042.81   9043.93   1.12122  
9059.51   9060.91   1.40159  
9080.83   9082.01   1.18138  
9108.4    9110.25   1.85441  
9115.36   9116.51   1.14469  
9127.36   9128.47   1.11309  
9130.87   9132      1.12581  
9136.42   9137.92   1.50356  
9157.07   9158.53   1.46303  
9163.26   9164.54   1.27256  
9191.9    9192.97   1.07012  
9197.51   9199.03   1.52819  
9205.36   9206.73   1.37756  
9214.5    9215.76   1.25597  
9230.53   9231.85   1.32181  
9233.5    9234.69   1.19569  
9235.91   9237.27   1.35884  
9252.31   9253.82   1.5125   
9257.97   9259.1    1.12384  
9263.97   9265.01   1.04278  
9268.63   9269.65   1.02425  
9272.54   9273.69   1.14559  
9276.87   9277.96   1.09337  
9280.37   9281.61   1.23847  
9287.02   9288.22   1.20434  
9302.33   9303.8    1.46616  
9309.7    9310.92   1.22469  
9323.87   9324.87   1.00147  
9357.22   9358.91   1.68834  
9363.07   9364.94   1.86794  
9379.43   9380.51   1.08156  
9388.53   9389.73   1.20109  
9402.02   9403.49   1.46366  
9406.06   9407.45   1.39128  
9420.67   9422.05   1.38288  
9439.4    9441.37   1.97128  
9448.34   9449.46   1.11844  
9452.41   9453.75   1.33894  
9465.36   9466.49   1.13409  
9477.37   9478.7    1.32412  
9480.77   9481.88   1.106    
9487.45   9489.06   1.60416  
9493.05   9494.11   1.05784  
9504.5    9505.83   1.33622  
9510.71   9511.79   1.08563  
9514.56   9516.02   1.45969  
9518.42   9519.81   1.39175  
9523.29   9524.72   1.43191  
9544.25   9546.03   1.77894  
9553.36   9554.52   1.16184  
9558.81   9559.82   1.00425  
9561.71   9563.19   1.47931  
9567.66   9569.65   1.99584  
9590.05   9591.1    1.046    
9595.57   9596.84   1.278    
9598.55   9599.82   1.26556  
9602.93   9603.96   1.02444  
9609.4    9610.41   1.00803  
9616.11   9617.58   1.47466  
9627.29   9628.65   1.35959  
9644.86   9646.16   1.30772  
9665.06   9666.23   1.1645   
9669.32   9670.57   1.2545   
9678.6    9680.11   1.50869  
9683.39   9684.78   1.38741  
9691.58   9692.77   1.19144  
9709.04   9710.24   1.19797  
9722.23   9723.52   1.29366  
9735.2    9736.8    1.59781  
9739.54   9740.92   1.38134  
9746.7    9747.94   1.24259  
9753.73   9755.24   1.51287  
9782.54   9783.61   1.07047  
9795.39   9797.04   1.65325  
9808.67   9810.25   1.57066  
9816.74   9817.94   1.20369  
9823.17   9824.35   1.18241  
9829.42   9830.58   1.15837  
9838.06   9839.13   1.07741  
9852.45   9853.49   1.03616  
9864.26   9865.38   1.11753  
9867.71   9868.72   1.01038  
9869.08   9870.28   1.19475  
9872.43   9873.59   1.16413  
9875.62   9876.72   1.10222  
9879.1    9880.47   1.36634  
9887.11   9888.35   1.23584  
9899.07   9900.23   1.15225  
9915.83   9916.89   1.06578  
9929.65   9931.18   1.53606  
9935.96   9937.29   1.32469  
9942.88   9944.1    1.21381  
9950.21   9951.82   1.60891  
9963.16   9964.57   1.40847  
9968.69   9970.28   1.58284  
9978.78   9980.02   1.23728  
10003.2   10004.9   1.70422  
10007.7   10009.3   1.52313  
10012.6   10014     1.43413  
10021     10022.5   1.49091  
10024.9   10026     1.06572  
10037     10038.4   1.43109  
10041.8   10042.8   1.07625  
10044.1   10045.1   1.07047  
10055.3   10056.3   1.06581  
10058.3   10059.3   1.01362  
10064.9   10065.9   1.03144  
10076.4   10078     1.62197  
10103.6   10105.2   1.68466  
10126.9   10128.4   1.53966  
10131.7   10133.3   1.57891  
10140     10141.4   1.41328  
10144.6   10146.1   1.54397  
10160.3   10165     4.727    
10174.1   10175.2   1.14219  
10182.2   10183.7   1.50719  
10205.3   10206.6   1.27278  
10217.6   10218.6   1.02044  
10226.6   10228.5   1.86766  
