0         3.47866   3.47866  
89.5241   90.5422   1.01816  
148.821   150.18    1.35866  
151.396   152.405   1.00856  
180.073   181.34    1.26719  
231.213   232.815   1.60219  
338.854   340.017   1.16306  
367.828   368.882   1.05381  
423.466   424.735   1.26816  
427.447   428.468   1.02172  
435.495   436.57    1.07556  
440.218   441.56    1.34194  
462.21    463.908   1.69781  
480.196   481.714   1.51763  
508.856   510.075   1.21916  
534.006   535.099   1.09281  
553.355   554.654   1.29969  
556.656   557.97    1.31384  
562.631   564.283   1.65294  
581.75    582.924   1.17413  
595.81    596.933   1.12334  
606.084   607.552   1.46791  
617.939   618.939   1.00028  
631.055   632.635   1.57981  
651.612   652.831   1.21969  
654.196   655.232   1.03684  
661.901   663.357   1.45622  
669.329   670.583   1.25459  
680.352   681.712   1.36006  
686.275   687.354   1.07856  
689.521   690.566   1.04506  
705.75    707.064   1.31422  
711.019   712.317   1.29812  
716.667   717.667   1.00078  
731.125   732.396   1.27103  
740.527   741.84    1.31309  
759.78    761.173   1.39231  
771.796   772.952   1.1565   
781.277   782.278   1.00087  
789.009   790.172   1.16244  
793.085   794.166   1.08097  
815.616   816.678   1.06247  
841.554   843.357   1.80319  
853.61    854.833   1.22325  
867.089   868.35    1.2605   
874.282   875.891   1.60875  
901.842   903.385   1.54284  
907.438   908.448   1.01056  
911.47    912.654   1.18466  
925.572   926.648   1.07575  
934.742   936.078   1.33581  
947.542   948.561   1.01956  
952.891   954.268   1.37603  
977.542   978.64    1.09784  
995.585   996.66    1.07553  
1006.71   1008.44   1.72863  
1022.78   1024.13   1.34769  
1066.27   1067.45   1.18641  
1080.1    1081.42   1.31544  
1096.28   1097.53   1.24791  
1124.73   1125.97   1.23938  
1160.42   1161.69   1.26509  
1175.1    1176.19   1.09122  
1201.46   1202.79   1.32528  
1220.2    1221.52   1.32394  
1225.74   1226.87   1.135    
1263.05   1264.58   1.53259  
1270.09   1271.34   1.25053  
1273.66   1274.74   1.07822  
1285.23   1286.49   1.25394  
1295.24   1297.67   2.42894  
1368.59   1369.61   1.02094  
1378.9    1380.03   1.13387  
1402.77   1404.02   1.25128  
1410.7    1412.1    1.39684  
1425.54   1426.86   1.31306  
1449.51   1450.7    1.18213  
1466      1467.2    1.203    
1492.9    1493.96   1.05472  
1500.99   1502.08   1.08672  
1508.03   1509.36   1.32862  
1514.78   1516.17   1.38525  
1528.51   1530.51   2.00622  
1547.29   1548.51   1.21281  
1554.57   1555.6    1.034    
1576.96   1578.51   1.54841  
1595.58   1597.04   1.46444  
1622.18   1623.31   1.12534  
1635.28   1636.48   1.20309  
1639.74   1640.84   1.09619  
1698.83   1700.12   1.29228  
1710.31   1711.7    1.3915   
1720.22   1721.5    1.27563  
1730.67   1731.71   1.03834  
1735.62   1736.63   1.01234  
1750.69   1752.1    1.4115   
1753.61   1754.87   1.26606  
1765.74   1766.87   1.13159  
1768.58   1770.13   1.55647  
1789.37   1790.6    1.23344  
1807.94   1809.11   1.17094  
1826.67   1827.77   1.10134  
1829.78   1831.31   1.52219  
1841.58   1843.03   1.44981  
1905.31   1906.53   1.2235   
1923.09   1924.15   1.05337  
1925.87   1926.92   1.05703  
1938.98   1939.98   1.00263  
1971.1    1972.25   1.14691  
1985.15   1986.31   1.15456  
1997.58   1998.94   1.36363  
2012.41   2013.44   1.03113  
2040.59   2042.38   1.78831  
2066.23   2067.51   1.27753  
2073.03   2074.13   1.09587  
2131.84   2133.12   1.27481  
2151.57   2153.14   1.56328  
2155.16   2156.28   1.12553  
2160.89   2162.19   1.2995   
2190.22   2191.44   1.21666  
2209.46   2210.73   1.266    
2216.8    2217.99   1.18863  
2234.34   2235.34   1.0045   
2261.97   2263.3    1.33828  
2265.66   2266.67   1.01353  
2316.88   2317.99   1.11581  
2329.15   2330.83   1.688    
2345.62   2347.08   1.45947  
2365.54   2366.68   1.14097  
2376.66   2378.1    1.43756  
2383.18   2384.73   1.54578  
2388.13   2389.33   1.1905   
2394.89   2396.18   1.28759  
2402.96   2404.21   1.24966  
2409.31   2410.41   1.09403  
2419.81   2421.11   1.30206  
2438.82   2440.15   1.33169  
2450.82   2451.86   1.03928  
2472.69   2473.75   1.06606  
2488.65   2490.28   1.62278  
2495.62   2496.95   1.33284  
2508.43   2509.59   1.15678  
2520.13   2522.76   2.63084  
2527.84   2529.02   1.18175  
2531.95   2533.54   1.58937  
2538.01   2539.26   1.2475   
2541.38   2542.5    1.11828  
2549.79   2551.27   1.47572  
2557.03   2558.46   1.42613  
2560.89   2562.05   1.16278  
2565.4    2566.51   1.10741  
2572.68   2574.14   1.46047  
2593.08   2594.46   1.38488  
2598.59   2600.23   1.64153  
2609.13   2610.41   1.27381  
2614.63   2615.86   1.22644  
2619.05   2620.38   1.33375  
2623.5    2624.71   1.21369  
2630.25   2631.32   1.073    
2641.42   2642.44   1.01331  
2646.54   2647.63   1.09856  
2655.34   2656.42   1.08819  
2662.06   2663.15   1.0945   
2664.41   2665.59   1.17322  
2670.31   2672.34   2.03547  
2686.7    2688.17   1.46978  
2695      2696.2    1.20584  
2702.09   2703.22   1.13403  
2716.99   2718.23   1.24138  
2725.74   2727.01   1.27638  
2736.09   2737.16   1.07159  
2739.62   2740.67   1.04397  
2748.53   2749.64   1.10213  
2757.59   2758.73   1.13994  
2761.98   2763      1.02328  
2764.95   2766.43   1.48681  
2776.68   2778.21   1.52744  
2782.96   2784      1.04031  
2792.62   2793.78   1.15809  
2796.3    2797.35   1.04603  
2820.29   2821.64   1.35109  
2831.22   2832.37   1.15109  
2838.29   2840.83   2.54797  
2853.29   2854.51   1.21516  
2886.36   2887.93   1.57175  
2893.49   2895.18   1.69922  
2902.23   2903.31   1.07869  
2907.9    2909.01   1.10903  
2919.9    2921.19   1.29384  
2937.63   2939.12   1.48503  
2957.37   2958.48   1.11906  
2965.92   2967.07   1.14731  
2968.76   2970.08   1.31416  
2983.28   2984.33   1.04691  
3011.87   3012.88   1.00306  
3018.67   3020.18   1.51259  
3040.34   3041.55   1.21113  
3061.53   3062.57   1.03803  
3090.25   3091.57   1.31341  
3102.87   3104.18   1.31306  
3108.82   3110.03   1.20522  
3116.95   3117.97   1.01556  
3145.08   3146.12   1.04925  
3148.31   3149.41   1.09659  
3161.75   3163.39   1.63422  
3168.51   3169.9    1.39072  
3195.78   3196.84   1.05606  
3205.38   3206.45   1.07478  
3230.09   3231.43   1.34497  
3262.8    3263.95   1.14806  
3278.32   3279.48   1.15837  
3287.09   3288.36   1.27572  
3293.86   3295.04   1.17912  
3298.73   3299.97   1.24106  
3314.26   3315.49   1.22653  
3320.38   3321.59   1.21528  
3331.78   3332.81   1.03353  
3343.39   3344.47   1.07353  
3349.71   3350.96   1.25138  
3359.7    3361.17   1.47122  
3362.37   3363.62   1.24866  
3366.28   3367.46   1.18066  
3374.29   3375.51   1.21559  
3377.54   3378.85   1.30969  
3389.37   3390.51   1.14088  
3428.15   3429.43   1.28284  
3434.59   3436.08   1.49059  
3450.32   3451.68   1.35731  
3454.15   3455.26   1.10681  
3458.66   3460.08   1.41903  
3473.77   3475.11   1.34266  
3477.83   3478.83   1.00053  
3480.35   3481.58   1.22975  
3493.65   3495.22   1.5725   
3514.98   3516.29   1.31488  
3523.87   3524.9    1.03219  
3534.6    3535.86   1.25713  
3545.01   3546.4    1.38847  
3550.34   3551.78   1.44853  
3575.32   3576.97   1.65159  
3579.64   3580.97   1.32891  
3583.78   3584.92   1.13147  
3594.5    3595.67   1.17334  
3598.87   3600.57   1.69253  
3620.43   3621.65   1.21831  
3641.99   3643.5    1.51266  
3645.21   3646.22   1.00116  
3648.44   3649.73   1.28553  
3657.08   3658.14   1.06913  
3670.97   3672.66   1.68578  
3677.25   3678.46   1.20772  
3697.7    3699.23   1.52972  
3705.25   3706.29   1.04447  
3711.32   3712.58   1.26325  
3713.43   3714.58   1.14972  
3720.83   3721.93   1.10041  
3724.75   3725.87   1.11625  
3791.98   3793.15   1.16416  
3803.21   3804.81   1.60053  
3813.78   3815.63   1.85272  
3829.68   3830.75   1.06313  
3835.65   3836.71   1.06038  
3838.94   3839.95   1.00772  
3858.05   3859.14   1.08725  
3860.54   3862.16   1.61987  
3878.36   3879.42   1.06634  
3885.66   3887.57   1.91531  
3895.74   3896.76   1.01337  
3899.94   3901.91   1.97637  
3910.75   3912.18   1.42788  
3917.22   3918.32   1.09619  
3924.78   3926.17   1.38787  
3927.99   3929.17   1.17753  
3930.79   3932.01   1.22362  
3934.06   3935.65   1.59122  
4002.5    4004.04   1.54406  
4039.8    4041.38   1.58153  
4094.88   4096.63   1.74541  
4131.47   4132.92   1.44641  
4148.84   4149.95   1.11741  
4158.72   4159.88   1.15559  
4190.2    4191.49   1.29328  
4209.75   4211.01   1.25162  
4215.21   4216.52   1.31412  
4219.45   4220.79   1.34675  
4233.09   4234.19   1.10288  
4253.86   4255.2    1.33675  
4260.21   4261.25   1.03691  
4264.28   4265.31   1.02388  
4281.28   4282.49   1.21109  
4287.42   4288.68   1.25153  
4293.67   4294.98   1.31106  
4296.99   4298.03   1.03191  
4302.95   4304.02   1.07559  
4321.56   4322.76   1.19872  
4330.4    4331.7    1.30153  
4337.41   4339.17   1.76359  
4349.31   4350.53   1.21713  
4354.87   4355.89   1.01922  
4358.24   4359.29   1.05553  
4363.69   4365.22   1.52928  
4369.63   4371.2    1.57056  
4381.45   4382.99   1.54578  
4395.05   4396.34   1.29541  
4408.35   4409.35   1.00394  
4420.12   4421.23   1.11484  
4428.74   4430.17   1.43819  
4440.93   4442.2    1.26975  
4445.37   4446.37   1.00166  
4449.92   4451.2    1.27784  
4460.96   4462.55   1.59891  
4479.82   4480.84   1.02363  
4491.6    4493.59   1.98697  
4524.65   4525.67   1.01597  
4537.76   4539.37   1.60753  
4547.64   4548.73   1.08628  
4549.59   4550.98   1.39766  
4559.59   4560.77   1.17553  
4567.36   4568.49   1.13088  
4577.72   4578.75   1.02978  
4589.38   4591.15   1.77525  
4627.38   4629.03   1.6465   
4636.34   4637.47   1.12944  
4640.25   4641.71   1.46244  
4649.98   4651.11   1.12434  
4656.13   4657.42   1.29116  
4659.39   4660.5    1.10997  
4667.2    4668.25   1.04722  
4671.77   4672.77   1.00622  
4686.68   4689.6    2.9135   
4717.29   4718.56   1.26484  
4754.17   4755.21   1.03341  
4766.54   4768.27   1.72559  
4799.22   4800.33   1.11325  
4827.38   4828.77   1.38425  
4835.9    4837.33   1.42466  
4839.84   4840.88   1.04363  
4882.73   4884.39   1.65603  
4902.06   4903.37   1.31216  
4909.91   4911.14   1.22525  
4919.01   4920.17   1.16259  
4923      4924.15   1.14544  
4928.38   4929.72   1.34     
4931.47   4932.64   1.16834  
4942.55   4944      1.45272  
4947.73   4948.89   1.15609  
4953.62   4954.97   1.34028  
4955.71   4957.13   1.41506  
4959.08   4960.1    1.02212  
4968.7    4969.88   1.18006  
4971.07   4972.17   1.10303  
4975.7    4976.79   1.08997  
4993.34   4994.58   1.24253  
4999.29   5000.4    1.11031  
5002.6    5003.84   1.24028  
5013.54   5014.8    1.25506  
5016.69   5017.69   1.00069  
5024.34   5025.42   1.077    
5032.73   5033.76   1.02638  
5050.49   5051.54   1.04334  
5057.68   5058.7    1.01516  
5059.97   5061.03   1.06028  
5066.2    5067.22   1.02066  
5070.5    5071.66   1.153    
5077.95   5079.07   1.11809  
5085.91   5087.1    1.18263  
5088.53   5089.75   1.21856  
5097.37   5098.71   1.33756  
5108.74   5110.14   1.40125  
5147.18   5148.7    1.51822  
5151.47   5153.34   1.86859  
5157.83   5159.62   1.79859  
5170.88   5172.26   1.37519  
5173.09   5174.23   1.14488  
5174.99   5176.02   1.02434  
5180.05   5181.52   1.46728  
5183.73   5184.85   1.11381  
5213.59   5215.98   2.38378  
5222.01   5223.13   1.12009  
5225.71   5226.72   1.00934  
5251.99   5253.49   1.49519  
5255.31   5256.51   1.19956  
5295.57   5297.04   1.47628  
5304.78   5306.29   1.51328  
5313.58   5314.72   1.13847  
5315.78   5316.83   1.04966  
5321.17   5322.5    1.32734  
5327.74   5329.04   1.29241  
5337.28   5338.86   1.58019  
5341.79   5342.8    1.00672  
5346.84   5348.16   1.32247  
5357.01   5358.57   1.56603  
5373.36   5374.86   1.50338  
5392.47   5393.64   1.17675  
5395.41   5396.67   1.25666  
5414.68   5415.93   1.24816  
5432      5433.61   1.61197  
5437.71   5439.03   1.31991  
5442.2    5443.79   1.58559  
5449.39   5450.41   1.01428  
5458.98   5460.71   1.73072  
5463.09   5464.15   1.0605   
5475.11   5476.28   1.17184  
5481.26   5482.37   1.11081  
5488.12   5489.37   1.24528  
5491.96   5493      1.03266  
5494.67   5495.72   1.05022  
5512.58   5514.3    1.72388  
5546.11   5547.29   1.18522  
5578.36   5579.41   1.04238  
5580.74   5582.4    1.65825  
5608.43   5610.09   1.65156  
5616.69   5617.92   1.238    
5631.19   5632.71   1.52103  
5661.31   5662.94   1.62856  
5665.58   5666.72   1.13134  
5670.66   5671.84   1.1815   
5686.86   5688.06   1.20206  
5691.28   5692.76   1.477    
5695.56   5696.75   1.19303  
5702.24   5703.65   1.41141  
5724.6    5726.35   1.75247  
5729.66   5730.79   1.13163  
5746.47   5747.59   1.12278  
5764.94   5766.2    1.25919  
5769.66   5771.24   1.58337  
5777.39   5778.41   1.01356  
5784.91   5785.95   1.03756  
5791.3    5792.37   1.06653  
5798.72   5799.82   1.09587  
5803.79   5805.18   1.38813  
5808.02   5809.04   1.02281  
5815.34   5816.37   1.03534  
5818.13   5819.56   1.42725  
5831.37   5832.39   1.02156  
5833.9    5835.15   1.25491  
5862.44   5864.12   1.67738  
5871.42   5872.63   1.21356  
5879.42   5880.49   1.06453  
5885.83   5887.02   1.19016  
5887.44   5888.75   1.31313  
5895.4    5897.02   1.62009  
5902.24   5903.41   1.17088  
5910.27   5911.48   1.21222  
5935.07   5936.75   1.67353  
5938.78   5939.9    1.11163  
5946.58   5947.87   1.28419  
5949.79   5950.83   1.04244  
5952.95   5954.31   1.36525  
5971.14   5972.32   1.18263  
5975.06   5976.35   1.29675  
5982.33   5983.52   1.19678  
5985.05   5986.09   1.03253  
5996.96   5998.11   1.14437  
6001.15   6002.54   1.39144  
6005.78   6006.82   1.03225  
6007.23   6008.33   1.10134  
6038.25   6039.49   1.23794  
6046.58   6048.43   1.85816  
6080.39   6081.94   1.55578  
6085.24   6086.31   1.06925  
6089.76   6091.11   1.3575   
6092.79   6093.9    1.11203  
6098.68   6099.82   1.13647  
6110.16   6111.8    1.63491  
6118.47   6119.76   1.28569  
6125.81   6127.06   1.25734  
6137.33   6138.62   1.28978  
6162.92   6163.96   1.03869  
6167.11   6168.32   1.20834  
6172.6    6173.73   1.13178  
6187.75   6189.16   1.41069  
6206.39   6207.42   1.0285   
6213.95   6215      1.04337  
6231.25   6232.41   1.15728  
6253.26   6255.11   1.85431  
6259.2    6260.25   1.05575  
6261.35   6262.55   1.19706  
6266.06   6267.29   1.22463  
6277.7    6279.64   1.9375   
6282.7    6283.75   1.05253  
6291.09   6292.73   1.63269  
6296.41   6297.53   1.12316  
6298.77   6300.28   1.50953  
6317.28   6318.36   1.08809  
6325.36   6327.52   2.16419  
6350.44   6351.77   1.33169  
6385.11   6386.13   1.016    
6391.89   6393.42   1.53847  
6396.87   6397.96   1.08456  
6428.04   6429.64   1.59641  
6433.19   6434.2    1.00459  
6437.2    6438.23   1.03287  
6441.42   6442.51   1.082    
6447.52   6448.72   1.20091  
6459.48   6460.79   1.30819  
6464.55   6465.82   1.27359  
6470.96   6472.14   1.18141  
6472.56   6473.61   1.05106  
6474.46   6475.73   1.27119  
6496.34   6497.44   1.10372  
6504.75   6506.17   1.41947  
6525.01   6526.26   1.24169  
6553.83   6555.27   1.43444  
6559.43   6560.63   1.20166  
6567.82   6568.9    1.07847  
6581.62   6582.92   1.29684  
6590.6    6592.06   1.46013  
6608.86   6610.04   1.17869  
6611.71   6612.78   1.07409  
6624.44   6625.81   1.37409  
6637.36   6638.73   1.36587  
6656.97   6658.47   1.50566  
6665.91   6666.95   1.03941  
6667.34   6668.64   1.30225  
6708.98   6710.06   1.08563  
6719.17   6720.55   1.37553  
6732.01   6733.01   1.00066  
6765.39   6766.52   1.13722  
6783.6    6784.67   1.07441  
6822.05   6823.49   1.44528  
6860.75   6862.85   2.10469  
6869.22   6871.04   1.81841  
6876.43   6877.59   1.1625   
6877.93   6879.06   1.13256  
6916.02   6917.11   1.08713  
6924.48   6925.53   1.04269  
6957.83   6958.98   1.15444  
6975.03   6976.16   1.12991  
6983.22   6984.6    1.37925  
6998.85   7000.33   1.48372  
7036.45   7037.6    1.15234  
7056.72   7058.21   1.48441  
7076.14   7077.33   1.19753  
7085.76   7086.85   1.08691  
7097.1    7098.36   1.26178  
7115.63   7116.68   1.05231  
7123.4    7124.63   1.2285   
7128.61   7130.37   1.76669  
7180.54   7181.76   1.22266  
7189.64   7191.06   1.41422  
7194.25   7195.42   1.17153  
7202.07   7203.18   1.10366  
7245.1    7246.18   1.08134  
7249.39   7250.59   1.19784  
7259.02   7260.17   1.14778  
7298.31   7299.4    1.08534  
7316.49   7317.99   1.49928  
7325.01   7326.31   1.29525  
7327.3    7328.56   1.26059  
7356.64   7357.88   1.24216  
7362.43   7363.51   1.07466  
7399.31   7400.31   1.00063  
7404.21   7405.51   1.29744  
7416.04   7417.25   1.2065   
7423.99   7425.25   1.2625   
7445.43   7446.44   1.00719  
7451.61   7453.12   1.51125  
7457.82   7458.98   1.16097  
7475.46   7476.67   1.2105   
7480.2    7481.61   1.41456  
7493.1    7494.31   1.20788  
7498.28   7499.34   1.05891  
7501.55   7502.59   1.04191  
7513.24   7514.49   1.24647  
7517.43   7518.79   1.36003  
7520.93   7522.1    1.16747  
7529.42   7530.61   1.18284  
7533.37   7534.43   1.06219  
7535.83   7536.85   1.022    
7538.11   7539.18   1.06959  
7551.93   7553.51   1.58291  
7559.35   7560.44   1.08434  
7570.73   7572.08   1.34503  
7578.89   7580.01   1.12681  
7589.28   7590.96   1.67453  
7608.2    7610.06   1.86138  
7622.13   7623.39   1.26272  
7627.24   7628.25   1.00706  
7630.93   7632.16   1.22734  
7640.1    7641.29   1.18497  
7641.71   7642.92   1.21028  
7653.44   7654.82   1.38425  
7705.4    7706.51   1.11453  
7759.18   7760.41   1.23128  
7787.67   7789.4    1.72863  
7822.52   7823.64   1.11953  
7868.39   7869.42   1.03219  
7876.36   7877.86   1.50588  
7917.24   7918.63   1.38966  
7933.82   7934.94   1.11484  
7951.06   7952.28   1.21141  
7985.83   7986.92   1.09038  
8029.56   8030.61   1.05247  
8059.2    8060.24   1.03597  
8065.48   8067.27   1.79378  
8207.2    8208.37   1.16634  
8227.19   8228.27   1.08684  
8234.65   8236.11   1.46059  
8275.51   8277.01   1.49859  
8297.18   8298.23   1.04875  
8308.75   8310.16   1.41456  
8334.17   8335.5    1.32603  
8349.85   8350.95   1.10222  
8368.04   8369.29   1.25766  
8374.76   8376.42   1.66159  
8400.26   8401.54   1.27441  
8407.04   8408.36   1.32238  
8410.4    8411.83   1.429    
8413.79   8414.93   1.14209  
8421.22   8422.94   1.72113  
8427.19   8428.22   1.02537  
8429.2    8430.43   1.22881  
8433.2    8434.28   1.07522  
8437.2    8438.54   1.34578  
8445.09   8446.21   1.11525  
8450.79   8451.82   1.03     
8454.48   8455.51   1.03319  
8466.8    8468.2    1.40256  
8470.91   8472.37   1.45994  
8473.35   8474.44   1.09184  
8479.82   8482.06   2.23834  
8503.24   8504.43   1.18681  
8523.11   8524.82   1.70616  
8535.02   8536.43   1.41616  
8542.9    8543.99   1.08322  
8552.21   8553.58   1.37191  
8562.23   8563.42   1.195    
8636.85   8638.64   1.78925  
8672.11   8673.21   1.09928  
8712.17   8713.48   1.31669  
8718.35   8719.46   1.11356  
8723.79   8724.96   1.16919  
8749.08   8750.32   1.24522  
8755.84   8757.23   1.38775  
8767.35   8769.03   1.68259  
8777.76   8779.02   1.26578  
8786.06   8787.15   1.09563  
8788.14   8789.33   1.1855   
8790.94   8792.14   1.19556  
8802      8803.58   1.57928  
8806.29   8807.64   1.3495   
8824.07   8825.72   1.64844  
8826.18   8827.41   1.23319  
8838.2    8839.26   1.05925  
8841.23   8842.7    1.47072  
8847.93   8849      1.06422  
8860.24   8861.95   1.70478  
8868.35   8869.53   1.18778  
8870.68   8871.69   1.01828  
8876.23   8877.5    1.26478  
8878.64   8879.83   1.19688  
8880.96   8882.2    1.24044  
8883.11   8884.2    1.08937  
8890.31   8891.87   1.55897  
8902.72   8904.48   1.75866  
8920.72   8922.33   1.60656  
8924.41   8925.8    1.38572  
8927.75   8929.08   1.32916  
8936.08   8937.21   1.12853  
8944.79   8945.99   1.20428  
8953.29   8954.95   1.66347  
8985.87   8986.92   1.05056  
8999.25   9000.28   1.02678  
9004.54   9005.96   1.42391  
9010.39   9011.41   1.01816  
9012.26   9013.63   1.36769  
9058.92   9060.26   1.34269  
9078.94   9079.98   1.03894  
9108.3    9110.41   2.10916  
