0         1.41922   1.41922  
33.2995   34.6389   1.33944  
35.5189   37.4333   1.91437  
89.5564   91.188    1.63153  
169.462   170.587   1.12447  
270.75    272.322   1.57238  
283.789   285.385   1.59666  
301.066   302.259   1.19334  
345.462   346.612   1.15034  
349.094   350.182   1.08822  
363.237   364.499   1.262    
368.484   369.495   1.01137  
371.913   373.498   1.58509  
415.185   416.838   1.65341  
448.271   449.315   1.04378  
462.653   463.663   1.01056  
484.008   485.099   1.09106  
493.608   495.341   1.73359  
499.964   501.042   1.07812  
528.669   529.73    1.0605   
537.741   539.06    1.31875  
556.562   558.186   1.62419  
562.565   564.193   1.62822  
634.578   635.709   1.13066  
660.941   662.01    1.06884  
702.976   704.618   1.64253  
709.298   710.477   1.17897  
726.904   728.571   1.667    
763.647   765.275   1.62797  
798.536   799.851   1.31531  
808.863   809.961   1.09763  
820.171   821.51    1.33953  
841.734   842.762   1.02769  
853.014   854.017   1.00313  
878.941   880.361   1.42047  
900.576   901.678   1.10259  
909.355   910.384   1.02891  
918.811   919.891   1.08059  
954.478   955.707   1.22913  
996.491   997.783   1.29222  
1001.81   1002.91   1.10128  
1010.08   1011.13   1.05184  
1015.37   1016.46   1.09044  
1028.75   1030.43   1.68153  
1054.97   1056.2    1.2315   
1112.22   1113.81   1.58441  
1115.59   1116.69   1.10134  
1118.42   1119.46   1.03188  
1141.85   1143.48   1.62584  
1163.32   1164.48   1.16347  
1178.84   1180.81   1.97394  
1184.19   1185.21   1.014    
1215.67   1217.07   1.40166  
1232.1    1233.42   1.31722  
1236.92   1238.09   1.17066  
1253.91   1255.61   1.69841  
1265.17   1266.84   1.67297  
1284.9    1286.25   1.35072  
1288.8    1290.19   1.39269  
1302.44   1303.73   1.28487  
1305.52   1306.56   1.04372  
1314.8    1316.28   1.47894  
1350.27   1351.46   1.18831  
1366.19   1367.61   1.42278  
1370.78   1371.89   1.10928  
1396.57   1397.63   1.05731  
1491.49   1492.5    1.01828  
1505.24   1506.26   1.02188  
1513.28   1514.39   1.11006  
1535.44   1536.51   1.07047  
1542.14   1543.31   1.171    
1555.42   1556.46   1.03309  
1563.85   1565.51   1.66128  
1572.43   1573.59   1.16319  
1583.19   1584.62   1.43478  
1596.62   1597.68   1.05763  
1602.27   1603.52   1.24678  
1606.17   1607.47   1.29688  
1608.6    1609.81   1.20791  
1626.82   1628.03   1.21484  
1638.43   1639.46   1.02078  
1643.18   1644.98   1.80403  
1648.16   1649.23   1.07062  
1664.52   1666.13   1.60566  
1714.8    1715.99   1.18922  
1727.97   1729.5    1.53319  
1752.17   1753.87   1.70381  
1767.67   1768.86   1.19119  
1772.45   1773.66   1.20553  
1775.28   1776.34   1.06053  
1796.1    1797.62   1.52591  
1799.16   1800.17   1.01253  
1812.12   1813.28   1.15697  
1820.38   1821.69   1.31003  
1827.92   1828.94   1.01666  
1873.12   1875.07   1.94984  
1900.06   1901.1    1.04266  
1920.37   1922.02   1.64813  
1926.65   1927.68   1.02744  
1936.25   1937.93   1.68381  
1971.19   1973.05   1.85975  
1986.41   1987.71   1.29563  
2014.88   2016.45   1.57631  
2027.39   2028.47   1.07925  
2043.42   2044.45   1.0335   
2045.29   2046.29   1.00216  
2062.21   2063.5    1.29147  
2077.34   2078.37   1.03459  
2103.34   2104.51   1.17206  
2110.58   2112.25   1.66163  
2155.28   2156.44   1.15772  
2189.71   2191.23   1.52509  
2242.02   2243.42   1.40003  
2249.92   2250.97   1.04403  
2268.87   2270.05   1.17897  
2270.85   2272.19   1.33994  
2309.52   2310.79   1.27231  
2314.66   2316.06   1.39956  
2317.88   2319.08   1.19825  
2328.24   2329.46   1.2125   
2343.08   2344.09   1.00756  
2346.62   2347.85   1.23566  
2351.83   2355.26   3.42169  
2356.11   2358.17   2.05184  
2381.07   2382.45   1.38325  
2455.78   2457.02   1.24081  
2515.41   2516.6    1.19834  
2522.75   2524.01   1.26038  
2535.83   2536.89   1.0565   
2551.31   2552.49   1.17681  
2574.62   2576.66   2.038    
2715.27   2716.4    1.13503  
2723.16   2724.23   1.06788  
2758.78   2759.89   1.11472  
2763.73   2764.87   1.13778  
2770.86   2771.88   1.02772  
2792.77   2793.78   1.00625  
2794.93   2795.98   1.05809  
2806.08   2807.27   1.19366  
2840.81   2842.02   1.20897  
2861.71   2862.95   1.241    
2877.06   2878.12   1.05234  
2879.6    2881.22   1.61984  
2897.46   2898.92   1.45475  
2908.6    2909.77   1.17097  
2918.48   2919.57   1.08966  
2925.63   2926.98   1.35744  
2930.45   2932.07   1.61341  
3012.89   3014.07   1.18294  
3074.07   3075.53   1.45762  
3113.84   3114.91   1.07109  
3188.99   3190.1    1.109    
3208.01   3209.06   1.04819  
3245.63   3246.94   1.31806  
3308.53   3310.03   1.501    
3378.97   3380.63   1.65984  
3460.92   3462.19   1.27516  
3474.92   3476.12   1.20716  
3533.29   3534.57   1.28469  
3539.61   3540.78   1.16628  
3611.76   3613.18   1.41672  
3628.27   3629.37   1.09834  
3657.94   3659.24   1.29797  
3664.99   3666.16   1.175    
3677.45   3678.75   1.30322  
3747.04   3748.57   1.53184  
3783.26   3784.29   1.03812  
3811.33   3812.46   1.12291  
3828.98   3830.14   1.15841  
3849.81   3850.88   1.06972  
3854.59   3855.68   1.08306  
3892.98   3894.05   1.06894  
3897.2    3898.63   1.43125  
3940.55   3941.62   1.07578  
4004.87   4009.06   4.19362  
4009.88   4011.51   1.62888  
4085.47   4086.62   1.142    
4117.2    4118.93   1.73438  
4152.45   4153.54   1.089    
4196.37   4197.56   1.19375  
4213.74   4214.86   1.12003  
4225.38   4226.46   1.07928  
4233.95   4235.38   1.42541  
4239.52   4240.79   1.27109  
4272.93   4274.29   1.36247  
4285.14   4286.37   1.23384  
4330.66   4332.31   1.65322  
4349.84   4350.87   1.02603  
4355.05   4356.31   1.25887  
4362.06   4363.47   1.40403  
4366.08   4367.33   1.24547  
4371.83   4372.89   1.06172  
4395.13   4396.44   1.31234  
4398.37   4399.5    1.13166  
4467.28   4468.58   1.30225  
4470.93   4471.97   1.04134  
4473.52   4474.91   1.39478  
4480.38   4481.79   1.41037  
4491.55   4492.58   1.03309  
4517.92   4519.25   1.32775  
4523.95   4525.04   1.09306  
4532.25   4533.77   1.52466  
4546.42   4547.99   1.56616  
4574.64   4576.16   1.52791  
4606.68   4607.73   1.04316  
4641.69   4643.03   1.34278  
4649.47   4650.74   1.26447  
4658.95   4660.31   1.35447  
4662.41   4663.5    1.08578  
4668.75   4669.95   1.19981  
4676.14   4677.75   1.61147  
4685.98   4687.13   1.15603  
4701.72   4703.09   1.36278  
4710.88   4712.13   1.24816  
4720.55   4722.4    1.85644  
4727.72   4728.8    1.07759  
4743.86   4745.54   1.67753  
4750.27   4751.38   1.11138  
4757.73   4759.5    1.77141  
4769.18   4770.38   1.19903  
4773.18   4774.6    1.42478  
4786.38   4788.06   1.68609  
4794.39   4795.58   1.189    
4799.96   4800.97   1.01447  
4841.3    4842.4    1.10062  
4843.65   4844.77   1.12031  
4845.55   4846.57   1.01841  
4856.7    4857.87   1.17072  
4881.97   4883.59   1.61881  
4895.77   4896.79   1.01447  
4901.59   4902.79   1.20506  
4919.43   4920.75   1.31834  
4934.43   4935.57   1.14019  
4945.76   4946.95   1.19194  
4962.19   4963.22   1.02478  
5012.28   5013.75   1.47141  
5022.62   5023.96   1.33319  
5032.36   5033.82   1.46153  
5036.67   5037.74   1.07175  
5053.89   5055.39   1.50253  
5067.82   5069.87   2.04406  
5112.49   5113.52   1.03094  
5182.83   5184.48   1.65366  
5195.39   5196.5    1.11591  
5204.1    5205.27   1.17194  
5218.74   5220.17   1.42256  
5238.77   5240.11   1.34244  
5243.38   5244.59   1.21122  
5247.22   5248.72   1.49603  
5266.74   5268.07   1.32384  
5276.15   5277.32   1.16506  
5282.93   5284.03   1.10288  
5286.56   5288.07   1.50728  
5297.57   5298.89   1.32294  
5315.51   5316.99   1.47616  
5332.25   5333.4    1.14688  
5351.14   5352.4    1.26019  
5354.41   5355.64   1.22881  
5365.74   5367.01   1.27812  
5372.65   5373.76   1.11013  
5376.74   5377.8    1.06266  
5404      5405.5    1.50316  
5442.73   5444.26   1.53119  
5457.8    5458.97   1.16844  
5462.63   5463.84   1.21725  
5468.48   5469.79   1.31244  
5477.16   5478.24   1.08003  
5494.63   5495.81   1.18572  
5498.73   5499.95   1.21197  
5523.2    5524.24   1.04047  
5530.28   5531.69   1.40859  
5547.15   5548.37   1.22162  
5558.76   5560.7    1.94184  
5564.93   5565.95   1.02269  
5569.71   5571.03   1.32475  
5575.91   5577.05   1.14363  
5584.27   5585.78   1.51016  
5615.86   5616.96   1.09713  
5619.54   5622.67   3.13569  
5623.41   5625.52   2.10991  
5669.69   5670.75   1.06166  
5714.75   5715.95   1.20166  
5718.17   5719.39   1.21894  
5784.06   5785.12   1.05903  
5843.37   5844.94   1.56541  
5872.46   5873.78   1.32359  
5966.03   5967.29   1.25641  
5989.92   5991.02   1.10353  
6006.46   6007.52   1.05847  
6038.79   6040.18   1.38838  
6047.76   6048.91   1.15138  
6061.31   6062.83   1.51528  
6072.33   6073.71   1.38722  
6086.63   6087.82   1.19134  
6094.42   6095.8    1.38059  
6112.52   6113.66   1.13987  
6118.59   6119.65   1.06041  
6138.65   6139.87   1.21694  
6146.07   6147.15   1.07556  
6150.63   6152.35   1.72075  
6169.66   6171.24   1.58587  
6182.23   6183.23   1.00516  
6192.95   6193.99   1.04513  
6223.07   6224.36   1.282    
6231.11   6232.61   1.50194  
6237.58   6238.66   1.07809  
6277.53   6278.83   1.29287  
6293.98   6295.29   1.31128  
6349.78   6351      1.22256  
6359.57   6360.59   1.01841  
6418.54   6419.61   1.07316  
6500.07   6501.08   1.00375  
6508.75   6510.12   1.36909  
6515.56   6516.59   1.03416  
6584.36   6585.85   1.48812  
6597.59   6598.72   1.12975  
6603.5    6604.62   1.11738  
6632.19   6634.31   2.11731  
6657.12   6658.37   1.25531  
6672.6    6673.78   1.17975  
6677.23   6678.62   1.38828  
6697.66   6698.76   1.10387  
6703.29   6704.47   1.17731  
6709.13   6710.23   1.09662  
6711.48   6712.54   1.06453  
6726.65   6728.13   1.48609  
6739.51   6740.85   1.34106  
6753.46   6754.65   1.18912  
6762.92   6764.27   1.35184  
6770.92   6772.26   1.33997  
6778.18   6779.26   1.07494  
6799.57   6800.64   1.07872  
6814.27   6815.4    1.12938  
6817.31   6818.42   1.10853  
6821.41   6822.48   1.06997  
6827.56   6828.85   1.29122  
6832.32   6833.88   1.55775  
6865.35   6866.36   1.00481  
6870.41   6871.61   1.19413  
6875.81   6877.41   1.59484  
6894.64   6895.82   1.18541  
6908.59   6909.86   1.26375  
6913.04   6914.72   1.68088  
6917.83   6918.99   1.15613  
6929.94   6931.14   1.19497  
6959.33   6960.71   1.38497  
6963.73   6964.85   1.1185   
6966.55   6968.06   1.51209  
6973.52   6974.56   1.03866  
6983.44   6985.55   2.11253  
7003.76   7004.79   1.03487  
7028.91   7029.98   1.06278  
7053.09   7054.78   1.69184  
7078.68   7080.38   1.7015   
7095.07   7096.71   1.63425  
7117.86   7119.22   1.3535   
7144.09   7145.48   1.38288  
7168.15   7169.41   1.25762  
7191.49   7193.44   1.95488  
7223.22   7224.32   1.09387  
7258.27   7260.08   1.81416  
7268.59   7269.64   1.04638  
7292.58   7294.07   1.48669  
7299.99   7301.27   1.28391  
7303.79   7304.86   1.07681  
7311.24   7312.54   1.30891  
7323.42   7324.93   1.51225  
7357.22   7358.23   1.01231  
7405.25   7406.68   1.42509  
7411.98   7413.14   1.15919  
7417.54   7418.8    1.26706  
7425.31   7427.25   1.93928  
7444.52   7445.65   1.13431  
7466.78   7468.68   1.90641  
7529.77   7531.04   1.27225  
7554.01   7555.57   1.56666  
7564.22   7565.31   1.08688  
7566.74   7567.94   1.19759  
7573.78   7575.15   1.37478  
7578.82   7579.86   1.04019  
7587.23   7588.66   1.42925  
7611.2    7612.81   1.611    
7618.76   7619.87   1.11312  
7630.87   7632      1.12781  
7633.73   7634.9    1.16691  
7648.77   7649.94   1.17247  
7654.93   7655.97   1.03666  
7659.97   7661.21   1.24419  
7721.74   7723.08   1.33847  
7739.1    7740.64   1.54478  
7766.93   7768.66   1.73013  
7789.24   7790.5    1.25703  
7812.13   7813.2    1.06519  
7828.4    7829.41   1.01059  
7861.47   7863.11   1.64375  
7867.97   7868.99   1.02203  
7872.91   7873.92   1.00812  
7885.67   7888.85   3.18175  
7889.75   7890.93   1.17416  
7968.58   7970.01   1.43084  
7971.13   7972.24   1.10469  
7978.27   7979.7    1.42531  
7986.13   7987.27   1.13191  
8005.52   8007.16   1.639    
8025.28   8026.69   1.40816  
8040.57   8041.93   1.358    
8076.21   8077.81   1.60844  
8101.42   8102.55   1.13184  
8107.8    8108.93   1.13225  
8123.61   8124.65   1.04012  
8125.96   8127.05   1.08425  
8145.67   8146.84   1.16613  
8171.6    8172.84   1.23728  
8204.76   8205.89   1.12453  
8237.71   8239.01   1.29347  
8275.87   8276.91   1.04394  
8314.55   8316.06   1.50809  
8317.77   8318.93   1.15297  
8325      8326.12   1.12163  
8337.19   8338.22   1.02353  
8344.09   8345.36   1.27419  
8361.62   8362.9    1.27406  
8379.67   8380.91   1.24131  
8441.87   8443.23   1.35444  
8488.25   8489.29   1.04188  
8505.22   8506.94   1.71687  
8518.74   8519.77   1.02591  
8534.11   8535.57   1.45831  
8548.8    8550.41   1.60513  
8590.35   8592.1    1.74703  
8615.3    8616.75   1.45141  
8620.54   8621.8    1.26341  
8644.63   8645.79   1.15147  
8647.68   8648.81   1.12706  
8650.89   8652.29   1.39984  
8658.38   8659.48   1.10216  
8665.2    8666.21   1.01025  
8673.53   8674.7    1.17231  
8692.3    8693.33   1.02344  
8697.4    8698.8    1.40672  
8709.23   8710.26   1.02988  
8717.93   8719.3    1.36791  
8732.92   8734.01   1.09216  
8736.73   8737.9    1.17234  
8742.78   8743.93   1.15147  
8754.52   8755.86   1.33384  
8763.88   8765.23   1.35278  
8769.68   8771.43   1.74972  
8781.27   8782.84   1.56797  
8783.67   8784.74   1.07769  
8787.61   8788.83   1.219    
8810.31   8811.35   1.03194  
8816.02   8817.18   1.15978  
8824.51   8825.75   1.23687  
8827.87   8828.98   1.10319  
8840.27   8841.69   1.42478  
8842.67   8843.71   1.04272  
8848.75   8849.77   1.013    
8857.05   8858.49   1.44962  
8868.98   8870.3    1.32612  
8880.18   8881.23   1.04709  
8893.92   8894.95   1.02197  
8903.97   8905.3    1.33497  
8934.85   8936.56   1.70959  
8957.35   8958.45   1.10172  
8967.7    8968.84   1.14016  
8979.16   8980.29   1.12312  
8981.49   8982.6    1.10466  
8992.46   8993.48   1.01319  
9003.77   9004.78   1.01581  
9022.49   9023.67   1.18272  
9025.79   9026.92   1.12328  
9034.56   9035.77   1.20637  
9067.11   9068.45   1.34194  
9074.3    9075.56   1.25694  
9090.46   9091.82   1.35797  
9105.62   9106.84   1.21534  
9115.76   9116.95   1.18562  
9174.54   9175.59   1.05309  
9194.75   9195.97   1.22691  
9214.25   9216.37   2.11859  
9238.95   9240.18   1.23444  
9253.02   9254.33   1.31322  
9264.75   9265.88   1.12728  
9284.16   9285.22   1.06741  
9311.22   9312.69   1.47281  
9313.4    9314.48   1.07394  
9331.52   9332.89   1.37103  
9339.52   9340.8    1.27594  
9356.91   9358.98   2.06725  
9389.92   9391.33   1.41328  
9429.78   9431.23   1.45188  
9438.11   9439.62   1.511    
9442.23   9443.31   1.08559  
9458.35   9459.88   1.52931  
9483.47   9484.58   1.10994  
9489      9490.09   1.09019  
9491.62   9493.24   1.6255   
9508.74   9509.88   1.13884  
9522.73   9523.96   1.22834  
9553.14   9554.88   1.73469  
9559.05   9560.08   1.02584  
9577.94   9579.18   1.23944  
9598.72   9599.77   1.04575  
9603.07   9604.16   1.09069  
9651.24   9652.3    1.06003  
9675.81   9677.3    1.48619  
9687.75   9688.76   1.00544  
9699.86   9701.12   1.26744  
9706.8    9707.82   1.01638  
9710.49   9711.56   1.07178  
9752.72   9753.96   1.24113  
9763.57   9764.82   1.24294  
9796.81   9798.1    1.28678  
9831.64   9832.85   1.20606  
9838.91   9840.28   1.36069  
9844.27   9845.56   1.29072  
9848.58   9849.8    1.21106  
9864.83   9865.98   1.15494  
9879.13   9880.35   1.21819  
9883.66   9884.71   1.05331  
9890.4    9891.9    1.50166  
9925.44   9926.6    1.15453  
9934.15   9935.25   1.10172  
9948.79   9950.05   1.25991  
9953.1    9954.41   1.30875  
9956.37   9957.44   1.06653  
9966.56   9967.8    1.23634  
9981.27   9982.88   1.60206  
9991.93   9993.34   1.41075  
9995.12   9996.22   1.09888  
9999.3    10000.5   1.18991  
10008.1   10009.2   1.08375  
10046.8   10047.9   1.123    
10049.2   10050.4   1.29559  
10057.9   10059.6   1.67413  
10062.7   10063.8   1.12691  
10095.2   10096.4   1.18312  
10151.9   10153.5   1.65566  
10200.4   10201.5   1.14278  
10234.8   10236     1.25866  
10256.3   10257.9   1.57197  
10269.3   10270.5   1.14697  
10358.4   10359.7   1.23706  
10370.5   10371.7   1.24034  
10400     10401.4   1.45225  
10429.7   10431.1   1.37884  
10448     10449.2   1.18484  
10450     10451.1   1.07275  
10459.1   10460.2   1.11209  
10483.6   10485.2   1.62512  
10504.2   10505.3   1.00503  
10547.9   10549.1   1.20037  
10568.9   10570.3   1.42637  
10573.7   10575     1.27653  
10607.5   10608.8   1.29969  
10613.9   10615.2   1.24425  
10619.9   10621.2   1.31456  
10627.7   10628.9   1.23256  
10634     10635.5   1.50419  
10692.8   10693.9   1.03972  
10757.2   10758.2   1.01412  
10767.6   10768.9   1.27506  
10835.2   10836.5   1.26591  
10839.7   10841     1.31591  
10847.8   10848.9   1.0675   
10862.4   10863.5   1.13025  
10874     10875     1.01238  
10905.9   10907.2   1.26869  
10941.5   10943.6   2.01788  
10959.7   10960.8   1.12253  
10971.1   10972.1   1.00872  
10991     10992.3   1.22816  
11022.4   11023.4   1.07734  
11038.4   11039.4   1.07028  
11045.5   11046.6   1.11978  
11072.4   11073.5   1.13431  
11088.6   11089.9   1.28731  
11091.2   11092.4   1.23675  
11095.9   11096.9   1.02781  
11103.4   11104.4   1.02969  
11114.8   11116     1.23003  
11127.3   11128.3   1.0465   
11132.4   11133.6   1.13819  
11174.8   11176.6   1.84422  
11178.4   11179.5   1.035    
11183.1   11184.2   1.06347  
11217.2   11218.9   1.72544  
11221.7   11222.7   1.04191  
11230.6   11231.8   1.20272  
11234.4   11236.2   1.77294  
11252.8   11253.8   1.02472  
11257.7   11259     1.378    
11261.3   11262.3   1.05709  
11264.6   11266.1   1.52188  
11270.1   11271.2   1.14997  
11275.3   11276.9   1.60566  
11281.9   11283.1   1.22044  
11287.1   11288.2   1.07003  
11298.8   11300.5   1.69681  
11320.8   11321.8   1.06737  
11362.2   11363.4   1.26397  
11372.9   11373.9   1.02991  
11396.9   11398.1   1.17531  
11403.9   11405     1.04394  
11412.8   11414.2   1.37341  
11421.6   11423.1   1.48538  
11424.8   11425.9   1.09759  
11429.2   11430.5   1.24984  
11441.3   11442.3   1.02369  
11454.1   11455.2   1.03869  
11466.3   11468     1.70759  
11470.9   11472.4   1.49056  
11474.8   11475.9   1.0085   
11479.1   11480.6   1.51369  
11487.9   11489.1   1.24559  
11491.5   11492.5   1.03634  
11493.9   11495     1.17506  
11508     11509.4   1.35722  
11518.1   11519.3   1.17341  
11520.7   11521.8   1.08737  
11544.7   11545.9   1.11953  
11555.1   11556.4   1.30422  
11567.6   11568.6   1.0695   
11585.2   11586.3   1.11384  
11610.3   11611.5   1.11784  
11616.3   11617.6   1.21869  
11627     11628.4   1.40947  
11635.8   11636.9   1.08972  
11640.8   11642     1.17544  
11651     11652.7   1.70456  
11670.7   11671.7   1.03897  
11674.3   11675.6   1.30969  
11680.1   11681.2   1.09009  
11684.4   11685.4   1.00134  
11695.3   11696.5   1.28347  
11717.3   11718.3   1.07188  
11726.8   11727.8   1.01594  
11730.6   11732.1   1.51847  
11752.8   11756     3.17547  
11756.8   11757.9   1.08869  
11777.3   11778.6   1.29722  
11803.8   11805     1.16112  
11826.6   11827.7   1.13672  
11882.2   11883.8   1.51259  
11889.8   11891.1   1.28238  
11896.5   11898     1.46722  
11907.9   11909.9   2.03581  
11933.9   11935.6   1.71241  
11951.7   11952.8   1.10728  
11967.8   11969.4   1.59497  
12003.2   12004.7   1.42616  
12010.8   12012     1.18547  
12015.9   12017.1   1.27109  
12031.2   12032.5   1.29144  
12050.1   12051.7   1.61334  
12061.8   12062.9   1.17303  
12069.6   12070.7   1.07847  
12080.2   12081.3   1.08581  
12083.8   12085.1   1.31053  
12109.9   12111     1.15459  
12128.7   12130.5   1.80722  
12153.2   12154.5   1.26372  
12180.3   12181.4   1.04578  
12258.3   12259.3   1.03678  
12288.4   12289.8   1.34669  
12291.8   12292.9   1.0735   
12315.1   12316.6   1.53313  
12330.9   12332.2   1.30547  
12358     12359.1   1.13044  
12369.2   12370.6   1.35566  
12374.8   12376     1.20022  
12396.9   12398.4   1.41888  
12404.9   12405.9   1.01506  
12418.8   12419.8   1.00738  
12423.4   12424.5   1.03222  
12427.3   12428.4   1.02803  
12445.8   12447.2   1.45631  
12452.3   12453.7   1.35016  
12467.8   12469.2   1.391    
12549.8   12551.4   1.62409  
12556.7   12557.9   1.13097  
12559.6   12560.8   1.20872  
12565.5   12566.6   1.12662  
12570     12571     1.07384  
12578.4   12579.5   1.05975  
12623.3   12624.6   1.35756  
12630.5   12631.5   1.01863  
12646     12647.9   1.92837  
12660.2   12661.9   1.75738  
12669     12670.1   1.106    
12678.6   12679.7   1.08184  
12692.4   12693.6   1.16609  
12700.4   12701.6   1.1795   
12711.3   12712.8   1.48753  
12731.4   12732.4   1.01463  
12736.8   12737.9   1.07272  
12768.5   12769.5   1.00166  
12781.5   12782.8   1.31809  
12788.8   12789.9   1.02241  
12807.5   12808.6   1.04941  
12816.1   12817.3   1.13712  
12831.1   12832.3   1.18278  
12859.3   12860.3   1.04859  
12893     12894.5   1.45866  
12913.9   12915.3   1.39709  
12947.4   12948.7   1.22053  
12954.6   12955.8   1.26653  
12965.5   12966.7   1.13356  
12998.9   13000     1.10844  
13023.2   13024.8   1.58381  
13037.6   13039     1.33763  
13042.6   13043.7   1.07678  
13053.1   13054.1   1.04281  
13058     13059     1.002    
13074.1   13075.5   1.37403  
13089.8   13091     1.2185   
13096.4   13097.5   1.10028  
13105.3   13106.3   1.01959  
13136.1   13137.3   1.18494  
13146.4   13148.2   1.82028  
13152.4   13153.7   1.31784  
13166.9   13168.4   1.48441  
13173.9   13175.3   1.40288  
13182.6   13183.6   1.04134  
13193.3   13195.9   2.59178  
13209.5   13210.7   1.211    
13252.5   13253.8   1.2155   
13313.9   13315     1.06984  
13321.3   13322.5   1.22456  
13349.4   13350.6   1.20294  
13358.6   13359.6   1.05628  
13367.7   13368.8   1.11941  
13369.6   13370.6   1.061    
13371.6   13372.6   1.04366  
13383.7   13385     1.33094  
13403.3   13404.3   1.03003  
13445.2   13446.5   1.29103  
13451.8   13452.9   1.08769  
13469.1   13470.6   1.50341  
13473.4   13475     1.53572  
13483.7   13484.9   1.14172  
13496.3   13497.5   1.13728  
13498.2   13499.2   1.04975  
13504.9   13505.9   1.0315   
13506.9   13508     1.11822  
13594.9   13596.2   1.29853  
13597.2   13598.3   1.06022  
13610.7   13612.4   1.64922  
13632.2   13633.9   1.66512  
13635.8   13637     1.26453  
13652.7   13653.7   1.04703  
13661.7   13662.9   1.227    
13665.6   13666.9   1.22684  
13674.1   13675.3   1.23113  
13682.1   13683.6   1.54419  
13697.2   13699.4   2.17966  
13706.7   13708.1   1.44284  
13713.8   13714.8   1.03997  
13716.8   13718.4   1.566    
13743.1   13744.2   1.08306  
13752.5   13753.8   1.24297  
13764.4   13765.5   1.10375  
13820.6   13821.6   1.00728  
13858.7   13859.8   1.15269  
13880.3   13882.1   1.76881  
13894.9   13896.3   1.3445   
13903.9   13905     1.05534  
13928.5   13930.2   1.68234  
13945.4   13946.5   1.04253  
13965.7   13966.9   1.20772  
13974.4   13975.7   1.27191  
13980.9   13982.2   1.27788  
13999.8   14001     1.14456  
14019.3   14020.6   1.30697  
14031     14032     1.00172  
14063     14064.2   1.22081  
14077.4   14079.3   1.90522  
14104.6   14105.8   1.22762  
14159.4   14160.6   1.23991  
14166.7   14167.8   1.1125   
14182.5   14184.5   1.93031  
14197     14198.4   1.34819  
14202.4   14203.6   1.22034  
14213     14214.2   1.18153  
14221.9   14223     1.16341  
14281.9   14283     1.16109  
14295.8   14297.2   1.44566  
14304.5   14306.1   1.58238  
14312.2   14313.2   1.01341  
14317.7   14318.7   1.00431  
14324.1   14325.3   1.23091  
14356.5   14357.7   1.22675  
14370.4   14371.7   1.35056  
14381.7   14382.8   1.13647  
14389.3   14391     1.67841  
14404.1   14405.7   1.55175  
14418.2   14419.7   1.47762  
14421.4   14422.5   1.11566  
14444     14445     1.02578  
14467.1   14468.8   1.67347  
14486.4   14487.6   1.17766  
14514.8   14516.3   1.54197  
14531.4   14532.7   1.26103  
14534.3   14535.4   1.02619  
14560.8   14562     1.248    
14576     14577.4   1.36691  
14603.7   14605.2   1.49144  
14616.1   14617.1   1.00434  
14632.7   14633.8   1.08622  
14678.9   14680.1   1.13963  
14692.2   14693.6   1.34234  
14713.7   14715.5   1.73856  
14719.5   14720.9   1.40044  
14732.8   14734.1   1.28978  
14741.7   14742.8   1.06697  
14756.5   14757.5   1.01441  
14769.3   14770.5   1.29281  
14775.7   14777     1.2655   
14797.5   14798.8   1.31525  
14813.9   14815.3   1.39609  
14848.8   14849.9   1.07256  
14859.9   14861.2   1.24966  
14874.7   14876.8   2.08619  
14880.7   14882.5   1.77784  
14893.7   14894.7   1.00653  
14912.8   14914.1   1.30294  
14917.4   14918.5   1.10078  
14937.1   14938.7   1.54819  
14944.1   14945.3   1.15959  
14952.5   14953.8   1.26456  
14972.4   14973.5   1.10222  
14985.7   14987.7   1.92919  
15002.6   15004.2   1.56416  
15019.8   15021.7   1.89478  
15046.4   15047.5   1.15497  
15050.6   15051.8   1.19162  
15063.8   15065.2   1.44159  
15079.7   15080.8   1.13088  
15087.8   15089.2   1.4185   
15094.6   15096.1   1.41947  
15098.7   15101.9   3.17466  
15102.7   15103.9   1.23741  
15170     15171.3   1.29363  
15212.1   15213.1   1.06959  
15238.4   15240     1.56547  
15244.8   15246     1.22906  
15256.4   15257.6   1.24181  
15269.4   15270.4   1.07178  
15282.6   15283.9   1.27537  
15332     15333.6   1.55725  
15352.2   15353.7   1.578    
15394.4   15396     1.54269  
15436.3   15437.5   1.19928  
15455.2   15457.2   1.96391  
15460.1   15461.2   1.16734  
15483.7   15484.7   1.01991  
15509.7   15511.1   1.39013  
15525.7   15527.1   1.44616  
15541.8   15543.4   1.6235   
15551.1   15552.5   1.39106  
15578.7   15580     1.39813  
15646.1   15647.1   1.01719  
15663     15664.1   1.16844  
15680.3   15681.3   1.03653  
15683.1   15684.5   1.47097  
15718.9   15720.1   1.13519  
15723.6   15724.9   1.29544  
15737.4   15738.5   1.16709  
15742.8   15744     1.18813  
15744.8   15745.9   1.11431  
15747.1   15748.4   1.36047  
15760.7   15761.7   1.02031  
15777.5   15778.9   1.39416  
15786.7   15788.1   1.39291  
15795.7   15796.7   1.04297  
15802.9   15804.2   1.27978  
15805.9   15807.1   1.14303  
15809.4   15812.1   2.71013  
15818.9   15820.3   1.40322  
15825.4   15826.6   1.18716  
15847.9   15849.1   1.12797  
15858.5   15860.1   1.60462  
15882.1   15883.2   1.12384  
15886.8   15887.9   1.05253  
15903.4   15904.6   1.13019  
15910.3   15911.4   1.12681  
15913.2   15914.5   1.30391  
15954.5   15955.8   1.30937  
15962.3   15964.1   1.75762  
15984     15985.1   1.11112  
15999.3   16000.5   1.21041  
16005.1   16006.3   1.17381  
16074.3   16075.4   1.10075  
16097.8   16099.5   1.61306  
16108.1   16109.5   1.4175   
16113.9   16115     1.09866  
16124.2   16125.6   1.38156  
16160.8   16162     1.23141  
16219.3   16220.4   1.13153  
16224.3   16225.6   1.332    
16256.2   16257.4   1.12409  
16319.8   16320.9   1.12681  
16330.6   16331.6   1.01653  
16348.8   16350     1.26894  
16362.3   16364.1   1.79294  
16374.1   16375.6   1.53634  
16410.6   16411.6   1.07041  
16424.7   16425.9   1.12025  
16460.5   16461.7   1.21247  
16467.3   16469     1.74778  
16471.5   16472.6   1.08572  
16493.7   16495     1.29784  
16500.7   16501.7   1.03191  
16512.6   16513.6   1.00066  
16522.4   16523.8   1.34325  
16528.8   16532.9   4.18363  
16533.7   16535.1   1.34591  
16562.1   16563.7   1.5575   
16575     16576.5   1.51416  
16595.3   16596.7   1.36178  
16603.1   16604.2   1.10763  
16617.7   16618.9   1.17813  
16662.7   16664.4   1.71562  
16681.5   16682.5   1.04553  
16685.6   16686.7   1.11744  
16729.3   16730.6   1.27209  
16763.7   16764.9   1.20072  
16808.4   16809.6   1.23519  
16813.2   16814.2   1.02344  
16829     16830.6   1.58481  
16846.4   16847.5   1.05303  
16864.4   16865.8   1.40497  
16873.4   16874.6   1.14628  
16896.6   16897.6   1.05791  
16909.4   16910.6   1.17044  
16917.6   16918.8   1.18094  
16935.3   16936.8   1.416    
16967.3   16968.6   1.29038  
17013.5   17014.8   1.23528  
17019.2   17020.2   1.00444  
17028.1   17029.2   1.16459  
17036.4   17037.9   1.49766  
17048.5   17049.6   1.09672  
17051.1   17052.2   1.06812  
17054.4   17055.5   1.14213  
17058.4   17059.8   1.36644  
17062.6   17063.6   1.01612  
17070.5   17071.7   1.20897  
17095.6   17096.8   1.15797  
17115.4   17116.5   1.07581  
17117.5   17118.5   1.09084  
17125.3   17126.3   1.03794  
17135     17136     1.06981  
17201.3   17202.7   1.40559  
17209.1   17210.4   1.29794  
17226.4   17227.5   1.0985   
17243.2   17244.5   1.32141  
17267     17268.4   1.423    
17273.3   17274.4   1.11163  
17287.5   17288.8   1.33225  
17303.7   17304.9   1.22209  
17333.1   17334.2   1.08756  
17334.9   17337     2.09584  
17399.8   17400.9   1.07278  
17430.7   17431.7   1.03222  
17460     17461.4   1.43291  
17477.7   17479     1.27428  
17496.6   17497.7   1.04331  
17525.8   17526.8   1.01319  
17538.9   17539.9   1.05184  
17549.4   17550.5   1.11372  
17630.4   17631.4   1.05609  
17648.6   17649.6   1.00969  
17695.6   17697.5   1.88184  
17729.3   17730.6   1.28106  
17787.5   17788.6   1.07022  
17793.9   17795.4   1.43456  
17802.3   17803.4   1.128    
17825.3   17826.4   1.19359  
17843     17844.1   1.08116  
17857.4   17858.5   1.14681  
17864.3   17865.5   1.19741  
17874.8   17876     1.24419  
17887.2   17888.6   1.34897  
17895.4   17896.4   1.00469  
17954.7   17955.8   1.0405   
17972.7   17973.7   1.05434  
17978.8   17979.8   1.05944  
17997.1   17998.4   1.24678  
18013.9   18015.2   1.247    
18042.2   18043.5   1.32294  
18055.1   18058.2   3.13856  
18059     18061.1   2.07812  
18082.6   18083.7   1.08059  
18123.5   18125.2   1.74516  
18179.3   18180.7   1.38466  
18216.3   18217.4   1.15634  
18250.3   18251.3   1.0575   
18273.3   18274.7   1.36122  
18306.2   18307.3   1.05703  
18311.5   18313.1   1.60634  
18318.6   18319.9   1.21834  
18326.9   18327.9   1.01347  
18344.3   18345.6   1.3485   
18347.7   18348.7   1.04769  
18355.1   18356.6   1.49441  
18357.8   18358.9   1.14994  
18363.9   18364.9   1.06081  
18382.8   18384.1   1.26916  
18421.2   18422.2   1.02063  
18439.5   18440.6   1.08197  
18448.1   18449.2   1.10272  
18454.6   18455.7   1.05516  
18465     18466.1   1.11628  
18473.5   18474.6   1.05972  
18498.7   18499.7   1.03053  
18503.2   18504.3   1.08047  
18514.2   18515.5   1.25481  
18550     18551.2   1.13312  
18580.3   18581.6   1.25847  
18596.3   18597.5   1.22631  
18601.3   18602.4   1.07216  
18618.5   18619.7   1.24294  
18645.6   18646.9   1.25247  
18662.4   18663.6   1.22791  
18669.8   18670.9   1.12447  
18676.6   18677.7   1.16556  
18682.9   18684     1.02238  
18716.6   18717.6   1.00841  
18757.9   18759.3   1.37319  
18770.7   18772.4   1.68141  
18776.6   18778     1.40666  
18793.7   18794.7   1.0205   
18801.1   18802.1   1.0455   
18806.4   18808.1   1.68744  
18813.8   18814.9   1.15841  
18815.7   18816.9   1.16787  
18819.6   18820.7   1.07403  
18837.2   18838.4   1.24725  
18858.7   18860     1.2985   
18870.5   18871.6   1.06594  
18887.3   18888.7   1.394    
18893.2   18894.5   1.2425   
18953.8   18955     1.20037  
18965.9   18967     1.12166  
18994.9   18996     1.10153  
19003.9   19005.4   1.58266  
19014.2   19015.5   1.34163  
19017.8   19019.2   1.4075   
19036.4   19037.9   1.53731  
19060.2   19063.4   3.16375  
19064.2   19065.3   1.06716  
19110.3   19111.5   1.249    
19197.8   19198.9   1.10541  
19202.3   19203.4   1.11231  
19221.1   19222.2   1.10062  
19223     19224.1   1.05731  
19287     19288     1.01697  
19291.4   19292.4   1.06303  
19312.2   19313.3   1.10806  
19324.6   19326.4   1.74838  
19333.7   19334.9   1.19541  
19351.4   19352.7   1.24394  
19375.5   19377     1.48547  
19409.5   19410.7   1.21194  
19425.1   19426.3   1.16631  
19435.2   19436.3   1.03478  
19456     19457.4   1.42472  
19462.7   19464     1.27706  
19501.9   19503.3   1.38116  
19523.7   19524.9   1.17134  
19547.1   19548.8   1.65703  
19554.7   19555.9   1.17953  
19565.1   19566.4   1.29522  
19577.3   19578.7   1.37478  
19587.1   19588.3   1.20509  
19593.4   19594.8   1.4      
19614.1   19615.4   1.34775  
19630     19631.2   1.17972  
19656.1   19657.5   1.39369  
19700.6   19701.8   1.23631  
19703.9   19705     1.08869  
19708.5   19709.6   1.05144  
19721     19722.3   1.33378  
19761.5   19763     1.47803  
19766.9   19767.9   1.00513  
19799.7   19801     1.30941  
19838     19839.7   1.63247  
19851.1   19852.1   1.00541  
19875.4   19876.6   1.22559  
19888.5   19889.7   1.18522  
19915.5   19917     1.49403  
19965.6   19968.1   2.487    
20060.6   20062     1.39884  
20100.4   20101.7   1.33809  
20116.2   20117.8   1.57641  
20153.8   20155.4   1.56019  
20173.4   20174.8   1.45103  
20176     20177     1.01619  
20190     20191.4   1.40319  
20215.6   20217     1.34975  
20218.2   20219.4   1.23553  
20227.3   20228.7   1.34631  
20236.5   20237.6   1.103    
20241.1   20242.3   1.20009  
20246.2   20247.3   1.09106  
20253.5   20254.5   1.03044  
20279     20280     1.02578  
20302.1   20303.4   1.31688  
20337.4   20339     1.60222  
20389.3   20391.1   1.70997  
20437.5   20438.7   1.16725  
20448.5   20450.2   1.67072  
20467.4   20468.5   1.09384  
20471.7   20472.9   1.21981  
20481.1   20482.8   1.66709  
20499     20500.3   1.30462  
20512.9   20514.2   1.26847  
20522.8   20524     1.19091  
20525.3   20526.4   1.17741  
20541.7   20543     1.34228  
20562.5   20563.9   1.39809  
20581.4   20582.7   1.26925  
20585.7   20587.2   1.42641  
20588.8   20589.8   1.02216  
20605.9   20607     1.12181  
20635.4   20636.8   1.40947  
20643     20644.1   1.03887  
20647.8   20648.8   1.06778  
20653.3   20654.7   1.3105   
20656.9   20658.1   1.18659  
20659.7   20661.1   1.41456  
20691.5   20692.5   1.02566  
20732.8   20733.9   1.17425  
20796.3   20798.2   1.88206  
20799.2   20800.3   1.06525  
20807.3   20808.4   1.09425  
20811     20812     1.02281  
20817     20818.2   1.22272  
20873.8   20875     1.24119  
20881.5   20882.5   1.03937  
20900.5   20901.5   1.00334  
20919.2   20920.7   1.45491  
20939.5   20941     1.55153  
20950.3   20953.4   3.19719  
20954.2   20955.4   1.1805   
21062.1   21063.1   1.02403  
21078.1   21079.4   1.27909  
21088     21089     1.06066  
21135.7   21136.7   1.01066  
21143.3   21144.5   1.16531  
21190.1   21191.1   1.00406  
21195.4   21196.4   1.01306  
21209.8   21211.1   1.25762  
21264.8   21266     1.16216  
21287.5   21289.1   1.68169  
21341.3   21342.6   1.26875  
21373.4   21374.4   1.02122  
21383.2   21385     1.76759  
21388.5   21389.6   1.03919  
21433.7   21434.9   1.16016  
21453.5   21454.6   1.08763  
21460.8   21462     1.20016  
21488.7   21489.7   1.01991  
21538     21539     1.004    
21545.7   21546.9   1.21672  
21553.6   21554.7   1.07194  
21616.7   21617.8   1.11581  
21627.6   21629.1   1.515    
21638.8   21640.2   1.43762  
21651.9   21652.9   1.06313  
21744.7   21746.2   1.4415   
21769     21770     1.03269  
21795.5   21796.6   1.07766  
21813.9   21815.1   1.19109  
21816.8   21817.9   1.12938  
21831.1   21832.4   1.26991  
21845.4   21846.6   1.18938  
21886.2   21887.2   1.02009  
21927.3   21928.5   1.21478  
21943     21944.3   1.23681  
21963.6   21964.9   1.29644  
22002.7   22003.8   1.18053  
22020.1   22021.6   1.45384  
22025     22026.2   1.25203  
22034     22035.4   1.41869  
22049.7   22051.1   1.36953  
22055.8   22057.2   1.41263  
22063.1   22064.5   1.40469  
22078.8   22080.1   1.26828  
22095.8   22097.3   1.45231  
22101.1   22102.3   1.21978  
22125.7   22126.8   1.05556  
22135.9   22137     1.056    
22159.3   22160.5   1.18641  
22193.2   22194.3   1.07816  
22196     22197.7   1.65406  
22218.9   22220     1.11416  
22221.9   22223.2   1.287    
22224.8   22225.8   1.02725  
22239.2   22240.5   1.2315   
22252.4   22253.6   1.18625  
22255.9   22256.9   1.00875  
22314.6   22315.6   1.00584  
22319.9   22321     1.14856  
22327.1   22328.6   1.44378  
22332.5   22334.1   1.62138  
22371.5   22372.6   1.08131  
22377.1   22378.4   1.30253  
22390.1   22391.5   1.34847  
22397.5   22398.5   1.00594  
22401.5   22402.5   1.02588  
22411     22412.3   1.297    
22418.3   22419.4   1.129    
22425.5   22426.7   1.22984  
22443.9   22445.4   1.47406  
22464.9   22466.1   1.15163  
22475.2   22476.7   1.50528  
22523.9   22525.3   1.39328  
22527.9   22529.3   1.37719  
22566.5   22567.7   1.24881  
22570.6   22571.8   1.19978  
22581.9   22582.9   1.002    
22600     22601.1   1.06931  
22611.8   22613     1.20103  
22620.1   22621.2   1.09359  
22644.5   22645.8   1.38563  
22663.6   22664.7   1.13209  
22697.5   22698.8   1.27137  
22711.7   22713.3   1.59881  
22727     22728.1   1.08803  
22779.2   22780.7   1.56125  
22784.4   22785.4   1.08919  
22808.3   22809.8   1.52128  
22847.5   22848.6   1.09328  
22858.2   22859.3   1.04709  
22869.7   22871     1.35169  
22883.9   22884.9   1.02188  
22903     22904     1.00072  
22913.3   22914.4   1.07725  
22926.8   22928     1.14303  
22951.3   22952.7   1.38731  
22961.4   22962.9   1.46972  
22986.3   22987.5   1.214    
22992.1   22993.1   1.00097  
23039.8   23040.9   1.14109  
23049.5   23050.9   1.41809  
23053.7   23054.7   1.02953  
23075.7   23077.3   1.57453  
23090.5   23091.9   1.37591  
23113.1   23114.1   1.03803  
23115.6   23116.6   1.01647  
23118.5   23120.9   2.34606  
23169.7   23170.9   1.22044  
23221.4   23222.5   1.07572  
23231.4   23232.4   1.03203  
23235.1   23236.2   1.11866  
23273     23274.4   1.45659  
23283.7   23284.7   1.06641  
23342.2   23343.2   1.06331  
23347.2   23348.3   1.0795   
23352.9   23354     1.05891  
23358.1   23359.3   1.12547  
23367.6   23368.7   1.09631  
23388.1   23389.4   1.24725  
23399.8   23401     1.18497  
23411.9   23413     1.10044  
23413.6   23415     1.31791  
23420.4   23421.5   1.10628  
23461.5   23462.9   1.38528  
23467.5   23468.6   1.03325  
23556.2   23557.4   1.20487  
23585.8   23586.8   1.03663  
23600.9   23602.4   1.40609  
23607.2   23608.4   1.12791  
23615.4   23616.6   1.16394  
23623     23624.2   1.14591  
23631.5   23633     1.47019  
23655.6   23656.7   1.05441  
23659.8   23660.8   1.04281  
23664     23665.2   1.207    
23677.7   23678.9   1.20572  
23690     23691     1.01325  
23698.9   23700.1   1.23094  
23719.2   23720.4   1.24456  
23723.5   23724.8   1.30181  
23790.4   23791.5   1.11763  
23824.2   23825.5   1.27353  
23830.7   23832.6   1.93716  
23841     23844     3.07947  
23844.9   23845.9   1.08584  
23871.1   23872.3   1.18906  
23909.7   23911     1.30638  
23935.3   23936.4   1.09947  
23957.1   23958.4   1.28363  
24061     24062.3   1.34634  
24065.4   24066.4   1.06244  
24074.9   24076.3   1.38319  
24128.5   24129.6   1.13584  
24139.8   24141.2   1.35031  
24234.3   24235.6   1.31672  
24260.9   24262.4   1.53191  
24266.2   24267.3   1.09619  
24300.3   24302     1.74322  
24312.7   24313.9   1.19791  
24319.6   24320.7   1.18744  
24329.6   24331.1   1.44841  
24351.8   24352.9   1.11541  
24360.8   24361.8   1.026    
24389.2   24390.8   1.67791  
24394.9   24395.9   1.01519  
24406.1   24407.2   1.05016  
24410.7   24411.7   1.04212  
24416.9   24418     1.10794  
24429.8   24430.9   1.14675  
24434.4   24435.6   1.19634  
24449.6   24450.9   1.33459  
24465.7   24466.9   1.18244  
24475     24476.6   1.54597  
24491.7   24493.1   1.44863  
24509.6   24510.6   1.05231  
24523.1   24524.2   1.06928  
24528.8   24529.9   1.01669  
24537.1   24538.3   1.18766  
24552.9   24554.2   1.28672  
24574.3   24575.3   1.00747  
24583.9   24585.2   1.22134  
24587.8   24589     1.15769  
24590     24591.1   1.11609  
24601.2   24602.3   1.16291  
24613     24614.1   1.144    
24649.9   24651.3   1.36281  
24659.9   24661.1   1.21606  
24669     24670.2   1.18191  
24690.9   24692.1   1.23647  
24716.1   24717.1   1.00781  
24738     24740.2   2.23134  
24754.6   24755.9   1.34494  
24829.4   24830.5   1.11244  
24834.3   24835.5   1.18728  
24844     24845.7   1.61934  
24848.6   24849.9   1.34753  
24855.4   24856.9   1.55941  
24871.7   24873     1.35675  
24910.2   24911.4   1.1695   
24911.9   24913.1   1.19491  
24924.8   24925.8   1.007    
24926.6   24927.7   1.04025  
24940     24941.1   1.10497  
24942.1   24943.3   1.19828  
24955.5   24956.6   1.13291  
24959.8   24960.9   1.08706  
24969.5   24970.6   1.02809  
25026.3   25027.4   1.05231  
25030.9   25032     1.07884  
25065.4   25066.5   1.04212  
25082.6   25083.8   1.21969  
25095.2   25096.6   1.46116  
25127     25128.3   1.32953  
25133.8   25135.9   2.14403  
25142.6   25143.7   1.07684  
25150.2   25151.3   1.04337  
25152.8   25154     1.23044  
25200     25201.6   1.55337  
25206.4   25207.6   1.26647  
25216.7   25217.9   1.13831  
25218.8   25219.9   1.09525  
25225.7   25227.3   1.55878  
25232.2   25233.4   1.16391  
25238.1   25239.3   1.18475  
25244.7   25246.1   1.4255   
25247.1   25248.2   1.15175  
25248.9   25250.1   1.18562  
25265.6   25266.8   1.14944  
25278.6   25279.9   1.20734  
25316.1   25317.6   1.48041  
25360.9   25362.4   1.53269  
25384.8   25386.9   2.17437  
25407     25408.1   1.16297  
25440.1   25441.2   1.11172  
25445.8   25447     1.25459  
25485     25486.2   1.17512  
25523.4   25524.5   1.13669  
25527.9   25529     1.061    
25542.3   25543.4   1.09291  
25551.6   25552.6   1.06288  
25556.2   25557.4   1.22781  
25577.3   25578.5   1.23875  
25593.2   25594.7   1.57819  
25611.9   25613.2   1.3615   
25628.7   25629.9   1.19506  
25636.7   25637.9   1.19078  
25658.9   25660.8   1.95497  
25663.7   25665     1.30984  
25669.8   25671     1.22016  
25717.6   25718.8   1.11881  
25726.5   25727.6   1.14394  
25767.4   25768.9   1.55441  
25817.3   25818.5   1.138    
25879.7   25880.7   1.04513  
25897.8   25899.1   1.30925  
25902.2   25903.7   1.49425  
25913.3   25914.5   1.229    
25954.5   25955.6   1.07497  
25970.8   25972     1.23325  
25977.2   25979.7   2.54094  
25985.4   25986.6   1.15363  
26001.8   26003     1.14656  
26023.3   26024.4   1.06088  
26056.6   26057.7   1.13781  
26073.2   26074.3   1.09131  
26101.7   26103.2   1.51306  
26132.5   26133.6   1.09659  
26154.7   26156.1   1.39387  
26196     26197.3   1.29381  
26232.6   26233.8   1.2245   
26277.1   26278.1   1.06553  
26297.9   26299.3   1.31231  
26303     26304.1   1.08606  
26307.9   26309     1.03584  
26322.7   26323.8   1.11769  
26381.2   26382.5   1.25772  
26395.9   26397.4   1.43822  
26424.6   26427.5   2.89181  
26428.6   26430     1.39163  
26442.2   26443.3   1.061    
26445     26446.2   1.18066  
26465     26466.1   1.09947  
26498.5   26499.9   1.45566  
26542.4   26543.4   1.02881  
26562.2   26563.4   1.24481  
26567.3   26568.6   1.31984  
26619     26620     1.05406  
26633.8   26634.8   1.00103  
26644.8   26646.3   1.51397  
26663.9   26665     1.08262  
26695.4   26696.8   1.44178  
26730.2   26731.6   1.44675  
26735     26737.2   2.17319  
26749     26750.5   1.51741  
26788.5   26789.6   1.14328  
26798     26799.1   1.00566  
26806.3   26807.5   1.188    
26814.1   26815.5   1.38381  
26821.5   26822.7   1.12456  
26824.1   26825.1   1.04016  
26828.5   26829.7   1.28959  
26832.8   26833.9   1.12266  
26842.1   26843.1   1.00441  
26844.8   26846.2   1.36206  
26847.3   26848.4   1.08163  
26849.5   26850.7   1.18053  
26853.3   26854.5   1.28622  
26859.1   26860.2   1.13859  
26861     26862.7   1.71744  
26880.6   26881.7   1.04691  
26922.2   26923.8   1.58103  
26928.7   26930     1.34056  
26957.6   26958.6   1.01887  
26987.7   26988.8   1.10225  
26997.1   26998.4   1.2875   
27031.3   27032.4   1.09009  
27036.4   27037.4   1.08859  
27040.5   27041.7   1.20181  
27051.8   27052.8   1.01044  
27079.7   27081.2   1.58247  
27089.3   27090.5   1.16962  
27094.7   27097.2   2.50134  
27111.7   27112.9   1.14294  
27121.6   27122.7   1.16344  
27130.3   27131.6   1.32219  
27156.3   27157.3   1.05034  
27158.5   27159.8   1.28272  
27167.4   27168.5   1.111    
27182.9   27184     1.06369  
27213.7   27214.8   1.05984  
27257.8   27259.2   1.41981  
27270.8   27272.1   1.25019  
27293.6   27294.7   1.15416  
27318.1   27319.2   1.07325  
27347.5   27348.7   1.16491  
27364     27365.1   1.15447  
27393.3   27395     1.73953  
27403.2   27404.2   1.05078  
27409.6   27410.6   1.02228  
27429.9   27430.9   1.02972  
27441.3   27442.4   1.08544  
27457.1   27458.2   1.03313  
27479.6   27480.8   1.21997  
27512.4   27514.1   1.71069  
27530.6   27532.2   1.52759  
27538.5   27539.7   1.27178  
27542.8   27543.8   1.03416  
27569     27570.1   1.06725  
27574     27575     1.01997  
27647.9   27649.1   1.1695   
27654.9   27656.6   1.66009  
27660.5   27661.9   1.37262  
27692.3   27693.6   1.25575  
27696.9   27698     1.14025  
27703.2   27704.3   1.01997  
27712     27713.8   1.73953  
27734     27735.4   1.42909  
27740.2   27741.6   1.3885   
27749.1   27750.2   1.08781  
27789.8   27791     1.20228  
27807.9   27808.9   1.02853  
27813.9   27815     1.07344  
27816.4   27817.5   1.06116  
27852.3   27853.8   1.44962  
27859.6   27861.1   1.51259  
27868.6   27869.7   1.06106  
27877.9   27879.1   1.18556  
27882.4   27883.5   1.08622  
27889.6   27892.1   2.53737  
27893.1   27894.9   1.79625  
27930.1   27931.4   1.33778  
27934     27935     1.00206  
27936.2   27937.6   1.38253  
27942.1   27943.6   1.53641  
27945.9   27947.2   1.29788  
27972.2   27973.5   1.30572  
27977.8   27978.9   1.10731  
27984.8   27985.8   1.01059  
27996.3   27997.4   1.12203  
27998.8   27999.9   1.06634  
28000.4   28001.8   1.41278  
28041.2   28042.4   1.216    
28055.9   28056.9   1.03853  
28087.2   28088.8   1.54956  
28104.7   28105.8   1.01412  
28141.1   28142.3   1.13009  
28171.3   28172.4   1.07425  
28190.5   28191.6   1.08153  
28200.4   28201.4   1.01272  
28215.3   28216.5   1.22553  
28228.1   28229.4   1.23053  
28231.8   28233.2   1.31822  
28240.4   28241.4   1.02078  
28244.9   28246     1.12556  
28275.8   28276.9   1.07003  
28283.3   28284.3   1.06834  
28306     28307.4   1.40538  
28313.6   28314.9   1.25369  
28318.4   28319.4   1.05588  
28340     28341     1.02313  
28350.5   28351.5   1.03006  
28359.1   28360.4   1.25991  
28369.7   28371.1   1.33294  
28373.9   28375     1.09684  
28375.9   28377.1   1.23859  
28402.7   28404.1   1.41063  
28416.2   28417.5   1.32503  
28427.2   28428.2   1.00425  
28430.2   28431.9   1.64291  
28435.7   28437     1.30781  
28442.5   28443.6   1.08681  
28466.5   28467.9   1.34675  
28470.6   28471.6   1.09137  
28475.5   28477.1   1.53797  
28488.4   28489.7   1.25294  
28503.7   28504.7   1.01244  
28507.9   28509     1.13475  
28520.5   28521.7   1.13166  
28543.7   28544.7   1.04641  
28556.4   28557.9   1.51466  
28565     28566.3   1.303    
28584.4   28585.8   1.41781  
28610.6   28611.7   1.10137  
28617.1   28618.2   1.0645   
28626     28627.1   1.08363  
28631.3   28632.4   1.05731  
28654.5   28656     1.50334  
28659.3   28660.5   1.14625  
28662     28663.7   1.68663  
28671.8   28672.9   1.11662  
28677.3   28679     1.73044  
28690.3   28692     1.75394  
28702.5   28703.8   1.26434  
28709.5   28710.8   1.31828  
28713     28714.2   1.23934  
28724.1   28725.7   1.54625  
28764.6   28766.1   1.49153  
28771.2   28772.5   1.31822  
28790     28791.3   1.30212  
28796.3   28797.7   1.43981  
28819.5   28820.5   1.03737  
28823.9   28825.6   1.68362  
28833.5   28834.8   1.34641  
28855.7   28857     1.32709  
28875.8   28877     1.29331  
28898.8   28900     1.14534  
28903.2   28904.8   1.54225  
28913.9   28915.7   1.79337  
28921.8   28923     1.2015   
28929.8   28931     1.17178  
28940.9   28942.3   1.43191  
28944     28945.4   1.42122  
28964.5   28965.6   1.06616  
28969.9   28971.4   1.49016  
28976.4   28977.4   1.01513  
28989.3   28990.4   1.10753  
29000.3   29001.5   1.20762  
29013.4   29014.5   1.18309  
29019.4   29020.4   1.01541  
29041.6   29042.7   1.11997  
29061     29062.1   1.10922  
29064.3   29065.4   1.09997  
29077.9   29079     1.04256  
29104.7   29105.7   1.06619  
29118.1   29119.5   1.37072  
29140     29141.4   1.33119  
29219     29220.3   1.26153  
29225.7   29227.1   1.33616  
29239.7   29241     1.30638  
29261.2   29262.4   1.24769  
29277.9   29279.2   1.32816  
29280.5   29282     1.46531  
29288.4   29289.6   1.18672  
29293.3   29294.3   1.00472  
29321.9   29323.2   1.28147  
29326.6   29327.7   1.13431  
29329.5   29331     1.48294  
29349.8   29350.8   1.02687  
29359.3   29360.9   1.54122  
29381     29382.5   1.44878  
29403.6   29404.7   1.0745   
29414.6   29415.9   1.37472  
29427     29428     1.02638  
29441.5   29442.8   1.25578  
29454.8   29455.9   1.07941  
29477.3   29478.3   1.04531  
29486.2   29487.7   1.56691  
29499.9   29501.1   1.22591  
29509.2   29510.2   1.02047  
29518.4   29519.6   1.17197  
29534.1   29535.6   1.53659  
29554.1   29555.3   1.2125   
29574.9   29576.3   1.45041  
29619.5   29620.7   1.12134  
29625.9   29627.3   1.3575   
29631.2   29632.2   1.01044  
29642.5   29643.8   1.33556  
29651.6   29652.9   1.33878  
29678.7   29679.8   1.08744  
29681.2   29682.3   1.12234  
29698.7   29699.9   1.23428  
29720.2   29721.2   1.025    
29723.9   29725     1.14413  
29733.4   29734.8   1.46087  
29742.5   29743.5   1.02997  
29747.4   29748.5   1.12309  
29805.3   29806.3   1.03122  
29813.1   29814.6   1.44219  
29827.4   29828.4   1.04625  
29860.7   29861.9   1.19059  
29867.1   29868.1   1.05966  
29876     29877.5   1.49422  
29884     29885.4   1.42578  
29903     29904.3   1.22916  
29937.7   29938.7   1.02997  
29946.2   29947.8   1.63294  
29959.8   29961.2   1.35834  
29979.3   29980.4   1.08094  
29991     29994.1   3.175    
29995.1   29996.5   1.39325  
30012.5   30013.6   1.06359  
30048.7   30050.1   1.38453  
30062.8   30064.1   1.34353  
30068.7   30069.8   1.10169  
30092.7   30094.1   1.36606  
30108.4   30109.6   1.25084  
30122.1   30123.2   1.14488  
30130.1   30131.8   1.70338  
30150.4   30151.7   1.27384  
30156.1   30157.2   1.10741  
30172.4   30173.5   1.12016  
30181.8   30183.4   1.57303  
30185.6   30187.2   1.62075  
30214.4   30215.5   1.05953  
30219.9   30221     1.06466  
30231.8   30233.3   1.4885   
30247.1   30248.6   1.50153  
30274.5   30276     1.50534  
30285.1   30286.2   1.10447  
30288.6   30289.7   1.08513  
30294.4   30295.6   1.27894  
30305.8   30306.9   1.09234  
30329     30330.5   1.48906  
30339.2   30340.8   1.60634  
30344.1   30345.8   1.74353  
30365.1   30366.6   1.51219  
30370.4   30371.7   1.35728  
30382.2   30383.8   1.54328  
30397.6   30398.8   1.19888  
30403     30404.4   1.44613  
30408.2   30409.4   1.19416  
30431.8   30433.1   1.27916  
30438.5   30439.5   1.04359  
30454.4   30455.6   1.20703  
30457.1   30458.1   1.01847  
30458.9   30460.1   1.25822  
30477.3   30478.7   1.47813  
30504     30505.3   1.23928  
30515.4   30516.6   1.19353  
30517.5   30518.6   1.08059  
30519.3   30520.4   1.05097  
30544.3   30545.5   1.20513  
30547.1   30548.2   1.10294  
30561     30562.2   1.20703  
30564.4   30565.6   1.16347  
30573.7   30574.8   1.12894  
30586.6   30588     1.40781  
30596.4   30597.4   1.02325  
30609.4   30610.6   1.21953  
30618     30619     1.08266  
30632.2   30633.3   1.11041  
30637.6   30638.9   1.24353  
30654.7   30656     1.33391  
30669.6   30670.8   1.2025   
30676.4   30677.6   1.25959  
30717.9   30719.6   1.7505   
30747.1   30748.3   1.12619  
30751.5   30752.5   1.0615   
30757.6   30758.7   1.12241  
30768.7   30771.3   2.59328  
30839.5   30841.4   1.93934  
30850     30851.1   1.13213  
30852.6   30853.8   1.15847  
30854.1   30855.2   1.16416  
30866.8   30868.1   1.24472  
30876.9   30877.9   1.07469  
30886.7   30888.4   1.70316  
30912.4   30913.6   1.13622  
30939.7   30941.5   1.72506  
30969.3   30970.4   1.07466  
30978.1   30979.4   1.26769  
30983.7   30984.9   1.17463  
31007.2   31008.5   1.32306  
31017.8   31018.9   1.13187  
31020.7   31021.8   1.06959  
31033.5   31034.7   1.15678  
31043.8   31044.8   1.02972  
31076.9   31078.2   1.36178  
31106.9   31108.1   1.15619  
31130.1   31131.2   1.06481  
31148.6   31150     1.49322  
31154.2   31155.2   1.01844  
31168.6   31170.2   1.63291  
31179.3   31180.4   1.05253  
31186.9   31188.2   1.37103  
31196     31197.1   1.04725  
31212     31213.3   1.35531  
31239.3   31240.6   1.30434  
31254.2   31255.3   1.14416  
31275.4   31276.8   1.37963  
31298     31299.7   1.69741  
31310.1   31311.2   1.155    
31349.9   31351.4   1.50328  
31355.7   31357     1.24256  
31362.9   31364     1.10159  
31375.9   31377     1.08862  
31389     31390.1   1.05681  
31400.2   31401.3   1.12403  
31419.7   31420.8   1.06397  
31428.6   31429.8   1.18503  
31435.5   31436.8   1.29984  
31445.8   31446.9   1.09678  
31453.9   31455.4   1.49153  
31470.7   31472.4   1.69856  
31478.8   31479.9   1.08344  
31481.9   31483     1.12288  
31499.4   31500.4   1.04206  
31503.3   31504.6   1.29244  
31527.9   31528.9   1.04997  
31536.7   31537.7   1.026    
31539.7   31541.4   1.64813  
31559.7   31561.2   1.43059  
31581     31582     1.04769  
31590.7   31592.7   2.00981  
31606     31607.7   1.71944  
31625.5   31626.6   1.04059  
31637.1   31638.1   1.05353  
31644.6   31645.7   1.10356  
31684.4   31685.5   1.18031  
31702.3   31703.8   1.45153  
31721.4   31723.1   1.74928  
31731.2   31732.2   1.00697  
31775.9   31777.2   1.23566  
31784     31785.6   1.59422  
31809.9   31811.1   1.17288  
31855.3   31856.4   1.12853  
31862.9   31864.1   1.244    
31894     31895.1   1.05956  
31916.1   31917.2   1.08313  
31932.9   31934.9   2.09056  
31964.9   31965.9   1.04097  
31970.7   31971.8   1.12166  
31980.1   31981.2   1.13238  
32004.5   32005.6   1.04588  
32009.4   32010.6   1.13678  
32016.1   32017.1   1.05769  
32045.5   32046.6   1.02287  
32056.8   32057.9   1.07681  
32065.3   32066.3   1.02244  
32078.4   32079.4   1.07544  
32081.3   32082.3   1.02672  
32085.2   32086.2   1.01369  
32089.3   32090.4   1.13894  
32104.8   32105.9   1.08856  
32115.9   32119     3.11975  
32120.1   32121.1   1.06231  
32149.4   32150.4   1.03763  
32170.4   32171.7   1.21481  
32175.6   32177.2   1.54309  
32208.9   32210.3   1.41775  
32224.5   32225.8   1.30713  
32232.6   32233.8   1.15684  
32254.6   32255.8   1.21338  
32263.7   32264.9   1.16187  
32272.4   32273.6   1.22762  
32282.4   32283.4   1.07219  
32292.1   32293.1   1.05363  
32307.9   32309.1   1.12131  
32321.5   32322.5   1.00278  
32324.7   32326.1   1.41669  
32337.4   32338.5   1.05572  
32370.8   32371.8   1.06163  
32400.2   32401.2   1.01047  
32403.7   32404.7   1.00656  
32444.4   32445.7   1.30141  
32449.4   32450.5   1.05816  
32466.7   32468     1.31253  
32468.5   32469.6   1.11575  
32473.1   32474.3   1.17975  
32482.3   32483.4   1.14022  
32504.5   32505.7   1.20969  
32514.6   32516.4   1.7965   
32530.7   32532     1.26478  
32585.8   32587.3   1.48759  
32598.3   32599.3   1.01331  
32604.1   32605.3   1.20831  
32606.4   32607.5   1.04991  
32612     32613.2   1.23362  
32614.6   32615.8   1.24966  
32628.4   32629.6   1.13484  
32643.7   32645.5   1.88191  
32663.9   32665.1   1.28091  
32665.9   32667     1.08163  
32686.1   32687.3   1.17294  
32692.4   32693.6   1.21078  
32695.5   32696.5   1.04947  
32701.1   32702.9   1.79547  
32724     32725.5   1.57875  
32729.4   32730.6   1.22778  
32733.2   32734.5   1.25159  
32737.7   32739.1   1.40878  
32741.7   32743.3   1.60172  
32766.1   32767.1   1.04159  
32771.7   32773.4   1.7405   
32788.5   32789.7   1.24994  
32812.2   32813.4   1.14666  
32818.3   32819.5   1.17578  
32821.6   32822.6   1.03906  
32824.8   32825.9   1.08484  
32838.2   32839.5   1.29091  
32862.4   32863.7   1.21813  
32879.9   32881.2   1.33097  
32893.1   32894.3   1.211    
32898.4   32899.5   1.12653  
32912.6   32913.9   1.273    
32926.4   32927.7   1.28403  
32930.1   32931.2   1.14837  
32936.2   32937.2   1.07163  
32941.5   32942.9   1.37372  
32947.5   32948.6   1.07056  
32956.9   32958.3   1.3965   
32963.5   32964.8   1.31297  
32968.6   32969.7   1.15616  
32979.5   32980.6   1.06084  
32981.8   32982.9   1.10341  
33015.3   33016.7   1.41622  
33024.4   33025.6   1.26194  
33034.2   33035.4   1.26338  
33057.5   33058.6   1.04634  
33064.8   33066.2   1.41341  
33085.5   33086.7   1.24216  
33092.1   33093.3   1.21463  
33170.2   33171.7   1.49259  
33179.4   33180.5   1.09541  
33193.6   33194.7   1.11944  
33198.2   33199.3   1.08484  
33201.7   33203.5   1.74969  
33251.2   33252.2   1.08122  
33320.2   33321.3   1.09547  
33339.4   33340.5   1.10638  
33481.9   33483     1.09203  
33510.6   33511.8   1.18997  
33518.7   33520.5   1.84547  
33563.3   33564.4   1.09934  
33580.7   33582     1.31578  
33613.5   33614.6   1.07481  
33673.1   33674.5   1.36922  
33709.8   33710.8   1.01475  
33712.1   33713.4   1.22009  
33725.7   33726.9   1.20344  
33739.8   33741     1.13534  
33768.2   33769.7   1.49803  
33800.2   33801.5   1.31478  
33853.9   33855.1   1.19734  
33876.9   33878     1.08869  
33893     33894.1   1.04819  
33923.8   33925.2   1.41731  
33936     33937.3   1.33413  
33961     33962.1   1.02244  
33989     33990.1   1.18141  
34024.8   34026.6   1.772    
34035.2   34036.5   1.26572  
34048.7   34049.8   1.12022  
34072.7   34074.2   1.55972  
34124.3   34125.5   1.17041  
34156.1   34157.1   1.03553  
34173.8   34174.8   1.06106  
34192.1   34193.3   1.18069  
34238.9   34240.8   1.87731  
34266.1   34267.6   1.53544  
34281.1   34282.1   1.075    
34295.3   34296.4   1.0555   
34298.5   34299.6   1.07844  
34305.3   34306.7   1.44753  
34317.4   34318.8   1.43813  
34353.2   34354.4   1.19766  
34359.2   34360.5   1.35     
34378.7   34379.7   1.01737  
34393.5   34394.5   1.04153  
34401     34402     1.04578  
34410.9   34411.9   1.01978  
34415.6   34416.7   1.06772  
34422.1   34423.1   1.03416  
34427.9   34429.2   1.25775  
34443.2   34444.4   1.20591  
34486.9   34488.3   1.38681  
34504.2   34505.9   1.67569  
34512.7   34514.1   1.33862  
34520.3   34521.4   1.05569  
34536.6   34537.7   1.04084  
34550.8   34552.4   1.60306  
34568.2   34569.7   1.51525  
34579.5   34580.6   1.14984  
34596.2   34597.8   1.58678  
34610.5   34611.8   1.27653  
34617.8   34618.9   1.06475  
34628.8   34629.8   1.02122  
34634.9   34636.3   1.38994  
34644.2   34645.3   1.10163  
34648.8   34650.4   1.62669  
34676     34677.3   1.34666  
34683     34684.4   1.47628  
34692.6   34693.7   1.08566  
34701.1   34702.2   1.04309  
34739.3   34740.5   1.20922  
34751.6   34752.9   1.28012  
34763.2   34764.5   1.37     
34784.7   34786.2   1.52678  
34794.2   34795.5   1.28706  
34803.9   34805.3   1.42575  
34809.2   34810.5   1.25913  
34814.5   34815.9   1.36825  
34823.3   34824.6   1.29919  
34859.2   34860.6   1.45588  
34865.2   34866.5   1.32756  
34871     34872.4   1.34259  
34881.1   34882.3   1.26391  
34885.5   34887.3   1.81566  
34892.9   34893.9   1.05853  
34907.9   34909.3   1.38919  
34921.4   34922.7   1.27078  
34929.3   34930.6   1.31409  
34940.2   34941.5   1.29647  
34972     34973.5   1.52216  
34982.9   34984.3   1.393    
34987.8   34988.9   1.06563  
35013.1   35014.5   1.39316  
35024.4   35025.7   1.30969  
35027.9   35029     1.02394  
35039.7   35041     1.25841  
35041.7   35042.8   1.14219  
35049.1   35050.5   1.39775  
35059.7   35060.8   1.04144  
35064     35065.2   1.22872  
35067.3   35068.4   1.10187  
35081.1   35083.2   2.1255   
35110.5   35111.6   1.03166  
35113.9   35114.9   1.00534  
35126.1   35127.1   1.02744  
35139.7   35140.8   1.13778  
35181.5   35183.1   1.60303  
35192.9   35194     1.10866  
35196.4   35197.6   1.23378  
35200.5   35201.7   1.15325  
35207.1   35208.4   1.31009  
35209.8   35210.8   1.00119  
35212.6   35213.6   1.08631  
35233.7   35235     1.31634  
35250.7   35252.2   1.55441  
35268.5   35271.6   3.15128  
35272.7   35274.1   1.47091  
35285     35286.1   1.10712  
35291.3   35293.1   1.82119  
35334.4   35335.6   1.22156  
35393.3   35394.7   1.34066  
35397     35398.3   1.29784  
35419.3   35420.5   1.19384  
35422.7   35423.8   1.03869  
35471.6   35472.6   1.01322  
35497.6   35498.8   1.20759  
35533.9   35534.9   1.07675  
35558.6   35559.7   1.06191  
35564     35565.9   1.87175  
35586     35587     1.0055   
35661.6   35662.7   1.03266  
35681.8   35683.2   1.36566  
35733.2   35734.5   1.33125  
35771.2   35772.3   1.09053  
35773.3   35774.5   1.14297  
35776.5   35777.6   1.16159  
35833.4   35834.7   1.23656  
35836.6   35837.8   1.21281  
35840.9   35842     1.02019  
35861     35862     1.00025  
35876.4   35877.8   1.37503  
35883.4   35884.4   1.02716  
35921.9   35923     1.08872  
35944.2   35945.3   1.14919  
35957.4   35958.7   1.27325  
35970.8   35972.1   1.26763  
35978.2   35979.3   1.13291  
35993.3   35994.3   1.08144  
35998.9   35999.9   1.06191  
36013.5   36014.6   1.095    
36024.2   36025.2   1.02412  
36059     36060     1.00944  
36092.5   36093.5   1.04553  
36098.9   36099.9   1.03372  
36102.6   36103.7   1.17619  
36127.2   36128.5   1.28672  
36150.5   36152     1.44294  
36177.9   36179.5   1.55272  
36212.3   36213.4   1.02906  
36223.5   36224.8   1.2935   
36249.2   36252.1   2.88181  
36264.4   36265.6   1.15031  
36304.5   36305.8   1.25753  
36325.2   36326.5   1.37912  
36406.8   36408.2   1.41216  
36411.7   36412.8   1.09925  
36417.5   36418.5   1.05134  
36422.9   36423.9   1.08766  
36434.7   36435.9   1.15991  
36449     36450.1   1.12038  
36465.7   36467.3   1.58066  
36475.7   36476.8   1.08734  
36489.6   36490.7   1.15744  
36504.7   36505.8   1.09347  
36528.6   36529.9   1.23731  
36538.9   36540.2   1.26266  
36550     36551     1.04412  
36554.8   36556.3   1.44416  
36558.9   36560     1.03378  
36640.1   36642.1   1.97322  
36672.1   36673.7   1.56275  
36692.9   36694.4   1.45747  
36719.7   36721.1   1.35106  
36751     36752.3   1.30928  
36762.9   36764     1.04388  
36770.3   36771.3   1.03131  
36777.9   36779.1   1.17481  
36804.3   36805.4   1.02847  
36811.1   36812.3   1.17947  
36847.5   36848.8   1.22659  
36857.4   36858.5   1.09975  
36864.7   36866.2   1.53319  
36889.7   36890.9   1.17372  
36901.3   36902.6   1.25741  
36941.9   36942.9   1.00303  
36961.2   36962.6   1.40169  
36968.3   36969.4   1.08144  
36993.9   36994.9   1.03047  
37005.3   37006.6   1.29697  
37010.7   37011.9   1.2635   
37027.1   37028.2   1.11522  
37040.3   37041.5   1.16647  
37063.9   37065.3   1.43097  
37082.5   37083.9   1.39191  
37106.9   37108.2   1.31963  
37146.7   37148.7   2.03606  
37174.1   37175.2   1.14138  
37184.4   37185.6   1.24144  
37188.6   37189.9   1.2985   
37222.3   37223.6   1.28872  
37226.2   37227.6   1.36625  
37231.9   37233.1   1.21591  
37241.8   37243.2   1.32166  
37247.5   37248.6   1.07634  
37266.3   37267.5   1.12     
37278.1   37279.2   1.06794  
37287.9   37289.2   1.23019  
37299.8   37302.9   3.07922  
37303.8   37305.1   1.34709  
37414.1   37415.6   1.47519  
37457.5   37459     1.56888  
37471.7   37473.8   2.12519  
37488.1   37489.5   1.38394  
37503.4   37504.5   1.12512  
37527.3   37528.9   1.62119  
37539.3   37540.6   1.24272  
37571.9   37572.9   1.01209  
37589.6   37591.3   1.72859  
37594.8   37596     1.18931  
37601.7   37603     1.29519  
37606.6   37607.7   1.14534  
37611.2   37612.5   1.31881  
37634.3   37635.4   1.15003  
37636.6   37637.9   1.245    
37654.4   37655.7   1.28819  
37677.8   37679.1   1.36953  
37701     37702.3   1.29238  
37707     37708.1   1.0615   
37715.8   37716.9   1.08313  
37720     37721.2   1.17975  
37726.2   37727.3   1.09591  
37730.2   37731.6   1.35153  
37775.5   37776.8   1.26838  
37784.1   37785.7   1.57066  
37814.2   37815.3   1.11656  
37826.9   37828.1   1.22241  
37854.9   37856     1.12838  
37866.7   37867.8   1.09869  
37873.1   37874.1   1.05169  
37887.1   37888.7   1.59797  
37895.4   37896.5   1.10672  
37914.9   37916.7   1.82234  
37919.9   37921     1.10084  
37941.4   37942.6   1.22691  
37949.4   37951.1   1.69128  
37954.9   37956.5   1.59213  
37959.2   37960.4   1.11794  
37969.3   37970.8   1.47906  
37973.4   37974.6   1.23759  
37981.1   37982.1   1.03563  
37985.6   37986.7   1.05434  
37997.3   37998.6   1.27728  
38013.5   38014.6   1.14372  
38022.7   38023.9   1.19175  
38032.3   38033.4   1.17641  
38042.5   38043.6   1.11559  
38046.5   38048.1   1.64619  
38116.1   38118.3   2.21238  
38122.5   38124     1.51834  
38147.6   38148.8   1.23922  
38150.9   38152.1   1.19637  
38180.6   38182.3   1.75916  
38197.6   38198.7   1.06131  
38199.2   38200.4   1.15934  
38222.6   38223.8   1.25278  
38227.5   38228.7   1.13284  
38231     38232.2   1.19172  
38242.3   38243.6   1.23622  
38257.9   38259.1   1.17991  
38273.7   38275     1.29888  
38285.2   38286.4   1.199    
38304.2   38305.5   1.29875  
38316.2   38317.5   1.31056  
38356.2   38357.2   1.00481  
38365.6   38366.6   1.00937  
38445.5   38447.2   1.65119  
38456.9   38457.9   1.01575  
38475     38476.3   1.27484  
38495.9   38497.2   1.25766  
38504.4   38505.6   1.20547  
38507.9   38509.2   1.33972  
38543.2   38544.8   1.60456  
38562.9   38564.3   1.41247  
38568     38569     1.00644  
38576.5   38577.7   1.17209  
38595     38596.3   1.28828  
38601.7   38603.2   1.49006  
38612.6   38613.9   1.34387  
38630.1   38631.4   1.23812  
38636.5   38637.8   1.33253  
38642.5   38644     1.48103  
38657.7   38659     1.31447  
38672.2   38673.7   1.5585   
38700     38701.3   1.22147  
38705.3   38706.4   1.10725  
38712.3   38713.3   1.07569  
38717.4   38718.5   1.12209  
38730.9   38732.1   1.18991  
38743.9   38745.4   1.51506  
38753.6   38754.9   1.30894  
38769.7   38770.8   1.17275  
38784.1   38785.3   1.19709  
38791     38792.3   1.23359  
38799.2   38800.6   1.47294  
38813.8   38815.3   1.47813  
38820.8   38822     1.21138  
38827.3   38828.5   1.15866  
38830.6   38832     1.41366  
38843     38844.3   1.23509  
38852.4   38853.5   1.17941  
38859.5   38860.6   1.07531  
38863.1   38864.5   1.3465   
38867.6   38869.1   1.47828  
38893.2   38894.2   1.015    
38895.5   38896.7   1.18144  
38904.3   38905.4   1.01675  
38918.8   38920.2   1.34113  
38921.7   38923.3   1.59003  
38936.2   38937.7   1.51575  
38940.1   38941.3   1.13178  
38955.6   38956.8   1.25516  
38960.3   38961.3   1.02175  
38977.2   38978.8   1.53644  
38988.6   38989.8   1.21388  
38996     38997.2   1.26403  
38997.8   38998.9   1.05119  
39013.4   39014.7   1.29431  
39029.6   39030.6   1.01972  
39043.6   39044.7   1.14753  
39058.8   39060.1   1.31644  
39069.8   39070.8   1.01059  
39113.5   39115.1   1.55528  
39132     39133.5   1.48122  
39140.2   39141.2   1.03863  
39172.9   39174.2   1.21247  
39178.2   39179.3   1.10203  
39200.7   39202.2   1.54684  
39225.7   39226.9   1.17966  
39236     39237.4   1.43722  
39251.6   39252.7   1.03463  
39264     39265.4   1.41959  
39273     39274.6   1.617    
39305.1   39306.2   1.07806  
39335.5   39336.9   1.35544  
39382.4   39383.7   1.24666  
39419.1   39420.1   1.01616  
39426.2   39427.5   1.27537  
39471.5   39473.3   1.79128  
39476.4   39477.9   1.46831  
39486.8   39488.7   1.84047  
39523.7   39525.1   1.39566  
39531.7   39533.1   1.385    
39535.9   39537.2   1.29459  
39543.7   39544.9   1.16028  
39559.2   39560.5   1.26684  
39620.6   39621.9   1.2855   
39626.8   39628.1   1.29291  
39640.9   39642     1.10978  
39643.6   39644.6   1.02953  
39682.3   39683.5   1.19456  
39713.9   39715.3   1.37831  
39728.9   39730.3   1.39094  
39734.2   39735.4   1.20063  
39777.2   39778.3   1.10956  
39800.1   39801.4   1.24603  
39835.8   39836.9   1.044    
39849.5   39850.7   1.25459  
39902.4   39903.4   1.02447  
39927.9   39929.3   1.43031  
39943.7   39945.1   1.40828  
39947.3   39948.7   1.40203  
39974.4   39977.5   3.1505   
39978.5   39980     1.54459  
39989.7   39991.1   1.35709  
40002.8   40004.1   1.22647  
40044.5   40045.7   1.15372  
40087.1   40088.3   1.20194  
40091.9   40093     1.04113  
40098.5   40099.5   1.09684  
40126.7   40128     1.29116  
40144.8   40146.4   1.59363  
40153.2   40154.4   1.20809  
40167.5   40168.8   1.32719  
40182.8   40184     1.21556  
40205.3   40206.5   1.13809  
40220.2   40221.4   1.15184  
40235.7   40237.7   1.98906  
40312     40313.1   1.09328  
40319.1   40320.1   1.07028  
40326.9   40328.1   1.16853  
40358.2   40360     1.74119  
40370.5   40372.1   1.55319  
40386.3   40387.5   1.25831  
40398.4   40399.5   1.10066  
40416.2   40417.2   1.05137  
40421.9   40422.9   1.01972  
40426.9   40428.1   1.22172  
40431.9   40433.1   1.18875  
40435.1   40436.2   1.01997  
40468.2   40469.3   1.08522  
40472.6   40473.8   1.18909  
40506.7   40507.7   1.06128  
40516.4   40517.6   1.18456  
40525.1   40526.2   1.04513  
40529.6   40530.6   1.02431  
40539.8   40540.8   1.05819  
40597.7   40598.9   1.15663  
40648.1   40649.2   1.12806  
40682.4   40683.5   1.10194  
40686.1   40687.6   1.43231  
40721.8   40723.2   1.38441  
40736.9   40738.5   1.63309  
40742.8   40743.8   1.00034  
40747.3   40748.4   1.05391  
40762.6   40764     1.42497  
40766.5   40767.5   1.02631  
40773.5   40774.7   1.2005   
40783.4   40784.8   1.40119  
40797.5   40798.5   1.045    
40812.7   40814     1.28891  
40819     40820.3   1.30678  
40848.6   40850     1.35219  
40851.9   40853.8   1.86775  
40861.1   40862.3   1.14428  
40869     40870.2   1.16944  
40873.6   40874.8   1.27934  
40899.8   40901.2   1.45503  
40903.3   40904.5   1.1865   
40916.2   40917.5   1.24131  
40926.7   40928     1.30866  
40954.8   40956.3   1.55388  
40965.2   40966.5   1.21344  
40979.9   40981.4   1.50647  
41003.9   41004.9   1.01741  
41013.2   41014.6   1.37306  
41015.9   41017.9   1.95338  
41048.4   41049.9   1.46447  
41079.7   41081.2   1.47731  
41087.3   41088.9   1.6045   
41102.8   41104     1.20463  
41120.9   41122.5   1.56131  
41123.9   41125.3   1.41013  
41221.1   41222.1   1.03337  
41240.3   41241.4   1.09878  
41285     41286.6   1.63916  
41301.9   41303.1   1.1865   
41324.2   41325.3   1.05284  
41362.3   41363.8   1.51447  
41401.5   41402.6   1.12738  
41425.9   41427.3   1.44009  
41461.9   41463     1.06497  
41486.6   41487.9   1.24806  
41493.5   41496.6   3.07763  
41497.4   41498.9   1.52834  
41533     41534.3   1.35378  
41543.8   41544.8   1.00272  
41553     41554     1.01994  
41574.4   41575.5   1.05969  
41596.4   41597.9   1.49478  
41612     41613.5   1.44409  
41643.3   41644.7   1.42591  
41678.4   41679.8   1.3545   
41690.3   41691.4   1.10428  
41716.1   41717.6   1.51194  
41735.9   41737.3   1.36703  
41737.7   41738.8   1.03344  
41742.3   41743.6   1.28244  
41747.6   41748.7   1.11772  
41770.9   41772.3   1.31991  
41831.6   41832.8   1.19806  
41859.3   41860.5   1.25397  
41867.7   41868.7   1.02628  
41879.8   41881.6   1.80988  
41887.2   41888.3   1.07881  
41896.1   41897.3   1.16572  
41898.2   41899.7   1.47753  
41910.8   41912     1.13509  
41916.5   41918.2   1.67881  
41958.8   41960     1.18013  
41969.5   41970.9   1.44959  
41975.5   41976.6   1.14994  
42036.9   42038.1   1.20959  
42042.6   42043.8   1.26591  
42046.6   42047.8   1.15641  
42053.2   42054.2   1.03369  
42058.6   42059.7   1.14563  
42063.5   42065     1.57737  
42081.5   42082.6   1.03619  
42096.7   42098.4   1.65931  
42135.8   42137.1   1.315    
42148.2   42150.3   2.01297  
42186     42187     1.02806  
42215.6   42217.1   1.45328  
42219.1   42220.4   1.37953  
42224.7   42226.1   1.46769  
42235.1   42236.5   1.38772  
42239.1   42240.2   1.01409  
42251.9   42253.2   1.29588  
42270.4   42271.8   1.37453  
42277.5   42278.5   1.03284  
42280.9   42282.1   1.12409  
42306.2   42307.3   1.09713  
42360.2   42361.6   1.42197  
42375.1   42376.1   1.00797  
42388.2   42389.3   1.16044  
42395.9   42397.3   1.43791  
42401.8   42402.8   1.02059  
42410.6   42411.9   1.34838  
42413.4   42414.5   1.09056  
42417.8   42419.2   1.38953  
42431.3   42432.9   1.62466  
42465.2   42466.6   1.42331  
42497.3   42498.6   1.31369  
42503.1   42504.2   1.05506  
42513.9   42515     1.16794  
42567.7   42569.1   1.40288  
42579     42580     1.06337  
42599.1   42600.5   1.39769  
42641.8   42642.9   1.06628  
42651.9   42653.6   1.76759  
42692.5   42693.6   1.18831  
42722.3   42723.6   1.29937  
42758.8   42759.8   1.01734  
42814.7   42816.2   1.44969  
42821     42822.3   1.29391  
42843.8   42845.3   1.57537  
42851.6   42853     1.43578  
42865.2   42866.6   1.41312  
42870.9   42872.1   1.12747  
42876     42877.1   1.10634  
42882.2   42883.8   1.56941  
42885.8   42886.9   1.10784  
42932.2   42933.5   1.35781  
42945.1   42946.4   1.23416  
42968.7   42969.7   1.05188  
42985.7   42986.8   1.10594  
42991.5   42992.6   1.10975  
42995.6   42996.8   1.12341  
42998.9   43000     1.13953  
43004.1   43005.5   1.35872  
43038.2   43039.6   1.39634  
43042.9   43044.7   1.79697  
43055.3   43056.5   1.22831  
43063.6   43064.6   1.04559  
43069.9   43070.9   1.0405   
43072.3   43073.6   1.23347  
43082.7   43083.8   1.19134  
43085.7   43086.9   1.17978  
43110.5   43112.1   1.62853  
43120.9   43122.2   1.31059  
43156     43157.1   1.02194  
43163.3   43164.5   1.18584  
43171.1   43172.5   1.30544  
43181.1   43182.4   1.24069  
43196.3   43197.6   1.30353  
43201.1   43202.4   1.2465   
43205.8   43206.9   1.04081  
43220.2   43221.4   1.11813  
43231.9   43233     1.09391  
43239.3   43240.8   1.50275  
43245.8   43246.9   1.11569  
43268.3   43269.7   1.39344  
43273.8   43274.9   1.07188  
43276.6   43277.6   1.03878  
43284.5   43285.8   1.30753  
43290.2   43291.2   1.05262  
43296.3   43297.4   1.03009  
43299     43300     1.05184  
43302.5   43303.7   1.23713  
43309.7   43311.6   1.9395   
43312.7   43313.9   1.19444  
43318.3   43319.5   1.20022  
43325.7   43326.9   1.19906  
43336.1   43337.6   1.50709  
43338.9   43339.9   1.00491  
43347.6   43348.7   1.12216  
43353.1   43354.8   1.71184  
43356.9   43358     1.06747  
43386.7   43388     1.36559  
43393.1   43394.3   1.2145   
43395.6   43397.4   1.80438  
43413.5   43415     1.55134  
43423.5   43424.7   1.16978  
43429.5   43430.8   1.30141  
43433.2   43434.2   1.02097  
43434.7   43435.8   1.11178  
43468.5   43469.9   1.34006  
43485.8   43487     1.18666  
43504.8   43505.8   1.04137  
43510.3   43512.6   2.30991  
43537.6   43539.3   1.66522  
43565.7   43566.8   1.09647  
43573.4   43574.8   1.37062  
43586.3   43588     1.69022  
43591.2   43592.5   1.23638  
43610.1   43611.4   1.21834  
43618.8   43620     1.21369  
43620.8   43622.1   1.22113  
43629.7   43630.8   1.04956  
43632.3   43633.6   1.33888  
43668.8   43670.1   1.32288  
43686.5   43687.9   1.34691  
43706.6   43708.3   1.65378  
43714.6   43716.1   1.44978  
43720.2   43721.5   1.37691  
43731.4   43732.5   1.09394  
43738.4   43739.5   1.06625  
43759.7   43760.9   1.23284  
43766.7   43767.9   1.14478  
43770.8   43772.3   1.54306  
43777.3   43778.5   1.21644  
43788.4   43790.2   1.75478  
43792.9   43793.9   1.06306  
43825.9   43827.7   1.74106  
43834.9   43836     1.10062  
43845.4   43846.5   1.16841  
43859.3   43860.6   1.26609  
43892.1   43893.4   1.25122  
43910.7   43911.7   1.06572  
43917.2   43918.2   1.03181  
43935     43936.1   1.16866  
43953.4   43954.7   1.25144  
43975.8   43976.9   1.11653  
43999.7   44000.7   1.02569  
44007.1   44008.3   1.24081  
44011.2   44012.3   1.07947  
44014.5   44016.2   1.67278  
44033.4   44034.8   1.3845   
44049.3   44050.7   1.48087  
44078.3   44079.6   1.23237  
44083.3   44084.5   1.13997  
44087.1   44088.2   1.08841  
44112.9   44113.9   1.04238  
44125.2   44126.4   1.186    
44133.9   44134.9   1.04531  
44148.8   44149.8   1.00981  
44152.3   44154     1.69991  
44162.8   44164.5   1.67725  
44180.3   44181.3   1.04262  
44215.3   44216.4   1.03281  
44217.9   44219     1.08113  
44234.7   44236.1   1.37719  
44248.4   44249.8   1.34525  
44257     44258     1.04891  
44274.7   44277.8   3.11284  
44278.8   44280.3   1.52375  
44300.9   44302.3   1.46725  
44342.4   44343.5   1.13044  
44362.8   44363.9   1.11366  
44369.4   44370.7   1.35275  
44387.9   44389     1.11025  
44392.1   44393.2   1.174    
44421.1   44422.4   1.34594  
44430.6   44431.8   1.15394  
44447.4   44448.6   1.21522  
44489.7   44491.9   2.22337  
44523.4   44524.5   1.13544  
44533.1   44534.1   1.00641  
44539.2   44540.2   1.02975  
44564.2   44565.4   1.18609  
44579.6   44580.6   1.04356  
44589.9   44590.9   1.09022  
44597.4   44598.9   1.51634  
44616.2   44617.2   1.07659  
44639.6   44640.6   1.00972  
44662.1   44663.3   1.17981  
44673.6   44674.7   1.12509  
44770.7   44772     1.28366  
44799.5   44800.6   1.03544  
44812.3   44813.4   1.12275  
44828.4   44830.1   1.70556  
44833.2   44834.9   1.62975  
44882.5   44883.8   1.28616  
44897.5   44898.9   1.37366  
44914.9   44915.9   1.00594  
44918.2   44919.2   1.021    
44926.8   44927.9   1.06191  
44935.9   44936.9   1.07541  
44947.4   44948.4   1.01459  
44956.9   44958     1.10266  
44975.7   44976.8   1.02463  
45008.4   45009.6   1.20906  
45019.9   45020.9   1.08191  
45030.5   45031.6   1.10106  
45033.9   45035.2   1.28641  
45059.7   45061.2   1.51506  
45096.1   45097.4   1.32388  
45100.6   45101.6   1.02253  
45137.1   45138.5   1.46644  
45173.4   45174.6   1.273    
45178     45179.1   1.11059  
45187.8   45189.6   1.77713  
45206.9   45207.9   1.04597  
45211.9   45213     1.00869  
45238.5   45239.6   1.07831  
45242.5   45243.9   1.39941  
45271.1   45272.7   1.57609  
45290.6   45291.7   1.06988  
45300.8   45302.2   1.34     
45305.2   45306.2   1.00181  
45314.6   45315.7   1.08484  
45328.3   45329.3   1.06662  
45332.4   45333.5   1.14372  
45342.2   45343.5   1.36766  
45369.2   45370.6   1.39187  
45383.3   45384.4   1.11284  
45387.9   45388.9   1.00009  
45393.4   45394.6   1.21172  
45414.3   45415.5   1.27169  
45416.4   45417.5   1.08709  
45423.3   45424.8   1.45006  
45439.9   45441.4   1.50284  
45445.4   45446.5   1.10744  
45449.5   45450.5   1.03744  
45454.1   45455.3   1.18912  
45456.6   45457.6   1.00928  
45466.1   45467.4   1.26909  
45473     45474     1.0195   
45475.8   45477     1.14138  
45481     45482.1   1.12422  
45515.7   45517     1.3085   
45521.5   45522.6   1.09791  
45533.9   45535.3   1.35569  
45556.4   45558.1   1.68234  
45561.1   45562.2   1.10969  
45567.4   45568.5   1.10337  
45577.7   45578.8   1.06313  
45592.3   45593.5   1.19375  
45606.2   45607.3   1.10297  
45610.6   45612.4   1.84853  
45628     45629.6   1.59147  
45633.4   45634.8   1.38862  
45660.7   45662     1.26794  
45675.5   45677     1.50291  
45680.2   45681.7   1.44463  
45710.9   45711.9   1.08753  
45716.3   45717.8   1.48325  
45722.3   45723.6   1.30278  
45737.5   45738.7   1.14409  
45745.8   45746.9   1.09737  
45758.4   45759.6   1.27588  
45769.3   45770.4   1.08403  
45784.9   45786.5   1.62844  
45845.9   45847.2   1.27063  
45847.7   45849.4   1.75619  
