0         1.08888   1.08888  
57.086    58.6348   1.54875  
66.3439   67.7982   1.45425  
78.6598   79.8886   1.22881  
92.2217   93.4594   1.23772  
117.36    118.838   1.47744  
124.208   125.515   1.30747  
131.343   132.681   1.338    
140.678   141.819   1.14091  
154.948   156.116   1.16872  
166.654   167.79    1.13556  
184.511   185.585   1.07347  
198.427   199.853   1.42609  
204.941   205.979   1.03838  
211.908   213.018   1.10978  
229.424   230.98    1.55519  
234.811   236.224   1.41319  
241.538   242.7     1.16209  
246.869   247.963   1.09413  
251.449   253.027   1.57772  
255.347   256.401   1.05381  
260.903   261.943   1.04019  
264.537   265.934   1.39659  
269.907   271.448   1.54047  
298.988   300.082   1.09453  
323.567   325.051   1.4845   
370.985   372.165   1.18016  
375.732   376.997   1.26541  
386.397   388.105   1.70762  
401.001   402.132   1.13125  
418.298   419.844   1.54628  
434.376   435.738   1.36144  
437.375   438.487   1.11134  
448.461   449.621   1.15987  
452.971   454.498   1.52672  
484.066   485.098   1.03194  
489.706   490.849   1.14297  
533.285   534.761   1.47647  
542.832   544.352   1.51966  
549.598   550.743   1.145    
555.215   556.807   1.59184  
572.469   573.487   1.01781  
584.51    585.83    1.31931  
594.447   595.629   1.18206  
639.305   640.316   1.01031  
644.645   645.881   1.23606  
653.653   654.681   1.02775  
658.058   659.247   1.18872  
667.173   668.285   1.11112  
685.677   687.106   1.42903  
688.649   689.725   1.07606  
691.365   692.748   1.38366  
700.476   701.6     1.12366  
707.628   709.149   1.52097  
720.281   721.726   1.44553  
728.818   730.077   1.25869  
731.927   733.218   1.29147  
743.36    744.411   1.05097  
745.708   747.156   1.44813  
762.196   763.482   1.2865   
782.65    783.665   1.01469  
791.508   792.538   1.02994  
795.892   797.279   1.3875   
799.134   800.4     1.26625  
813.826   814.83    1.00381  
819.621   821.197   1.57609  
854.513   855.523   1.00962  
860.172   861.355   1.18325  
872.7     874.218   1.51831  
893.473   894.527   1.05431  
902.888   904.787   1.89888  
934.073   935.588   1.51478  
940.203   941.269   1.06563  
962.114   963.619   1.505    
966.489   968.006   1.51734  
970.968   972.212   1.24353  
976.778   977.84    1.06219  
979.36    980.41    1.04997  
1002.11   1003.51   1.40094  
1005.81   1007.63   1.81697  
1022.52   1023.84   1.31662  
1025.45   1026.61   1.15828  
1029.11   1030.85   1.74791  
1037.16   1038.62   1.45816  
1040.88   1042.02   1.13822  
1047.64   1048.8    1.16097  
1060.26   1061.34   1.072    
1067.4    1068.52   1.11606  
1092.1    1093.41   1.30841  
1096.53   1097.7    1.1745   
1099.75   1101.01   1.26056  
1106.17   1107.38   1.21166  
1110.68   1112.25   1.57766  
1147.88   1148.91   1.02988  
1163.19   1164.47   1.28078  
1177.11   1178.51   1.40172  
1209.24   1210.44   1.20437  
1224.19   1226.06   1.86341  
1237.51   1238.84   1.326    
1257.07   1258.13   1.05472  
1267.74   1268.78   1.044    
1275.8    1277.08   1.28403  
1289.28   1290.59   1.30731  
1306.09   1307.31   1.21291  
1333.87   1335.01   1.13622  
1370.1    1371.15   1.05209  
1373.36   1374.79   1.43106  
1392.39   1393.48   1.08606  
1422.53   1423.65   1.12506  
1447.49   1448.84   1.3525   
1512.75   1514.31   1.55444  
1536.82   1538.05   1.22769  
1548.71   1550.18   1.46656  
1570.31   1571.83   1.51781  
1578.31   1580.38   2.06675  
1590.68   1592.04   1.36031  
1628.06   1629.24   1.18063  
1636.98   1638.1    1.11688  
1640.99   1642.05   1.05625  
1646.18   1647.47   1.28706  
1658.83   1660.08   1.24959  
1682.64   1684.27   1.63109  
1708.99   1710.55   1.55825  
1760.8    1762.55   1.75653  
1780      1781.21   1.20391  
1787.26   1788.62   1.36769  
1796.24   1797.95   1.70781  
1816.12   1817.94   1.81631  
1818.75   1819.77   1.02234  
1847.07   1848.67   1.60634  
1871.76   1872.83   1.07012  
1882.67   1884.07   1.39369  
1974.62   1975.86   1.23706  
2045.81   2046.84   1.0215   
2082.79   2083.87   1.08594  
2115.06   2116.34   1.27328  
2144.09   2145.39   1.30747  
2184.48   2185.52   1.04334  
2229.51   2231.26   1.74731  
2244.64   2245.88   1.24584  
2261.09   2262.41   1.32975  
2276.68   2278.06   1.37606  
2293.04   2294.65   1.60984  
2300.04   2301.1    1.06434  
2312.47   2313.76   1.28653  
2336.46   2337.52   1.06122  
2357.21   2358.58   1.37234  
2360.47   2361.49   1.02541  
2393.08   2394.54   1.46806  
2398.99   2400.16   1.169    
2407.46   2408.99   1.52797  
2415.76   2416.94   1.17256  
2419.15   2420.89   1.74216  
2423.86   2425.12   1.26256  
2427.48   2428.52   1.03903  
2430.36   2431.47   1.10397  
2456.73   2457.73   1.00053  
2484.1    2485.28   1.18225  
2487.41   2488.74   1.33475  
2492.67   2493.81   1.14538  
2500.71   2501.76   1.04725  
2511.06   2512.79   1.73159  
2524.5    2525.51   1.01537  
2528.34   2529.46   1.12153  
2531.84   2533.37   1.52909  
2549.83   2550.85   1.02416  
2559.14   2560.34   1.20075  
2567.16   2568.68   1.52559  
2577.16   2578.84   1.68312  
2587.13   2588.8    1.67319  
2595.37   2597.12   1.74713  
2615.71   2617.25   1.53078  
2645.28   2647.01   1.72497  
2684.53   2685.7    1.17159  
2723.03   2724.26   1.23466  
2750.42   2751.57   1.14934  
2765.81   2766.93   1.11669  
2786.4    2787.84   1.43269  
2794.27   2795.71   1.44391  
2811.1    2812.27   1.16091  
2819.44   2821.03   1.59322  
2825.49   2826.55   1.05647  
2834.3    2835.49   1.18912  
2840.25   2841.4    1.14794  
2848.13   2849.29   1.16391  
2853.24   2855.17   1.93594  
2864.5    2865.59   1.09613  
2892.9    2894.04   1.13378  
2897.65   2899.19   1.53744  
2930.77   2931.92   1.15088  
2949.32   2951.22   1.90691  
2997.36   2998.48   1.11397  
3018.36   3019.56   1.20503  
3030.96   3032.47   1.51053  
3036.1    3037.12   1.01978  
3060.37   3061.43   1.06544  
3088.74   3090.17   1.43166  
3105.02   3106.22   1.2005   
3108.49   3109.86   1.37106  
3121.44   3122.67   1.22219  
3136.3    3137.73   1.42072  
3156.25   3157.49   1.23738  
3188.97   3190.35   1.37769  
3201.9    3202.98   1.08422  
3216.86   3218.5    1.64766  
3240.2    3241.58   1.38516  
3284.2    3285.84   1.63881  
3322.95   3323.98   1.02478  
3335.05   3336.21   1.15363  
3347.91   3349.01   1.09778  
3375.89   3377.5    1.61372  
3395.98   3397.55   1.56894  
3428.55   3429.68   1.12753  
3464.55   3465.71   1.1615   
3475.32   3477.15   1.82978  
3510.98   3512.29   1.30894  
3529.53   3531.65   2.12237  
3532.47   3533.7    1.22928  
3562.57   3563.82   1.24541  
3574.66   3575.73   1.06681  
3620      3621.34   1.33744  
3632.01   3633.17   1.16522  
3643.83   3645.05   1.21897  
3656.55   3657.97   1.41994  
3660.97   3662.12   1.15519  
3663.74   3664.77   1.02719  
3668.92   3670.01   1.08413  
3686.59   3687.72   1.12559  
3694      3695.14   1.13759  
3707.61   3708.99   1.38706  
3712.55   3713.81   1.25687  
3719.35   3720.78   1.43125  
3737.88   3738.96   1.08234  
3746.11   3747.38   1.26519  
3778.65   3779.75   1.09603  
3799.83   3800.91   1.07662  
3809.65   3811.54   1.89813  
3849.29   3851.03   1.73762  
3870.51   3872.22   1.71266  
3908.78   3910.54   1.75928  
3936.68   3937.72   1.03953  
3938.2    3939.67   1.46869  
3942.53   3943.61   1.07544  
3953.56   3954.9    1.33734  
3961.22   3962.69   1.47269  
3977.73   3978.98   1.24897  
3979.37   3980.79   1.42028  
3986.18   3987.44   1.26506  
4003.86   4005.42   1.56363  
4008.94   4010.11   1.16822  
4019.07   4020.22   1.15028  
4031.82   4033.35   1.53022  
4036.53   4037.63   1.09481  
4042.57   4043.67   1.10616  
4048.87   4049.91   1.038    
4066.4    4067.83   1.43316  
4071.99   4073.26   1.26169  
4096.46   4097.64   1.17497  
4098.58   4099.8    1.21303  
4115.37   4116.81   1.44538  
4145.51   4146.87   1.36919  
4160.43   4161.52   1.08503  
4167.77   4168.82   1.04891  
4201.07   4203      1.93091  
4213.69   4215.05   1.36138  
4225.04   4226.52   1.47634  
4229.28   4230.46   1.18472  
4247.93   4249.16   1.23166  
4259.64   4261.33   1.69506  
4267.91   4269.41   1.50006  
4286.94   4288.55   1.61191  
4297.94   4299.06   1.11922  
4301.96   4303.43   1.46019  
4316.71   4317.85   1.13947  
4329.37   4330.43   1.05513  
4354.48   4355.85   1.37381  
4362.2    4363.83   1.62906  
4367.84   4369.18   1.33703  
4373.61   4375.01   1.40144  
4380.7    4382.22   1.51731  
4388.88   4390.53   1.65322  
4412.22   4413.86   1.64006  
4416.87   4418.01   1.14731  
4458.28   4459.42   1.14544  
4493.32   4495.04   1.71484  
4506.74   4508.02   1.27875  
4512.33   4513.59   1.26203  
4520.25   4521.45   1.19484  
4530.45   4531.58   1.12997  
4551.13   4552.18   1.05647  
4573.75   4574.76   1.01616  
4589.84   4591.2    1.35884  
4601.19   4602.29   1.09553  
4615.59   4616.91   1.31741  
4635.97   4637.42   1.45078  
4643.48   4644.54   1.06081  
4666.5    4667.69   1.18959  
4690.76   4691.98   1.22487  
4697.04   4698.22   1.17753  
4706.6    4707.85   1.24747  
4727.31   4728.32   1.00844  
4746.16   4747.51   1.34331  
4760.06   4761.09   1.02741  
4785.83   4787.27   1.44091  
4790.08   4791.37   1.29041  
4795.77   4797.07   1.30041  
4801.03   4802.17   1.13397  
4807.47   4808.61   1.13234  
4811.8    4812.91   1.11963  
4817.29   4818.32   1.02778  
4829.2    4830.58   1.37794  
4852.37   4853.61   1.23241  
4856.89   4858.02   1.129    
4867.32   4868.64   1.32337  
4878.4    4879.44   1.04028  
4884.77   4885.98   1.20959  
4900.58   4901.85   1.27222  
4911.7    4913.02   1.32062  
4923.59   4924.92   1.32806  
4944.27   4945.34   1.06238  
4952.69   4953.81   1.11959  
4954.91   4955.95   1.04262  
4958.43   4959.77   1.33869  
4981.86   4983.09   1.22797  
4998.89   5000.25   1.36088  
5006.38   5007.41   1.0345   
5008.94   5010.46   1.51663  
5020.98   5022.41   1.43331  
5031.13   5032.68   1.54441  
5042.16   5043.26   1.09641  
5047.14   5049.34   2.19519  
5068.44   5069.84   1.39919  
5087.46   5088.56   1.09572  
5120.75   5121.88   1.12844  
5130.87   5133.4    2.53556  
5159.76   5161.11   1.34259  
5183.83   5185.28   1.45041  
5218.95   5220.58   1.62716  
5257.01   5258.19   1.17534  
5261.04   5262.24   1.20159  
5281.78   5283.39   1.61053  
5316.89   5318.09   1.19203  
5333.31   5334.57   1.26056  
5342.72   5343.94   1.22541  
5365.42   5366.46   1.04656  
5370.76   5371.87   1.10488  
5374.74   5375.81   1.07481  
5377.48   5380.94   3.46016  
5381.75   5383.17   1.42066  
5410.95   5412.09   1.14653  
5415.88   5416.94   1.05591  
5430.69   5431.87   1.17494  
5443.46   5444.48   1.017    
5454.75   5455.9    1.14741  
5486.85   5487.85   1.00175  
5503.58   5504.85   1.27472  
5508.38   5509.49   1.11438  
5527.08   5528.55   1.46681  
5546.7    5547.75   1.05778  
5576.72   5578.27   1.55372  
5597.6    5599.47   1.87266  
5611.97   5613.13   1.16016  
5625.42   5627.23   1.81278  
5634.13   5635.24   1.106    
5637.44   5638.65   1.21056  
5644.25   5645.65   1.40628  
5683.5    5684.69   1.19     
5690.71   5691.87   1.16781  
5696.71   5698.11   1.39675  
5713.04   5715.12   2.08144  
5776.62   5777.94   1.314    
5792.23   5793.4    1.16956  
5796.82   5797.88   1.05797  
5807.29   5808.95   1.66309  
5831.01   5832.08   1.07172  
5845.61   5846.79   1.18084  
5848.9    5849.93   1.02684  
5854.62   5855.67   1.05456  
5862.5    5863.83   1.32569  
5870.08   5871.17   1.08884  
5890.21   5891.58   1.36744  
5900.85   5902.4    1.54806  
5909.08   5910.28   1.1985   
5914.76   5915.77   1.00703  
5938.68   5939.68   1.00466  
5946.74   5947.89   1.15263  
5952.29   5953.35   1.06784  
5963.96   5965.95   1.99625  
5982.85   5985.18   2.33084  
6004.34   6005.36   1.02788  
6016.74   6017.82   1.08022  
6023.15   6024.44   1.28937  
6045.19   6046.39   1.20428  
6048.36   6049.55   1.19109  
6057.11   6058.22   1.10956  
6064.59   6065.82   1.2295   
6075.45   6076.65   1.20184  
6093.28   6094.61   1.3385   
6124.24   6126.27   2.02634  
6154.44   6155.46   1.02041  
6156.78   6158.2    1.41894  
6178.88   6180.56   1.68066  
6220.74   6222.12   1.38038  
6242.39   6243.41   1.02616  
6245.81   6247.3    1.49319  
6269.52   6270.56   1.03994  
6283.28   6284.47   1.18641  
6297.94   6298.96   1.01709  
6304.72   6306.1    1.376    
6351.8    6353.03   1.22687  
6379.25   6380.96   1.70478  
6429.4    6430.57   1.16616  
6441.88   6443.27   1.39072  
6450.15   6451.39   1.23934  
6454.11   6456.8    2.68737  
6500.12   6501.17   1.04734  
6512.94   6514.01   1.07178  
6521.33   6522.4    1.06953  
6525.05   6526.27   1.21675  
6530.15   6531.22   1.07031  
6535      6536.15   1.15516  
6538.8    6540.04   1.24487  
6585.92   6587.15   1.22881  
6597.02   6598.12   1.10091  
6609.67   6610.93   1.25991  
6636.51   6637.66   1.14891  
6658.77   6660.43   1.65872  
6676.74   6677.97   1.22956  
6689.55   6690.82   1.26975  
6711.24   6712.47   1.23125  
6735.38   6736.44   1.06331  
6753.85   6755.07   1.21966  
6759.58   6761.43   1.8445   
6770.5    6771.95   1.44825  
6794.17   6795.23   1.06188  
6802.55   6803.6    1.05578  
6820.18   6821.74   1.56528  
6829.24   6830.34   1.093    
6836.67   6837.98   1.30966  
6842.65   6843.91   1.25884  
6850.42   6851.63   1.21041  
6863.73   6864.76   1.02887  
6885.83   6887.41   1.58556  
6892.15   6893.18   1.03016  
6900.34   6901.53   1.19359  
6912.88   6914.2    1.31462  
6929.36   6931.13   1.77206  
6956.85   6958.11   1.25459  
6972.63   6973.73   1.10613  
6981.58   6982.72   1.14075  
6994.59   6996.13   1.54103  
7017.48   7018.52   1.03763  
7033.67   7034.86   1.19544  
7059.15   7060.23   1.08609  
7066.91   7068.51   1.60072  
7081.67   7082.76   1.08134  
7094.7    7096.1    1.39859  
7110.98   7112.06   1.08213  
7119.95   7121.08   1.13544  
7124.43   7125.53   1.09737  
7136.68   7138      1.32119  
7151.88   7153.24   1.36547  
7168.63   7170.05   1.42319  
7189.89   7191.66   1.76844  
7213.73   7214.81   1.07653  
7228.38   7229.46   1.07525  
7237.48   7238.8    1.31794  
7249.35   7250.41   1.06144  
7258.87   7260.02   1.14972  
7276.18   7277.24   1.05828  
7277.96   7279.27   1.30584  
7285.01   7286.24   1.23222  
7308.6    7309.84   1.24331  
7312.53   7314.12   1.584    
7329.69   7330.72   1.02594  
7339.2    7340.38   1.17759  
7349.42   7350.54   1.11494  
7370.36   7371.42   1.06919  
7385.9    7387.58   1.67969  
7393.59   7394.78   1.19509  
7406.44   7408.04   1.6005   
7413.44   7415.1    1.66872  
7429.63   7430.94   1.31234  
7434.51   7435.76   1.24788  
7445.79   7447.17   1.37406  
7452.81   7453.9    1.09472  
7460.78   7462.14   1.3555   
7469.07   7470.07   1.00153  
7482.47   7483.72   1.2545   
7488.68   7489.93   1.25256  
7504.9    7506.17   1.27206  
7509.03   7510.4    1.37134  
7516.55   7518.04   1.49022  
7523.47   7524.65   1.18288  
7529.92   7531.71   1.79031  
7544.71   7546.33   1.62047  
7548.64   7549.89   1.25653  
7557.79   7559.31   1.52316  
7565      7566.5    1.5045   
7572.26   7573.4    1.14184  
7579.12   7581.04   1.91797  
7596.65   7597.88   1.229    
7617.85   7618.87   1.02291  
7637.07   7638.28   1.21125  
7640.65   7641.65   1.00612  
7650.6    7651.8    1.20087  
7656.75   7658.03   1.28325  
7670.32   7671.52   1.19566  
7680.72   7681.94   1.21778  
7692.83   7694.01   1.17609  
7704.8    7706.01   1.21181  
7710.15   7711.26   1.10606  
7717.96   7719.32   1.35716  
7725.57   7726.84   1.26919  
7737.32   7738.53   1.21744  
7753.45   7754.69   1.2415   
7758.04   7759.29   1.24588  
7761.8    7763.09   1.28684  
7779.36   7780.95   1.59269  
7793.84   7795.31   1.47425  
7801.26   7802.63   1.36684  
7822.2    7823.57   1.37631  
7826.98   7828.12   1.14234  
7841.46   7842.9    1.4375   
7845.82   7846.86   1.03294  
7854.85   7856.36   1.51666  
7857.35   7858.65   1.30166  
7878.63   7880.15   1.52012  
7895.39   7897.31   1.92975  
7913.58   7914.67   1.09041  
7923.59   7924.74   1.15425  
7930.75   7932.37   1.61628  
7976.26   7977.81   1.54634  
7992.6    7993.77   1.16281  
7998.69   7999.7    1.01197  
8013.35   8014.73   1.38112  
8035.72   8037.2    1.47406  
8066.11   8067.34   1.228    
8076.18   8077.59   1.41803  
8104.8    8106.17   1.36497  
8126.11   8127.67   1.56147  
8133.54   8134.86   1.31178  
8152.38   8153.4    1.02122  
8216.37   8217.62   1.25606  
8227.81   8228.82   1.00463  
8262.44   8263.87   1.43281  
8297.23   8298.53   1.29547  
8303.08   8304.38   1.29856  
8334.54   8335.71   1.16919  
8342.5    8343.54   1.03334  
8351.93   8353.31   1.37797  
8360.76   8362.44   1.67912  
8378.41   8379.64   1.23266  
8381.31   8382.77   1.45522  
8386.98   8388.43   1.45362  
8395.93   8396.93   1.00834  
8400.83   8401.85   1.01578  
8412.16   8413.29   1.13884  
8426.41   8427.51   1.09744  
8428.31   8429.62   1.314    
8468      8469.71   1.70519  
8487.86   8489.16   1.29978  
8514.96   8516.03   1.07931  
8530.43   8531.63   1.20809  
8536.44   8537.75   1.30075  
8577.17   8578.44   1.27003  
8583.48   8584.59   1.10488  
8594.39   8595.99   1.59794  
8615.02   8616.76   1.73947  
8629.04   8630.14   1.09731  
8646.99   8648.48   1.48894  
8651.81   8653.15   1.33972  
8657.53   8658.83   1.29975  
8680.27   8681.69   1.41231  
8683.34   8684.58   1.24391  
8700.26   8702.01   1.75744  
8719.16   8720.84   1.68419  
8722.59   8723.62   1.03144  
8726.57   8727.99   1.41169  
8744.39   8745.5    1.11031  
8751.17   8752.54   1.37566  
8761.79   8763.11   1.32163  
8779.63   8780.84   1.21384  
8791.03   8792.63   1.60175  
8797.63   8799.16   1.53272  
8805.59   8806.82   1.23225  
8820.69   8822.19   1.5005   
8836.92   8838.24   1.31859  
8859.26   8860.6    1.34278  
8875.52   8876.56   1.0435   
8877.56   8878.91   1.34416  
8882.97   8884.13   1.15534  
8898.24   8899.27   1.02763  
8908.97   8910.54   1.56844  
8926.4    8927.62   1.22469  
8949.18   8950.7    1.51612  
8961.67   8962.75   1.08344  
8967.16   8968.89   1.73144  
8974.36   8975.62   1.26075  
9004.71   9006.16   1.44437  
9016.69   9017.8    1.11125  
9037.49   9038.91   1.42966  
9053.05   9054.87   1.81656  
9086.17   9087.19   1.01612  
9090.53   9091.58   1.05694  
9103.07   9104.1    1.02763  
9112.46   9113.81   1.34913  
9126.69   9127.98   1.28391  
9138.74   9139.75   1.00794  
9145.16   9146.83   1.66972  
9159.31   9160.35   1.04075  
9163.61   9164.88   1.27647  
9188.4    9190.05   1.65228  
9214.28   9215.61   1.33187  
9228.61   9229.68   1.07106  
9236.33   9237.41   1.07325  
9238.84   9240.01   1.16831  
9255.86   9256.98   1.11938  
9286.11   9287.73   1.61756  
9292.69   9293.84   1.14844  
9300.36   9301.6    1.24144  
9315.22   9316.24   1.01931  
9327.24   9328.87   1.62856  
9338.59   9339.74   1.15178  
9343.06   9344.17   1.11062  
9347.46   9348.79   1.32703  
9362.66   9364.2    1.53612  
9371.19   9372.27   1.07997  
9376.31   9377.44   1.12091  
9384.36   9385.47   1.11147  
9392.98   9394.81   1.82688  
9408.69   9409.86   1.16797  
9439.09   9440.61   1.52009  
9453.96   9457.4    3.43988  
9458.25   9459.52   1.27425  
9502.48   9503.74   1.25959  
9520.91   9521.99   1.08072  
9526.33   9527.74   1.41841  
9549.96   9550.98   1.01559  
9601.06   9602.14   1.07334  
9614.01   9615.24   1.23197  
9665.28   9666.73   1.45525  
9681.81   9683.15   1.33737  
9684.37   9685.44   1.06341  
9687.5    9688.85   1.34684  
9707.72   9709.09   1.37291  
9720.18   9721.71   1.52416  
9723.9    9725.08   1.18266  
9728.69   9730.25   1.55784  
9733.88   9735.03   1.15791  
9737.88   9739.52   1.64034  
9745.38   9746.53   1.14494  
9753.85   9755.59   1.74188  
9801.7    9802.72   1.01956  
9816.55   9818.24   1.68881  
9822.52   9823.58   1.057    
9834.5    9835.64   1.1455   
9848.17   9849.54   1.36366  
9853.19   9854.34   1.14881  
9866.75   9868.23   1.47391  
9875.89   9877.67   1.78     
9883.3    9884.92   1.61581  
9909.87   9911.2    1.32822  
9920.54   9921.9    1.36141  
9929.24   9930.72   1.47281  
9942.82   9943.85   1.03234  
9948.62   9949.73   1.10453  
9956.26   9957.77   1.51016  
9972.36   9974.11   1.75397  
9983.55   9984.81   1.25291  
9989.63   9991.16   1.53447  
10001.2   10002.8   1.53703  
10005.9   10006.9   1.05772  
10010.2   10011.6   1.45531  
10020.6   10021.6   1.01822  
10063.3   10064.6   1.32272  
10081.2   10082.4   1.26019  
10086.8   10088.1   1.22913  
10090     10091.1   1.09381  
10097.4   10098.6   1.25172  
10112.1   10113.2   1.10744  
10126.2   10127.6   1.38431  
10134.4   10136     1.61872  
10151.7   10153     1.34509  
10155.7   10156.8   1.02963  
10164.1   10165.3   1.138    
10168.3   10169.5   1.14972  
10186.4   10187.9   1.477    
10190     10191.3   1.35525  
10196.1   10197.1   1.08122  
10200.8   10201.8   1.02334  
10204.2   10205.4   1.12859  
10207.8   10209.1   1.26594  
10212.7   10214.1   1.38175  
10222     10223.6   1.61813  
10230.9   10232.4   1.44541  
10241.2   10242.4   1.17406  
10246.1   10247.6   1.46131  
10261.5   10262.7   1.12278  
10292.8   10293.9   1.02828  
10295.9   10297.3   1.45663  
10305.4   10306.5   1.00959  
10307.3   10308.9   1.61428  
10327.2   10328.2   1.05047  
10331.6   10332.8   1.19634  
10337.9   10339     1.05022  
10341.7   10343.1   1.40172  
10353.2   10354.2   1.01475  
10366     10367.3   1.28872  
10376.3   10377.9   1.63694  
10386.1   10387.5   1.32647  
10401.7   10403.1   1.43675  
10410.2   10411.5   1.30922  
10433.7   10435.1   1.43119  
10438.3   10439.8   1.51788  
10445.8   10447.5   1.69034  
10458.8   10459.8   1.00162  
10464.7   10466.2   1.51534  
10471.4   10472.5   1.10228  
10482.4   10483.4   1.07228  
10488.5   10489.5   1.04016  
10499.6   10500.9   1.34144  
10515.1   10516.3   1.26806  
10524.6   10526.4   1.7765   
10529.3   10530.3   1.09172  
10537.8   10539     1.12897  
10549.5   10550.7   1.10963  
10566.2   10567.5   1.31228  
10589.6   10590.8   1.21484  
10594.8   10595.9   1.10778  
10600.4   10601.7   1.24781  
10613.1   10614.5   1.39497  
10615.4   10616.5   1.10184  
10617.1   10618.2   1.05662  
10627.6   10628.6   1.02622  
10639.2   10640.5   1.28931  
10641.9   10643     1.04081  
10646.3   10647.7   1.46219  
10663.4   10664.9   1.50256  
10669.7   10671.5   1.85116  
10716.1   10717.1   1.01978  
10745.2   10746.4   1.21325  
10796.1   10797.3   1.17928  
10802.6   10803.8   1.24475  
10808.7   10809.9   1.19613  
10818.2   10819.9   1.68966  
10832.3   10833.6   1.25119  
10856.9   10858.3   1.40591  
10871.8   10873.8   1.984    
10921.8   10923     1.22134  
10927.6   10928.8   1.19844  
10962.6   10963.7   1.12059  
10988.8   10990     1.20359  
10997.9   10999.4   1.41947  
11013.1   11014.7   1.63359  
11020     11021.1   1.14322  
11045.2   11046.4   1.18934  
11051.3   11053     1.69634  
11061     11062.2   1.23741  
11069     11070.2   1.15759  
11071     11072.2   1.17356  
11093.3   11095.1   1.80019  
11101.3   11102.4   1.04203  
11108.3   11109.3   1.04616  
11111.3   11112.5   1.14187  
11122.1   11123.5   1.38225  
11129.5   11130.7   1.1855   
11133.1   11134.5   1.42788  
11147.5   11148.5   1.03925  
11150.6   11151.8   1.12597  
11167.3   11168.8   1.50362  
11179.9   11181.2   1.37572  
11183.8   11185.4   1.63681  
11187.1   11188.5   1.40119  
11198.1   11200.1   2.02834  
11200.9   11202.1   1.17131  
11225.4   11226.9   1.46072  
11233.3   11234.7   1.45844  
11240.3   11241.3   1.02313  
11286.5   11288     1.53766  
11305.6   11306.9   1.30425  
11314.2   11315.3   1.05506  
11327.8   11329     1.15066  
11338.3   11339.5   1.26853  
11355.2   11356.3   1.08737  
11358.9   11360     1.13316  
11372     11374.5   2.52625  
11415.9   11417.1   1.14656  
11425.5   11427.3   1.8025   
11436.5   11437.6   1.16625  
11469.6   11470.9   1.33669  
11471.6   11472.7   1.05753  
11513.8   11515.1   1.28153  
11524.1   11525.1   1.01172  
11543.1   11544.8   1.68697  
11549.3   11550.6   1.31366  
11557.2   11558.6   1.39803  
11588.7   11589.8   1.12291  
11590.9   11592.8   1.89131  
11607.9   11609.2   1.38312  
11622.3   11623.4   1.12178  
11625.2   11626.8   1.60244  
11635.8   11637     1.24941  
11639.3   11640.6   1.29384  
11646.5   11647.7   1.16247  
11657.5   11658.7   1.21853  
11670.7   11671.9   1.17994  
11691.9   11693.4   1.55566  
11711.1   11712.1   1.04569  
11768.7   11770     1.31028  
11782.8   11784.1   1.24309  
11801.3   11803     1.71425  
11828.5   11829.9   1.44928  
11831.1   11832.4   1.32334  
11859.7   11861.2   1.51672  
11866.9   11868.6   1.69562  
11874.2   11876.1   1.91941  
11886.2   11887.2   1.00206  
11891.4   11893.1   1.69128  
11913     11914.2   1.21822  
11917.4   11918.8   1.34697  
11957.7   11959.3   1.54084  
11970     11971.3   1.37984  
11980.5   11981.9   1.41984  
12027.8   12029.4   1.53075  
12039.2   12040.6   1.39912  
12049.7   12050.9   1.25231  
12109.7   12110.8   1.09122  
12119.3   12120.6   1.37384  
12162.2   12163.3   1.04247  
12174.8   12175.8   1.01384  
12178.4   12179.6   1.22609  
12192.2   12193.6   1.41175  
12201.2   12202.4   1.2545   
12213.9   12215     1.04947  
12220     12221.2   1.23178  
12229.2   12230.4   1.20044  
12235.9   12237.1   1.16163  
12239.1   12240.3   1.16222  
12250.9   12252.2   1.35031  
12273     12274.4   1.44984  
12282.5   12283.9   1.38119  
12288.1   12289.4   1.29253  
12294.8   12296     1.271    
12298.7   12301.5   2.76378  
12313.7   12314.8   1.10828  
12346.5   12347.7   1.20253  
12351.9   12353     1.16991  
12403     12404.3   1.24147  
12408.3   12409.9   1.54391  
12421.7   12422.9   1.15044  
12430.8   12432.1   1.27141  
12439.5   12441     1.41581  
12448.2   12449.3   1.06978  
12468.9   12470.2   1.28803  
12482.4   12483.6   1.22653  
12487.7   12488.7   1.03072  
12499.6   12500.7   1.02988  
12503.5   12504.9   1.37613  
12506.7   12508     1.31509  
12512.3   12513.5   1.25506  
12517.8   12519     1.17822  
12530.7   12532.1   1.46553  
12534.5   12535.7   1.13178  
12556     12557.3   1.25522  
12559.9   12561.4   1.50791  
12594     12595.3   1.29666  
12596.1   12597.2   1.14031  
12607.2   12608.3   1.05309  
12609.6   12610.6   1.01959  
12629.1   12630.2   1.08441  
12654.7   12656     1.37872  
12700.5   12701.5   1.01975  
12740.8   12742     1.20472  
12803.4   12804.6   1.23031  
12808.7   12809.8   1.1375   
12812.8   12813.8   1.03684  
12815.3   12816.6   1.36309  
12824.8   12826.1   1.30356  
12885.4   12886.4   1.06053  
12895.1   12896.5   1.44191  
12901.2   12902.5   1.30634  
12907.5   12908.8   1.319    
12910.8   12912     1.20747  
12914.8   12915.9   1.08269  
12935.5   12936.8   1.33947  
12946.4   12947.6   1.15209  
12949.5   12950.9   1.45969  
12961.4   12962.9   1.56797  
12990.6   12991.9   1.24697  
12999     13000.2   1.26956  
13002.2   13003.3   1.11741  
13009.2   13010.4   1.24938  
13018.4   13019.4   1.04309  
13031.5   13032.7   1.19128  
13037.7   13038.7   1.01281  
13042.8   13044     1.20559  
13048.6   13049.8   1.15081  
13061.8   13063     1.22472  
13069.4   13070.7   1.23866  
13078.3   13079.4   1.10438  
13081.5   13083.1   1.57847  
13088.4   13090.4   2.05972  
13096.1   13097.4   1.23159  
13117.7   13118.7   1.06578  
13121.4   13122.8   1.30684  
13215.2   13216.3   1.08959  
13236.5   13239.3   2.78928  
13240     13241.4   1.37397  
13250.9   13252.1   1.21444  
13271     13272.4   1.44684  
13290.9   13292     1.16484  
13317.4   13318.4   1.05094  
13375.6   13376.7   1.09153  
13404.1   13405.1   1.00253  
13448.4   13450.4   1.91678  
13457.1   13458.3   1.20959  
13475.2   13476.5   1.26366  
13478.9   13480.6   1.71009  
13487.9   13489.1   1.24184  
13502.5   13504     1.43975  
13520.6   13521.7   1.11038  
13525.6   13526.9   1.29322  
13535.6   13537.1   1.4725   
13550.3   13551.4   1.15363  
13563.9   13565.1   1.14416  
13598.4   13599.9   1.51472  
13609.4   13610.6   1.17497  
13620.5   13621.6   1.09638  
13635.1   13636.2   1.12069  
13643.1   13644.2   1.07628  
13661     13662.2   1.26169  
13668.1   13669.9   1.84025  
13697     13698.5   1.52203  
13709.2   13710.4   1.17241  
13719.7   13721.3   1.60625  
13732.5   13734.4   1.89975  
13756.8   13758.2   1.37428  
13773.1   13774.5   1.45788  
13779.5   13780.9   1.45466  
13790.1   13791.3   1.22031  
13802.1   13803.7   1.58131  
13824.8   13826.3   1.47856  
13838.3   13839.3   1.00222  
13855.3   13856.5   1.16356  
13858.3   13859.3   1.03594  
13872.2   13873.5   1.28028  
13896.9   13898     1.04612  
13901.6   13902.9   1.22878  
13918     13919.2   1.22913  
13920.5   13921.6   1.05309  
13923.3   13924.4   1.06919  
13929.4   13930.8   1.31275  
13947.6   13948.9   1.32747  
13950.7   13952     1.248    
13957.3   13958.3   1.06506  
13962     13963.2   1.15488  
13982.8   13984.1   1.33259  
13990.7   13991.8   1.04419  
14005     14006.1   1.12397  
14022.7   14024.2   1.46697  
14028.8   14029.9   1.08125  
14042.2   14043.7   1.55869  
14051.8   14053.2   1.37294  
14065.4   14066.5   1.07069  
14072.8   14073.9   1.12753  
14079.8   14081.3   1.46025  
14113.9   14115.3   1.37619  
14129.2   14130.5   1.26694  
14133.6   14134.9   1.39122  
14150.7   14152.2   1.45191  
14154.8   14156.2   1.40878  
14169.7   14170.7   1.05378  
14175.3   14177     1.65837  
14182.3   14183.3   1.04334  
14188.8   14190.3   1.52384  
14197.2   14198.3   1.08013  
14206.8   14208.2   1.39728  
14230.1   14231.4   1.34881  
14249.8   14251.3   1.51178  
14260.9   14262.1   1.16025  
14279.7   14281.3   1.62169  
14292.3   14293.5   1.22388  
14294     14295.1   1.09825  
14300.5   14302     1.43216  
14316.6   14317.6   1.01144  
14320.7   14322     1.26791  
14335.2   14336.2   1.06122  
14341.2   14342.2   1.04788  
14360.5   14361.5   1.05072  
14369.1   14370.6   1.43488  
14378     14379.1   1.14519  
14384     14385     1.05228  
14403.7   14404.7   1.04888  
14414.1   14415.5   1.40419  
14419.6   14420.8   1.12278  
14433     14434.1   1.12528  
14437.4   14438.6   1.23397  
14452.5   14453.8   1.33578  
14466.8   14468     1.208    
14479.9   14481.7   1.78838  
14502.1   14503.3   1.20909  
14531.2   14532.4   1.17347  
14547.2   14548.5   1.34303  
14551.8   14553.3   1.50913  
14562.2   14563.3   1.12997  
14569.6   14570.6   1.03684  
14572.1   14573.1   1.03594  
14576.4   14577.5   1.11606  
14591.5   14592.8   1.27422  
14602.3   14603.3   1.06297  
14618     14619.7   1.71116  
14626     14627.3   1.25622  
14635.8   14637     1.21909  
14641.1   14642.1   1.00516  
14653.7   14654.8   1.05956  
14668.5   14669.6   1.10781  
14684.4   14686     1.59594  
14688.7   14690.1   1.32741  
14693.7   14694.9   1.20316  
14696.8   14697.8   1.01038  
14701.5   14702.5   1.03859  
14706.5   14707.7   1.16803  
14714.3   14715.3   1.00972  
14722.3   14723.5   1.21781  
14732.1   14733.9   1.76738  
14746.8   14748     1.12038  
14753.1   14754.6   1.49416  
14759.8   14761.4   1.65416  
14772     14773.7   1.70659  
14797.3   14798.3   1.00516  
14803.1   14804.5   1.39366  
14813.8   14815     1.21788  
14826.8   14828.1   1.27559  
14833.6   14835     1.43912  
14845.6   14847.1   1.45437  
14859.5   14860.6   1.1015   
14871     14872.4   1.47072  
14877.4   14878.9   1.45606  
14891.9   14892.9   1.06141  
14894.3   14895.7   1.43497  
14922     14923.6   1.59941  
14956.6   14957.7   1.14134  
14971.9   14973.1   1.14156  
14980     14981.1   1.17084  
14995.4   14996.8   1.34481  
15011.7   15012.9   1.22006  
15018.6   15019.9   1.22741  
15023.3   15024.4   1.07469  
15040.2   15041.4   1.20287  
15045     15046.5   1.44678  
15059     15060.1   1.10141  
15069.5   15070.9   1.36925  
15073.8   15074.8   1.06688  
15089.7   15091.5   1.77463  
15102.2   15103.6   1.42531  
15119.9   15121.3   1.38631  
15132.3   15133.9   1.62322  
15149.6   15151.2   1.65794  
15154.5   15155.7   1.25566  
15167     15168.1   1.15172  
15236.1   15237.2   1.07222  
15245.6   15246.8   1.18291  
15249.8   15251     1.16122  
15252.8   15254.1   1.27744  
15270.1   15271.3   1.17263  
15274.3   15275.3   1.05409  
15287.5   15288.6   1.07075  
15295.7   15296.9   1.14375  
15306.8   15308.3   1.53438  
15316.7   15317.8   1.10928  
15320.4   15321.5   1.10216  
15327.5   15328.7   1.13897  
15330.3   15331.5   1.185    
15353.2   15354.3   1.15166  
15365.9   15367.3   1.36903  
15374.4   15375.6   1.23644  
15378.1   15379.3   1.18388  
15384.6   15385.8   1.18069  
15398     15399     1.048    
15402.9   15404.6   1.69278  
15414.6   15415.6   1.00066  
15419.6   15420.7   1.10172  
15431.3   15432.5   1.15787  
15440.7   15442.3   1.56419  
15448.3   15449.8   1.48075  
15453.6   15455     1.40066  
15482.7   15484.3   1.53281  
15488.7   15489.8   1.07409  
15497.6   15498.8   1.13344  
15510.5   15511.8   1.314    
15528.8   15529.8   1.04275  
15547.6   15548.7   1.05644  
15559     15560.8   1.85644  
15573.3   15574.6   1.31181  
15583.6   15585     1.44003  
15594.2   15595.4   1.13278  
15598     15599.3   1.31788  
15606.5   15607.6   1.11587  
15610.4   15611.7   1.30166  
15619.5   15620.8   1.24947  
15623.9   15625.1   1.2025   
15638.6   15639.6   1.02228  
15654.9   15656     1.12534  
15660.3   15661.3   1.01269  
15675.4   15676.7   1.33047  
15688.4   15689.4   1.04425  
15711.7   15712.7   1.01825  
15729.2   15730.4   1.26287  
15734.9   15736     1.09325  
15754     15755.6   1.68263  
15762.5   15764.1   1.55806  
15771.3   15772.8   1.45856  
15783.1   15784.6   1.46178  
15786.6   15787.6   1.01569  
15791.9   15793.1   1.17575  
15797.1   15801.3   4.12272  
15802.1   15803.7   1.61494  
15812     15813.2   1.23944  
15821.9   15823.1   1.17481  
15838.5   15839.5   1.01569  
15850.7   15852     1.24469  
15862.1   15863.2   1.17478  
15867     15868.5   1.45503  
15878.5   15879.7   1.21253  
15922.4   15924     1.56262  
15957.2   15958.6   1.41275  
15974.3   15975.5   1.21231  
16003.9   16005.2   1.23309  
16061.8   16062.9   1.14984  
16066.4   16067.5   1.02516  
16068.2   16069.4   1.2065   
16076.6   16077.7   1.05066  
16082.6   16083.7   1.07106  
16090.9   16092     1.07319  
16101.3   16102.5   1.18772  
16114.2   16115.7   1.48791  
16123.9   16125.4   1.53113  
16127.6   16129     1.34478  
16136.4   16137.8   1.37103  
16153.5   16154.5   1.00788  
16159     16160.3   1.31012  
16163.8   16165     1.22209  
16166.7   16168.1   1.47759  
16171.7   16172.8   1.07012  
16174.8   16175.9   1.07609  
16180.9   16182.7   1.80337  
16188.8   16190.1   1.30372  
16193.9   16194.9   1.0235   
16196.3   16197.6   1.26928  
16211     16212.1   1.15834  
16219.5   16221.5   1.96794  
16222     16223.3   1.29772  
16231.2   16232.5   1.33334  
16250.2   16251.3   1.08591  
16283.5   16284.7   1.24487  
16316.1   16318     1.90503  
16329.9   16331.2   1.24362  
16336.6   16338.3   1.71656  
16344.2   16345.2   1.05088  
16353.3   16354.4   1.08062  
16371.9   16373.5   1.66266  
16413.1   16414.5   1.39425  
16416.2   16417.2   1.01412  
16418.3   16419.5   1.18066  
16423.6   16424.9   1.35197  
16429.9   16431     1.12894  
16443.1   16444.5   1.3655   
16451.1   16452.7   1.66138  
16459.2   16460.3   1.04491  
16464     16465.4   1.42216  
16471.6   16473.4   1.85803  
16498.7   16499.8   1.04578  
16507.5   16508.9   1.32728  
16526.1   16527.2   1.07859  
16539.7   16541.1   1.38906  
16544.2   16545.7   1.42372  
16557.7   16558.8   1.12538  
16560.4   16561.7   1.26691  
16562.9   16564     1.10547  
16586.6   16588.1   1.46219  
16603.7   16605.5   1.82669  
16609.8   16611.1   1.33997  
16615.5   16616.6   1.12262  
16627.3   16628.6   1.31891  
16639.1   16640.4   1.30128  
16644.5   16645.9   1.37794  
16653.4   16654.4   1.01203  
16656.5   16657.5   1.02859  
16660.1   16661.3   1.27263  
16670.5   16671.9   1.34341  
16700.8   16702     1.24209  
16703.4   16704.6   1.22228  
16715.8   16716.9   1.11275  
16720.8   16721.9   1.05166  
16746.4   16748     1.58547  
16751.3   16752.6   1.34044  
16758.2   16759.4   1.24063  
16771.7   16772.9   1.20881  
16776.1   16777.2   1.15044  
16784     16785.5   1.47453  
16799.4   16800.7   1.28697  
16825     16826.3   1.28641  
16833.5   16834.5   1.01687  
16841.6   16843     1.34813  
16852.4   16853.4   1.03928  
16871.3   16872.4   1.09238  
16905.4   16906.4   1.01353  
16921.5   16922.6   1.14978  
16930.5   16931.8   1.28875  
16933.1   16934.5   1.38084  
16938.6   16939.7   1.13744  
16943.9   16944.9   1.033    
16949     16950.3   1.3155   
16954.3   16955.6   1.2815   
16963.3   16964.4   1.17322  
16978.4   16979.7   1.31406  
16983.4   16984.5   1.19422  
16998.3   16999.7   1.40603  
17002.3   17004     1.67353  
17008.4   17009.7   1.32119  
17025.3   17026.4   1.04931  
17030.2   17031.5   1.29219  
17043.7   17045.3   1.62163  
17060.5   17061.9   1.38022  
17067.6   17068.7   1.13862  
17079.3   17080.7   1.45722  
17096     17097.7   1.65531  
17110.5   17111.5   1.07156  
17133.2   17134.5   1.30816  
17166.6   17168.1   1.52153  
17197.6   17199     1.46731  
17209.4   17210.6   1.26359  
17212.8   17214     1.15278  
17233.4   17234.5   1.11522  
17240.1   17241.6   1.48325  
17244.1   17245.3   1.27497  
17249.9   17251.5   1.68525  
17260     17261     1.02887  
17264.3   17265.5   1.21844  
17281.5   17282.8   1.368    
17307.6   17308.9   1.31575  
17318.5   17320.3   1.81959  
17325.6   17326.7   1.10181  
17335.8   17337.3   1.48663  
17373.8   17375.2   1.34559  
17378.1   17379.4   1.25122  
17381.2   17382.6   1.36253  
17392.3   17393.7   1.3975   
17408     17409.6   1.55741  
17413     17414.3   1.27175  
17424     17425.3   1.28725  
17428     17429.1   1.17463  
17447.4   17449.2   1.78572  
17454.7   17455.7   1.01731  
17472.9   17474     1.0745   
17482.1   17483.2   1.11294  
17512.1   17513.6   1.51263  
17516.3   17519.7   3.35884  
17520.5   17522     1.55137  
17550.7   17552.3   1.64566  
17575.3   17576.9   1.58194  
17592.9   17594.2   1.32116  
17614.8   17616.1   1.22863  
17621     17622     1.00631  
17624.6   17626.2   1.67891  
17637.8   17639     1.16069  
17646.9   17648.4   1.48875  
17653.5   17654.5   1.02834  
17655.9   17657.3   1.39397  
17680.5   17682.3   1.76166  
17694.2   17695.4   1.23019  
17699.1   17700.5   1.46422  
17708.7   17710.2   1.54131  
17712.8   17713.9   1.19344  
17724.6   17725.8   1.15616  
17729.7   17731.4   1.72522  
17754.9   17756.7   1.76675  
17776     17777.3   1.29706  
17782.1   17783.1   1.00884  
17796.7   17798.1   1.42525  
17799.5   17800.5   1.06366  
17802.7   17803.7   1.06416  
17807.9   17809.2   1.292    
17821.6   17823     1.44994  
17829     17830.3   1.36291  
17838.1   17839.2   1.16544  
17854.4   17855.5   1.15484  
17857.7   17859.1   1.39163  
17861.5   17862.7   1.13781  
17867     17868.1   1.13672  
17874.4   17875.8   1.43606  
17880.7   17881.8   1.07578  
17888     17889.4   1.38525  
17892.2   17893.5   1.30331  
17896.8   17897.9   1.11288  
17902.3   17903.4   1.07647  
17911.5   17912.9   1.32606  
17924     17925     1.01859  
17936.3   17937.8   1.53228  
17951.8   17953.7   1.93138  
17960.8   17962     1.21313  
17962.9   17964     1.01416  
17966.7   17967.8   1.09563  
17992.8   17993.8   1.00759  
18000.6   18002     1.36028  
18004.7   18005.8   1.08131  
18008.4   18009.4   1.0225   
18013.5   18015.4   1.91941  
18029.6   18031     1.36053  
18039.2   18040.6   1.44075  
18049.4   18050.4   1.03231  
18056.5   18059     2.56113  
18067.7   18068.8   1.07731  
18087.5   18088.8   1.39009  
18104.7   18106     1.30022  
18125.1   18126.2   1.13122  
18137.4   18138.5   1.15122  
18154     18155.3   1.33372  
18173.4   18174.7   1.30459  
18212.5   18213.8   1.336    
18219.1   18220.5   1.41031  
18226.8   18228     1.14694  
18234.5   18235.6   1.04644  
18268.8   18269.8   1.03347  
18275.6   18276.6   1.01481  
18283.9   18285     1.084    
18289.6   18290.8   1.15253  
18292.9   18293.9   1.04297  
18322.5   18323.5   1.02781  
18330.2   18331.6   1.37894  
18343.6   18345.2   1.51981  
18350.3   18351.7   1.37622  
18366.9   18368.6   1.63434  
18377.5   18378.9   1.47234  
18388.9   18390.2   1.32278  
18404.7   18405.8   1.17562  
18410.4   18411.5   1.11669  
18428.2   18429.9   1.65781  
18440.3   18441.9   1.56897  
18461.3   18462.7   1.42759  
18471.9   18472.9   1.02606  
18487.7   18489.2   1.45728  
18506.8   18508.1   1.27284  
18522.9   18523.9   1.07116  
18530.5   18531.8   1.32094  
18551.3   18552.3   1.00178  
18619.6   18620.7   1.15131  
18624     18626     1.97269  
18663.8   18665.5   1.67066  
18704.2   18705.4   1.17866  
18716.9   18718.6   1.65931  
18752.5   18753.7   1.13159  
18777.9   18779.5   1.58703  
18791.3   18792.3   1.07047  
18798.9   18800.2   1.30688  
18804     18805.4   1.36628  
18817.2   18818.5   1.26609  
18830.7   18832.1   1.38375  
18846.7   18847.8   1.17231  
18866.2   18867.2   1.05953  
18868     18869.1   1.05638  
18882     18883     1.00503  
18890.4   18891.7   1.31225  
18895.4   18896.4   1.05675  
18901.6   18903.1   1.50362  
18909.9   18911     1.13175  
18916.3   18917.5   1.18947  
18928.7   18929.7   1.01959  
18940.2   18941.6   1.44497  
18951.4   18952.5   1.14403  
18958.4   18959.7   1.27328  
18971.5   18972.6   1.15022  
18982.4   18983.5   1.18637  
18987     18988.1   1.16609  
18997.4   18998.4   1.07184  
19004.4   19005.5   1.11684  
19006.8   19008.4   1.51153  
19012.9   19013.9   1.03903  
19027.6   19028.7   1.06234  
19031.4   19032.5   1.02531  
19035.1   19036.8   1.74138  
19055.9   19057.1   1.16853  
19066.4   19067.9   1.51478  
19073.7   19075.1   1.34141  
19078     19079.1   1.07172  
19085.9   19087.1   1.17241  
19100.8   19102     1.24528  
19105.1   19106.2   1.1515   
19123.8   19125.1   1.26469  
19143.1   19144.6   1.46147  
19179.2   19180.3   1.0495   
19182     19183     1.05388  
19199.2   19200.8   1.59491  
19214     19215.1   1.15384  
19220.5   19221.6   1.12081  
19227.5   19228.7   1.14884  
19244.5   19245.8   1.36241  
19247.4   19249.1   1.66284  
19255.4   19256.5   1.08009  
19286.3   19287.4   1.08844  
19311     19312.3   1.31756  
19323.9   19325.3   1.47063  
19338     19339.1   1.16228  
19348.4   19350.3   1.90475  
19361.2   19362.7   1.53463  
19364.6   19366.1   1.5145   
19378.2   19379.7   1.49131  
19383.3   19384.4   1.13272  
19404.1   19405.3   1.20244  
19411.1   19412.5   1.35587  
19415.9   19417.1   1.22278  
19428.7   19430.2   1.51988  
19431.6   19432.6   1.00222  
19486.4   19488.1   1.72091  
19489.8   19490.8   1.00453  
19496.9   19498.3   1.40237  
19510.5   19511.6   1.09262  
19518.5   19519.6   1.09081  
19523.5   19524.9   1.42472  
19534.7   19535.8   1.07231  
19540.8   19542     1.21531  
19545.8   19546.9   1.10528  
19551.8   19552.9   1.15981  
19559.2   19560.8   1.65138  
19585.1   19586.2   1.153    
19587.8   19589     1.19981  
19600.4   19602.5   2.05384  
19612.8   19614.2   1.46531  
19616.5   19617.7   1.24072  
19620.8   19621.8   1.01069  
19625.1   19626.4   1.33294  
19628.4   19629.5   1.02425  
19633.8   19635.7   1.94891  
19645     19646.1   1.12181  
19651.7   19653.3   1.55741  
19687.1   19688.9   1.85028  
19692.9   19694.2   1.29216  
19720.3   19721.7   1.46775  
19740.8   19742.3   1.53044  
19751.8   19753.2   1.42275  
19758.4   19759.7   1.30831  
19765.6   19766.6   1.0145   
19772.4   19774     1.5635   
19777.3   19778.5   1.11912  
19783.1   19784.1   1.01     
19792.7   19794.2   1.483    
19798.1   19799.1   1.01847  
19823.2   19824.3   1.03934  
19838.7   19840.1   1.37391  
19860.6   19862.2   1.52756  
19871.3   19872.5   1.28153  
19884.8   19885.9   1.09481  
19906.1   19907.3   1.20269  
19912.9   19914.7   1.82656  
19926.8   19930.4   3.589    
19931.3   19932.6   1.25778  
19941.8   19943.3   1.54713  
19953.1   19954.2   1.11075  
19963.6   19965.3   1.67906  
19986     19987.6   1.56378  
19991.8   19992.9   1.09856  
20002.5   20003.5   1.01878  
20015.8   20017.1   1.30844  
20017.5   20018.5   1.05337  
20026.8   20028.2   1.34831  
20031     20032.3   1.29653  
20035.4   20036.7   1.36266  
20042.8   20044     1.28116  
20053.3   20054.7   1.31925  
20060.9   20062.3   1.33269  
20089.5   20090.8   1.31644  
20098.3   20099.9   1.57219  
20109.8   20110.8   1.03922  
20112.5   20113.7   1.26753  
20116.4   20117.5   1.07422  
20133.7   20135     1.23097  
20157.2   20158.5   1.35575  
20173.2   20174.7   1.51647  
20181.6   20182.8   1.19528  
20193.6   20195     1.37787  
20203.7   20204.7   1.03216  
20217.7   20219     1.31366  
20228.4   20230.1   1.68884  
20244.5   20245.9   1.36656  
20257.3   20258.6   1.29241  
20262.2   20263.4   1.15088  
20275.3   20276.7   1.41481  
20286.7   20287.7   1.01287  
20292     20293.6   1.64381  
20308.3   20309.4   1.02166  
20310.8   20312.3   1.48625  
20322.5   20323.9   1.41963  
20326.9   20328.2   1.29581  
20350     20351.1   1.06697  
20372.2   20373.2   1.03016  
20377.3   20378.5   1.15112  
20400.7   20401.8   1.07822  
20407.9   20409.4   1.51431  
20434.9   20436     1.05559  
20451.4   20453.1   1.72578  
20466.4   20467.5   1.16703  
20472.1   20473.4   1.32109  
20479.7   20480.7   1.00863  
20505.1   20506.6   1.541    
20509.8   20510.9   1.06781  
20515.4   20516.4   1.03097  
20527.2   20528.4   1.22341  
20532.1   20533.3   1.21325  
20550     20551.1   1.11931  
20556.6   20557.6   1.06341  
20563.5   20564.7   1.11541  
20574.9   20576     1.08838  
20582.6   20583.6   1.00591  
20588.1   20589.6   1.44147  
20600.7   20602.2   1.50684  
20608.6   20609.8   1.2835   
20614.2   20615.2   1.06331  
20620.6   20621.6   1.02453  
20626.3   20627.6   1.35234  
20637     20638.6   1.60088  
20644.7   20646.3   1.62066  
20659.6   20660.9   1.24225  
20686.9   20688     1.06028  
20695.2   20696.2   1.01063  
20696.9   20698.2   1.25812  
20716.2   20717.3   1.1055   
20718.6   20720.3   1.66606  
20740.3   20741.5   1.15356  
20751.6   20752.7   1.08844  
20760     20761.5   1.43156  
20778.3   20779.5   1.15784  
20780.6   20781.7   1.09009  
20793.5   20794.8   1.32056  
20796.7   20797.8   1.13431  
20824.5   20826     1.5115   
20841.6   20842.8   1.17069  
20844.1   20845.3   1.24169  
20849.3   20850.6   1.26113  
20852.5   20853.6   1.03366  
20855.4   20856.6   1.23753  
20866.6   20867.7   1.07716  
20869.8   20870.8   1.00181  
20874.2   20875.4   1.28731  
20879.2   20880.3   1.14803  
20883.4   20884.5   1.06294  
20889.8   20891     1.1825   
20895.3   20896.5   1.14384  
20907.9   20909.1   1.19906  
20916.6   20917.6   1.03863  
20919.6   20920.9   1.34297  
20924.3   20925.3   1.01359  
20928.7   20929.8   1.09306  
20934.6   20935.6   1.05034  
20939.4   20941     1.59897  
20944.2   20945.4   1.22938  
20948.4   20949.5   1.05656  
20951.4   20952.7   1.23878  
20965     20966.3   1.22219  
20975.2   20976.4   1.22934  
20982.8   20983.8   1.06653  
20985.3   20986.7   1.40209  
20996.8   20998.3   1.49019  
21001.6   21002.6   1.01397  
21015.4   21016.6   1.21944  
21021.6   21022.9   1.36375  
21029.1   21030.4   1.32337  
21035.1   21036.4   1.35197  
21037.9   21039.4   1.49697  
21046.3   21047.3   1.01022  
21050.4   21052     1.66744  
21057.9   21059.4   1.596    
21070.6   21072.3   1.70028  
21082     21083.2   1.1785   
21100.4   21101.4   1.05441  
21105.9   21107.2   1.33109  
21109.6   21111.1   1.54381  
21124.1   21125.3   1.1385   
21126.9   21128.9   1.94275  
21141.4   21142.6   1.16041  
21147.3   21148.4   1.13606  
21157.4   21158.6   1.20934  
21164.2   21165.7   1.52566  
21184.3   21185.3   1.08225  
21192.7   21193.8   1.07641  
21198     21199.3   1.27984  
21211.4   21212.5   1.08034  
21230.8   21232.1   1.33628  
21234.9   21236.2   1.30022  
21242.6   21243.7   1.10384  
21251.1   21252.1   1.08444  
21262     21263.4   1.45609  
21269.1   21270.1   1.04334  
21274.6   21275.9   1.24887  
21282.6   21284.2   1.58013  
21302.4   21304.2   1.76922  
21317.3   21319     1.63184  
21322.8   21324.3   1.47394  
21330.9   21332.6   1.70688  
21340     21341.4   1.42163  
21347.3   21348.7   1.34725  
21352.2   21353.9   1.73478  
21359.3   21360.9   1.62953  
21367.7   21368.8   1.14663  
21373.2   21374.4   1.12341  
21407.5   21408.6   1.10512  
21419.5   21420.6   1.12747  
21427.7   21429     1.26784  
21432.8   21433.9   1.16563  
21443     21444.5   1.46741  
21452.4   21453.9   1.52266  
21460     21461.3   1.27381  
21470.8   21472     1.15187  
21477.8   21479     1.20997  
21489.9   21491     1.09125  
21495.7   21496.9   1.20984  
21506.7   21508.2   1.50119  
21516.6   21517.7   1.06012  
21521.6   21523.1   1.50756  
21541.6   21542.6   1.02422  
21556.7   21558.3   1.62387  
21561     21562.2   1.17006  
21567     21568.4   1.4005   
21584.5   21586.3   1.81456  
21597.9   21599.4   1.4665   
21606.3   21607.6   1.26291  
21632.2   21633.5   1.33266  
21635.9   21637.2   1.36828  
21646.7   21648.1   1.42872  
21691.1   21692.5   1.44659  
21706.3   21707.9   1.55247  
21711.9   21713.2   1.35847  
21720.1   21721.4   1.20566  
21726.8   21728     1.15484  
21732.3   21733.8   1.55569  
21740.1   21741.5   1.39897  
21753.9   21755.1   1.12638  
21760.8   21762.1   1.24687  
21779     21780.2   1.27788  
21791.4   21792.6   1.18194  
21799.9   21801.3   1.47678  
21803.2   21804.4   1.16572  
21805.8   21807     1.204    
21812.8   21814.3   1.48013  
21824.4   21825.6   1.2835   
21829.8   21831     1.21334  
21834.9   21836.2   1.32669  
21845.2   21846.5   1.37275  
21849.9   21851.3   1.42759  
21858.6   21859.6   1.04491  
21872.3   21873.7   1.45075  
21875.9   21877.4   1.55622  
21887.8   21889     1.25756  
21897.4   21899.1   1.67931  
21920.8   21921.9   1.06591  
21946.4   21948.1   1.67225  
21959.2   21960.3   1.07275  
21972.4   21973.7   1.26928  
21980.8   21981.8   1.01019  
22026.3   22027.6   1.36109  
22041.8   22042.8   1.07619  
22051.8   22053     1.28591  
22070     22071.1   1.07363  
22087.2   22088.3   1.09269  
22092.7   22094     1.29484  
22096.1   22097.1   1.00263  
22109.2   22110.6   1.40725  
22119.6   22120.6   1.02169  
22123.2   22124.5   1.26772  
22131.9   22133.4   1.48972  
22136.1   22137.6   1.54744  
22152.7   22153.9   1.24444  
22156.6   22158     1.38922  
22163.6   22164.7   1.05166  
22175.7   22176.7   1.03119  
22179     22180     1.05978  
22182.3   22183.4   1.17909  
22184.9   22185.9   1.03469  
22191     22192     1.07412  
22199.6   22201.1   1.57791  
22206.3   22207.4   1.09794  
22216.4   22217.9   1.58034  
22227.9   22229.1   1.2135   
22274.2   22275.2   1.02156  
22275.7   22277.2   1.49756  
22285.3   22286.6   1.31025  
22294.8   22296.5   1.6445   
22305     22306.1   1.11538  
22314.4   22315.5   1.03812  
22324.3   22325.3   1.04569  
22329.1   22331.5   2.45116  
22344.3   22345.3   1.00025  
22350.9   22352.5   1.66519  
22361.8   22363     1.15972  
22375.7   22376.8   1.11197  
22384.8   22386.4   1.68097  
22401.6   22402.7   1.12512  
22403.4   22404.5   1.02522  
22417.6   22418.6   1.03397  
22427.6   22429     1.39378  
22435.3   22436.7   1.39597  
22444.9   22446.5   1.61088  
22451.8   22452.9   1.08072  
22457     22458.3   1.30862  
22462.4   22463.8   1.45803  
22481.5   22482.8   1.33772  
22500.4   22502     1.60378  
22519     22520.1   1.061    
22524.2   22525.4   1.18081  
22530.4   22531.9   1.56703  
22549.8   22551     1.18756  
22556.3   22557.7   1.42116  
22563.9   22565.6   1.657    
22580.8   22581.8   1.00334  
22591.1   22592.3   1.14538  
22610.2   22611.7   1.44144  
22613     22614.3   1.29009  
22615.5   22616.6   1.04097  
22624.1   22625.6   1.46606  
22631.5   22632.5   1.02559  
22637.9   22639.3   1.44016  
22646.3   22647.4   1.14616  
22648.3   22649.3   1.02947  
22657.9   22659.7   1.81647  
22673.9   22675.6   1.73125  
22678.2   22680     1.77706  
22690.5   22691.5   1.01506  
22695.4   22696.6   1.18516  
22700.3   22701.3   1.03281  
22704.1   22705.4   1.24425  
22707     22708.3   1.28928  
22734.5   22735.9   1.40172  
22741.1   22742.3   1.24125  
22753.9   22755.4   1.44603  
22758.5   22759.6   1.09194  
22773.1   22774.2   1.09897  
22780.9   22782.7   1.75006  
22792.6   22793.7   1.16544  
22805.7   22807.3   1.55125  
22813.3   22814.3   1.00622  
22819.3   22820.6   1.21325  
22826.7   22827.9   1.13747  
22830     22833.6   3.65672  
22834.6   22836.1   1.55609  
22854.6   22855.8   1.20675  
22861.3   22862.4   1.16509  
22864.6   22865.7   1.13284  
22870.8   22872     1.20384  
22887.7   22888.8   1.14003  
22892.6   22894     1.33709  
22898.6   22899.8   1.21588  
22902.3   22903.4   1.12634  
22915.2   22916.9   1.65081  
22920.4   22921.4   1.01341  
22930.2   22931.6   1.36431  
22936.5   22937.9   1.37991  
22940     22941.4   1.46897  
22948.2   22949.4   1.23913  
22970.9   22972.6   1.69566  
22976.3   22977.6   1.29638  
22992.4   22993.7   1.30497  
22998.6   23000     1.45088  
23005.2   23006.4   1.23841  
23010     23011.4   1.36563  
23014.2   23015.4   1.17794  
23035.6   23036.9   1.34716  
23055.3   23056.4   1.06166  
23081.1   23082.2   1.14334  
23089.5   23090.8   1.27191  
23093.6   23094.7   1.17981  
23098.7   23100.3   1.62719  
23111     23112.4   1.45847  
23119.3   23120.6   1.32466  
23125.9   23127.4   1.56434  
23129.3   23130.5   1.17488  
23134.6   23136     1.39703  
23149     23150.7   1.67603  
23153     23154.1   1.07438  
23160     23161.7   1.65444  
23171.5   23172.7   1.26375  
23180.9   23182.1   1.17009  
23186.7   23188     1.33203  
23190.5   23191.7   1.20816  
23194.9   23196     1.08838  
23202.5   23204.2   1.77109  
23205.4   23206.8   1.40944  
23209.9   23211.1   1.18819  
23219.7   23221.5   1.82884  
23233.2   23234.5   1.31347  
23240.1   23241.3   1.28769  
23248.5   23249.7   1.19988  
23252.3   23253.6   1.37941  
23264     23265.4   1.3625   
23268.8   23269.9   1.16094  
23276.2   23277.4   1.15916  
23280.3   23281.8   1.441    
23285.7   23287     1.31697  
23290.4   23291.6   1.19444  
23302.7   23304.2   1.49547  
23312.4   23314.2   1.77644  
23319.4   23320.4   1.08134  
23325.4   23327     1.57703  
23338.5   23340     1.54363  
23356.1   23357.5   1.41987  
23359.3   23360.6   1.25791  
23368.3   23369.4   1.11478  
23374.7   23375.9   1.18891  
23381.3   23382.4   1.10456  
23385.6   23387.1   1.49116  
23394.1   23395.7   1.63488  
23401.2   23402.8   1.58753  
23410.3   23411.3   1.02059  
23413.8   23415     1.22253  
23433.6   23434.9   1.24781  
23437.5   23438.8   1.24994  
23449.1   23450.1   1.00612  
23452     23453.1   1.14081  
23464.3   23466     1.69719  
23473.5   23475.4   1.85981  
23487.7   23488.8   1.094    
23494.1   23495.2   1.08878  
23501.1   23502.3   1.24425  
23510.4   23512.1   1.71256  
23527.8   23528.8   1.03825  
23544.1   23545.3   1.20312  
23552.3   23553.8   1.54831  
23557.3   23558.6   1.3785   
23563.6   23564.7   1.08222  
23574.2   23575.8   1.63203  
23591.6   23592.6   1.04922  
23605.3   23606.5   1.21616  
23614.2   23615.4   1.18781  
23618.8   23620.4   1.54137  
23632.2   23633.3   1.06363  
23639.5   23640.9   1.40494  
23643.8   23645.2   1.40053  
23652.5   23654.1   1.53006  
23659.5   23660.8   1.25816  
23667.7   23669     1.22659  
23671.9   23673.2   1.34359  
23683.8   23685.1   1.32294  
23692     23693.6   1.61497  
23703.7   23705     1.27825  
23709.5   23710.9   1.40338  
23722.6   23723.9   1.30056  
23726.4   23727.8   1.31666  
23732.2   23733.8   1.65244  
23746.7   23747.9   1.27469  
23756.8   23758.3   1.51397  
23760.3   23761.6   1.32231  
23771     23772.4   1.41691  
23778.7   23781.4   2.79616  
23799.4   23800.7   1.23578  
23811.5   23812.5   1.05419  
23831     23832     1.01881  
23871.4   23872.9   1.4695   
23895     23896.1   1.06078  
23903     23904.3   1.30234  
23922.2   23923.3   1.07531  
23928.7   23929.8   1.10066  
23953     23954.5   1.50903  
23959.8   23961     1.13038  
23976.1   23977.5   1.44997  
23982.4   23983.5   1.07141  
23985     23986.2   1.11941  
23990.2   23991.3   1.12003  
23996.3   23997.6   1.26022  
24010.2   24011.4   1.15572  
24027.9   24029.1   1.18369  
24035.6   24036.8   1.19044  
24039.6   24040.8   1.27569  
24053     24054.2   1.22919  
24056.1   24057.2   1.114    
24064.5   24065.9   1.40309  
24081.5   24083     1.56091  
24091.3   24092.5   1.2485   
24114.9   24115.9   1.02163  
24124.7   24126     1.31963  
24129.5   24130.8   1.22384  
24140     24141.4   1.38741  
24148     24149.5   1.48522  
24154.6   24156     1.35906  
24160.7   24161.9   1.15288  
24169.8   24171.3   1.52466  
24179.4   24180.5   1.11025  
24187     24188.1   1.16059  
24190.8   24191.9   1.08156  
24197.3   24198.7   1.41709  
24213.7   24215     1.29497  
24221.6   24223.3   1.65213  
24233.2   24234.9   1.68522  
24244     24245.2   1.15325  
24250.5   24252     1.53775  
24258.6   24260.1   1.52741  
24266.7   24267.8   1.08119  
24284.4   24285.5   1.17856  
24293.8   24295     1.1735   
24297.5   24298.6   1.04147  
24305.7   24306.9   1.15956  
24315     24316.3   1.29419  
24320.3   24321.4   1.13309  
24331.6   24332.6   1.06019  
24336.5   24337.7   1.21925  
24343.2   24344.4   1.17653  
24351.3   24352.4   1.13391  
24359.9   24360.9   1.02812  
24361.8   24362.9   1.16853  
24364.8   24365.9   1.16169  
24379.9   24381.9   1.99625  
24390.2   24391.8   1.68491  
24395     24396.2   1.21228  
24410.9   24412.6   1.682    
24424.6   24426.6   1.98741  
24445.8   24447.3   1.46013  
24450.8   24451.9   1.04303  
24458.2   24459.6   1.34391  
24468.2   24469.4   1.17509  
24470.4   24472.2   1.80772  
24481.9   24483     1.06203  
24505.1   24506.4   1.3705   
24514.1   24515.2   1.11203  
24538     24539.1   1.11309  
24555.2   24556.7   1.49594  
24560.4   24563.2   2.78456  
24591.1   24592.2   1.16803  
24613     24614.2   1.16309  
24641     24642.1   1.09378  
24657.3   24658.4   1.09816  
24662.5   24664     1.42525  
24679.2   24680.7   1.55041  
24704.9   24706.1   1.14366  
24719     24720.6   1.52653  
24731.4   24733.3   1.84888  
24742.1   24743.1   1.03422  
24744.9   24746.1   1.17847  
24762.3   24763.3   1.02094  
24767.6   24768.7   1.01491  
24776     24777.6   1.56003  
24784.4   24785.9   1.43425  
24791.4   24792.8   1.44978  
24807.4   24808.9   1.47659  
24810.4   24811.6   1.18112  
24818.7   24820     1.29359  
24824.9   24826     1.15684  
24826.5   24827.6   1.09625  
24829.3   24830.4   1.06128  
24836.8   24837.8   1.00647  
24839.3   24840.8   1.53209  
24847.1   24848.8   1.64863  
24861     24862.2   1.179    
24881.7   24882.8   1.12556  
24885     24886.2   1.19934  
24888.2   24889.5   1.25878  
24897.7   24899.3   1.54778  
24913.1   24914.4   1.30075  
24920.4   24921.5   1.09153  
24934.6   24936.4   1.76513  
24940.9   24942     1.03184  
24950.6   24952.1   1.48691  
24953.6   24954.7   1.05984  
24958.4   24959.5   1.11972  
24963.2   24964.2   1.02563  
24969.7   24970.8   1.0325   
24973.6   24974.7   1.09075  
24982     24983.4   1.33606  
24989.8   24990.8   1.00419  
24997.2   24998.4   1.20041  
25004.3   25005.4   1.05422  
25019.2   25020.6   1.40637  
25023.8   25024.8   1.00106  
25028.2   25029.2   1.04209  
25034.2   25036.1   1.89478  
25042.7   25044.1   1.32113  
25058.2   25059.6   1.40281  
25060.5   25061.8   1.34509  
25072     25073.1   1.11625  
25080.7   25082.1   1.39431  
25089.2   25090.2   1.00441  
25092.4   25093.6   1.20184  
25095     25096.2   1.23806  
25100.2   25101.9   1.65041  
25111.2   25112.5   1.315    
25115.8   25116.8   1.06891  
25120.6   25122.1   1.49378  
25128.7   25129.8   1.15859  
25135.3   25136.4   1.08775  
25150.6   25151.7   1.16159  
25162     25163     1.00038  
25168.4   25169.8   1.46122  
25176.4   25177.7   1.29466  
25178.7   25180     1.28031  
25182.6   25183.8   1.22338  
25189.3   25190.5   1.19334  
25196.4   25197.8   1.38384  
25203     25204.5   1.49569  
25205.7   25206.8   1.10369  
25209.9   25211.1   1.18747  
25219.9   25221.3   1.39456  
25227.8   25228.9   1.08131  
25231.3   25232.8   1.53031  
25250.8   25252.1   1.29122  
25270     25271.2   1.19053  
25278.5   25279.5   1.0045   
25294.4   25295.6   1.16294  
25310.3   25311.4   1.12097  
25315.3   25316.7   1.44981  
25318.1   25319.2   1.07684  
25330.1   25331.7   1.60053  
25334.1   25335.1   1.06625  
25354.4   25356     1.66322  
25365.7   25367.2   1.49113  
25375.4   25376.6   1.19856  
25381.9   25383.6   1.76913  
25392.2   25393.2   1.03547  
25405.5   25407.2   1.75372  
25446     25447.2   1.20634  
25451.5   25452.9   1.48747  
25464.7   25466.1   1.39272  
25480.1   25481.6   1.42463  
25512.9   25514.2   1.37306  
25524     25525.1   1.11191  
25532.6   25534.1   1.56975  
25552.5   25553.6   1.11391  
25568.1   25569.1   1.01066  
25578.7   25580.2   1.49031  
25595.5   25596.7   1.21887  
25607.4   25608.5   1.17078  
25611.7   25613.2   1.44088  
25620.1   25621.3   1.13247  
25626.4   25628.1   1.68     
25630.1   25631.3   1.23263  
25636.6   25638.1   1.44213  
25643.6   25645.3   1.63644  
25651.9   25653     1.1      
25656.1   25657.9   1.80981  
25661.4   25662.5   1.11047  
25668.6   25669.7   1.12559  
25671.9   25673     1.10228  
25679.6   25680.9   1.36506  
25683.9   25685.6   1.73887  
25694.8   25695.9   1.049    
25698.3   25699.3   1.05509  
25701.8   25702.9   1.11591  
25707.7   25708.9   1.26316  
25716.3   25719     2.71184  
25720     25721.4   1.38197  
25747.3   25748.3   1.00044  
25751.8   25753.4   1.64712  
25774.7   25775.9   1.25747  
25795.1   25796.3   1.22619  
25809.1   25810.2   1.03128  
25812.7   25814.2   1.55566  
25823.7   25825.4   1.69331  
25826.9   25828.3   1.45866  
25833.2   25834.3   1.12903  
25851.9   25852.9   1.04241  
25872.1   25873.2   1.10241  
25891.7   25893.1   1.43644  
25907.1   25909.7   2.66191  
25919.1   25920.3   1.21266  
25930.9   25932.1   1.27269  
25934.6   25935.7   1.09969  
25942.9   25944     1.06828  
25949.6   25951     1.39175  
25970.3   25972.1   1.81284  
25978.4   25979.5   1.10656  
26022.1   26023.4   1.34097  
26024.9   26026.2   1.34175  
26031.4   26032.5   1.02828  
26037.9   26039.1   1.13363  
26043.4   26045.6   2.27747  
26056.9   26058.6   1.73759  
26071.9   26073.1   1.23978  
26074.5   26075.6   1.05544  
26079.3   26080.5   1.27731  
26090     26091.2   1.14112  
26093.9   26095.2   1.23762  
26097.7   26098.8   1.02481  
26105.7   26107.5   1.75503  
26109.8   26110.9   1.12275  
26116.5   26117.7   1.23562  
26121.5   26122.8   1.23606  
26127.1   26128.4   1.29191  
26130.1   26131.4   1.32556  
26136     26137.3   1.31831  
26142.4   26144.1   1.63559  
26154.9   26155.9   1.00366  
26158.5   26159.8   1.22413  
26166     26167.6   1.52959  
26170.8   26172.4   1.51259  
26180.2   26181.6   1.38763  
26188.8   26190.1   1.31188  
26196.1   26197.2   1.02866  
26201.8   26202.8   1.0315   
26206.7   26208.3   1.55488  
26217.2   26218.2   1.09794  
26230.1   26231.4   1.32353  
26238.7   26239.9   1.20894  
26251.8   26253     1.20756  
26261.2   26262.7   1.49856  
26268.6   26270     1.39606  
26273.9   26274.9   1.03791  
26280     26281     1.02578  
26292.3   26294.1   1.78059  
26300.5   26302.1   1.62697  
26309.9   26311.1   1.14475  
26317     26319.3   2.31703  
26335     26336.5   1.55244  
26337.7   26338.7   1.01109  
26354.3   26355.7   1.47178  
26365     26366.3   1.28931  
26367.6   26369     1.36622  
26375.3   26376.8   1.54003  
26386.2   26387.5   1.37144  
26392.5   26393.8   1.29975  
26396.3   26398.7   2.36262  
26405.5   26406.6   1.06147  
26409.2   26410.6   1.45837  
26436.4   26437.5   1.13353  
26451.5   26452.8   1.38481  
26486.2   26487.6   1.48628  
26492     26493.1   1.07363  
26496.4   26497.4   1.02209  
26518.1   26519.3   1.27697  
26527.4   26528.6   1.2415   
26542.9   26544.5   1.583    
26567.3   26568.4   1.07581  
26580.5   26581.7   1.14787  
26583.7   26584.9   1.17822  
26594.7   26596     1.27203  
26621.5   26623.2   1.68419  
26636.8   26638.5   1.74434  
26675.6   26676.8   1.20463  
26687.3   26688.3   1.05278  
26696.8   26698.3   1.49381  
26717.9   26719.2   1.36397  
26725.1   26726.5   1.38209  
26730.3   26731.7   1.35178  
26749.2   26750.7   1.47447  
26761.5   26762.8   1.26537  
26774.7   26775.8   1.15591  
26779.1   26780.4   1.29878  
26788.5   26790     1.52384  
26805     26806.5   1.44306  
26815.4   26816.7   1.23241  
26822.4   26823.6   1.26869  
26830.9   26832.1   1.1695   
26843.3   26844.7   1.37225  
26849     26850.5   1.42603  
26851.6   26852.9   1.24475  
26857.1   26858.2   1.06709  
26865.6   26866.6   1.00844  
26873.8   26875     1.20409  
26881.4   26882.4   1.07741  
26885.9   26887.1   1.12716  
26900.8   26901.9   1.16587  
26906.2   26908.9   2.62756  
26921.6   26922.9   1.29159  
26942.2   26943.3   1.13691  
26965.7   26966.8   1.13569  
26971.5   26973.1   1.64178  
26991.7   26993     1.34716  
27000.4   27001.5   1.12191  
27007.3   27008.3   1.02534  
27025.7   27027.2   1.44319  
27053.1   27054.3   1.18294  
27062.9   27064.4   1.49581  
27072.2   27073.3   1.098    
27089.2   27090.8   1.59475  
27092.2   27093.3   1.08656  
27112     27113.6   1.60391  
27136.3   27137.5   1.16922  
27153.8   27154.8   1.01753  
27165.6   27167     1.37931  
27175.8   27177.6   1.74653  
27227.2   27228.7   1.55944  
27232     27233.2   1.21969  
27245.9   27247.1   1.235    
27253.9   27255.5   1.67947  
27277.3   27278.6   1.38284  
27305.7   27307.5   1.73956  
27316.6   27317.9   1.238    
27328.5   27330.1   1.57222  
27335.5   27336.8   1.25353  
27342.2   27343.4   1.21903  
27347.4   27348.5   1.14387  
27379.4   27380.9   1.50453  
27386.6   27387.7   1.11312  
27399.4   27401.1   1.68844  
27404.4   27405.4   1.04084  
27408.1   27409.4   1.27553  
27413.3   27414.5   1.17625  
27446.8   27447.8   1.04988  
27451.2   27452.3   1.11947  
27476.2   27477.4   1.15819  
27489     27490.1   1.12797  
27500.7   27501.9   1.25006  
27511.1   27512.4   1.25891  
27538.7   27539.8   1.11244  
27548     27549.6   1.60094  
27551.5   27552.5   1.06847  
27557.3   27558.3   1.04694  
27568.2   27569.5   1.33078  
27581.6   27582.9   1.28369  
27585.8   27587     1.19844  
27588.3   27589.9   1.56062  
27595     27596.4   1.39244  
27601.5   27603.1   1.63125  
27604.1   27605.4   1.25747  
27607.9   27609.2   1.28934  
27611.3   27612.4   1.06428  
27613.5   27615.6   2.12459  
27629.9   27631.7   1.81288  
27648.1   27649.6   1.57509  
27662.4   27663.5   1.09525  
27665.9   27667.7   1.82969  
27673.1   27674.5   1.40606  
27701.9   27703     1.14912  
27719.7   27721     1.35228  
27738.1   27739.3   1.14572  
27743.8   27745     1.22203  
27746.7   27748.1   1.40716  
27757.9   27759.1   1.20972  
27772.5   27773.8   1.32369  
27776.6   27777.9   1.3285   
27794.9   27796.2   1.2495   
27800.4   27801.7   1.37422  
27821.8   27823.1   1.34297  
27836.5   27838.1   1.54966  
27847.4   27848.5   1.1855   
27874.4   27875.9   1.4675   
27882.6   27883.7   1.09862  
27912.1   27913.5   1.35153  
27918.5   27919.6   1.06025  
27989     27990.5   1.49578  
28007.7   28009     1.25194  
28028.5   28029.5   1.03178  
28052.7   28054.1   1.40009  
28070.9   28072.2   1.28016  
28079     28080.1   1.143    
28088.3   28089.6   1.29475  
28107.4   28108.8   1.34775  
28125.1   28126.7   1.53506  
28158.7   28160     1.30603  
28191.8   28193.5   1.71913  
28200.1   28201.2   1.09972  
28206.7   28208.1   1.419    
28214.9   28216.2   1.24228  
28218.7   28219.9   1.20806  
28226.4   28227.6   1.12234  
28236.7   28237.7   1.06384  
28244.5   28245.6   1.17894  
28270.5   28272.1   1.54566  
28275.6   28276.7   1.07784  
28289.3   28290.6   1.32869  
28309.5   28310.8   1.20578  
28314.4   28315.8   1.39031  
28342.6   28343.8   1.24034  
28345.7   28346.9   1.15503  
28359     28360.5   1.50475  
28366.1   28367.3   1.20484  
28369.6   28370.6   1.01766  
28376.2   28379.7   3.45022  
28380.7   28381.9   1.20509  
28424.3   28425.5   1.19591  
28432.8   28434.3   1.46647  
28452.2   28453.4   1.17481  
28460.5   28461.5   1.00731  
28468.6   28469.7   1.074    
28486     28487.1   1.0355   
28492.7   28494     1.32641  
28505.7   28506.9   1.18872  
28508.2   28509.2   1.01075  
28518.2   28519.8   1.64153  
28534.5   28535.7   1.19859  
28538.4   28539.9   1.46478  
28540.3   28541.5   1.10288  
28545.9   28547.1   1.21287  
28556     28557.8   1.78216  
28568.8   28569.8   1.00722  
28581.3   28582.8   1.52044  
28594.9   28596.8   1.97091  
28600.9   28602.3   1.41381  
28605.8   28607.1   1.27181  
28614.5   28615.9   1.38928  
28618.4   28619.4   1.02463  
28629.5   28630.6   1.07156  
28634.7   28635.8   1.06166  
28646.3   28647.5   1.19947  
28650.9   28652.4   1.46384  
28655.7   28656.7   1.00434  
28666     28667     1.07144  
28675.1   28676.2   1.07622  
28684.9   28686.4   1.49691  
28688.3   28689.9   1.60834  
28697.3   28699     1.63734  
28722.9   28724.2   1.31881  
28726.8   28728     1.17206  
28740     28741.1   1.11813  
28746.4   28747.6   1.25016  
28815.1   28816.6   1.44994  
28819.4   28820.5   1.11366  
28870.9   28872.2   1.32309  
28876.6   28878     1.37891  
28885.6   28886.8   1.26566  
28896.7   28897.8   1.09916  
28900.4   28901.7   1.30028  
28925.2   28926.4   1.18719  
28928.2   28929.7   1.56475  
28934     28935     1.04047  
28935.7   28936.8   1.12478  
28941.8   28943     1.25659  
28959.8   28961.7   1.88138  
28969.5   28971.2   1.68781  
28980     28981.4   1.40919  
29022.4   29023.5   1.08803  
29035.3   29036.7   1.40938  
29043.1   29044.3   1.13009  
29047.1   29048.1   1.01087  
29053.1   29054.4   1.25828  
29066.3   29067.7   1.36281  
29070.4   29071.5   1.04153  
29085.9   29086.9   1.01134  
29121.6   29123.1   1.49059  
29147     29148.5   1.47756  
29151.5   29152.7   1.23484  
29185.7   29187.1   1.43584  
29192.2   29193.6   1.39003  
29206.5   29207.7   1.20141  
29211.2   29212.3   1.13144  
29216.2   29217.4   1.14919  
29221.3   29222.3   1.06281  
29227.9   29229.4   1.52125  
29243.1   29244.6   1.44794  
29270.9   29271.9   1.02763  
29277.4   29278.5   1.12884  
29287.4   29288.5   1.06991  
29292.1   29293.4   1.30241  
29296     29297.2   1.23172  
29319.8   29321.5   1.63141  
29340.7   29341.9   1.13916  
29351.5   29352.9   1.38766  
29360.4   29362     1.57906  
29368.2   29369.4   1.19091  
29373.6   29374.7   1.10069  
29378.3   29379.4   1.12238  
29393.4   29394.7   1.26338  
29414.4   29415.6   1.21269  
29421.7   29423.1   1.45044  
29437.8   29438.8   1.05006  
29447.6   29448.6   1.01388  
29456.2   29457.4   1.24381  
29500.6   29501.7   1.07897  
29503.1   29504.4   1.32316  
29537.9   29539.5   1.57447  
29559.5   29560.8   1.33394  
29571.2   29572.3   1.07953  
29594.5   29595.6   1.06966  
29598.2   29599.2   1.06028  
29609.9   29611.1   1.21634  
29632.4   29633.9   1.42575  
29638.6   29639.6   1.02894  
29640.7   29642.7   2.05778  
29656.9   29658.4   1.43578  
29671.1   29672.5   1.38644  
29684.9   29686.1   1.27097  
29702.3   29703.3   1.03156  
29707.2   29708.3   1.08972  
29713.7   29714.9   1.16     
29718.5   29719.7   1.28588  
29722.6   29723.6   1.01741  
29727     29728.3   1.28838  
29737.6   29738.9   1.29544  
29747.9   29749.3   1.44922  
29754.4   29755.5   1.08413  
29760.2   29761.3   1.05372  
29776.5   29777.7   1.20434  
29792.3   29793.5   1.14219  
29795.1   29796.2   1.11481  
29822.8   29824     1.16075  
29836     29837.3   1.29713  
29841.4   29842.7   1.23294  
29852     29853.7   1.76456  
29861.5   29862.5   1.08331  
29866.4   29867.4   1.02159  
29881.2   29882.3   1.06872  
29889     29890.2   1.15716  
29907.5   29908.5   1.082    
29909.7   29910.8   1.05991  
29913     29914     1.05709  
29928     29929.2   1.21397  
29946.9   29947.9   1.03159  
29953.5   29954.7   1.17334  
29959.2   29960.2   1.02231  
29964.3   29965.4   1.18194  
29974.9   29976.1   1.20697  
29990.7   29992.3   1.63872  
30000.6   30001.8   1.17747  
30003.3   30004.4   1.12138  
30009.4   30010.5   1.01003  
30016.6   30018     1.45072  
30025.2   30026.4   1.16575  
30030.6   30031.9   1.30984  
30038.8   30039.9   1.03741  
30042.1   30043.1   1.00272  
30045     30046.5   1.53747  
30055.5   30056.5   1.05728  
30058.9   30060.7   1.79566  
30085.4   30086.6   1.14044  
30100     30101.6   1.61397  
30112.2   30113.6   1.46263  
30116.6   30117.9   1.26859  
30122.7   30123.7   1.01287  
30132.7   30133.8   1.10975  
30135.5   30136.9   1.38784  
30142.2   30143.5   1.29019  
30147.4   30149     1.59169  
30163.3   30164.6   1.23122  
30167.3   30168.4   1.09794  
30194.2   30195.8   1.56353  
30209.2   30210.8   1.589    
30222.3   30223.4   1.14959  
30227.3   30228.4   1.07319  
30236.8   30238     1.16431  
30255.3   30256.7   1.39141  
30259.6   30260.7   1.11519  
30265.3   30266.4   1.03381  
30274.5   30275.9   1.40975  
30286.2   30287.4   1.17553  
30292.4   30293.6   1.2665   
30313.7   30315.1   1.4045   
30318.5   30319.7   1.18581  
30323.9   30325.2   1.28422  
30339.8   30341.3   1.50562  
30376.7   30378.5   1.84609  
30385.1   30386.1   1.07103  
30389.2   30390.4   1.22881  
30392.1   30394.1   2.00312  
30419.9   30421     1.07981  
30425.9   30427     1.08606  
30428.9   30430     1.146    
30435.3   30436.8   1.56606  
30438.3   30439.5   1.24016  
30444.7   30446     1.30734  
30452     30453     1.00925  
30455     30456.1   1.18334  
30487.1   30488.2   1.06053  
30516.5   30518.1   1.57875  
30526.4   30527.7   1.32188  
30536.8   30538     1.22409  
30539.7   30540.8   1.11363  
30545.8   30546.8   1.00306  
30549.5   30550.7   1.18966  
30566.5   30568.1   1.53491  
30576.6   30577.9   1.316    
30588.5   30589.5   1.00394  
30595.6   30596.9   1.22716  
30601.7   30603     1.27287  
30614.5   30615.6   1.05859  
30621     30622.6   1.67244  
30639.7   30640.9   1.19734  
30641.8   30642.9   1.11678  
30655.1   30656.7   1.54456  
30658.5   30659.6   1.09694  
30665.4   30666.5   1.04159  
30669.8   30671.9   2.05856  
30676     30678.8   2.82488  
30780.9   30782     1.13206  
30803.5   30805     1.55012  
30833.5   30834.6   1.07422  
30834.9   30836     1.07612  
30865.7   30867.4   1.69631  
30873.5   30874.9   1.33422  
30877.4   30878.7   1.26362  
30889     30890     1.03475  
30894.7   30895.9   1.20931  
30904.5   30905.8   1.27544  
30907.9   30908.9   1.01616  
30916.8   30918.4   1.64331  
30919.5   30920.7   1.19981  
30935.5   30936.9   1.41294  
30946.8   30948.3   1.46828  
30950.8   30951.9   1.08109  
30966.2   30967.5   1.35875  
30974.4   30975.8   1.39922  
31015.5   31016.6   1.10572  
31038.1   31039.5   1.42181  
31053     31054.1   1.041    
31087.2   31088.5   1.30031  
31116.5   31117.6   1.16109  
31134.7   31135.9   1.17578  
31142.3   31143.5   1.24734  
31145.8   31147.1   1.29263  
31166.5   31167.6   1.03913  
31171.6   31172.8   1.21522  
31174.2   31175.2   1.01394  
31179.5   31181.4   1.89384  
31184.8   31185.9   1.05531  
31193.7   31194.9   1.27722  
31210.7   31211.9   1.19731  
31221.2   31222.4   1.1875   
31230.2   31231.4   1.16475  
31233.8   31234.8   1.06488  
31268.1   31270.2   2.117    
31292.8   31293.8   1.07438  
31305.5   31306.5   1.00106  
31332.8   31333.9   1.11091  
31351.6   31353.3   1.71356  
31361.3   31362.4   1.05891  
31367.4   31369     1.59931  
31374.5   31375.7   1.21234  
31380.2   31381.7   1.45541  
31385.2   31386.4   1.22     
31391.9   31393     1.13488  
31398.6   31399.9   1.32306  
31402.6   31403.7   1.05091  
31409.5   31410.7   1.17041  
31421.2   31422.7   1.56681  
31426.4   31427.6   1.13684  
31460.2   31461.3   1.09466  
31470.3   31471.7   1.48472  
31473.7   31475     1.28838  
31481.8   31483.2   1.46444  
31491.7   31492.8   1.03869  
31494     31495.6   1.55869  
31504     31505.5   1.55931  
31508.9   31510.1   1.22738  
31516.8   31518.2   1.37291  
31523.3   31524.3   1.01763  
31525.8   31527.9   2.10853  
31540.3   31541.7   1.36556  
31548.8   31550.5   1.64584  
31565.6   31567.2   1.61419  
31573     31574.1   1.10925  
31580.3   31581.5   1.17434  
31605.3   31606.6   1.34466  
31610.8   31612.3   1.48428  
31616.1   31617.2   1.03188  
31626.1   31627.4   1.24431  
31631.2   31632.4   1.18663  
31638.9   31640.2   1.33122  
31652.2   31653.3   1.07759  
31656.9   31658.1   1.26381  
31680.2   31681.8   1.57091  
31699.8   31701.3   1.49975  
31706.7   31707.8   1.17281  
31716.6   31718.1   1.46075  
31736.7   31738.3   1.60878  
31747.3   31748.5   1.13538  
31753.2   31754.6   1.421    
31759.7   31760.8   1.11956  
31769.7   31770.9   1.1915   
31776.6   31777.9   1.28994  
31800.4   31801.7   1.35722  
31824.4   31825.7   1.24038  
31842.1   31843.2   1.10506  
31852.2   31853.2   1.00019  
31874.6   31875.7   1.12813  
31906.7   31908.2   1.47606  
31924.2   31925.6   1.35516  
31928.3   31929.5   1.23072  
31934.1   31935.4   1.30537  
31946.7   31947.9   1.17291  
31950.9   31952.1   1.18381  
31961.1   31962.9   1.73869  
32023.5   32024.8   1.28556  
32044     32045.2   1.1875   
32048.9   32050.1   1.27238  
32074.7   32075.9   1.25619  
32082.4   32083.7   1.28141  
32094.3   32095.4   1.04678  
32097.6   32098.9   1.30056  
32102.7   32104.6   1.86319  
32134.4   32135.9   1.42903  
32206     32207.4   1.37488  
32239.4   32240.9   1.51947  
32253.4   32254.6   1.18931  
32266.1   32268     1.93872  
32278.7   32280     1.29694  
32283     32284.1   1.08088  
32293.2   32294.4   1.23622  
32344.5   32346.1   1.61134  
32381.3   32383.1   1.71188  
32404.2   32405.9   1.77434  
32426.9   32428     1.14197  
32445.9   32447.1   1.19025  
32457.9   32458.9   1.05941  
32468.3   32469.8   1.50228  
32490.7   32492.1   1.40369  
32508.1   32509.4   1.29441  
32511     32512.4   1.39203  
32535.8   32537.2   1.31697  
32542.4   32543.7   1.29272  
32547.9   32549.2   1.24338  
32561.5   32562.8   1.258    
32574.7   32575.7   1.02131  
32592.3   32594.9   2.53553  
32627     32628.5   1.50631  
32654.5   32656.4   1.87844  
32679.6   32680.7   1.06988  
32693.7   32695     1.30444  
32721.4   32723.2   1.80663  
32734.9   32736.3   1.45738  
32745.1   32746.5   1.34066  
32758.4   32759.5   1.05769  
32763.3   32764.6   1.23275  
32785.8   32787.1   1.36369  
32789.4   32790.7   1.35516  
32794.5   32795.5   1.01325  
32818     32819.6   1.602    
32828.1   32829.6   1.44141  
32832.5   32833.7   1.13381  
32840.1   32841.3   1.14456  
32849.8   32851     1.14381  
32860.6   32862     1.42437  
32866.3   32867.7   1.44553  
32871     32872     1.03563  
32875.9   32876.9   1.02628  
32884.4   32885.5   1.11134  
32895.3   32896.8   1.52953  
32899.7   32900.8   1.03234  
32907.6   32908.7   1.09884  
32916.3   32917.4   1.18956  
32920.3   32921.3   1.06113  
32933.8   32935.2   1.39237  
32949.9   32951.4   1.55337  
32956     32957     1.00203  
32962.2   32963.3   1.15197  
32977.2   32978.4   1.27503  
32994.5   32995.6   1.10728  
33000     33001.2   1.25475  
33008.7   33010.1   1.34256  
33012.6   33013.7   1.12072  
33026.3   33027.3   1.00791  
33048.3   33049.4   1.10266  
33055.9   33057.1   1.27097  
33098.3   33099.3   1.01166  
33131.5   33133.1   1.60159  
33143.9   33145     1.05934  
33153.6   33155.1   1.55934  
33160.5   33161.5   1.05069  
33190     33191.3   1.30016  
33193.3   33194.5   1.20588  
33195.7   33196.8   1.13606  
33199.5   33200.6   1.022    
33214.3   33215.4   1.08266  
33238.4   33239.8   1.39072  
33272.5   33273.5   1.03991  
33284.7   33286.1   1.39875  
33289.5   33290.5   1.02263  
33296.4   33297.6   1.16731  
33304.2   33305.3   1.13062  
33310     33311.4   1.34987  
33316     33317.1   1.08313  
33320.3   33321.4   1.02472  
33340.9   33342.7   1.75981  
33360.1   33361.7   1.55178  
33369.9   33371.2   1.29334  
33377.5   33379     1.42947  
33381.9   33383     1.12647  
33393.4   33394.6   1.18     
33417.5   33419.1   1.61522  
33445.9   33446.9   1.04075  
33475.8   33477     1.21822  
33478.8   33480.4   1.602    
33493.3   33494.7   1.39641  
33509.7   33511.4   1.70891  
33513.9   33515.3   1.34131  
33518.3   33519.6   1.34331  
33529     33530     1.00881  
33532     33533.1   1.06322  
33538.5   33540.8   2.2595   
33541.8   33542.9   1.06588  
33549     33550     1.01937  
33606.3   33607.3   1.01534  
33620.2   33621.5   1.31022  
33635.9   33637.5   1.56403  
33642.8   33644     1.26687  
33683.5   33685     1.55356  
33692     33693.3   1.27119  
33700.6   33702     1.39363  
33708.9   33710.1   1.15366  
33716     33717.5   1.56359  
33754.6   33755.9   1.37366  
33766.7   33768.3   1.53219  
33784.5   33785.6   1.14034  
33798.9   33800.3   1.36003  
33806.8   33807.9   1.09216  
33832.6   33833.8   1.20516  
33851.5   33853     1.58544  
33864.5   33866.3   1.79638  
33870.9   33871.9   1.04475  
33877.3   33878.7   1.38319  
33901.9   33903.2   1.31406  
33908.6   33909.8   1.14837  
33923.1   33924.4   1.3075   
33932.3   33933.5   1.26584  
33944.4   33945.7   1.28188  
33952     33953.3   1.34191  
33967.3   33968.6   1.35106  
33969.9   33971.1   1.19303  
33974.4   33975.4   1.02137  
33982.6   33983.7   1.07909  
33986.3   33987.6   1.23247  
34012.8   34014     1.15616  
34018     34019.4   1.39847  
34026.4   34028.4   2.03566  
34062.7   34064.4   1.72528  
34082.7   34083.8   1.10381  
34087.6   34088.7   1.02672  
34095.3   34096.8   1.43584  
34107.4   34108.4   1.03778  
34113.6   34114.7   1.08953  
34126.5   34127.7   1.29438  
34129.7   34131.1   1.35431  
34135.8   34137.1   1.27669  
34139.2   34140.9   1.62959  
34148.3   34149.4   1.11116  
34173.9   34175.3   1.31603  
34184.9   34186.5   1.61722  
34199.5   34200.7   1.26131  
34219.7   34221     1.28178  
34233.8   34235.4   1.57941  
34245.6   34247     1.32731  
34248.3   34249.3   1.07203  
34260.7   34261.9   1.156    
34266.5   34267.6   1.02634  
34299     34300     1.09675  
34315     34316.4   1.37019  
34322.8   34324.1   1.33094  
34338.3   34339.7   1.40609  
34351.4   34352.5   1.17806  
34356.7   34357.9   1.19666  
34370.4   34371.4   1.01969  
34376.7   34377.7   1.07753  
34391.9   34393.4   1.55272  
34410.2   34411.5   1.29263  
34443.9   34445.4   1.48494  
34448.7   34450     1.23809  
34451.9   34453     1.12566  
34460.3   34461.5   1.19834  
34467.7   34468.8   1.07913  
34501.1   34502.5   1.38775  
34507.7   34509.1   1.3555   
34542.2   34543.8   1.63978  
34555.8   34556.9   1.09937  
34578.1   34579.3   1.205    
34584.5   34585.5   1.07384  
34612.8   34614     1.15375  
34630.6   34631.7   1.04584  
34637.1   34638.4   1.29178  
34641.2   34642.3   1.15831  
34645.3   34646.3   1.00766  
34653.7   34654.7   1.01622  
34659     34660     1.04456  
34686.3   34687.3   1.00925  
34703     34704.1   1.08025  
34710     34711.2   1.17375  
34738.4   34740.1   1.73188  
34741.9   34743     1.11481  
34751.1   34752.4   1.35397  
34755.2   34756.3   1.03784  
34764.1   34765.2   1.02556  
34770.1   34771.5   1.35891  
34794.2   34795.7   1.5225   
34813.7   34814.8   1.07047  
34819     34820.6   1.58566  
34830.6   34832     1.46659  
34861.3   34862.4   1.06316  
34863.3   34864.7   1.39413  
34879.9   34881.6   1.72494  
34898.4   34899.8   1.35956  
34906.8   34907.8   1.00234  
34912.1   34913.4   1.274    
34924.9   34926.5   1.57575  
34935.8   34937.2   1.42538  
34953.3   34954.4   1.07591  
34963.5   34964.8   1.25713  
34974.4   34975.4   1.05662  
34976     34977.1   1.09528  
34988.1   34989.1   1.00444  
34993.5   34994.6   1.15103  
34999.3   35000.4   1.10884  
35012.9   35014.3   1.37166  
35023.8   35024.9   1.09109  
35031.9   35033     1.04203  
35067.5   35068.7   1.1895   
35079     35080.5   1.4885   
35100.2   35101.8   1.58288  
35118.3   35119.4   1.13591  
35121.6   35122.7   1.19447  
35135     35136.3   1.37734  
35139.8   35140.9   1.01169  
35144.9   35146.3   1.31666  
35161.2   35162.7   1.52253  
35171.8   35173.1   1.22556  
35202.2   35203.5   1.24684  
35205.9   35207     1.12028  
35208.7   35209.8   1.09638  
35216.4   35217.9   1.45675  
35223.6   35224.7   1.13616  
35242.6   35243.6   1.03441  
35249.6   35251.7   2.08572  
35278.5   35280.2   1.64338  
35303     35304.3   1.23478  
35325.6   35326.8   1.15288  
35332.6   35334.2   1.59909  
35345.5   35346.5   1.01656  
35363.2   35364.3   1.12916  
35367.3   35369     1.65144  
35377     35378     1.05453  
35382.9   35384.3   1.33006  
35407.7   35409.2   1.53125  
35446.1   35447.6   1.42891  
35462.6   35463.7   1.04922  
35489.4   35490.8   1.35484  
35504.8   35505.9   1.07584  
35541.1   35542.2   1.18231  
35553.6   35554.8   1.19375  
35572.1   35573.1   1.01494  
35636.6   35638     1.43172  
35652.2   35653.3   1.16591  
35690.4   35691.4   1.01838  
35713.1   35714.5   1.41022  
35738.7   35739.9   1.13944  
35778.5   35779.9   1.32372  
35796.7   35798.4   1.64975  
35806.2   35807.3   1.06172  
35821.4   35822.7   1.29581  
35827.9   35829.1   1.15978  
35835.2   35836.4   1.17494  
35840.2   35841.4   1.15309  
35848.9   35849.9   1.02184  
35854.5   35855.9   1.33544  
35861.9   35863     1.11547  
35887.8   35888.9   1.09409  
35891.2   35892.5   1.30091  
35912.8   35913.8   1.09894  
35963.5   35964.9   1.33809  
35966.8   35968     1.15663  
35982.5   35983.8   1.29819  
35989.8   35991.2   1.38397  
35996.2   35997.4   1.14047  
36008.7   36009.8   1.19653  
36018.8   36019.9   1.14491  
36026.2   36028.2   2.02009  
36040.7   36042.1   1.47294  
36045.6   36046.9   1.29191  
36052.2   36053.2   1.01147  
36074.2   36075.4   1.29178  
36085.1   36086.5   1.33666  
36102.5   36103.5   1.01816  
36106.3   36107.5   1.21144  
36138.4   36139.6   1.18106  
36152.3   36153.3   1.072    
36168.6   36169.7   1.09447  
36182.6   36184.1   1.47578  
36189.7   36190.9   1.223    
36193.3   36194.5   1.16378  
36207.2   36208.3   1.05872  
36222.3   36223.8   1.42184  
36239.2   36240.3   1.12903  
36253.8   36254.9   1.03894  
36257.8   36258.9   1.06441  
36288.6   36289.9   1.27763  
36304.1   36305.4   1.36722  
36322.4   36324     1.63103  
36336.7   36337.8   1.12944  
36360.4   36361.5   1.04594  
36405.5   36408.8   3.31878  
36410     36411.2   1.20588  
36429.5   36430.9   1.34419  
36481.2   36482.3   1.07356  
36517.7   36519.3   1.56141  
36529.5   36530.6   1.06188  
36540.3   36541.5   1.17897  
36580.2   36582.1   1.86638  
36643.4   36644.7   1.30934  
36648.7   36649.8   1.1055   
36663.2   36664.4   1.19575  
36680.5   36682.3   1.79366  
36691.4   36692.9   1.51597  
36695     36696     1.01663  
36707.9   36709     1.04706  
36731.6   36732.7   1.08928  
36754.8   36756.6   1.81694  
36765.7   36766.9   1.23519  
36809.4   36811     1.64234  
36812.1   36813.4   1.25078  
36828.2   36829.4   1.20466  
36831.1   36832.2   1.08216  
36835.4   36836.5   1.0655   
36860     36861.7   1.65766  
36892     36893.6   1.59378  
36899.5   36900.9   1.4025   
36909.8   36911.7   1.87016  
36917.3   36918.4   1.08481  
36934.6   36935.7   1.15109  
36942.7   36943.8   1.05181  
36956.3   36957.8   1.54578  
36972.3   36973.8   1.56088  
36977.3   36978.9   1.57559  
36981.5   36982.6   1.07066  
36994.5   36995.8   1.27453  
37005.5   37006.6   1.0805   
37009.2   37010.3   1.04584  
37013.5   37014.8   1.26491  
37021.3   37022.4   1.10519  
37026     37027.4   1.43284  
37038.1   37039.5   1.42044  
37042.5   37043.7   1.17841  
37054.4   37055.4   1.02716  
37067.4   37068.6   1.17484  
37071.9   37073.1   1.25406  
37086     37087     1.00819  
37094.2   37095.3   1.16784  
37129.2   37130.3   1.07441  
37150.9   37152.2   1.2375   
37158.3   37159.4   1.13047  
37163     37164.2   1.25816  
37179.5   37180.5   1.04763  
37181.5   37182.5   1.03272  
37196.6   37197.7   1.1635   
37219.8   37221.1   1.30228  
37231.1   37232.2   1.1735   
37246.2   37247.5   1.34934  
37255.6   37256.6   1.00641  
37263.7   37264.8   1.08416  
37276.6   37278.1   1.46562  
37284     37285     1.00772  
37295.6   37296.9   1.26722  
37302.6   37303.8   1.15875  
37308.6   37309.6   1.02766  
37313.9   37315.4   1.54656  
37318.2   37319.5   1.27456  
37342.1   37343.1   1.06966  
37353.5   37355     1.47066  
37383.7   37385.2   1.48419  
37391.9   37393.3   1.37194  
37401.6   37402.9   1.31325  
37404.6   37405.9   1.23581  
37426.8   37427.9   1.18756  
37442.4   37443.5   1.08691  
37448.7   37450.9   2.22241  
37460.8   37462     1.24478  
37479.1   37480.5   1.39706  
37517.3   37518.5   1.16834  
37524.7   37526.3   1.60262  
37532.7   37533.8   1.08359  
37535.8   37536.9   1.00966  
37545.5   37546.7   1.20178  
37548.8   37550     1.11088  
37555.5   37557.1   1.56731  
37575.1   37576.1   1.09     
37576.9   37578.2   1.24444  
37582     37583.5   1.47716  
37590.8   37592     1.20897  
37595.2   37596.3   1.10281  
37598.9   37600.1   1.18263  
37621.6   37622.8   1.16791  
37627.3   37628.9   1.59628  
37633.1   37634.3   1.22603  
37639.7   37640.9   1.14716  
37647.8   37649.2   1.39706  
37655.4   37656.8   1.37144  
37657.9   37658.9   1.01841  
37662.7   37663.8   1.11975  
37665.8   37666.8   1.04866  
37678.2   37679.5   1.31578  
37698     37699.4   1.38122  
37709.5   37710.7   1.17575  
37715.4   37717.1   1.74697  
37726.6   37727.7   1.14494  
37752.9   37754     1.11244  
37783.1   37784.4   1.33862  
37808.1   37809.8   1.66569  
37814.6   37816     1.43653  
37822.7   37824.1   1.43775  
37835.3   37836.5   1.18694  
37838.2   37839.4   1.13925  
37842.6   37843.7   1.09916  
37852.3   37853.4   1.09903  
37863.6   37864.6   1.09106  
37882.3   37883.6   1.33428  
37888.2   37889.3   1.05572  
37912.4   37913.9   1.45331  
37923.1   37924.1   1.03672  
37925.8   37927.2   1.37394  
37929.8   37931.1   1.26081  
37940.6   37941.6   1.02034  
37942.2   37943.4   1.15197  
37948.9   37950     1.15791  
37967     37968.4   1.39097  
37972.4   37973.5   1.05588  
37978.3   37979.6   1.31734  
37981.4   37982.9   1.41881  
37988.5   37989.5   1.03188  
37991.9   37992.9   1.01534  
38003.1   38004.2   1.10972  
38016.2   38017.6   1.45006  
38020     38021.1   1.0535   
38029.8   38031     1.20913  
38034.2   38035.5   1.29675  
38046     38047.5   1.49522  
38054.1   38056.6   2.51153  
38072.1   38073.2   1.15263  
38094.1   38095.6   1.53241  
38102.8   38104.1   1.28984  
38111.2   38112.3   1.10269  
38118.6   38119.9   1.21959  
38138.9   38140.5   1.55662  
38146.6   38148.1   1.46291  
38199.3   38200.7   1.41644  
38212.2   38213.9   1.74034  
38243.4   38244.9   1.53244  
38267.8   38269.2   1.33413  
38292.6   38293.7   1.00666  
38309.1   38310.7   1.61859  
38320.6   38322.1   1.40984  
38329.7   38330.7   1.03403  
38342     38343     1.01756  
38371.8   38372.8   1.00922  
38378.3   38379.9   1.61322  
38393.4   38394.8   1.37831  
38410.3   38411.5   1.16775  
38427.8   38428.9   1.07594  
38431.7   38433.2   1.59194  
38501.3   38502.4   1.11994  
38525.4   38527     1.52553  
38540.4   38542.3   1.88878  
38561     38562.2   1.25022  
38577.4   38578.8   1.38672  
38596.7   38598.5   1.76575  
38605.4   38606.5   1.08747  
38609.5   38611.3   1.75044  
38618.7   38619.8   1.11638  
38626     38627.1   1.06684  
38629.6   38630.9   1.31838  
38639.8   38641.3   1.45044  
38652.1   38653.3   1.16775  
38654.1   38655.3   1.19056  
38666     38667.3   1.26788  
38673     38674     1.04141  
38674.9   38675.9   1.00188  
38697.1   38698.5   1.47356  
38705.5   38706.6   1.12381  
38708.6   38709.9   1.24838  
38712.1   38713.1   1.04238  
38723.7   38725.2   1.48913  
38735.3   38736.9   1.59641  
38749.2   38750.6   1.36975  
38763.6   38764.6   1.03191  
38769.8   38771.7   1.88138  
38777.4   38778.5   1.14059  
38787.8   38789.1   1.29659  
38793     38794     1.03716  
38802     38803.5   1.45184  
38807.2   38808.9   1.71316  
38819.9   38821.2   1.24603  
38828.4   38830     1.60556  
38834.2   38835.2   1.03728  
38844.8   38846.1   1.32069  
38850     38851.1   1.08453  
38855.6   38856.7   1.12662  
38871.9   38873.1   1.21663  
38882.1   38883.9   1.74997  
38889.8   38891.7   1.90906  
38897.7   38899     1.30412  
38915.9   38917.3   1.36719  
38922.3   38923.7   1.455    
38931     38932.3   1.31716  
38950     38951     1.06222  
38958.1   38959.2   1.09413  
38989.1   38990.2   1.12475  
39000.1   39001.3   1.14991  
39016.9   39018.2   1.28713  
39023.6   39024.7   1.09459  
39033.3   39034.5   1.15637  
39035.9   39038.4   2.55597  
39044.2   39045.5   1.22853  
39067.7   39069.1   1.41009  
39092.8   39094     1.21759  
39101.2   39102.8   1.59703  
39112.3   39113.7   1.44188  
39123     39124     1.05163  
39136     39137.2   1.14     
39163     39165.2   2.28438  
39172     39173.1   1.08794  
39174.4   39175.6   1.15413  
39186.3   39187.3   1.01425  
39215.9   39217.3   1.41791  
39221     39222.1   1.08975  
39233.4   39234.8   1.38522  
39241.1   39242.3   1.23144  
39252     39253.6   1.55019  
39271.1   39272.3   1.20784  
39282.1   39283.2   1.0725   
39284.9   39286.2   1.32225  
39294.2   39295.7   1.50044  
39313.5   39315.2   1.65541  
39333.4   39334.7   1.3085   
39347.9   39349.2   1.34681  
39359.3   39360.5   1.26591  
39363.4   39364.5   1.104    
39367     39368     1.06028  
39368.8   39369.9   1.0975   
39386     39387.2   1.23241  
39411.3   39412.5   1.18788  
39419.1   39421.4   2.3475   
39429     39430.2   1.24869  
39448.2   39449.4   1.22303  
39471.7   39472.8   1.10706  
39481.7   39483     1.30425  
39498.8   39500.1   1.31297  
39522.6   39523.6   1.03403  
39529.9   39531     1.18562  
39538.3   39540.3   1.98253  
39544.3   39545.4   1.10163  
39551.4   39552.7   1.33469  
39558.4   39560.1   1.72019  
39567.2   39568.4   1.22278  
39582.4   39583.6   1.22338  
39590.1   39591.1   1.01231  
39611.9   39613.3   1.47481  
39620     39621.3   1.27297  
39625.1   39626.3   1.1705   
39633.1   39634.2   1.05853  
39636.2   39637.7   1.59375  
39684     39685     1.03019  
39691.2   39692.4   1.21209  
39711.1   39712.5   1.39653  
39739.4   39740.5   1.09563  
