8.0245    9.04109   1.01659  
11.1201   14.9068   3.78672  
17.2965   19.9735   2.67706  
67.0929   68.4843   1.39134  
81.2101   82.2569   1.04678  
91.5197   92.5976   1.07794  
161.526   162.927   1.40147  
176.276   177.473   1.19744  
185.823   187.35    1.52728  
233.994   235.123   1.12881  
244.76    246.113   1.35288  
262.589   263.755   1.16625  
273.376   274.43    1.05416  
308.134   309.417   1.28313  
348.159   349.235   1.07597  
357.737   359.608   1.87103  
409.651   413.423   3.77203  
413.976   416.59    2.61369  
426.503   427.708   1.20541  
452.957   454       1.04259  
461.545   462.661   1.11609  
467.09    468.323   1.23266  
473.756   474.761   1.00575  
503.614   504.941   1.32706  
510.949   512.283   1.33416  
525.083   526.81    1.72669  
533.824   535.022   1.19813  
536.815   538.218   1.40331  
555.571   556.635   1.06444  
592.86    594.036   1.17538  
604.834   606.022   1.18791  
616.338   617.798   1.45925  
619.831   621.236   1.40478  
626.006   627.256   1.25019  
639.959   641.609   1.64991  
644.572   645.675   1.10322  
648.467   649.547   1.08016  
653.269   654.301   1.03209  
668.27    669.688   1.4185   
694.004   695.668   1.66422  
697.053   698.179   1.12594  
706.108   707.823   1.71528  
717.825   719.024   1.19834  
744.436   746.151   1.71531  
780.101   782.817   2.71519  
840.365   841.391   1.02691  
846.283   847.966   1.68372  
857.589   858.919   1.32984  
869.683   870.979   1.29563  
873.574   874.977   1.40241  
882.448   884.129   1.68066  
888.666   889.793   1.12731  
898.661   899.687   1.02678  
921.928   923.126   1.19709  
933.441   935.219   1.77769  
942.03    943.214   1.18456  
948.894   950.146   1.25191  
960.906   962.551   1.64512  
990.699   992.049   1.35     
994.332   995.528   1.19647  
997.934   999.5     1.56563  
1006.46   1007.47   1.00141  
1028.37   1029.51   1.13256  
1042.09   1043.26   1.16781  
1047.08   1048.26   1.17522  
1059.35   1060.77   1.42488  
1065      1066.24   1.23506  
1087.87   1089.15   1.27969  
1094.33   1096.06   1.73356  
1120.31   1121.68   1.37306  
1127.33   1128.48   1.15078  
1129.5    1130.89   1.38987  
1155.86   1157.12   1.25797  
1160.14   1161.25   1.10506  
1163.41   1164.5    1.09597  
1170.78   1171.92   1.14037  
1192.67   1193.89   1.21969  
1197.07   1198.39   1.31716  
1254.92   1256.62   1.69928  
1261.43   1262.46   1.02906  
1267.3    1268.37   1.06681  
1278.98   1280.51   1.52831  
1285.76   1287.29   1.53025  
1299.73   1300.97   1.23606  
1305.79   1307.42   1.63122  
1339.56   1341.18   1.62541  
1344.22   1345.38   1.15506  
1348.36   1349.9    1.54491  
1353.52   1354.79   1.27181  
1369.11   1370.18   1.0685   
1375.84   1377.58   1.74609  
1384.39   1385.55   1.16288  
1388.99   1390.42   1.43112  
1403.43   1404.44   1.004    
1411.45   1412.86   1.41163  
1414.06   1415.17   1.11563  
1418.28   1419.58   1.30091  
1430.8    1432.69   1.89663  
1437.2    1438.42   1.22256  
1439.47   1440.48   1.00916  
1443.82   1445.31   1.49591  
1461.67   1462.83   1.16084  
1468.29   1469.77   1.48084  
1484.34   1485.53   1.19169  
1487.63   1489.17   1.54147  
1493.11   1494.13   1.02328  
1496.32   1497.84   1.52316  
1499.15   1501.73   2.58078  
1509.02   1510.12   1.09622  
1512.36   1513.45   1.09238  
1521.09   1522.63   1.54313  
1529.2    1530.39   1.18878  
1539.54   1540.92   1.38234  
1545.4    1546.44   1.04241  
1562.48   1563.93   1.45613  
1568.51   1569.67   1.15306  
1577.2    1578.67   1.47297  
1583.69   1585      1.30756  
1601.57   1602.92   1.34928  
1609.03   1610.83   1.79212  
1620.84   1622.28   1.44116  
1641.03   1642.27   1.23634  
1645.93   1647.07   1.14141  
1650.23   1651.35   1.12103  
1651.92   1653.18   1.25375  
1658.43   1659.45   1.0255   
1664.69   1665.74   1.04778  
1668.22   1669.87   1.64503  
1676.8    1678.29   1.48691  
1688.93   1690.21   1.27487  
1693.61   1694.91   1.30256  
1703.09   1704.26   1.17444  
1709.07   1710.24   1.16819  
1729.04   1730.53   1.48381  
1733.27   1734.41   1.14106  
1744.44   1745.93   1.48944  
1750.2    1751.34   1.14222  
1754.76   1755.99   1.23713  
1761.35   1762.53   1.17888  
1767.29   1768.63   1.34728  
1771.93   1773.24   1.31253  
1777.98   1779.02   1.03947  
1784.16   1786.09   1.93456  
1808.76   1809.86   1.10756  
1843.76   1844.82   1.05947  
1848.28   1849.39   1.1085   
1850.87   1854.69   3.82628  
1855.64   1858.24   2.60072  
1876.53   1877.87   1.33966  
1905.28   1906.74   1.45875  
1925.77   1927.12   1.34566  
1948.08   1949.43   1.34797  
1967.68   1969.32   1.63297  
1976.47   1977.55   1.07491  
1988.09   1989.24   1.14634  
1995.99   1997.08   1.08869  
2006.99   2008.14   1.146    
2017.67   2019.08   1.40647  
2021.5    2022.63   1.13475  
2028.76   2029.77   1.01191  
2057.85   2059.25   1.39847  
2068.04   2069.14   1.10722  
2078.17   2079.63   1.46475  
2084.26   2085.44   1.17897  
2092.59   2094.23   1.64016  
2112.07   2113.17   1.09169  
2122.71   2123.9    1.19256  
2126.43   2127.48   1.05163  
2152.68   2153.8    1.12481  
2161.54   2162.78   1.23953  
2167.34   2168.54   1.20162  
2172.8    2173.87   1.06666  
2179.23   2180.29   1.05462  
2191.13   2192.22   1.09394  
2198.38   2199.54   1.15909  
2205.52   2206.58   1.05081  
2220.5    2221.74   1.24438  
2227.47   2229.01   1.54256  
2240      2241.24   1.23506  
2248.13   2250.84   2.71125  
2287.59   2288.69   1.09797  
2301.16   2303.02   1.85603  
2313.89   2315.39   1.50369  
2337.09   2338.35   1.25547  
2350.57   2351.68   1.11234  
2386.61   2388.04   1.42237  
2396.65   2397.8    1.15469  
2401.29   2402.61   1.32741  
2428.4    2430.05   1.65069  
2434.5    2437.13   2.63766  
2445.52   2446.54   1.01438  
2460.56   2461.64   1.08397  
2471.49   2472.6    1.11456  
2481.64   2482.88   1.24306  
2526.23   2528.94   2.7135   
2537.16   2538.25   1.09344  
2576.95   2578.61   1.65997  
2603.63   2604.69   1.06212  
2700.09   2701.11   1.02169  
2701.94   2704.72   2.78741  
2723.22   2724.68   1.46878  
2732.56   2733.91   1.35409  
2741.66   2742.83   1.17338  
2761.41   2762.61   1.20675  
2765.96   2767.09   1.1345   
2790.14   2791.3    1.16409  
2800.5    2801.78   1.27541  
2815.73   2817.16   1.43278  
2829.44   2830.49   1.05066  
2833.03   2834.16   1.13869  
2837.23   2838.58   1.34909  
2843.45   2844.9    1.44906  
2853.39   2854.56   1.17534  
2864.6    2865.9    1.29791  
2868.02   2869.37   1.35491  
2881.49   2882.69   1.19419  
2886.36   2887.48   1.11403  
2894.96   2896.09   1.13209  
2903.2    2904.53   1.33587  
2908.33   2909.4    1.06869  
2916.96   2920.9    3.93456  
2922.19   2924.96   2.77225  
2948.71   2950.08   1.36775  
2960.02   2961.46   1.442    
2968.97   2970.36   1.39169  
2980.1    2981.21   1.11719  
2994.12   2995.8    1.681    
3014.77   3015.84   1.07297  
3018.43   3019.63   1.20506  
3023.64   3025.24   1.59797  
3054.46   3055.65   1.19603  
3074.23   3076.81   2.58597  
3090.31   3091.53   1.22128  
3095.83   3097.22   1.38991  
3146.9    3148.05   1.15359  
3163.54   3164.89   1.34969  
3167.66   3168.76   1.10269  
3172.12   3173.48   1.35484  
3197.42   3198.6    1.17988  
3206.07   3207.43   1.35872  
3215.58   3216.87   1.28866  
3219.8    3221.66   1.86081  
3228.47   3229.88   1.41503  
3232.87   3233.9    1.02625  
3245.54   3246.84   1.30572  
3264.17   3265.54   1.37444  
3277.67   3279.08   1.4055   
3281.43   3282.6    1.17022  
3284.45   3285.5    1.05144  
3290.64   3291.7    1.06412  
3311.71   3313.26   1.54594  
3333.91   3335.4    1.48819  
3337.96   3339.2    1.24719  
3340.32   3341.34   1.02425  
3345.85   3347.32   1.47006  
3368.4    3369.64   1.24031  
3378.77   3379.95   1.17966  
3380.75   3381.93   1.17769  
3390.26   3392.05   1.78678  
3402.34   3403.54   1.20084  
3420.76   3421.79   1.02769  
3444.13   3445.56   1.43056  
3449.74   3452.37   2.63341  
3456.63   3457.75   1.11681  
3477.22   3478.28   1.05716  
3480.05   3481.45   1.39637  
3503.3    3505.27   1.96913  
3513.76   3515.3    1.54006  
3566.74   3567.8    1.05588  
3575.73   3576.81   1.07534  
3588.11   3589.3    1.18988  
3613.31   3614.66   1.34419  
3629.18   3630.19   1.00381  
3633.22   3635.84   2.61769  
3649.61   3650.89   1.27997  
3689.94   3691.07   1.13384  
3707.04   3708.1    1.06691  
3722.8    3724.49   1.68588  
3745.33   3746.55   1.21266  
3778.07   3779.08   1.01753  
3787.69   3789.41   1.72122  
3810.04   3811.3    1.25544  
3817.58   3818.73   1.14387  
3820.9    3822.53   1.62813  
3829.45   3830.57   1.11634  
3861.1    3862.99   1.89309  
3877.34   3878.69   1.35459  
3897.91   3899.2    1.28403  
3927.48   3928.51   1.03209  
3939.3    3940.51   1.20988  
3947.92   3949.16   1.24441  
3951.4    3952.54   1.13866  
3973.12   3975.84   2.72034  
3983.16   3984.33   1.16631  
3986.19   3987.58   1.38569  
3992.36   3993.39   1.03359  
4001.35   4002.66   1.30544  
4011.78   4012.87   1.08497  
4017.79   4018.99   1.20081  
4021.55   4023.43   1.87531  
4043.29   4044.66   1.37069  
4048.96   4050.35   1.38378  
4051.8    4053.1    1.30659  
4061.39   4062.52   1.1275   
4064.56   4065.83   1.26725  
4070.43   4071.81   1.38138  
4080.04   4081.92   1.87903  
4114.1    4115.37   1.27097  
4150.64   4151.69   1.04719  
4163.28   4164.44   1.16684  
4171.48   4173.22   1.74469  
4175.57   4176.65   1.08763  
4179.69   4181.16   1.464    
4185.83   4187.1    1.26731  
4203.88   4204.97   1.09587  
4224.38   4225.43   1.04566  
4228.86   4229.96   1.09825  
4238.23   4240.89   2.65603  
4250.56   4251.57   1.01166  
4279.66   4281.08   1.422    
4286.13   4287.7    1.57603  
4305.26   4306.83   1.57228  
4312.77   4314.05   1.28566  
4323.62   4324.86   1.24747  
4325.81   4327.74   1.92941  
4346.56   4349.19   2.63053  
4367.7    4369.05   1.34963  
4385.88   4387.85   1.96122  
4392.83   4394.15   1.32044  
4402.41   4403.83   1.41422  
4409.62   4410.76   1.14278  
4421.15   4422.77   1.62019  
4438.14   4439.18   1.04319  
4440.43   4441.98   1.54675  
4467.37   4468.51   1.13269  
4473.19   4474.75   1.56416  
4520.92   4522.06   1.13956  
4541.67   4542.94   1.27294  
4553.53   4554.82   1.29075  
4572.91   4574.42   1.508    
4580.51   4582.02   1.50984  
4591.8    4592.83   1.03344  
4606.22   4607.53   1.30509  
4621.41   4622.58   1.17797  
4631.04   4632.56   1.52091  
4655.66   4657.4    1.74519  
4665.95   4667.24   1.2925   
4670.53   4672.33   1.79453  
4683.31   4687.06   3.747    
4688.42   4691.03   2.60891  
4758.5    4760.32   1.82319  
4776.3    4778.08   1.78231  
4783.4    4785.08   1.68791  
4791.55   4792.91   1.361    
4798.55   4800.14   1.58819  
4806.85   4808.42   1.57334  
4820.64   4821.91   1.27706  
4829.63   4831.03   1.39841  
4835.21   4836.62   1.41541  
4839.92   4841.03   1.1035   
4844.98   4846.77   1.78703  
4853.09   4854.62   1.52956  
4864.38   4865.41   1.03044  
4868.03   4869.37   1.33841  
4894.6    4896.36   1.76056  
4899.51   4900.71   1.20056  
4906.66   4907.92   1.26066  
4922.27   4923.41   1.14231  
4924.79   4925.87   1.07787  
4934.14   4935.4    1.26038  
4941.3    4942.94   1.64022  
4954.74   4955.96   1.21706  
4980.45   4981.61   1.16078  
5050.47   5051.57   1.09975  
5057.9    5059.15   1.25338  
5060.5    5062.11   1.61647  
5111.19   5112.51   1.31809  
5126.65   5127.68   1.02341  
5167.52   5168.56   1.04188  
5198.96   5200.84   1.88219  
5210.48   5211.53   1.05188  
5214.83   5216.01   1.1755   
5220.66   5222.49   1.83903  
5225.35   5226.4    1.0585   
5231.42   5232.71   1.28484  
5235.69   5237.37   1.67053  
5240.59   5241.89   1.30434  
5244.87   5246.01   1.14112  
5249.45   5250.53   1.08709  
5255.75   5257.01   1.25453  
5266      5267.49   1.48447  
5276.46   5277.59   1.12291  
5287.05   5288.25   1.19825  
5294.06   5295.53   1.47037  
5323.72   5325.23   1.50556  
5340.29   5342.03   1.74472  
5346.85   5348.12   1.26666  
5355.53   5356.62   1.08503  
5360.9    5362.63   1.73306  
5373.83   5375.05   1.21291  
5406.62   5407.81   1.18972  
5410.12   5411.23   1.11122  
5419.17   5420.38   1.20919  
5421.66   5423.21   1.54991  
5438.92   5440.86   1.93303  
5452.97   5454.59   1.62294  
5467.16   5468.24   1.08641  
5477.83   5479.01   1.18103  
5499.46   5500.54   1.08281  
5520      5521.66   1.65706  
5562.56   5564.07   1.50759  
5572.79   5574.37   1.58059  
5577.9    5579.14   1.24381  
5588.34   5589.62   1.28337  
5592.89   5594.04   1.15556  
5597.37   5598.51   1.13791  
5606.51   5608.14   1.62787  
5611.04   5612.23   1.19628  
5615.2    5616.34   1.14631  
5617.62   5618.75   1.13106  
5626.57   5627.65   1.0785   
5628.42   5629.79   1.36734  
5631.89   5633.01   1.11603  
5638.96   5640.57   1.60641  
5645.42   5646.6    1.18472  
5667.65   5668.96   1.30784  
5673.32   5674.79   1.46472  
5679.09   5680.37   1.27519  
5682.01   5683.16   1.15463  
5687.97   5689.56   1.59006  
5702.24   5703.62   1.37853  
5718.5    5719.64   1.13637  
5726.44   5727.66   1.22709  
5738.34   5739.54   1.19928  
5741.05   5742.55   1.50234  
5762.54   5763.59   1.04453  
5765.48   5767.04   1.55481  
5776.62   5778.38   1.76406  
5781.43   5782.55   1.12138  
5788.55   5789.91   1.36531  
5795.43   5796.68   1.24509  
5800.6    5801.72   1.11803  
5815.34   5816.6    1.26266  
5821.92   5823.27   1.34478  
5827.42   5828.49   1.06888  
5835.66   5837.43   1.77566  
5850.24   5852.87   2.62853  
5876.88   5877.91   1.03256  
5929.38   5930.4    1.01722  
5947.56   5948.63   1.06541  
5993.16   5994.85   1.68213  
6040.43   6041.53   1.10356  
6064.49   6065.64   1.15081  
6106.28   6107.46   1.17825  
6132.87   6134.85   1.98272  
6142.01   6143.08   1.06434  
6161.29   6162.85   1.55847  
6167.11   6168.48   1.37191  
6178.53   6180.11   1.57466  
6185.98   6187.09   1.112    
6193.98   6195.17   1.19063  
6218.69   6219.87   1.17809  
6242.89   6244.63   1.74116  
6254.56   6255.78   1.22275  
6258.77   6259.99   1.22009  
6265.92   6267.47   1.55306  
6272.82   6273.9    1.07719  
6296.22   6297.75   1.52769  
6319.22   6320.66   1.4385   
6327.84   6328.89   1.0475   
6369.83   6371.45   1.62397  
6377.83   6378.95   1.12056  
6387.17   6388.71   1.53816  
6400.62   6401.69   1.06747  
6406.91   6408.12   1.20312  
6423.15   6424.16   1.00603  
6440.89   6441.91   1.02241  
6447.49   6448.71   1.21547  
6456.28   6457.35   1.06806  
6460.06   6461.37   1.30337  
6482.48   6483.86   1.38131  
6488.86   6489.94   1.08125  
6508.93   6510.95   2.01841  
6517.61   6518.64   1.02819  
6528.96   6530.12   1.16294  
6534.94   6536.61   1.66806  
6578.88   6580.15   1.26972  
6622.33   6623.49   1.1605   
6669.78   6671.2    1.41263  
6678.45   6679.56   1.10819  
6703.79   6704.8    1.01456  
6716.54   6717.62   1.07634  
6719.18   6720.49   1.31781  
6727.65   6729.37   1.7165   
6733.59   6735.02   1.42538  
6740.72   6741.73   1.01206  
6742.66   6743.75   1.08513  
6747.63   6749.01   1.38112  
6756.91   6757.96   1.04984  
6762.88   6764.27   1.3915   
6779.48   6780.92   1.44025  
6794.31   6795.78   1.46772  
6799.37   6800.57   1.20903  
6803.2    6804.25   1.05363  
6809.2    6810.33   1.13244  
6814.38   6815.63   1.24741  
6832.31   6833.73   1.41797  
6859.52   6860.91   1.38522  
6868.21   6869.85   1.64241  
6887.45   6889.35   1.89653  
6894.6    6895.76   1.1555   
6918.03   6919.31   1.28534  
6929.22   6930.25   1.03163  
6933.43   6934.88   1.45109  
6936.73   6938.31   1.57769  
6948.89   6950.42   1.53128  
6954.14   6955.77   1.63375  
6967.12   6968.16   1.04222  
6998.91   7000.2    1.29337  
7004.91   7005.98   1.07163  
7015.38   7016.59   1.21294  
7020.02   7021.78   1.75644  
7030.3    7031.78   1.4865   
7055.11   7056.88   1.76634  
7061.44   7062.65   1.21509  
7068.68   7070.1    1.42222  
7071.9    7073.14   1.24119  
7074.75   7075.9    1.14222  
7087.04   7088.14   1.09875  
7093.93   7094.94   1.00828  
7098.2    7099.5    1.29106  
7107.46   7108.85   1.38666  
7115.94   7118.75   2.80947  
7155.87   7157.15   1.28397  
7162.43   7163.69   1.26203  
7173.84   7175.04   1.19844  
7199.13   7200.5    1.36841  
7224.63   7225.64   1.00878  
7239.51   7241.14   1.62416  
7262.39   7263.4    1.00266  
7289.71   7291.22   1.5065   
7302.99   7304.2    1.2095   
7318.46   7319.51   1.04619  
7328.08   7329.41   1.32672  
7337.76   7339.07   1.31219  
7353.47   7354.52   1.05528  
7355.7    7356.79   1.08944  
7384.97   7385.99   1.02119  
7409.52   7410.57   1.04856  
7418.22   7419.54   1.31672  
7421.57   7422.63   1.06972  
7426.46   7427.98   1.52441  
7428.68   7429.76   1.08841  
7433.55   7434.63   1.08869  
7435.68   7436.7    1.02441  
7438.35   7440.06   1.70697  
7459.94   7461.5    1.55331  
7465.23   7466.33   1.09909  
7489.1    7490.9    1.79722  
7498.46   7500.03   1.57334  
7506.73   7507.93   1.20422  
7515.43   7516.58   1.14778  
7530.3    7531.66   1.36     
7538.77   7540.43   1.66034  
7548.45   7549.6    1.14966  
7562.02   7563.37   1.35078  
7567.82   7569.29   1.46516  
7578.42   7579.63   1.21131  
7583.16   7584.49   1.32634  
7586.44   7587.56   1.12131  
7615.41   7616.58   1.17316  
7648.26   7649.33   1.07241  
7654.19   7655.5    1.31513  
7663.03   7664.17   1.13688  
7675.03   7676.03   1.00734  
7733.7    7734.94   1.24138  
7762.71   7764      1.29222  
7785.34   7786.38   1.03959  
7807.63   7808.96   1.32913  
7817.65   7818.98   1.33116  
7833.95   7835.78   1.82822  
7850.93   7852.2    1.2695   
7858.95   7860.13   1.18222  
7866.11   7867.16   1.05294  
7870.34   7871.41   1.07709  
7874.06   7875.4    1.34428  
7900.33   7901.89   1.56153  
7914.62   7916.44   1.81337  
7927.04   7928.06   1.02266  
7933.38   7934.52   1.13547  
7939.29   7940.51   1.21184  
7943.64   7944.95   1.30844  
7951.49   7952.94   1.45209  
7958.71   7959.85   1.13625  
7961.86   7962.95   1.08419  
7969.57   7971.05   1.47878  
7980.75   7981.82   1.07606  
7984.81   7986.05   1.23744  
7991.99   7993.09   1.10134  
7996.71   7997.89   1.18678  
8005.48   8006.8    1.31525  
8017.8    8018.86   1.05709  
8021.32   8022.54   1.22013  
8048.66   8049.93   1.26641  
8055.89   8056.98   1.09175  
8062.84   8064.18   1.34731  
8067.11   8068.36   1.24538  
8070.16   8071.5    1.33853  
8082      8083.13   1.13038  
8083.82   8086.56   2.73894  
8125.64   8126.78   1.14269  
8153.15   8154.21   1.05556  
8156.69   8158.07   1.38444  
8175.24   8176.56   1.32191  
8196.62   8197.67   1.04384  
8203.32   8204.73   1.40909  
8221.68   8223.12   1.44269  
8234.96   8236      1.03878  
8250.37   8251.57   1.19956  
8286.67   8288.17   1.50344  
8291.97   8293      1.03663  
8300.67   8302      1.33409  
8314.16   8315.37   1.21522  
8331.07   8332.34   1.26931  
8361.94   8363.51   1.56062  
8374.93   8376.35   1.42266  
8393.61   8394.83   1.21984  
8421.02   8422.07   1.04725  
8425.41   8426.49   1.08809  
8430.48   8431.92   1.43681  
8454.82   8456.09   1.27559  
8466.81   8468.01   1.20547  
8479.42   8480.42   1.00378  
8487.58   8489.12   1.53575  
8491.44   8492.55   1.10659  
8503.87   8504.99   1.11816  
8548.13   8549.51   1.38319  
8556.85   8558.16   1.315    
8561.14   8562.32   1.18272  
8578.75   8580.17   1.42069  
8596.55   8598.07   1.51991  
8598.77   8600.04   1.27612  
8607.01   8608.18   1.17706  
8630.38   8631.8    1.41553  
8635.29   8636.3    1.01006  
8636.9    8638.12   1.21966  
8662.13   8663.62   1.48203  
8664.87   8666.08   1.21034  
8678.3    8679.31   1.0155   
8698.45   8699.59   1.13669  
8704.87   8706.29   1.42884  
8715.63   8716.81   1.18241  
8718.15   8719.2    1.05391  
8753.22   8754.4    1.18403  
8758.06   8759.3    1.24028  
8763.72   8764.98   1.26075  
8772.19   8773.3    1.10909  
8786.93   8788.18   1.25887  
8788.9    8791.61   2.71153  
8816.91   8817.96   1.05619  
8825.79   8826.81   1.01106  
8832.36   8833.46   1.10181  
8902.93   8904.18   1.24619  
8909.8    8910.85   1.05478  
8939.85   8941.2    1.34553  
8958.83   8959.84   1.01031  
8965.68   8967.07   1.38491  
8976.95   8978.41   1.45406  
8983.45   8984.49   1.04069  
8987.09   8988.45   1.36084  
9000.63   9001.93   1.29375  
9003.83   9004.88   1.04853  
9057.9    9059.2    1.29216  
9067.2    9068.54   1.34325  
9069.5    9070.61   1.11572  
9081.39   9082.49   1.09566  
9093.07   9094.48   1.40597  
9105.19   9106.61   1.4205   
9109.92   9111.61   1.68166  
9143.86   9145.03   1.16784  
9171.46   9172.64   1.18516  
9182.96   9184.46   1.50566  
9190.71   9191.87   1.16888  
9211.31   9212.65   1.33328  
9219.05   9220.26   1.20959  
9240.23   9241.95   1.72613  
9246.2    9247.26   1.05244  
9260.6    9262.11   1.50791  
9301.99   9303.12   1.12816  
9305.12   9306.31   1.18903  
9311.51   9312.88   1.37069  
9319.15   9320.63   1.47475  
9322.51   9324.27   1.76481  
9364.46   9365.99   1.52303  
9373.97   9375.08   1.10372  
9388.95   9389.95   1.00894  
9399.93   9401.29   1.35822  
9407.28   9408.4    1.11647  
9414.96   9416.1    1.13759  
9422.97   9424.29   1.32231  
9443.72   9445.43   1.71734  
9449.61   9450.84   1.23178  
9475.85   9476.93   1.08206  
9487.05   9488.98   1.93756  
9506.02   9507.21   1.18959  
9514.63   9515.86   1.22253  
9518.89   9520.07   1.17834  
9531.88   9533.23   1.35491  
9536.09   9537.39   1.30053  
9551.24   9552.36   1.12509  
9556.98   9558.37   1.39025  
9563.57   9564.83   1.26094  
9567.42   9568.43   1.00388  
9584.14   9585.66   1.52559  
9601.21   9602.27   1.06059  
9613.98   9615.68   1.69891  
9621.52   9622.61   1.0945   
9637.09   9638.41   1.31534  
9643.84   9645.15   1.31088  
9681.97   9683.35   1.38128  
9690.84   9691.88   1.04588  
9716.93   9718.1    1.16656  
9727.03   9728.12   1.08475  
9756.01   9757.62   1.60797  
9780.12   9781.44   1.31766  
9826.66   9828      1.33341  
9833.1    9834.86   1.76003  
9849.78   9850.87   1.09391  
9855.73   9856.88   1.14966  
9872.53   9874.08   1.5455   
9887.57   9888.58   1.01456  
9903.61   9905.16   1.55363  
9911.99   9913.42   1.43216  
9919.26   9920.44   1.17178  
9942.91   9944.41   1.50019  
9951.85   9953.16   1.31006  
9957.29   9958.42   1.12972  
9964.93   9966.32   1.38941  
9974.16   9975.23   1.07378  
9982.16   9983.23   1.07153  
9985.54   9988.17   2.63266  
9998.07   9999.39   1.32766  
10006.3   10007.3   1.00791  
10011.1   10012.5   1.39144  
10038.7   10040.2   1.52806  
10046.3   10047.6   1.34009  
10051.7   10053.2   1.46816  
10070     10071.1   1.16972  
10073.2   10074.4   1.25116  
10094.1   10095.1   1.04959  
10099.2   10100.6   1.48928  
10112.9   10114.1   1.10322  
10122.2   10123.4   1.23938  
10136.5   10138     1.47194  
10143.1   10145.2   2.11963  
10156.3   10157.4   1.07753  
10164.3   10165.4   1.06606  
10168.9   10170.1   1.17925  
10193     10194.4   1.42472  
10220.9   10222.3   1.42188  
10224.2   10225.2   1.04403  
10255.2   10256.5   1.29184  
10271.7   10273     1.252    
10305.9   10307.6   1.70762  
10320.1   10322.7   2.59638  
10342.2   10343.2   1.05403  
10349.4   10350.5   1.13744  
10356.3   10357.4   1.10409  
10386.6   10387.6   1.04631  
10392.4   10393.5   1.01284  
10455.8   10456.8   1.009    
10460.3   10461.4   1.13975  
10464.2   10465.9   1.69003  
10474.3   10476     1.69606  
10478.7   10479.8   1.05247  
10496.9   10498.2   1.348    
10502.4   10505.1   2.73772  
10548.3   10549.5   1.25116  
10557.7   10559     1.22881  
10601.4   10602.5   1.13681  
10606.2   10607.3   1.18559  
10612.3   10613.5   1.22378  
10617.2   10618.5   1.34331  
10625.3   10626.6   1.2675   
10638.3   10640.1   1.82628  
10649     10650.2   1.18938  
10659.9   10661.1   1.26022  
10672.4   10674     1.62394  
10692.2   10693.9   1.68088  
10695.5   10696.6   1.11681  
10701.4   10702.8   1.37759  
10704.7   10705.7   1.02706  
10708.1   10709.6   1.54319  
10718.3   10719.5   1.22616  
10721.4   10722.6   1.14156  
10745.2   10746.7   1.46059  
10751.7   10753     1.22319  
10755.1   10756.4   1.31262  
10762.1   10763.3   1.25903  
10769.7   10771     1.26847  
10781.2   10782.2   1.08403  
10795.3   10796.4   1.09334  
10799.6   10800.7   1.112    
10801.8   10803.3   1.50094  
10806.5   10807.5   1.03059  
10809.6   10810.8   1.16778  
10814.3   10815.8   1.51806  
10819.4   10820.7   1.318    
10833.6   10834.8   1.16969  
10841.4   10842.8   1.37856  
10854     10855.9   1.92288  
10871     10872.7   1.65356  
10881.4   10882.4   1.01247  
10888.1   10889.4   1.31125  
10892.5   10893.6   1.07606  
10902.7   10903.9   1.12381  
10916     10917.4   1.32653  
10926.3   10927.7   1.38994  
10934.8   10936.6   1.86381  
10951.2   10952.2   1.01041  
10963.8   10965.3   1.57209  
10973.2   10974.5   1.26625  
10980.5   10981.7   1.27347  
10989.1   10990.2   1.09016  
10996.4   10998.1   1.71369  
11005.7   11006.7   1.02887  
11019.1   11020.7   1.61219  
11025.9   11027.3   1.32659  
11030.7   11032.3   1.57634  
11034.9   11036.1   1.19072  
11059.5   11060.7   1.25528  
11081.8   11083.2   1.44556  
11091.9   11093.6   1.68609  
11097.8   11099.5   1.62119  
11118.4   11119.8   1.43975  
11122.5   11123.8   1.22656  
11135     11136.2   1.20806  
11139.4   11140.5   1.05444  
11144.9   11146     1.09088  
11149.8   11150.9   1.12072  
11161.2   11162.6   1.33187  
11169     11170.4   1.40916  
11176.5   11178     1.53913  
11181.6   11184.4   2.82778  
11211.8   11213.3   1.52941  
11245.4   11246.8   1.42188  
11254.9   11256     1.094    
11263.6   11265.5   1.95022  
11302.6   11304.4   1.80478  
11343     11344.9   1.84394  
11346.6   11350.3   3.72066  
11351.3   11353.9   2.5905   
11369.8   11371     1.24634  
11376.1   11377.8   1.63509  
11413.1   11414.4   1.34525  
11421.8   11423.1   1.28422  
11428.2   11430     1.76022  
11432.4   11433.7   1.34822  
11472.9   11474     1.03347  
11515.2   11517.4   2.22063  
11521.3   11522.4   1.13678  
11550.5   11552     1.48406  
11552.8   11553.9   1.12825  
11556.6   11557.8   1.14894  
11562.1   11563.5   1.37344  
11569.9   11571.2   1.37803  
11599.4   11600.8   1.46706  
11609.1   11610.5   1.42628  
11646.3   11647.5   1.21581  
11671.7   11673.1   1.46419  
11693.5   11696.2   2.65437  
11702.6   11704.4   1.78594  
11707.9   11708.9   1.00116  
11716.7   11718.2   1.55819  
11731.7   11733.1   1.47116  
11736.3   11737.3   1.05234  
11739.6   11740.9   1.22625  
11747.3   11749.1   1.76722  
11754.5   11756     1.47659  
11762     11763.9   1.86384  
11779     11780.1   1.06134  
11788.4   11790.3   1.90606  
11793.7   11794.9   1.22581  
11796.2   11797.6   1.37644  
11808.2   11809.5   1.29319  
11811.2   11812.3   1.03728  
11814.3   11815.5   1.16897  
11822.9   11824.1   1.19591  
11836.4   11837.8   1.43744  
11840.7   11842     1.27188  
11846.2   11847.6   1.37672  
11849.7   11851.2   1.51728  
11859.2   11860.8   1.53306  
11863.6   11865.4   1.80191  
11870.1   11871.9   1.78212  
11876.9   11878.7   1.83922  
11881.4   11882.9   1.48003  
11883.4   11884.6   1.14297  
11892.7   11895.4   2.69653  
11908.5   11910.1   1.58475  
11913.7   11914.9   1.11409  
11917.1   11918.2   1.06563  
11925.6   11927.1   1.46466  
11930.7   11931.8   1.12559  
11934.6   11935.7   1.15469  
11940.5   11941.6   1.14263  
11945     11946.7   1.73075  
11951.1   11952.3   1.18928  
11956.9   11958.3   1.46119  
11960.1   11961.3   1.22341  
11963     11964.6   1.59497  
11969.3   11970.3   1.0265   
11987.6   11989.2   1.65716  
11991.3   11992.6   1.26069  
11996.6   11997.9   1.24966  
12008.8   12010.3   1.50322  
12020     12021.1   1.10306  
12037.4   12038.5   1.06581  
12047.2   12048.7   1.56925  
12053.9   12055.7   1.76028  
12060.5   12061.7   1.14653  
12063.8   12065     1.20244  
12069.7   12071.1   1.41241  
12072.1   12073.3   1.15144  
12074.9   12076.1   1.19044  
12089.3   12090.9   1.57819  
12100.2   12102     1.87031  
12126     12127.1   1.11059  
12148.2   12149.3   1.09031  
12162.5   12164.6   2.11803  
12168     12169.6   1.62344  
12174.6   12175.7   1.13384  
12179.4   12180.4   1.01628  
12181     12182.5   1.54284  
12198.1   12199.7   1.65156  
12205.9   12208.6   2.70447  
12243.2   12245.2   2.00706  
12250.2   12251.7   1.47581  
12258     12259     1.08613  
12270     12271.5   1.42578  
12275.1   12276.4   1.27012  
12277.1   12278.6   1.42153  
12290.8   12292     1.26725  
12303.8   12305.5   1.68847  
12317     12318.5   1.49597  
12331.6   12333.1   1.48713  
12335.3   12336.6   1.3125   
12338.3   12339.5   1.23438  
12356.8   12358.3   1.43962  
12381.8   12383     1.25131  
12390.7   12392.6   1.93325  
12402.1   12403.9   1.79844  
12407.3   12408.6   1.32591  
12427     12428.8   1.74778  
12434.6   12436     1.39541  
12437.7   12438.7   1.03141  
12441     12442.3   1.26169  
12443.9   12445     1.15888  
12449     12450.7   1.74356  
12456.7   12458.2   1.49378  
12460.9   12462     1.05369  
12462.7   12463.8   1.13153  
12467.2   12468.6   1.34825  
12470.3   12471.6   1.32378  
12477.4   12478.4   1.01988  
12485.3   12486.4   1.09319  
12508.4   12510     1.56012  
12517.5   12519.4   1.83491  
12528     12530.1   2.03369  
12539.7   12541.2   1.51084  
12542.7   12544     1.306    
12546.7   12547.7   1.01947  
12572.4   12574     1.5585   
12576.9   12578.4   1.51191  
12585.8   12586.9   1.01209  
12587.6   12588.7   1.06141  
12590.7   12591.9   1.18013  
12600.5   12602.1   1.55316  
12609.6   12610.6   1.05478  
12618.3   12621     2.65413  
12630.5   12631.6   1.04297  
12641.8   12643.5   1.70347  
12650.2   12651.3   1.13766  
12661.9   12663.5   1.60122  
12676.9   12678.4   1.44994  
12681     12682.1   1.06388  
12687.2   12688.5   1.30722  
12693.3   12694.8   1.55178  
12699.1   12700.3   1.158    
12701.7   12702.9   1.14288  
12705.9   12706.9   1.03759  
12709.7   12711     1.33719  
12713     12714.2   1.22141  
12715.5   12716.7   1.23034  
12721.7   12722.7   1.0465   
12723.4   12724.6   1.16128  
12725.8   12726.8   1.00412  
12729.4   12730.9   1.44709  
12733.3   12734.8   1.51513  
12758.4   12759.5   1.12575  
12760.5   12762     1.43994  
12775     12776.6   1.54575  
12779.4   12781.2   1.83519  
12786.7   12787.7   1.00038  
12793     12794.7   1.72169  
12799.6   12801.7   2.10906  
12813.7   12815.6   1.92703  
12831.1   12832.2   1.1295   
12835.2   12836.5   1.33266  
12841.3   12842.8   1.51741  
12847.1   12848.4   1.21631  
12853     12854.3   1.29369  
12855.1   12856.8   1.65394  
12861.2   12862.4   1.17634  
12866.3   12868.5   2.27988  
12872.1   12873.6   1.50778  
12875.6   12877.4   1.80494  
12879.9   12881.5   1.56791  
12884.9   12886.6   1.64566  
12887     12888.2   1.18534  
12892.2   12893.9   1.66178  
12895.7   12897.1   1.382    
12899.2   12900.6   1.4045   
12901.3   12904     2.68044  
12913.5   12915     1.46959  
12925.5   12926.9   1.38872  
12937.5   12938.7   1.24025  
12939.4   12940.6   1.20169  
12943.4   12944.6   1.24769  
12946.7   12948.5   1.78259  
12953.7   12955.3   1.61456  
12957     12958.1   1.053    
12964.3   12965.4   1.09294  
12967.6   12969.7   2.10066  
12974.7   12975.9   1.22362  
12977     12980.6   3.66391  
12988.3   12989.5   1.14509  
12993.2   12994.2   1.02619  
12996.3   12997.9   1.65816  
13008.5   13009.5   1.03166  
13017.4   13018.5   1.09669  
13036.6   13041.8   5.23203  
