0         1.54341   1.54341  
8.01916   11.1318   3.11266  
11.9291   15.0358   3.10663  
15.5186   16.8217   1.30306  
65.0387   66.1205   1.08178  
67.6413   69.0625   1.42122  
91.3688   92.7491   1.38025  
95.7205   96.766    1.04553  
115.732   116.96    1.22853  
148.47    149.893   1.42322  
163.8     165.091   1.29163  
177.523   178.608   1.08434  
185.547   186.602   1.05412  
191.959   193.406   1.44738  
200.846   202.041   1.1955   
207.546   208.571   1.02447  
219.912   221.053   1.14122  
232.841   234.124   1.28287  
236.655   237.769   1.11391  
239.305   240.734   1.42888  
263.811   264.951   1.14025  
268.585   269.661   1.07587  
303.512   304.839   1.32622  
328.48    329.971   1.49056  
360.485   361.708   1.22284  
379.946   381.03    1.08416  
384.729   385.766   1.03713  
393.067   394.356   1.28897  
405.8     406.995   1.19519  
432.136   433.643   1.50612  
440.965   442.163   1.19725  
445.783   446.896   1.11316  
478.867   479.893   1.02541  
495.327   496.379   1.05125  
500.596   501.727   1.13094  
508.572   509.601   1.02909  
528.037   529.302   1.26481  
541.199   542.316   1.11734  
556.713   557.733   1.01994  
575.087   576.753   1.66597  
583.179   584.279   1.09922  
590.084   591.143   1.05891  
591.854   593.067   1.21309  
636.806   638.138   1.33166  
664.086   665.246   1.15981  
667.816   669.095   1.279    
677.36    678.457   1.09722  
688.225   689.24    1.01459  
700.576   704.76    4.18431  
706.24    708.37    2.13013  
760.542   761.672   1.12987  
798.916   800.273   1.35781  
803.474   804.653   1.17863  
808.267   809.276   1.00831  
833.828   834.889   1.06041  
865.068   866.07    1.00162  
886.586   888.111   1.5255   
903.302   904.475   1.17312  
933.529   934.839   1.31     
947.964   949.513   1.54947  
958.84    960.352   1.51219  
978.162   979.715   1.55316  
992.176   993.746   1.57056  
1015.67   1017.02   1.35359  
1030.29   1031.53   1.24063  
1041.9    1043.26   1.35391  
1066.41   1067.83   1.42622  
1070.93   1072.2    1.26859  
1088      1089.08   1.07803  
1127.95   1129.84   1.88234  
1154.67   1156.34   1.66587  
1160.23   1161.77   1.53816  
1177.79   1179.43   1.64566  
1202.83   1203.92   1.08575  
1225.43   1227.31   1.8755   
1262.13   1263.21   1.08006  
1300.57   1301.65   1.07294  
1318.17   1319.51   1.34166  
1324.56   1325.71   1.14556  
1329.11   1330.41   1.29878  
1332.87   1334.3    1.43053  
1344.53   1345.77   1.24484  
1349.67   1350.91   1.23375  
1356.87   1359.93   3.05744  
1423.28   1424.94   1.65897  
1457.76   1459.13   1.36888  
1499.63   1500.86   1.22684  
1512.51   1513.88   1.36862  
1515.72   1516.97   1.24653  
1524.85   1526.2    1.34922  
1533.08   1534.1    1.02269  
1544.7    1545.97   1.26794  
1575.15   1576.93   1.78269  
1584.27   1585.45   1.18056  
1609.3    1610.53   1.22422  
1629.75   1631.29   1.53459  
1636.71   1638.02   1.30747  
1640.05   1641.24   1.19294  
1645.81   1646.86   1.05156  
1657.45   1658.66   1.21403  
1665.21   1666.75   1.545    
1673.5    1674.8    1.29528  
1677.4    1679.33   1.93263  
1833.04   1834.15   1.11316  
1858.75   1859.93   1.18162  
1869.49   1870.87   1.38559  
1888.35   1889.39   1.04028  
1915.44   1916.51   1.07022  
1919.53   1920.78   1.25297  
1950.58   1951.79   1.20469  
1956.15   1957.35   1.20128  
1959.14   1960.25   1.11122  
1968.79   1970.11   1.31659  
1972.55   1973.84   1.29409  
1982.19   1983.44   1.24962  
1988.14   1989.16   1.01994  
2001.88   2003.37   1.48847  
2008.98   2010.07   1.09266  
2021.28   2022.33   1.05341  
2049.3    2050.4    1.09422  
2054.44   2055.55   1.11019  
2077.15   2078.71   1.55856  
2092.47   2094.26   1.79419  
2119.97   2121.19   1.21872  
2132.63   2134.23   1.59625  
2151.84   2152.93   1.09084  
2154.48   2155.54   1.06288  
2163.35   2164.88   1.52884  
2171      2172.64   1.63994  
2174.39   2175.41   1.02     
2182.29   2183.63   1.33819  
2186.2    2187.26   1.05619  
2195.01   2196.24   1.22837  
2218.89   2220.28   1.38934  
2227.67   2228.81   1.13456  
2230.65   2231.79   1.13859  
2242.25   2243.46   1.21175  
2256.04   2257.12   1.0755   
2259.68   2260.69   1.00925  
2300.72   2301.83   1.10512  
2303.35   2304.74   1.39272  
2316.42   2317.44   1.02803  
2331.12   2332.15   1.03775  
2353.75   2355.05   1.30128  
2363.09   2364.28   1.18688  
2381.11   2382.5    1.39278  
2388.26   2389.33   1.06841  
2404.06   2405.22   1.15947  
2428.23   2429.7    1.46772  
2457.22   2458.43   1.21381  
2471.78   2473.06   1.27519  
2478.73   2479.86   1.13516  
2487.7    2488.82   1.12019  
2497.19   2500.29   3.09397  
2545.47   2546.62   1.14987  
2587.94   2589.42   1.47869  
2593.48   2594.63   1.15341  
2598.87   2600.86   1.98941  
2633.63   2634.76   1.13078  
2667.99   2669.26   1.27209  
2682.33   2683.37   1.04672  
2688.13   2689.18   1.05009  
2729.18   2730.19   1.01144  
2734.98   2736.39   1.40387  
2740.74   2741.88   1.13544  
2749.9    2751.57   1.67122  
2785.11   2786.29   1.18213  
2869.21   2870.56   1.35231  
2880.91   2882.08   1.16831  
2906.22   2907.49   1.26572  
2932.49   2934.12   1.62456  
2938.98   2940.18   1.20172  
2950.57   2951.71   1.14603  
2955.87   2956.91   1.03719  
2963.39   2964.7    1.30984  
2973.67   2974.8    1.12834  
2979.63   2980.97   1.33578  
2998.43   3000.02   1.59525  
3021.14   3022.67   1.53238  
3042.11   3043.26   1.15728  
3049.84   3051.42   1.57778  
3054.9    3055.93   1.02566  
3058.93   3060.01   1.0875   
3063.59   3064.69   1.10213  
3074.04   3075.2    1.15966  
3077.86   3079.19   1.33316  
3094.69   3096.47   1.7825   
3099.61   3100.89   1.28169  
3103.48   3104.9    1.42122  
3112.87   3113.95   1.0785   
3124.9    3125.97   1.06569  
3134.79   3135.97   1.18237  
3181.22   3182.27   1.05231  
3190.25   3191.81   1.56209  
3218.64   3219.68   1.03537  
3221.49   3222.93   1.44034  
3247.86   3249.01   1.15584  
3282.26   3283.34   1.0875   
3335.25   3336.52   1.26362  
3340.14   3343.2    3.06369  
3372.25   3373.37   1.12094  
3380.98   3382.02   1.0415   
3392.57   3393.71   1.13569  
3405.34   3406.73   1.38375  
3432.93   3434.15   1.22544  
3445.77   3447.25   1.4785   
3474.11   3475.21   1.10019  
3480.57   3481.99   1.41725  
3485.48   3486.51   1.02894  
3493.54   3494.68   1.13438  
3507.29   3508.35   1.06506  
3514.4    3516.06   1.66422  
3530.21   3532.34   2.13256  
3536      3537.67   1.67056  
3551.46   3552.64   1.18144  
3560.18   3561.63   1.45663  
3566.76   3568.09   1.32875  
3571.04   3572.2    1.16228  
3587.1    3588.12   1.01728  
3590.97   3592.58   1.61369  
3598.65   3599.91   1.26003  
3613.48   3614.49   1.00303  
3616.04   3617.09   1.05091  
3620.67   3621.76   1.09009  
3643.08   3644.3    1.22253  
3658.99   3660.58   1.59494  
3665.39   3666.5    1.10684  
3679.63   3681.5    1.87031  
3692.7    3694.24   1.54156  
3702.07   3703.18   1.11128  
3706.14   3707.29   1.14669  
3721.24   3723.02   1.78066  
3727.15   3728.4    1.25109  
3741.57   3742.94   1.37259  
3751.1    3752.47   1.36238  
3760.15   3761.68   1.53581  
3764.14   3765.69   1.55012  
3783.04   3784.3    1.25362  
3794.62   3795.66   1.04047  
3805.89   3807.13   1.23922  
3820.29   3821.39   1.10331  
3836.91   3838.06   1.1495   
3860.77   3861.87   1.09525  
3867.07   3868.33   1.25509  
3872.88   3874.09   1.21631  
3887.32   3888.42   1.09422  
3901.26   3903.29   2.02881  
3915.17   3916.33   1.15831  
3932.55   3934.05   1.49391  
3939.78   3940.78   1.00878  
3942.3    3943.6    1.29506  
3961.25   3962.49   1.23722  
3973.65   3974.71   1.06291  
3976.1    3977.19   1.08506  
3986.51   3988.39   1.87969  
4004.57   4005.92   1.35381  
4009.47   4010.61   1.13238  
4016.17   4018.01   1.84369  
4036.41   4037.45   1.04231  
4049.66   4050.75   1.09163  
4060.34   4061.68   1.3415   
4080.55   4081.95   1.40347  
4106.27   4107.35   1.08128  
4115.34   4117.11   1.76963  
4132.05   4133.22   1.17281  
4138.54   4139.62   1.08156  
4141      4142.23   1.231    
4143.7    4144.93   1.22894  
4154.63   4155.9    1.27091  
4160.29   4161.34   1.04906  
4173.08   4174.47   1.3935   
4182.5    4183.66   1.15847  
4186.14   4187.44   1.30141  
4193.79   4195.24   1.44553  
4206.26   4207.87   1.61741  
4210.13   4211.28   1.14831  
4223.57   4224.66   1.08622  
4225.34   4226.74   1.39981  
4234.97   4236.38   1.41103  
4238.74   4239.82   1.07619  
4243.17   4244.55   1.377    
4248.62   4249.93   1.31284  
4272.08   4273.33   1.24928  
4295.85   4297.25   1.39944  
4311.01   4312.32   1.31188  
4318.72   4321.76   3.03662  
4338.57   4339.69   1.11744  
4361.16   4362.37   1.20347  
4384.04   4385.54   1.50594  
4406.97   4408.99   2.02447  
4416.39   4417.43   1.04291  
4423.99   4425.48   1.48819  
4430.51   4431.71   1.19962  
4438.98   4440.02   1.04703  
4443.88   4444.92   1.04003  
4452.04   4453.24   1.20341  
4455.31   4456.53   1.221    
4473.73   4475.72   1.9895   
4492.46   4493.54   1.08803  
4495.82   4496.96   1.13397  
4501.69   4503.39   1.70566  
4505.41   4506.62   1.20975  
4525.59   4526.64   1.05147  
4558.44   4559.9    1.46131  
4561.8    4563.17   1.37228  
4593.98   4595.07   1.08109  
4613.21   4614.79   1.58006  
4621.67   4622.81   1.14756  
4640.67   4642.66   1.98534  
4644.29   4645.34   1.04722  
4658.58   4661.76   3.18231  
4714.85   4716.02   1.16828  
4719.81   4720.87   1.06191  
4726.52   4727.77   1.25031  
4751.82   4753.04   1.21441  
4784.78   4785.96   1.18431  
4795.85   4797.37   1.51616  
4804.19   4805.3    1.10672  
4829.45   4830.8    1.34697  
4875.21   4876.3    1.09631  
4877.84   4879.03   1.18994  
4886.66   4887.68   1.02306  
4889.92   4891.37   1.45131  
4928.12   4929.36   1.24309  
4943.09   4944.2    1.11303  
4954.06   4955.37   1.31131  
4960.68   4962      1.31647  
4971.89   4972.97   1.08094  
4978.77   4979.8    1.02475  
4991.66   4992.78   1.12678  
5001.57   5002.66   1.09156  
5013.31   5014.64   1.32816  
5022      5023.06   1.05425  
5031.72   5033.06   1.33934  
5048.09   5049.29   1.20481  
5053.88   5054.93   1.05153  
5071.01   5072.2    1.18472  
5101.86   5103.22   1.35038  
5126.57   5128.05   1.48766  
5161.86   5163.91   2.05662  
5171.21   5172.37   1.15997  
5186.62   5187.82   1.19916  
5218.33   5219.62   1.28625  
5222.82   5225.9    3.07788  
5255.15   5256.31   1.16769  
5263.6    5264.82   1.22078  
5267.97   5268.99   1.017    
5290.42   5291.5    1.08913  
5296.87   5297.89   1.01434  
5310.8    5312.54   1.73591  
5333.29   5334.49   1.19256  
5339.18   5340.19   1.01097  
5368.5    5369.71   1.21109  
5381.26   5382.63   1.366    
5390.54   5391.59   1.04919  
5392.92   5394.05   1.12294  
5399      5400.07   1.0685   
5421.91   5423.71   1.79994  
5427.61   5429      1.39     
5435.97   5437.07   1.09469  
5490.89   5492.02   1.12816  
5494.39   5495.81   1.41681  
5508      5511.09   3.08975  
5545.98   5547      1.01225  
5571.12   5572.52   1.39634  
5581.84   5583.26   1.42853  
5588.17   5589.35   1.18816  
5592.24   5593.48   1.23291  
5601.11   5602.45   1.33909  
5616.81   5617.86   1.05447  
5630.51   5631.85   1.33563  
5638.47   5639.75   1.28197  
5642.64   5643.8    1.15591  
5649.79   5651.03   1.23703  
5668.25   5669.37   1.12306  
5672.87   5673.96   1.08681  
5698.74   5699.95   1.20856  
5700.71   5701.9    1.19253  
5708.26   5709.44   1.18569  
5737.71   5739.56   1.854    
5743.4    5744.46   1.05741  
5785.08   5786.14   1.05725  
5793.08   5794.89   1.81316  
5799.27   5800.44   1.16816  
5804.25   5805.45   1.20675  
5813.69   5815.06   1.36584  
5820.35   5822.24   1.888    
5825.53   5826.71   1.18125  
5832.02   5833.16   1.1365   
5840.83   5842.04   1.21194  
5847.81   5848.82   1.01025  
5858.83   5859.84   1.00719  
5862.97   5864.38   1.40525  
5872.51   5873.6    1.08603  
5879.02   5880.19   1.17088  
5887.6    5889.38   1.78181  
5892.63   5894.18   1.54959  
5916.26   5917.33   1.07456  
5940.36   5941.67   1.31919  
5958.39   5961.5    3.11075  
5964.72   5966.01   1.29253  
5973.61   5974.81   1.20016  
5983.03   5984.29   1.25681  
5991.06   5992.63   1.57188  
5993.77   5995.18   1.41422  
6005.7    6006.95   1.2465   
6013.82   6014.85   1.02697  
6015.16   6016.44   1.27478  
6019.75   6020.86   1.11312  
6062.36   6064.52   2.15897  
6091.1    6092.14   1.03922  
6103.16   6104.22   1.05684  
6115.41   6117.01   1.59481  
6124.84   6126.33   1.48659  
6135.38   6136.74   1.36153  
6148.92   6150.24   1.31734  
6181.9    6183.14   1.24     
6212.9    6214.47   1.56697  
6247.09   6248.39   1.29969  
6258.88   6260.48   1.60294  
6284.04   6285.24   1.20372  
6292.84   6293.97   1.13322  
6318.9    6320.12   1.21875  
6340.69   6342.21   1.51406  
6351.41   6352.7    1.29231  
6362.98   6364.44   1.45881  
6368.06   6369.13   1.07894  
6387.76   6388.9    1.13869  
6405.57   6407.02   1.44653  
6423.27   6424.66   1.39547  
6427.17   6428.32   1.14947  
6435.95   6436.97   1.01734  
6443.73   6444.75   1.02069  
6452.64   6453.82   1.18003  
6465.19   6466.32   1.13284  
6495.69   6496.75   1.05853  
6524.04   6525.25   1.20822  
6539.7    6540.74   1.03819  
6548.69   6549.91   1.22725  
6557.89   6559.19   1.29903  
6584.07   6585.38   1.31209  
6597.04   6598.04   1.00444  
6604.17   6605.62   1.44641  
6607.58   6609      1.41916  
6611.52   6612.8    1.27397  
6615.56   6616.67   1.10587  
6621.98   6623.23   1.24869  
6625.16   6626.46   1.29412  
6640.83   6641.84   1.00631  
6647.64   6648.67   1.02156  
6652.64   6653.72   1.08387  
6654.36   6655.42   1.06144  
6660.85   6661.92   1.06784  
6665.19   6666.35   1.15603  
6712.15   6713.32   1.16841  
6725.45   6726.87   1.41719  
6735.16   6736.16   1.00009  
6741.06   6742.49   1.42541  
6757.51   6758.61   1.09353  
6764.19   6765.54   1.34881  
6775.24   6776.56   1.32737  
6799.37   6802.46   3.08616  
6853.15   6854.46   1.30525  
6872.64   6873.71   1.063    
6926.59   6929.65   3.06422  
6964.36   6965.72   1.36278  
6997.96   6999.27   1.31141  
7023.98   7025.1    1.11884  
7030.32   7031.52   1.20525  
7037.18   7038.5    1.316    
7042.89   7043.95   1.05569  
7056.04   7057.16   1.11394  
7060.22   7061.37   1.14881  
7073.46   7074.95   1.48838  
7095.04   7096.32   1.28025  
7103.5    7104.61   1.11759  
7149.5    7150.57   1.066    
7171.99   7173.24   1.25425  
7191.36   7192.39   1.02978  
7242.69   7243.84   1.14959  
7315.92   7317      1.07631  
7331.93   7332.96   1.02416  
7352.31   7353.52   1.21194  
7394.6    7395.81   1.21297  
7403.39   7404.74   1.35391  
7409.73   7410.97   1.23644  
7436.02   7437.38   1.36053  
7453.22   7454.41   1.18194  
7461.21   7462.28   1.07069  
7504.79   7506.05   1.25962  
7519.51   7520.82   1.30291  
7534.49   7536.26   1.76319  
7540.07   7541.53   1.46228  
7549.26   7550.36   1.09344  
7552.58   7553.87   1.29588  
7562.56   7563.62   1.06941  
7592.93   7594.14   1.21222  
7599.86   7601.3    1.44622  
7607.16   7608.53   1.37159  
7618.23   7619.82   1.58937  
7640.33   7641.56   1.22547  
7658.61   7661.75   3.13709  
7691.24   7692.65   1.41475  
7716.33   7717.66   1.32872  
7737.13   7738.23   1.10431  
7776.43   7777.87   1.43722  
7796.79   7798.39   1.60169  
7818.14   7819.18   1.04241  
7883.34   7884.94   1.60341  
7889.39   7890.56   1.17166  
7894.76   7895.98   1.22569  
7901.84   7903.14   1.30144  
7908.21   7909.86   1.65059  
7914.59   7915.72   1.13125  
7920.46   7921.69   1.23856  
7925.11   7926.2    1.08981  
7927.82   7929.42   1.604    
7939.34   7940.38   1.03537  
7950.59   7951.9    1.30441  
7961.07   7962.35   1.27897  
7963.86   7964.91   1.05094  
7986.85   7988.26   1.41197  
7991.25   7992.38   1.12838  
7994.32   7995.51   1.18988  
7997.04   7998.81   1.7735   
8020.06   8021.14   1.07713  
8029.15   8030.52   1.36847  
8042.47   8043.79   1.32531  
8052.79   8053.97   1.17547  
8061.83   8063.3    1.47359  
8070.65   8071.86   1.21434  
8080.93   8082.1    1.16828  
8088.03   8089.7    1.67025  
8101.77   8103.11   1.3405   
8119.65   8120.66   1.01372  
8131.76   8133.08   1.32337  
8145.12   8146.15   1.02678  
8149.26   8150.3    1.03831  
8167.9    8168.96   1.06034  
8174.62   8175.81   1.19241  
8187.26   8188.44   1.18112  
8193.22   8194.25   1.02616  
8201.98   8203.7    1.72781  
8212.73   8214.43   1.70309  
8228.38   8229.58   1.20578  
8239.05   8240.47   1.42081  
8243.8    8244.81   1.0065   
8247.13   8248.49   1.35947  
8251.08   8252.34   1.25941  
8256.92   8258.04   1.12219  
8271.23   8272.27   1.03766  
8282.31   8283.69   1.37563  
8286.53   8287.74   1.21044  
8292.04   8293.1    1.06006  
8297.29   8298.46   1.16994  
8303.61   8304.92   1.30381  
8311.79   8313.04   1.24869  
8339.37   8341.52   2.14675  
8344.76   8346.07   1.31025  
8346.69   8347.73   1.03972  
8365.17   8366.2    1.03894  
8383.08   8384.47   1.38753  
8387.15   8388.17   1.02072  
8395.43   8396.54   1.10737  
8415.59   8416.68   1.09038  
8417.85   8419.03   1.18725  
8422.91   8423.94   1.03684  
8427.63   8429.35   1.72003  
8431.47   8432.95   1.48141  
8436.6    8437.6    1.00131  
8442.39   8443.72   1.32525  
8444.61   8447.74   3.1245   
8478.8    8480.35   1.54591  
8488.5    8489.68   1.18613  
8515.37   8516.39   1.01994  
8530.35   8531.36   1.01359  
8547.02   8548.13   1.11566  
8563.57   8564.84   1.27763  
8580.86   8581.97   1.10959  
8615.46   8616.53   1.06775  
8621.3    8622.33   1.02984  
8632.75   8634.19   1.44463  
8655.55   8656.69   1.13662  
8670.74   8672.32   1.58059  
8680.96   8682.22   1.25625  
8688.87   8690.51   1.6365   
8722.89   8724.28   1.39456  
8767.06   8768.11   1.05044  
8772.1    8773.25   1.15319  
8784.05   8785.56   1.50509  
8798.14   8799.37   1.22953  
8810.07   8811.25   1.17947  
8820.22   8821.33   1.10947  
8827.4    8828.82   1.42144  
8833.29   8834.41   1.12384  
8844.52   8845.74   1.22622  
8894.88   8896.25   1.37103  
8927.57   8928.89   1.32253  
8934.19   8935.83   1.63475  
8941.89   8942.95   1.06434  
8952.8    8954.46   1.66003  
8974.66   8975.91   1.24284  
8988.69   8989.77   1.07291  
9004.83   9005.84   1.01009  
9040.68   9041.87   1.18413  
9048.45   9049.46   1.00556  
9070.31   9072.26   1.95312  
9110.56   9111.68   1.11669  
9112.92   9114.03   1.1065   
9125.13   9126.25   1.11838  
9129.87   9131.18   1.31994  
9146.14   9147.16   1.01497  
9178.06   9179.64   1.57969  
9181.54   9182.58   1.04491  
9185.26   9186.83   1.57209  
9195.68   9196.89   1.21356  
9202.17   9203.55   1.37484  
9213.13   9214.41   1.28294  
9217.63   9218.74   1.10878  
9221.3    9222.64   1.33978  
9234.65   9236.06   1.415    
9238.09   9239.4    1.31197  
9241.36   9242.44   1.08625  
9266.56   9267.8    1.23606  
9268.74   9269.9    1.15938  
9275.29   9276.35   1.05713  
9288.15   9289.39   1.24     
9290.61   9291.93   1.31462  
9294.91   9296.03   1.12163  
9299.03   9300.38   1.34734  
9335.9    9337.02   1.12484  
9342.34   9343.91   1.57509  
9351.76   9353.06   1.29706  
9387.77   9389.13   1.35875  
9394.55   9395.67   1.12147  
9412.36   9413.53   1.16994  
9422.17   9423.22   1.05231  
9426.01   9427.1    1.08809  
9442.29   9443.51   1.22534  
9460.18   9461.42   1.24256  
9485.67   9487.37   1.70138  
9490.33   9491.58   1.25519  
9500.45   9501.99   1.54272  
9504.58   9506.06   1.47266  
9509.61   9511.3    1.68616  
9514.77   9516.26   1.48553  
9521.69   9523.38   1.68925  
9525.32   9526.92   1.60066  
9535.35   9536.99   1.64266  
9550.11   9552      1.88959  
9564.23   9565.37   1.13806  
9572.8    9574.35   1.55222  
9592.96   9594.38   1.41147  
9597.75   9599.41   1.66869  
9600.86   9602.01   1.14194  
9605.5    9606.72   1.22328  
9636.01   9637.61   1.59537  
9640.04   9641.63   1.58691  
9648.14   9650.01   1.87503  
9655.36   9657.18   1.82184  
9659.35   9660.5    1.15228  
9663.97   9667.03   3.06225  
9695.58   9697.69   2.10197  
9702.19   9703.85   1.65459  
9707.18   9708.5    1.32156  
9711.18   9712.25   1.07156  
9718.84   9720.79   1.94947  
9742.98   9744.18   1.19697  
9760.33   9761.52   1.19153  
9785.96   9787.07   1.10912  
9798.21   9799.25   1.03588  
9822.48   9823.61   1.12497  
9832.55   9834.6    2.05638  
9845.54   9847.13   1.58853  
9849.82   9851.66   1.83644  
9862.04   9863.08   1.04122  
9867.56   9868.65   1.08631  
9874.64   9876.16   1.521    
9883.37   9884.63   1.26006  
9886.41   9887.93   1.52131  
9889.51   9890.8    1.28906  
9892.43   9893.52   1.09406  
9896.17   9897.7    1.52572  
9906.28   9907.69   1.41325  
9932.24   9933.4    1.16225  
9935.91   9937.5    1.59028  
9949.14   9950.58   1.43778  
9952.9    9954.03   1.12613  
9956.37   9957.59   1.21762  
9959.3    9960.34   1.04172  
9974.86   9976.21   1.34981  
10006.9   10008.3   1.37497  
10020.1   10021.9   1.77981  
10033.2   10034.3   1.09075  
10044.1   10045.5   1.40031  
10049.5   10051.1   1.61722  
10056.2   10057.5   1.29369  
10063.4   10064.5   1.10084  
10076.8   10078.2   1.34106  
10088.6   10090     1.36381  
10097.2   10098.4   1.20762  
10100.3   10101.9   1.54947  
10106.4   10107.8   1.41878  
10113.9   10115.1   1.26584  
10116.8   10118.3   1.49809  
10123     10126.1   3.06944  
10171.8   10173.4   1.65409  
10182     10183.1   1.10153  
10199.1   10200.8   1.65413  
10249.8   10251.5   1.73131  
10254.7   10255.9   1.22081  
10260.7   10261.9   1.19091  
10266.6   10267.8   1.23078  
10286     10287.3   1.28988  
10298.7   10300.2   1.48084  
10336.5   10337.8   1.25731  
10356.2   10357.8   1.57812  
10365.5   10366.8   1.30178  
10374.6   10375.6   1.027    
10386.3   10387.3   1.00831  
10387.7   10389.1   1.40659  
10392     10393.4   1.35028  
10407.8   10409.3   1.50047  
10416.5   10417.9   1.36572  
10425.4   10426.5   1.07466  
10431.1   10434.2   3.06531  
10437.8   10438.9   1.13644  
10449.6   10450.7   1.05359  
10461.2   10462.7   1.50753  
10470.2   10471.3   1.06878  
10488.2   10489.3   1.09447  
10495.9   10497     1.06119  
10524.3   10525.3   1.07622  
10552.2   10553.6   1.40816  
10580.6   10581.7   1.12231  
10605.5   10607.2   1.67231  
10617.1   10618.3   1.18475  
10623.4   10624.8   1.41475  
10658.1   10659.8   1.67919  
10670.7   10672.2   1.47853  
10685.2   10686.2   1.02547  
10692.6   10694     1.35284  
10698.1   10699.3   1.2155   
10701.1   10702.2   1.02775  
10704.6   10706.3   1.66891  
10718.7   10719.7   1.00016  
10730.2   10731.8   1.64722  
10737.6   10739     1.38544  
10741     10744.1   3.11931  
10790.7   10791.8   1.09222  
10816.4   10817.5   1.06425  
10823     10825.1   2.08159  
10854.7   10856.2   1.53606  
10869.5   10870.5   1.04722  
10877.4   10878.6   1.21531  
10897.8   10899.8   2.04647  
10935.8   10937.3   1.59409  
10969.4   10971.1   1.66494  
10973.9   10975.3   1.35769  
10988     10989.1   1.07137  
10997     10998.7   1.70972  
11005.5   11009.5   4.08084  
11010     11011.5   1.46762  
11030.3   11031.4   1.05006  
11035.9   11037     1.09278  
11054.2   11055.5   1.28516  
11084.3   11085.6   1.2185   
11086.5   11087.8   1.24622  
11098.3   11099.5   1.2335   
11135.3   11136.4   1.00369  
11137.4   11138.7   1.37416  
11142.2   11143.4   1.2      
11146.2   11147.4   1.22816  
11156.6   11157.8   1.14584  
11165.4   11166.5   1.06247  
11177.6   11178.7   1.05575  
11181.3   11182.4   1.17922  
11188.6   11192.7   4.17347  
11193.5   11194.8   1.34469  
11236     11237.5   1.46328  
11301.9   11303.1   1.24347  
11325.2   11326.5   1.26537  
11350.3   11351.4   1.05384  
11394.5   11395.5   1.04638  
11400.2   11401.3   1.04853  
11420.6   11421.7   1.09941  
11425.4   11427.1   1.64319  
11449.1   11450.4   1.33144  
11452     11453.1   1.10059  
11467.1   11468.3   1.16572  
11476.4   11477.4   1.05544  
11481.1   11482.7   1.62653  
11494.5   11495.7   1.14275  
11505.1   11506.3   1.19547  
11509.7   11511     1.21531  
11525.9   11526.9   1.01378  
11528.4   11529.5   1.04641  
11586.3   11587.6   1.34737  
11591.7   11593.4   1.63216  
11605.7   11606.8   1.0925   
11623     11624.2   1.18975  
11628.9   11630.1   1.13144  
11636.4   11637.6   1.25188  
11639     11640     1.02822  
11647.4   11648.4   1.05734  
11676.7   11678.2   1.56809  
11693.7   11695.7   1.99191  
11702.2   11703.5   1.32828  
11720.1   11721.2   1.11147  
11725.6   11726.6   1.04612  
11728.4   11729.4   1.06725  
11796.1   11799.2   3.10688  
11827.3   11828.5   1.19828  
11858     11859.1   1.16878  
11900.3   11901.5   1.18303  
11903.7   11904.9   1.21928  
11941.3   11942.8   1.57113  
11973.7   11974.7   1.01497  
11991.7   11993.4   1.70444  
12016.2   12017.5   1.27759  
12023.6   12024.8   1.1785   
12053.9   12055.3   1.37691  
12085.4   12086.8   1.41413  
12102.5   12103.5   1.023    
12122.2   12123.8   1.61444  
12147.4   12148.4   1.06481  
12156.5   12157.5   1.05028  
12206.2   12207.3   1.06644  
12211.3   12213.2   1.83566  
12244.6   12245.6   1.03459  
12292.1   12293.2   1.07272  
12296.5   12297.6   1.08072  
12301.9   12303.3   1.49284  
12307.4   12308.4   1.09053  
12317.8   12318.8   1.0495   
12319.3   12320.5   1.23103  
12323.7   12325.2   1.52216  
12334.1   12335.2   1.09475  
12335.8   12337.1   1.22944  
12349.4   12351     1.57609  
12355.7   12356.7   1.04697  
12361.6   12362.7   1.164    
12364.1   12365.2   1.07931  
12374     12375     1.02247  
12380     12381.1   1.114    
12395.5   12396.5   1.05375  
12403.4   12404.4   1.01391  
12406.7   12407.8   1.06772  
12419.9   12421.4   1.46119  
12427.2   12428.4   1.15853  
12429     12430.1   1.01903  
12437.1   12438.2   1.03775  
12441     12442.1   1.051    
12448.4   12449.7   1.34141  
12473.3   12474.5   1.11169  
12518.5   12519.9   1.39416  
12541.3   12542.6   1.28106  
12545.2   12546.3   1.12041  
12549.8   12551     1.27969  
12575.6   12576.8   1.18131  
12581.4   12582.6   1.21091  
12590.2   12591.3   1.09353  
12623.1   12624.2   1.05934  
12631.2   12632.3   1.01147  
12643.7   12645     1.26372  
12660     12661.3   1.29456  
12680.8   12682.1   1.30172  
12692     12693.2   1.18069  
12714.5   12716.1   1.64809  
12717.7   12718.9   1.28238  
12723.8   12725.3   1.47997  
12729.5   12731.1   1.64013  
12746.7   12747.9   1.20741  
12754.4   12755.7   1.32378  
12763     12764.6   1.56725  
12781.9   12782.9   1.05022  
12790     12791.4   1.41091  
12793     12794     1.00956  
12810.3   12811.9   1.65806  
12818.8   12820.3   1.50009  
12830.6   12831.7   1.11519  
12833.1   12834.1   1.05834  
12840.7   12842.1   1.402    
12854.1   12855.2   1.13272  
12882.3   12883.5   1.23744  
12894.2   12895.3   1.13997  
12901.7   12902.9   1.24969  
12906.7   12907.7   1.01988  
12908.5   12909.8   1.31381  
12922.3   12923.5   1.11316  
12930.8   12932     1.19837  
12943.6   12944.6   1.00597  
12951.6   12954.7   3.08847  
13002.9   13004.2   1.23634  
13035.5   13036.5   1.05147  
13069.1   13070.4   1.32119  
13094.1   13095.4   1.32091  
13106.8   13107.8   1.01463  
13110.4   13111.4   1.01763  
13146.3   13147.4   1.11084  
13169.9   13171     1.08006  
13185.6   13186.6   1.01109  
13190     13191.1   1.04481  
13204     13205.4   1.37009  
13226.3   13227.4   1.12756  
13247.4   13248.4   1.00428  
13254.4   13255.7   1.31969  
13258.8   13259.8   1.06238  
13273.7   13274.8   1.18419  
13290.6   13291.7   1.11831  
13302.9   13304     1.02812  
13350.5   13351.8   1.30881  
13361.7   13362.9   1.25794  
13387.2   13388.5   1.28684  
13407.4   13408.8   1.41719  
13416.8   13418.2   1.43425  
13464     13465.6   1.6385   
13475.9   13477.3   1.36684  
13481.9   13482.9   1.007    
13490.6   13491.6   1.04012  
13503.8   13505.1   1.31313  
13519.7   13520.9   1.20191  
13524.8   13525.9   1.16416  
13537.3   13538.5   1.22687  
13566.7   13568.2   1.44022  
13593.7   13594.9   1.24525  
13619.4   13620.7   1.22522  
13631.9   13632.9   1.04741  
13639.1   13640.2   1.12131  
13642.6   13643.8   1.17416  
13650.7   13651.7   1.00812  
13655.9   13657.1   1.19731  
13661.2   13662.4   1.13344  
13682     13683.1   1.06706  
13685.5   13686.5   1.04094  
13702     13703.1   1.02059  
13706     13707     1.012    
13716.7   13718.1   1.45031  
13721.1   13722.3   1.16531  
13731.5   13734.6   3.08312  
13741.6   13743.2   1.52838  
13770.4   13771.5   1.07847  
13778.6   13780.2   1.52972  
13815.7   13816.8   1.11894  
13818.2   13819.5   1.37094  
13828.6   13829.6   1.04119  
13832.5   13833.6   1.14925  
13835.4   13836.5   1.13959  
13846.6   13847.7   1.06009  
13855.6   13857.5   1.86309  
13916.4   13917.7   1.22819  
13930.9   13932.3   1.32412  
13937.5   13938.6   1.07372  
13940.8   13942.1   1.26556  
13958.3   13959.4   1.148    
13970.8   13972.3   1.53544  
13976.9   13978     1.06425  
13997.2   13998.6   1.45931  
14028.8   14030.2   1.38112  
14035.7   14037.2   1.51816  
14047.5   14048.7   1.19266  
14069.4   14070.8   1.34381  
14132.6   14133.9   1.24822  
14140.1   14141.2   1.16356  
14149.7   14150.9   1.16309  
14152.4   14153.4   1.00653  
14166.5   14167.6   1.12247  
14173.5   14175     1.43978  
14202.4   14203.5   1.02984  
14206.3   14207.8   1.50412  
14212.2   14213.6   1.43022  
14221.1   14222.6   1.445    
14238.1   14239.1   1.01378  
14253.4   14256.5   3.07963  
14272     14273     1.04953  
14282.7   14284.3   1.63706  
14299.9   14301.3   1.38128  
14322.2   14323.4   1.21375  
14326.5   14327.6   1.02681  
14366.7   14367.8   1.10363  
14384.2   14385.2   1.01869  
14393.5   14395     1.50072  
14406.8   14407.8   1.04163  
14441.7   14442.8   1.10525  
14456.8   14460     3.12381  
14504.9   14506     1.09984  
14518.6   14519.9   1.21869  
14551.1   14552.5   1.41831  
14557.4   14558.6   1.26238  
14573     14574.6   1.56316  
14591.7   14592.7   1.02825  
14636.7   14638.1   1.43503  
14649.6   14650.7   1.03075  
14653.1   14654.7   1.53403  
14696     14697.5   1.46084  
14706.8   14707.8   1.02209  
14709.6   14710.7   1.04534  
14782.1   14783.4   1.271    
14807.4   14808.8   1.30966  
14820.3   14821.4   1.17447  
14823.3   14824.4   1.08644  
14830.3   14831.5   1.19694  
14837.6   14838.6   1.01228  
14840.5   14841.7   1.2225   
14880.8   14882     1.15563  
14924.9   14926.2   1.35747  
14953.1   14954.2   1.09519  
14959.5   14960.6   1.10994  
14967.8   14968.9   1.04981  
14988.5   14990.4   1.89216  
15015.9   15017.3   1.33072  
15020.4   15021.6   1.13872  
15038.1   15039.2   1.09791  
15044.7   15045.7   1.05491  
15079     15080.3   1.31809  
15084.7   15085.7   1.0095   
15105.4   15106.7   1.36034  
15116.8   15118.2   1.43428  
15134.7   15135.7   1.07541  
15158.6   15159.9   1.23844  
15190.3   15191.5   1.18925  
15193.2   15194.2   1.00487  
15197.7   15199.3   1.58656  
15203.6   15204.6   1.02584  
15211.2   15212.2   1.03909  
15222.1   15223.2   1.08047  
15255.4   15256.6   1.16875  
15265     15266.3   1.24731  
15268     15269.1   1.13878  
15278.1   15279.2   1.06053  
15290.1   15291.1   1.00769  
15294     15295.7   1.67559  
15299.7   15301.1   1.43288  
15303.9   15305.2   1.28894  
15310     15311.4   1.34372  
15319     15320     1.03487  
15332.1   15333.4   1.27809  
15337.8   15338.9   1.05062  
15351.7   15352.8   1.15534  
15362.3   15363.6   1.391    
15376.9   15378     1.14816  
15383.9   15385.1   1.17906  
15392.2   15393.3   1.09428  
15407     15408     1.02028  
15414.5   15415.9   1.31284  
15417.8   15419.1   1.246    
15428.5   15429.6   1.08731  
15435.9   15437     1.16034  
15442.8   15443.9   1.04103  
15459     15460.4   1.38584  
15471.5   15472.6   1.09769  
15483.1   15486.2   3.11472  
15510.8   15511.9   1.09969  
15515.8   15517     1.19759  
15533.2   15534.5   1.2525   
15543.4   15544.8   1.32406  
15550.3   15551.4   1.11075  
15553.3   15554.3   1.00581  
15567.3   15568.7   1.44312  
15571.9   15572.9   1.017    
15591.9   15593     1.12469  
15610.8   15612     1.19675  
15619.2   15620.2   1.03044  
15631.2   15632.5   1.26706  
15644.8   15645.9   1.10712  
15663.5   15664.7   1.15312  
15691.9   15692.9   1.08669  
15714.1   15715.7   1.51606  
15720.3   15721.4   1.02728  
15723.1   15724.3   1.15744  
15751.8   15753.2   1.41684  
15758.8   15760.6   1.77544  
15782.4   15783.9   1.53984  
15803.5   15804.5   1.05578  
15814.7   15815.8   1.15353  
15819.7   15820.8   1.08619  
15841.4   15842.6   1.15306  
15855.6   15857     1.422    
15861.9   15864.9   3.05825  
15888.6   15889.6   1.07659  
15913.5   15914.7   1.22809  
15936.7   15937.8   1.09603  
15970.6   15971.8   1.17619  
16042.2   16043.2   1.05137  
16050.4   16051.8   1.36244  
16054.4   16055.5   1.09619  
16081.8   16083.2   1.39697  
16097.5   16098.5   1.02994  
16103.3   16104.4   1.13909  
16157.6   16158.7   1.14072  
16176.3   16177.6   1.30137  
16202.9   16204     1.13462  
16211.6   16212.7   1.13469  
16240.9   16242     1.12509  
16275.6   16276.6   1.07284  
16282.6   16284.2   1.54463  
16297     16298.3   1.24091  
16316.5   16317.7   1.13575  
16332.2   16333.6   1.42834  
16352.9   16354.1   1.15997  
16357.4   16358.5   1.03212  
16363     16364.2   1.17591  
16367.3   16368.3   1.01238  
16393.7   16394.8   1.03603  
16398.9   16399.9   1.02197  
16405.8   16406.8   1.07256  
16415.3   16416.5   1.25903  
16423.7   16424.8   1.12253  
16427.1   16428.2   1.08337  
16433.9   16435.1   1.15781  
16441.4   16442.5   1.10191  
16478.8   16480     1.17534  
16492.2   16493.5   1.21378  
16496.6   16497.9   1.35756  
16528.6   16530     1.39203  
16550.1   16551.2   1.01406  
16558.6   16560.6   2.07303  
16565.2   16566.3   1.06709  
16578.4   16579.5   1.09963  
16601     16602.5   1.48775  
16623.8   16625     1.15175  
16652.7   16653.7   1.03225  
16659.2   16660.5   1.28963  
16694.8   16695.9   1.03425  
16717     16718     1.01206  
16721.9   16723.5   1.57703  
16730.3   16731.4   1.06772  
16738.9   16739.9   1.08391  
16759.9   16761.1   1.16706  
16804.5   16805.8   1.29181  
16819.4   16820.6   1.25412  
16822.2   16823.4   1.17206  
16830.5   16831.7   1.16613  
16840.4   16841.6   1.18941  
16870.3   16872     1.73925  
16910.1   16913.3   3.15184  
16944.8   16945.9   1.04988  
16948.7   16949.7   1.05434  
16954.3   16955.3   1.05625  
16982.9   16983.9   1.03075  
16987.2   16988.2   1.07272  
17002.3   17003.3   1.02759  
17038.5   17039.5   1.08622  
17049.3   17050.3   1.01122  
17069.5   17070.8   1.301    
17095.8   17097.5   1.71109  
17109.7   17110.9   1.22634  
17135.9   17137.3   1.42531  
17142.1   17143.3   1.16622  
17166.3   17167.4   1.13759  
17175.8   17177     1.21938  
17186.1   17187.2   1.08881  
17192.5   17193.7   1.22544  
17209.8   17211.1   1.29925  
17229.8   17230.9   1.10684  
17242.9   17244.1   1.22738  
17257     17258.1   1.08959  
17287.5   17288.6   1.12422  
17294.7   17296     1.26272  
17299.9   17301.2   1.33719  
17308.8   17310     1.16728  
17320.1   17321.3   1.23684  
17374.9   17376.3   1.41909  
17398.1   17399.4   1.32412  
17412.4   17413.7   1.27491  
17415.8   17417.5   1.68159  
17425.7   17426.8   1.10847  
17435.2   17436.3   1.10125  
17438.7   17439.8   1.06972  
17462.6   17464     1.42741  
17466     17467.6   1.65947  
17469.5   17470.6   1.07394  
17484.1   17485.3   1.23388  
17516.3   17517.5   1.24619  
17527.9   17529.4   1.52772  
17577.4   17578.5   1.12028  
17614.7   17615.8   1.07147  
17648.2   17649.5   1.30219  
17660.2   17661.6   1.4115   
17667     17668.1   1.03822  
17689.5   17690.6   1.10894  
17693.2   17694.7   1.41488  
17741.3   17742.9   1.60856  
17745     17746.5   1.50538  
17762.5   17763.6   1.09397  
17773.6   17774.7   1.10187  
17781.9   17783.1   1.199    
17784.7   17785.9   1.12897  
17806.3   17807.8   1.46784  
17814.7   17815.8   1.06797  
17818.8   17820     1.22253  
17824.3   17825.5   1.18528  
17827.4   17828.6   1.14153  
17837.5   17839     1.48525  
17843.6   17845.6   2.0835   
17851.8   17852.8   1.01741  
17873.4   17874.6   1.12534  
17883.9   17885.3   1.43716  
17889     17890     1.02922  
17896.2   17897.3   1.09313  
17900.8   17902     1.21944  
17905.2   17906.3   1.11947  
17928.5   17929.6   1.11425  
17936.7   17937.9   1.23778  
17939.4   17940.5   1.02678  
17942.5   17943.5   1.03606  
17970.9   17972.5   1.55     
17993.8   17994.8   1.01684  
18002.3   18003.6   1.261    
18004.9   18006.2   1.32528  
18007.9   18009     1.05444  
18015.9   18017     1.04609  
18025.7   18026.8   1.10169  
18036.5   18037.6   1.09366  
18063.6   18065.1   1.51169  
18069.1   18070.3   1.17837  
18074.3   18075.5   1.2275   
18096.5   18097.6   1.05928  
18124.5   18125.6   1.13716  
18149.2   18150.3   1.14281  
18152.8   18154     1.24209  
18170.2   18171.2   1.00094  
18178.8   18179.8   1.02559  
18185.2   18186.5   1.26509  
18191.6   18192.6   1.05713  
18209.8   18211.1   1.28628  
18225.2   18226.3   1.07391  
18256     18257     1.05381  
18278.4   18279.8   1.38578  
18282.7   18284     1.24075  
18316.1   18317.1   1.05844  
18338.2   18339.4   1.23441  
18353.6   18354.6   1.00741  
18360     18361     1.00709  
18365     18366.1   1.13119  
18370.6   18372     1.34288  
18376.5   18377.6   1.08319  
18401.5   18402.7   1.18806  
18413.9   18415     1.07516  
18431.3   18432.6   1.27484  
18435.4   18436.5   1.15712  
18439.8   18441.1   1.25519  
18449.1   18450.9   1.71906  
18480     18481.1   1.0135   
18491.9   18493.2   1.26334  
18504.7   18505.9   1.10559  
18508     18509.2   1.19372  
18536     18537     1.01875  
18545     18546.2   1.1735   
18550.4   18551.8   1.36731  
18556.9   18558.6   1.65441  
18585.8   18587.1   1.31375  
18604.9   18606     1.05322  
18607.2   18610.3   3.06531  
18628.3   18629.9   1.60819  
18638     18639.1   1.07297  
18648.6   18649.7   1.11438  
18652.4   18653.8   1.42831  
18658.7   18659.9   1.26184  
18668.9   18670.1   1.13394  
18675.3   18676.7   1.34084  
18678.2   18679.5   1.26644  
18706.3   18707.4   1.068    
18707.9   18709.2   1.29891  
18738.4   18739.6   1.27581  
18743.6   18745.1   1.51697  
18748.5   18749.6   1.08097  
18795.7   18797.2   1.59259  
18805.2   18806.4   1.16531  
18852.6   18853.7   1.13134  
18881.8   18882.9   1.05375  
18913.4   18914.4   1.02681  
18957.8   18959.3   1.48194  
18995     18996     1.03853  
19024.2   19025.4   1.22025  
19055.9   19057.4   1.54472  
19059.5   19061     1.45044  
19069.6   19070.6   1.02994  
19116.7   19118.1   1.47397  
19129.9   19131.5   1.55359  
19152.8   19153.8   1.01141  
19161.2   19162.4   1.15897  
19172.9   19174     1.1455   
19184.3   19185.6   1.28706  
19189     19190.3   1.30644  
19194.1   19195.4   1.30141  
19208.4   19209.9   1.41728  
19232     19233.1   1.06875  
19243     19244.1   1.07616  
19254.6   19255.9   1.25663  
19277.1   19278.2   1.1285   
19281     19282     1.04644  
19284.3   19285.3   1.02234  
19331.1   19332.7   1.56113  
19389.3   19390.9   1.62009  
19416     19417.1   1.14556  
19452.8   19453.9   1.09516  
19466.4   19467.6   1.14591  
19483.4   19484.8   1.38928  
19485.8   19486.8   1.02356  
19488.8   19490.1   1.34872  
19496.5   19497.5   1.03494  
19509.8   19511.1   1.29084  
19513.1   19514.2   1.01919  
19519.7   19520.8   1.12306  
19538.9   19540.1   1.23475  
19541.2   19542.3   1.10266  
19546.4   19547.5   1.05456  
19563.7   19565.1   1.43347  
19571.3   19572.4   1.08862  
19595.2   19596.4   1.25016  
19606.4   19607.9   1.49994  
19613.8   19615.5   1.75819  
19656.7   19657.8   1.14169  
19679.4   19681.2   1.73541  
19702.7   19704.2   1.46944  
19709.3   19710.6   1.27225  
19716     19717     1.028    
19726.7   19727.7   1.02459  
19748.8   19750     1.18009  
19756.8   19758     1.21025  
19767.6   19769.1   1.48281  
19818.3   19819.7   1.467    
19839     19840.6   1.65138  
19854.1   19855.4   1.29203  
19858.1   19859.5   1.39938  
19875.1   19876.7   1.55672  
19891.4   19892.5   1.073    
19903.6   19905     1.49278  
19921.9   19922.9   1.03253  
19932.7   19934.1   1.38444  
19956.5   19957.5   1.01194  
19976.9   19977.9   1.02663  
20021.7   20023.1   1.42663  
20024.7   20025.8   1.16559  
20040.3   20041.5   1.17269  
20102.3   20103.4   1.04412  
20104.4   20105.7   1.22409  
20135.3   20136.4   1.14722  
20152.2   20153.3   1.09506  
20178.3   20179.5   1.12984  
20232.2   20233.3   1.15013  
20239.7   20241     1.30038  
20259.3   20260.3   1.06678  
20270.4   20272.1   1.70678  
20301     20302.4   1.45953  
20336.7   20338.1   1.39528  
20356.4   20358     1.66006  
20364.5   20365.6   1.09856  
20370.6   20371.8   1.25869  
20373.6   20374.7   1.11544  
20518.7   20519.8   1.06528  
20530.1   20531.1   1.00913  
20541.3   20542.6   1.25612  
20567.6   20568.8   1.20097  
20587.2   20588.3   1.10228  
20595.4   20597     1.52147  
20679.1   20680.6   1.54422  
20748.1   20750     1.83188  
20779     20780.1   1.02394  
20794     20795.1   1.05531  
20799.1   20800.3   1.22819  
20820.4   20821.9   1.53681  
20829.8   20831     1.12703  
20832.7   20834.1   1.33703  
20839.2   20840.3   1.10856  
20846.7   20847.9   1.13462  
20854.7   20855.9   1.20109  
20866.8   20867.8   1.03075  
20887.8   20888.8   1.03466  
20897     20898.2   1.21269  
20913     20914.1   1.14703  
20923.2   20924.5   1.28659  
20937.2   20938.3   1.09856  
20942.9   20944.1   1.15444  
20965.5   20966.8   1.30509  
21000.6   21001.8   1.186    
21004     21005.3   1.32606  
21110.7   21111.9   1.15147  
21147.9   21149.1   1.18522  
21179.9   21181.1   1.14678  
21194.6   21197.8   3.17347  
21251.6   21252.7   1.11872  
21271.6   21272.7   1.07747  
21294.8   21295.8   1.01266  
21297.3   21298.3   1.01006  
21345.4   21346.6   1.20053  
21363.1   21364.7   1.538    
21375.3   21376.4   1.16413  
21391.3   21392.7   1.40791  
21413.1   21414.2   1.10831  
21425.6   21426.8   1.28628  
21439.7   21440.8   1.05153  
21445.1   21446.2   1.11669  
21460.1   21461.3   1.17875  
21478     21479.2   1.20294  
21491.2   21492.3   1.03341  
21503     21504.5   1.43069  
21534.1   21536.1   1.96975  
21546.3   21547.5   1.22106  
21549.1   21550.4   1.26741  
21555.2   21556.2   1.07953  
21563.3   21564.6   1.27566  
21576.4   21577.5   1.0985   
21580.5   21581.5   1.02931  
21584.6   21586     1.43409  
21590.6   21591.8   1.19984  
21598.7   21600.4   1.65891  
21604.2   21605.2   1.04469  
21629.5   21631.1   1.51222  
21652.2   21653.5   1.27875  
21673.7   21674.7   1.078    
21680.4   21683.6   3.16931  
21694.5   21695.6   1.08972  
21721.6   21723.1   1.59003  
21727.1   21728.4   1.35919  
21745.3   21746.8   1.44463  
21773     21774.4   1.31313  
21775.7   21777.1   1.39231  
21797.8   21798.9   1.05016  
21801.8   21802.9   1.10056  
21805.4   21806.4   1.04366  
21824.7   21825.7   1.00766  
21867.4   21868.4   1.014    
21875.3   21876.4   1.07406  
21879     21880.1   1.16984  
21884.7   21885.8   1.06928  
21886.9   21888     1.16194  
21899.6   21900.6   1.04778  
21920.8   21922     1.14963  
21940.1   21941.3   1.21303  
21945.6   21946.8   1.14794  
21961.5   21962.7   1.20222  
21977.6   21978.8   1.15675  
21994.2   21995.5   1.23562  
22003.4   22004.9   1.50947  
22034.5   22036.1   1.56137  
22055.8   22057.1   1.308    
22065.6   22066.8   1.17691  
22077.7   22079.2   1.49831  
22107.8   22109     1.2405   
22123.7   22126.8   3.10469  
22183.1   22184.2   1.03641  
22191.8   22193.5   1.71809  
22203.2   22204.2   1.051    
22209.6   22210.7   1.02306  
22215     22216.1   1.13494  
22236.8   22238.1   1.25603  
22242.5   22243.9   1.36653  
22255.8   22256.8   1.02941  
22267.6   22268.6   1.02341  
22292.8   22294.4   1.57031  
22300.5   22301.5   1.05238  
22314.4   22315.8   1.38122  
22319.7   22320.7   1.03775  
22323.9   22324.9   1.018    
22356.6   22357.7   1.05688  
22373.8   22375.4   1.57691  
22388.8   22389.8   1.08756  
22391.1   22392.7   1.53841  
22412.5   22413.8   1.284    
22422.4   22424     1.64456  
22440.9   22442     1.14719  
22449.1   22450.2   1.06269  
22485.9   22487.2   1.33981  
22502.7   22505.9   3.15572  
22542.2   22543.5   1.23922  
22569.4   22570.6   1.18213  
22582.3   22583.5   1.16869  
22594.8   22595.9   1.15394  
22597.7   22598.9   1.25287  
22612.3   22613.8   1.47844  
22627.5   22629.2   1.70788  
22630.6   22631.9   1.32919  
22652.9   22654.2   1.24988  
22655.6   22657.2   1.55     
22668.7   22670     1.30822  
22681.7   22683.2   1.54122  
22689.6   22691.5   1.83384  
22701.7   22702.7   1.01869  
22715.2   22716.8   1.54681  
22721.5   22723.1   1.6055   
22730.9   22732.1   1.10609  
22744.3   22745.4   1.09969  
22761.7   22763.4   1.67884  
22775.2   22778.3   3.1135   
22791.2   22792.3   1.13428  
22813.6   22814.7   1.04791  
22894.4   22895.8   1.36228  
22903.5   22904.5   1.04238  
22913.3   22914.4   1.10953  
22918.8   22919.9   1.08075  
22926.5   22927.6   1.15669  
22930.7   22931.8   1.10813  
22956.2   22957.2   1.01606  
22963.4   22964.4   1.04425  
22976     22977.2   1.12306  
23003.5   23004.6   1.09356  
23024.1   23025.2   1.13459  
23042.8   23044.5   1.62219  
23048.4   23049.8   1.3295   
23054.6   23055.8   1.18356  
23079.4   23080.8   1.37256  
23087.5   23088.8   1.22609  
23106.1   23107.6   1.52272  
23114.3   23115.6   1.24128  
23129.5   23130.6   1.03569  
23149.2   23151.1   1.95006  
23155     23156.5   1.42241  
23173.4   23174.6   1.17406  
23185.8   23187.6   1.7205   
23214.2   23215.6   1.43463  
23232.8   23233.8   1.03225  
23244.2   23245.7   1.44891  
23251.4   23253     1.58491  
23257.2   23258.4   1.16328  
23271.1   23273     1.86125  
23279.4   23280.7   1.29763  
23282.1   23283.2   1.07409  
23285.5   23288.7   3.12831  
23311.1   23312.7   1.65309  
23320.8   23321.8   1.03884  
23327     23328.8   1.80272  
23343.7   23344.8   1.06862  
23346.8   23347.9   1.03541  
23350.8   23351.8   1.02878  
23352.4   23354.2   1.78678  
23359.2   23360.3   1.07053  
23361.5   23362.8   1.31709  
23413.6   23415.1   1.50756  
23422.6   23423.7   1.11203  
23430.4   23432.1   1.73497  
23457.6   23458.9   1.30588  
23462.6   23463.6   1.01091  
23465.4   23467     1.52781  
23469.4   23470.8   1.39569  
23474.7   23476     1.27878  
23487.6   23488.7   1.10194  
23493.3   23494.8   1.49091  
23499.1   23500.2   1.16791  
23503.7   23504.9   1.24391  
23519.5   23520.7   1.24188  
23523.7   23524.9   1.17766  
23534.5   23536.4   1.85344  
23569.4   23570.8   1.40534  
23573.5   23575     1.43075  
23578.2   23579.9   1.68716  
23587.6   23589.1   1.52378  
23594.1   23598.3   4.19775  
23598.8   23600.2   1.40063  
23605.2   23606.3   1.01422  
23617.6   23618.9   1.21625  
23626.3   23627.3   1.01303  
23642.1   23643.9   1.76063  
23657.6   23658.7   1.13862  
23660.1   23661.3   1.21188  
23670     23671.2   1.19331  
23673     23674.1   1.0925   
23676.9   23681     4.12616  
23682.6   23684.7   2.07491  
23688.7   23689.9   1.252    
23722.7   23724.3   1.58841  
23745     23746.1   1.11391  
23779     23780.2   1.22375  
23818.3   23819.6   1.36734  
23833.4   23834.5   1.04537  
23863.2   23864.6   1.46053  
23884.5   23886.2   1.74797  
23917.8   23918.9   1.10928  
23937     23938.5   1.59459  
23969.9   23971     1.11775  
23984.7   23986.2   1.52653  
24027.7   24029     1.34784  
24037.6   24038.8   1.14897  
24044.1   24045.3   1.15181  
24054.8   24056.1   1.32166  
24063     24064.1   1.146    
24066.2   24067.5   1.27059  
24073     24074.2   1.25087  
24077.9   24079.6   1.65619  
24083.7   24084.7   1.04284  
24085.5   24087.1   1.52863  
24090.8   24092.3   1.46719  
24116.7   24118.4   1.75131  
24122.1   24123.2   1.12334  
24131.7   24133.6   1.88934  
24149.4   24150.4   1.03553  
24157     24158.5   1.46269  
24164.2   24165.6   1.43209  
24169.6   24170.7   1.08706  
24181.2   24182.6   1.40456  
24201.7   24204.8   3.09716  
24222.8   24223.9   1.13209  
24243.7   24245.1   1.38372  
24264.7   24265.8   1.08328  
24295.5   24296.9   1.34566  
24315.5   24316.5   1.00903  
24323.4   24324.8   1.44675  
24329.1   24330.5   1.47666  
24335.6   24337     1.36756  
24338.6   24339.6   1.04163  
24358.6   24359.7   1.15478  
24362.8   24364     1.1115   
24370.8   24372.5   1.78687  
24374.5   24375.6   1.11428  
24376.3   24377.4   1.02372  
24391.4   24393.2   1.78694  
24403.6   24404.6   1.01034  
24415.6   24416.8   1.26425  
24419.6   24421.2   1.57969  
24424.7   24426     1.35553  
24433.6   24434.8   1.12947  
24436.8   24438     1.23778  
24460.1   24461.6   1.49684  
24463.5   24464.5   1.03497  
24478.2   24479.2   1.03106  
24481.1   24482.2   1.10869  
24483.8   24485.6   1.74484  
24495     24496.3   1.33888  
24512.3   24513.7   1.37706  
24532.1   24533.2   1.17259  
24543.6   24544.8   1.18122  
24546.7   24547.7   1.03663  
24548.4   24549.5   1.15359  
24568.9   24570.3   1.34216  
24572.6   24573.6   1.05591  
24580.4   24581.7   1.29519  
24591     24592.4   1.37972  
24598.3   24599.4   1.12488  
24603     24604.1   1.15294  
24646.3   24648     1.71456  
24651.2   24652.6   1.416    
24677.1   24678.3   1.19547  
24685.6   24686.6   1.05897  
24687.1   24688.1   1.04325  
24690.3   24691.4   1.08488  
24695.9   24696.9   1.03903  
24704.2   24705.4   1.2335   
24729.6   24731.2   1.59069  
24735.5   24736.9   1.44684  
24742.1   24743.3   1.14994  
24747     24748     1.04544  
24772.8   24774.3   1.53494  
24779.9   24781.8   1.89809  
24800.7   24802     1.29759  
24802.9   24804     1.06769  
24809.6   24810.8   1.14828  
24816.3   24817.4   1.03053  
24830     24831.6   1.58759  
24834.1   24835.2   1.07875  
24837.1   24838.2   1.15675  
24862.6   24864     1.42103  
24867.7   24868.9   1.22678  
24871.5   24872.8   1.33172  
24878.1   24879.4   1.30575  
24902     24903.9   1.93372  
24911.8   24913     1.22641  
24921.3   24922.4   1.11062  
24926.4   24927.8   1.47141  
24963.6   24965.1   1.44419  
24968.7   24970.4   1.66809  
24976.1   24977.5   1.37322  
24982.4   24983.5   1.13875  
24989     24990.3   1.29909  
25019.1   25020.8   1.74953  
25044.5   25046.3   1.82244  
25051.4   25052.7   1.32062  
25067.8   25068.9   1.0665   
25076.3   25078.1   1.71759  
25080.5   25081.6   1.17597  
25103.8   25104.9   1.08609  
25118.9   25119.9   1.02678  
25127.7   25129     1.36006  
25142     25143     1.05819  
25145.4   25146.8   1.37909  
25163.4   25164.5   1.14138  
25171.1   25172.4   1.25128  
25178.6   25179.7   1.06937  
25186.7   25187.7   1.05606  
25202.6   25203.9   1.34603  
25207.6   25209.3   1.76431  
25216.3   25217.4   1.10025  
25219.9   25221.2   1.26106  
25230     25231.2   1.12231  
25253.3   25254.4   1.07787  
25275.2   25276.6   1.49141  
25286.6   25287.9   1.27638  
25319.4   25320.9   1.50316  
25336.8   25337.8   1.03909  
25390.3   25391.8   1.52456  
25401.8   25403.1   1.34125  
25448.5   25449.7   1.18472  
25475.4   25477     1.58425  
25477     25478.7   1.69209  
25542.6   25543.7   1.08606  
25551.7   25553     1.30253  
25563     25564     1.05688  
25571.1   25572.3   1.21672  
25581.5   25582.5   1.03253  
25584.1   25585.2   1.08978  
25596.9   25598.1   1.15919  
25621.2   25622.5   1.269    
25644     25645.5   1.48075  
25650.8   25651.8   1.06566  
25661.8   25663.4   1.52291  
25666.7   25667.8   1.02563  
25669.3   25670.3   1.03391  
25676.4   25677.6   1.11456  
25687.3   25688.4   1.10425  
25689.8   25690.9   1.10231  
25706.6   25707.6   1.02347  
25710.1   25711.9   1.76478  
25713.6   25714.7   1.13903  
25721.2   25722.3   1.10425  
25725.2   25726.6   1.33528  
25739.9   25741.1   1.26403  
25747.3   25748.4   1.09916  
25755.5   25757.1   1.57628  
25783.9   25785.1   1.209    
25788.6   25789.6   1.04225  
25791.3   25792.4   1.04806  
25793.7   25795     1.28256  
25796.9   25798     1.05647  
25827.2   25828.2   1.04903  
25829.1   25830.2   1.05497  
25855.6   25856.7   1.11906  
25858     25859.2   1.17653  
25869.8   25871     1.18088  
25882.5   25884.5   1.95506  
25890.9   25892     1.04719  
25893.2   25894.4   1.12231  
25901.1   25902.4   1.29006  
25904.1   25905.8   1.68572  
25936.7   25937.9   1.23469  
25959.8   25961     1.25962  
25966.3   25967.5   1.26153  
25995.4   25997     1.57797  
26002.4   26003.6   1.20859  
26004.6   26005.7   1.14231  
26007.7   26008.8   1.12634  
26015.7   26016.9   1.18112  
26021.4   26022.8   1.36409  
26025.9   26027.1   1.16306  
26029.3   26030.4   1.07456  
26032.3   26035.4   3.08091  
26061.4   26063.4   1.95975  
26138.1   26139.9   1.76834  
26185.6   26186.8   1.20916  
26220.3   26221.4   1.09088  
26223     26224.2   1.23756  
26246.4   26247.5   1.11428  
26253.8   26254.8   1.0375   
26260.4   26261.7   1.35416  
26265     26268.1   3.09884  
26273.3   26274.6   1.27706  
26277.6   26278.7   1.18325  
26281.3   26282.7   1.44506  
26285.8   26286.8   1.01931  
26292.6   26294.2   1.57597  
26296.5   26297.7   1.26306  
26315.3   26316.8   1.53897  
26320.1   26321.4   1.31384  
26324.5   26325.6   1.08009  
26329     26330.6   1.555    
26334.3   26335.7   1.33556  
26337.9   26339.1   1.19316  
26340     26341.1   1.07866  
26348.6   26349.9   1.34066  
26354     26355.2   1.18634  
26368.4   26370     1.59534  
26388.3   26389.3   1.00847  
26403.7   26405.1   1.38069  
26409.5   26411.5   2.02219  
26418.7   26419.9   1.18169  
26433.9   26435.1   1.27591  
26444.7   26446.2   1.50919  
26448.7   26450     1.37322  
26462.1   26463.2   1.14769  
26468.8   26470.2   1.44419  
26483.2   26484.4   1.20141  
26497.2   26498.7   1.46634  
26513.4   26514.8   1.37675  
26530.3   26531.4   1.124    
26532.6   26533.7   1.11222  
26534.1   26535.2   1.08975  
26536     26539.1   3.09572  
26540.3   26541.3   1.05644  
26542.3   26543.5   1.15234  
26548.6   26550.2   1.60069  
26560.5   26562.3   1.82691  
26575.2   26576.7   1.4955   
26580.1   26581.5   1.35347  
26586.4   26587.8   1.43459  
26593.1   26594.5   1.48503  
26595.8   26596.9   1.15144  
26601.1   26602.4   1.27747  
26606.5   26607.7   1.27038  
26612.5   26614     1.48303  
26621.3   26623.2   1.84228  
26632.3   26633.9   1.62178  
26648.1   26649.1   1.01487  
26654.6   26655.7   1.05419  
26663.4   26664.8   1.39778  
26672.3   26673.6   1.26812  
26704.3   26705.8   1.48834  
26714.4   26715.7   1.27647  
26717     26718.3   1.35097  
26728.2   26729.7   1.44941  
26733.3   26734.6   1.20953  
26743     26744.2   1.16625  
26747     26748.7   1.68528  
26785.2   26786.4   1.20856  
26793.2   26794.5   1.27791  
26813.4   26815     1.58922  
26821.8   26823.3   1.43856  
26833.6   26835     1.33928  
26839.7   26840.9   1.16213  
26846.6   26848.3   1.78234  
26852.8   26853.9   1.12488  
26875.9   26876.9   1.04597  
26889.9   26891.2   1.29928  
26897.5   26898.5   1.04166  
26899.7   26900.9   1.24872  
26907     26908.4   1.36791  
26918.8   26920.4   1.54075  
26925.4   26927.1   1.68194  
26939.2   26940.7   1.50725  
26942.3   26943.6   1.24056  
26946.6   26947.6   1.052    
26959.6   26960.9   1.26972  
26967.9   26969.1   1.17341  
26974.8   26976     1.155    
26979.9   26980.9   1.00887  
26987.7   26988.7   1.02772  
26990.7   26992     1.21925  
26992.7   26994.1   1.378    
26996.8   26997.8   1.00794  
27021.5   27022.8   1.25528  
27024     27025.7   1.65972  
27037.4   27038.8   1.38825  
27044.6   27045.8   1.16844  
27049.9   27051.4   1.4835   
27053.3   27054.5   1.15225  
27055.7   27056.9   1.14744  
27067.8   27069.1   1.20713  
27082.5   27084.4   1.85128  
27100.2   27101.2   1.00913  
27119.7   27120.8   1.13666  
27123.2   27124.3   1.07397  
27128.4   27129.9   1.53009  
27133.2   27134.3   1.112    
27141.3   27142.4   1.07831  
27149.7   27150.7   1.00222  
27154.5   27155.8   1.33494  
27171.1   27172.1   1.03891  
27186.3   27189.5   3.16309  
27212.2   27213.3   1.0435   
27216.5   27217.6   1.115    
27243     27244     1.017    
27267.6   27268.9   1.32369  
27283.6   27284.9   1.279    
27298.4   27299.5   1.16469  
27303.7   27305     1.33716  
27331.5   27332.6   1.12169  
27353.9   27355.1   1.23153  
27373.2   27374.2   1.01734  
27380.7   27381.9   1.24684  
27393.4   27394.6   1.15891  
27431.1   27432.3   1.19344  
27449.5   27451.2   1.66675  
27472.7   27474.2   1.46863  
27487.4   27488.4   1.02091  
27499.7   27500.7   1.02238  
27502.2   27503.4   1.16853  
27507.5   27508.6   1.07556  
27519.3   27520.4   1.16013  
27524     27525.2   1.13175  
27579.6   27580.7   1.14316  
27597.5   27599.1   1.54369  
27602.8   27603.9   1.12481  
27606.5   27607.6   1.07937  
27618.8   27620.1   1.27019  
27652.9   27654     1.11512  
27662.5   27663.7   1.20056  
27667.9   27669.1   1.21287  
27673.1   27674.3   1.20959  
27687.3   27688.8   1.45344  
27702.6   27703.7   1.10941  
27707     27708.1   1.0975   
27708.7   27710.2   1.44134  
27714.9   27716.1   1.17103  
27745     27746.2   1.26259  
27766.8   27768.2   1.44463  
27775.4   27776.5   1.12425  
27789.5   27790.5   1.01091  
27841.4   27842.4   1.03475  
27843.3   27844.4   1.14697  
27860.3   27861.3   1.00747  
27867     27868.1   1.00903  
27875.8   27877.4   1.61406  
27886.7   27889.8   3.13963  
27895.3   27896.3   1.00328  
27906.8   27908     1.19197  
27934.8   27936.4   1.64909  
27941.8   27942.8   1.00775  
27956.3   27957.8   1.47806  
27968.8   27970.2   1.33722  
27971.4   27972.9   1.52544  
27976     27977.1   1.05809  
27988.8   27991     2.23888  
28002.5   28003.7   1.23244  
28018.5   28020.1   1.5715   
28033.8   28035.2   1.38481  
28039.2   28040.2   1.02831  
28061     28062.4   1.30616  
28089.3   28090.8   1.48019  
28123     28124     1.01084  
28156.2   28157.3   1.17166  
28160.1   28161.3   1.2155   
28192.9   28194.4   1.49225  
28254.5   28256.2   1.76709  
28263.9   28265.3   1.41519  
28282.9   28284.2   1.29447  
28291.1   28292.7   1.56234  
28297.6   28299.1   1.48838  
28304.1   28305.2   1.06894  
28316.7   28318.2   1.41225  
28331.5   28332.6   1.05719  
28338.3   28339.3   1.01616  
28343.4   28344.6   1.19497  
28358.5   28359.6   1.13547  
28369.3   28371     1.69941  
28378.9   28380.5   1.56588  
28407.8   28409.7   1.87172  
28411.6   28412.7   1.08847  
28416.1   28417.5   1.38847  
28418.8   28420.3   1.46928  
28431.9   28433.4   1.41166  
28437.2   28438.3   1.16581  
28441.2   28444.3   3.10697  
28451.5   28452.7   1.23475  
28454.3   28455.4   1.05981  
28473.3   28474.4   1.10853  
28478.8   28479.9   1.03634  
28490.1   28491.3   1.23394  
28498     28499     1.06997  
28501.6   28503     1.39387  
28506.5   28507.5   1.02984  
28519     28520.3   1.28447  
28542.2   28543.5   1.36284  
28548.7   28549.9   1.17028  
28556.6   28557.7   1.12888  
28570.4   28571.6   1.23872  
28590.9   28592     1.06584  
28607.1   28608.4   1.30603  
28611.7   28612.8   1.08506  
28616.6   28617.6   1.07812  
28645.5   28646.6   1.16919  
28649.5   28650.5   1.03772  
28657.7   28658.8   1.11253  
28674.6   28675.7   1.12438  
28688.2   28689.3   1.12056  
28705.7   28706.8   1.07081  
28724.1   28725.3   1.25178  
28729.1   28730.2   1.10881  
28735.8   28736.8   1.01937  
28742.8   28745.8   3.09222  
28775.2   28777     1.83206  
28793.9   28795.5   1.55788  
28818.1   28819.4   1.28325  
28852.9   28854     1.16556  
28866.5   28867.6   1.1535   
28891.8   28892.9   1.12056  
28910.8   28911.9   1.13044  
28945.3   28946.5   1.16706  
28947.8   28949     1.20375  
28965.1   28966.2   1.08159  
28969.2   28972.3   3.11888  
29003.3   29004.6   1.31403  
29006.9   29008     1.01059  
29008.6   29009.6   1.03328  
29054.8   29055.9   1.16791  
29107.8   29109     1.13553  
29159.5   29160.6   1.11847  
29203     29204.1   1.11606  
29218.2   29219.4   1.16853  
29246.5   29247.6   1.09081  
29314.3   29315.4   1.12509  
29320.9   29322.4   1.49153  
29336.9   29338     1.06156  
29350.2   29351.3   1.07069  
29374.9   29376.3   1.44384  
29386.4   29387.5   1.06609  
29393.8   29394.8   1.06225  
29417.9   29419     1.12544  
29426     29427.3   1.28509  
29438.5   29439.6   1.09025  
29448.8   29449.9   1.11847  
29468.3   29470.1   1.82403  
29481.3   29482.4   1.19603  
29489.6   29490.8   1.17181  
29517.3   29518.4   1.122    
29528.9   29530.3   1.41597  
29536.3   29537.5   1.17894  
29545.5   29547.1   1.63203  
29549.4   29550.6   1.15453  
29554.5   29556.1   1.58216  
29557.9   29558.9   1.006    
29585.1   29586.2   1.0635   
29598.4   29599.7   1.27878  
29609.3   29610.8   1.54478  
29616.6   29617.7   1.10803  
29632.5   29633.6   1.10709  
29638.8   29640.2   1.46866  
29670.8   29672.3   1.55088  
29685.3   29687.1   1.79297  
29695.9   29697.4   1.52428  
29728.9   29730.5   1.61581  
29744.1   29745.2   1.10106  
29746.5   29747.6   1.02256  
29748.3   29749.3   1.03406  
29751.2   29754.3   3.13128  
29761.5   29762.8   1.25706  
29775.3   29776.8   1.48081  
29781.2   29782.6   1.44947  
29785.6   29786.7   1.0885   
29811.5   29813.2   1.61697  
29823.9   29825.1   1.15263  
29829.5   29830.6   1.12056  
29833.6   29834.9   1.27378  
29843.6   29844.9   1.25159  
29848.3   29849.3   1.08291  
29852.9   29854.5   1.61053  
29857.9   29861     3.10841  
29877.6   29878.8   1.16334  
29913.4   29914.5   1.08     
29941.7   29943     1.27397  
29957.3   29958.7   1.36772  
29972     29973.9   1.92719  
29990     29991.2   1.17056  
30005.2   30006.3   1.12509  
30008.1   30009.7   1.5995   
30037     30038.3   1.32484  
30044.5   30046     1.50725  
30102.2   30103.2   1.01922  
30114.8   30115.8   1.00928  
30122.6   30123.7   1.10416  
30127.9   30129.4   1.50794  
30144.9   30146.3   1.4125   
30163.8   30165.2   1.37003  
30181.9   30183.3   1.3815   
30205.7   30206.9   1.15853  
30213.8   30215.5   1.71487  
30222.1   30223.1   1.03069  
30230.3   30231.4   1.19512  
30236     30237.3   1.36128  
30242.5   30245.7   3.13872  
30277.6   30279.1   1.47053  
30340.6   30341.6   1.01291  
30359.7   30360.8   1.14559  
30372.3   30373.4   1.10772  
30394.2   30395.2   1.00122  
30397.5   30398.6   1.10769  
30409.8   30410.9   1.10825  
30426.5   30427.6   1.12616  
30453.3   30456.4   3.14178  
30496.2   30497.4   1.21659  
30502     30503.3   1.28966  
30508.8   30509.9   1.09053  
30537.3   30538.5   1.13716  
30556.9   30558.1   1.22491  
30570.8   30571.8   1.00113  
30626.7   30628     1.28734  
30632.8   30634.1   1.3635   
30648.3   30649.4   1.14409  
30651.1   30652.1   1.01534  
30662.7   30663.8   1.10006  
30669.4   30670.5   1.10775  
30675.6   30676.7   1.08144  
30683.1   30684.2   1.12819  
30711     30712.1   1.05281  
30730.8   30732.2   1.30891  
30743.3   30744.8   1.49838  
30755.8   30757.1   1.26844  
30817.7   30819.1   1.45109  
30896.2   30897.2   1.01781  
30905.8   30906.9   1.13987  
30960.1   30961.4   1.26234  
30977     30978.5   1.52531  
30994.5   30995.6   1.01162  
31001.1   31002.7   1.58634  
31023.6   31024.7   1.09375  
31028.8   31030.4   1.51006  
31036.2   31037.6   1.3975   
31047.9   31049.3   1.40512  
31060.6   31062.2   1.64675  
31072.1   31073.9   1.77209  
31078.4   31079.9   1.56022  
31091.1   31092.3   1.24338  
31094.5   31095.6   1.09203  
31099.1   31100.3   1.15237  
31124.5   31125.6   1.04759  
31137.9   31139.3   1.33866  
31147.7   31148.8   1.03628  
31162.7   31163.9   1.21425  
31166     31167.2   1.17741  
31172.8   31173.9   1.03109  
31182.7   31183.7   1.00644  
31185.1   31186.3   1.20644  
31190.1   31191.3   1.26047  
31199.1   31200.1   1.06606  
31204.7   31206     1.37225  
31213.8   31214.9   1.12522  
31218.5   31219.7   1.20859  
31225     31226.1   1.04322  
31243.6   31244.9   1.22663  
31249.4   31252.7   3.21047  
31278.1   31279.5   1.43344  
31312.3   31313.8   1.44331  
31336.7   31339.8   3.117    
31346.8   31347.8   1.02812  
31352.7   31353.8   1.10369  
31406.1   31407.2   1.09884  
31443.2   31444.3   1.09584  
31462.9   31464     1.07581  
31517.7   31518.8   1.01969  
31551.9   31553.1   1.10712  
31594.3   31595.4   1.14172  
31618.8   31620.2   1.47738  
31626.2   31627.7   1.46725  
31693.7   31694.8   1.12778  
31709.9   31711     1.12206  
31733.3   31734.6   1.30509  
31819.7   31821.1   1.33537  
31825.5   31826.5   1.00381  
31858.2   31859.4   1.18256  
31913.3   31914.4   1.00444  
31952.5   31953.8   1.35631  
31978.3   31980     1.66947  
31983.1   31984.3   1.18788  
31994.8   31996.1   1.32453  
32020.3   32021.5   1.14837  
32051     32052.4   1.37716  
32099.5   32100.6   1.05228  
32111.1   32112.4   1.27969  
32137.9   32138.9   1.02388  
32145.3   32146.4   1.03072  
32156.7   32157.7   1.01019  
32222.7   32223.7   1.01559  
32237.2   32238.8   1.61497  
32286.5   32287.8   1.26209  
32325.3   32326.3   1.0595   
32333.4   32334.5   1.17306  
32374.5   32376.1   1.57694  
32385.9   32387     1.05803  
32403.3   32404.5   1.11681  
32409.5   32410.6   1.06856  
32417.6   32418.9   1.33309  
32426.9   32428     1.09519  
32436.3   32437.3   1.07319  
32441.6   32442.7   1.08844  
32448.4   32450.1   1.74719  
32459     32460.5   1.47269  
32497.2   32500.4   3.16184  
32532.8   32534     1.20037  
32553.6   32554.8   1.17903  
32561.3   32562.5   1.18219  
32564.4   32565.5   1.09344  
32568.3   32569.7   1.32025  
32618.3   32619.4   1.09278  
32623.3   32624.4   1.02344  
32642.2   32643.4   1.27047  
32654.2   32655.7   1.43947  
32673.7   32674.9   1.21788  
32692.5   32693.5   1.031    
32740.6   32742.1   1.51378  
32750.5   32751.8   1.293    
32760.2   32761.9   1.74884  
32775.6   32776.7   1.13169  
32784     32785.4   1.38769  
32793.5   32794.7   1.13303  
32823.1   32824.1   1.02981  
32825.1   32826.4   1.28287  
32833.5   32834.9   1.47644  
32840.8   32842     1.23659  
32849.7   32851.3   1.56853  
32870.8   32872.1   1.24059  
32899.7   32900.8   1.12994  
32918.5   32919.6   1.07728  
32923.1   32924.2   1.03212  
32937.5   32938.8   1.28531  
32950.4   32951.8   1.4125   
32966.3   32968.2   1.90022  
32983.8   32985.1   1.31231  
32987     32988.3   1.36016  
33002.4   33003.9   1.50416  
33006.5   33007.9   1.36991  
33041.3   33042.5   1.26863  
33052.4   33054.6   2.10537  
33066     33067.2   1.17122  
33072.6   33074.1   1.55197  
33086.6   33088.2   1.62187  
33106.5   33108.1   1.57028  
33113.3   33114.3   1.021    
33131.1   33132.6   1.53403  
33135.6   33136.7   1.06997  
33139.7   33140.7   1.06675  
33147.3   33148.6   1.21828  
33160.1   33161.9   1.82975  
33165.9   33166.9   1.0115   
33171.3   33172.5   1.16994  
33177.2   33178.6   1.36625  
33183.8   33184.8   1.07616  
33185.2   33186.4   1.17491  
33205.9   33207.1   1.17416  
33223.6   33224.7   1.09122  
33227.8   33229     1.26131  
33234.6   33235.9   1.29047  
33262.5   33263.6   1.03981  
33272.3   33273.3   1.04262  
33282.4   33283.8   1.36003  
33285.3   33286.4   1.13544  
33307.1   33308.3   1.11619  
33312.1   33313.2   1.1235   
33323.6   33324.8   1.1745   
33326.5   33327.6   1.0965   
33339.5   33340.8   1.29525  
33364.3   33365.6   1.31656  
33389.8   33391.4   1.57056  
33399     33400.1   1.10088  
33412.7   33415.8   3.11425  
33433     33434.7   1.69372  
33443.4   33444.6   1.26169  
33476     33477     1.00881  
33493.7   33495     1.30994  
33509     33510.1   1.1325   
33528.2   33529.8   1.58069  
33572.8   33573.8   1.06681  
33600.1   33601.4   1.33116  
33668.9   33670     1.04422  
33681.1   33682.4   1.25988  
33708.8   33709.8   1.00581  
33720.9   33722.3   1.44934  
33788.5   33789.6   1.13594  
33813.2   33815.2   2.02916  
33839.4   33840.7   1.32978  
33852.1   33853.5   1.44881  
33866.6   33867.7   1.19284  
33883.9   33885     1.0605   
33886     33887.6   1.58975  
33908.5   33909.5   1.04994  
33914.1   33915.3   1.11369  
33917.1   33918.6   1.46837  
33924.9   33926.5   1.57984  
33935.8   33936.9   1.07266  
33938.5   33939.9   1.34669  
33943.3   33945     1.64312  
33948     33949     1.07516  
33952.5   33953.8   1.29969  
33957.8   33958.8   1.03191  
33965.4   33966.8   1.42903  
33969     33970.8   1.83031  
33974.5   33978.7   4.15891  
33979.2   33980.9   1.77594  
33982.2   33983.2   1.02547  
33989.1   33990.7   1.60206  
33997.7   33999     1.25625  
34001.3   34002.5   1.25325  
34004.6   34005.6   1.01844  
34009.2   34010.3   1.16766  
34043.2   34044.3   1.04909  
34053.6   34055.3   1.70747  
34077.7   34079.1   1.39138  
34081.3   34082.5   1.24875  
34087.1   34088.3   1.18331  
34089.6   34090.8   1.16228  
34102.3   34103.3   1.02919  
34109.6   34110.8   1.27503  
34113.1   34114.4   1.30341  
34117.6   34118.9   1.30209  
34146.2   34147.9   1.70759  
34167.3   34168.9   1.57847  
34173.1   34174.4   1.34113  
34178.5   34179.6   1.05147  
34203.1   34204.1   1.02363  
34215.9   34217.4   1.47188  
34219.2   34220.4   1.14584  
34238.6   34239.7   1.11997  
34240.6   34241.7   1.08313  
34256     34257.9   1.89438  
34264.7   34265.8   1.17584  
34269.1   34270.3   1.24316  
34271     34272.2   1.19884  
34274.6   34278.7   4.16203  
34331.7   34334     2.30166  
