0         1.23631   1.23631  
3.00784   4.01919   1.01134  
7.41644   8.98513   1.56869  
12.1524   13.8172   1.66484  
14.6293   15.8554   1.22616  
61.9789   63.1685   1.18962  
71.7977   72.9226   1.12491  
93.6167   94.7056   1.08894  
102.028   103.371   1.34247  
115.277   116.278   1.00166  
120.549   121.863   1.31325  
175.985   177.135   1.15019  
182.955   184.088   1.13334  
237.678   238.778   1.09959  
258.197   259.538   1.34091  
274.233   276.027   1.79447  
294.059   295.396   1.33759  
360.912   362.337   1.42544  
386.202   388.351   2.14866  
393.166   394.558   1.39225  
404.355   405.39    1.03516  
418.122   419.259   1.137    
426.418   427.479   1.06075  
432.029   433.086   1.05731  
473.586   474.883   1.29641  
479.022   480.35    1.32869  
505.101   506.166   1.06509  
520.258   521.696   1.43788  
572.773   574.554   1.78078  
578.929   580.265   1.3355   
584.512   585.584   1.07197  
600.631   601.758   1.12638  
623.928   625.313   1.38544  
637.17    638.79    1.62028  
646.622   647.646   1.02422  
671.802   673.196   1.39453  
685.265   686.524   1.259    
746.074   747.881   1.80744  
781.611   782.945   1.33441  
787.066   788.238   1.17128  
788.875   790.293   1.4175   
795.753   796.968   1.21441  
817.331   818.781   1.45059  
827.307   828.308   1.00138  
844.404   845.667   1.26275  
869.699   870.995   1.29547  
879.847   881.254   1.4075   
930.192   931.447   1.25506  
936.705   937.75    1.04556  
944.329   945.748   1.41856  
984.735   986.089   1.35381  
994.409   995.581   1.17206  
1003.6    1004.74   1.13603  
1007.29   1008.37   1.07625  
1019.67   1021.13   1.45962  
1040.85   1041.99   1.14181  
1048.91   1050.39   1.47319  
1075.29   1076.42   1.13862  
1081.01   1082.21   1.20112  
1095.18   1096.43   1.25578  
1124.36   1125.76   1.40631  
1131.6    1132.64   1.03744  
1140.64   1142.02   1.38231  
1169.48   1170.54   1.05672  
1193.49   1194.56   1.07434  
1204.09   1205.64   1.54216  
1257.51   1258.72   1.21034  
1267.77   1269.13   1.35741  
1300.46   1301.83   1.372    
1319.76   1321.44   1.68306  
1338.32   1339.66   1.33509  
1346.86   1348.09   1.23059  
1365.67   1366.79   1.11413  
1391.79   1392.84   1.04525  
1400.9    1401.99   1.09466  
1414.38   1415.52   1.13538  
1423.46   1424.53   1.06175  
1429.22   1430.32   1.0955   
1439.5    1440.5    1.00144  
1472.78   1474.14   1.36213  
1479.11   1480.4    1.28491  
1534.81   1535.95   1.1375   
1563.76   1565.02   1.25319  
1577.71   1579.18   1.46881  
1586.54   1587.7    1.15534  
1597.09   1598.97   1.88488  
1608.65   1609.76   1.10669  
1657.26   1658.81   1.54284  
1665.89   1667.39   1.49794  
1685.85   1687.03   1.17134  
1692.49   1693.87   1.37563  
1752.98   1754.85   1.86963  
1763.23   1764.82   1.59706  
1800.36   1802.08   1.71781  
1807.06   1808.21   1.15881  
1819.63   1820.78   1.15222  
1840.07   1841.28   1.20797  
1855.34   1856.61   1.27753  
1859.07   1860.21   1.14225  
1862.54   1863.65   1.10653  
1885.73   1887      1.26175  
1950.51   1951.52   1.00678  
1955.86   1956.92   1.05788  
1973.24   1974.51   1.27259  
1981.91   1983.09   1.18306  
1988.44   1989.51   1.0755   
1991.95   1993.52   1.56431  
2023.61   2024.93   1.3255   
2029.51   2031.13   1.62219  
2053.95   2055.13   1.18081  
2059.21   2060.95   1.74081  
2073.85   2075.43   1.58213  
2082.25   2083.42   1.16738  
2094.72   2095.96   1.24287  
2123.17   2124.23   1.05106  
2131.55   2132.66   1.11119  
2139.84   2140.87   1.03522  
2144.35   2145.58   1.22525  
2158.16   2159.28   1.11175  
2172.57   2173.83   1.26494  
2185.98   2187.1    1.12241  
2193.12   2194.4    1.27869  
2206.55   2207.73   1.18369  
2233.04   2234.13   1.08775  
2241.99   2243.13   1.1345   
2257.68   2258.73   1.04756  
2260.2    2261.48   1.28025  
2277.48   2278.52   1.03728  
2287.75   2289      1.25466  
2291.32   2292.54   1.22459  
2296.72   2297.78   1.05825  
2302.1    2303.36   1.26325  
2317.33   2318.48   1.14694  
2330.01   2331.42   1.40791  
2371.84   2373.01   1.16216  
2390.17   2391.41   1.24863  
2396.17   2397.18   1.01534  
2508.89   2510.49   1.60666  
2573.69   2575.78   2.08481  
2579.79   2582.9    3.11416  
2583.76   2585.03   1.27466  
2601.31   2602.49   1.18053  
2616.22   2617.69   1.46906  
2621.66   2623.13   1.46503  
2633.52   2634.64   1.11994  
2644.46   2645.95   1.48953  
2655.04   2656.19   1.14525  
2659.6    2661.05   1.44869  
2689.89   2690.95   1.06247  
2693.61   2694.64   1.03822  
2703.54   2704.78   1.24128  
2711.24   2712.34   1.10856  
2720.76   2721.86   1.10041  
2731.02   2732.54   1.52466  
2751.9    2753.34   1.44156  
2761.05   2762.1    1.05244  
2780.52   2781.65   1.12991  
2787.86   2788.89   1.02831  
2794.09   2795.11   1.01716  
2805.25   2806.56   1.30719  
2808.16   2809.19   1.03534  
2812.22   2813.24   1.01778  
2826      2827.27   1.27266  
2847.27   2848.56   1.28822  
2852.65   2853.98   1.32791  
2862.24   2863.61   1.37394  
2888.81   2890.21   1.40247  
2895.18   2896.35   1.17044  
2904.82   2905.93   1.10822  
2928.37   2929.73   1.364    
2951.29   2952.68   1.38744  
2988.96   2990.12   1.16109  
3001.57   3002.63   1.06597  
3015.46   3016.63   1.17213  
3045.42   3047      1.58256  
3109.46   3111.1    1.63763  
3142.65   3144.23   1.58231  
3178.72   3179.89   1.16941  
3218.4    3220.04   1.63753  
3246.34   3247.5    1.16216  
3284.45   3285.48   1.03263  
3291.72   3292.79   1.07609  
3299.74   3301.2    1.46659  
3320.34   3321.84   1.49919  
3336.59   3338.14   1.55484  
3345.75   3346.89   1.13625  
3356.96   3358.07   1.11228  
3384.87   3386.45   1.58569  
3412.27   3413.37   1.10387  
3419.6    3421.11   1.51047  
3434.51   3435.8    1.28428  
3441.01   3442.07   1.05909  
3446.58   3447.68   1.09569  
3473.55   3474.78   1.23416  
3484.59   3485.87   1.28497  
3492.91   3494.54   1.63225  
3504.55   3505.68   1.13909  
3537.85   3539.41   1.55391  
3545.71   3546.78   1.06588  
3563.83   3565.14   1.31575  
3578.36   3580.05   1.68344  
3605.73   3607.53   1.79219  
3617.08   3618.28   1.196    
3631.29   3632.8    1.51581  
3638.69   3640.05   1.35941  
3660.55   3661.78   1.22441  
3669.92   3671.06   1.13413  
3678.23   3679.27   1.04081  
3708.95   3710.33   1.37587  
3713.41   3714.49   1.07341  
3716.43   3717.85   1.41894  
3730.58   3732.03   1.44588  
3738.76   3739.79   1.02919  
3740.14   3741.18   1.04328  
3744.08   3745.1    1.02291  
3749.46   3750.52   1.06462  
3787.48   3788.86   1.38041  
3795.14   3796.47   1.32672  
3819.04   3820.09   1.04097  
3841.16   3842.21   1.05438  
3854.59   3856.21   1.62606  
3899.87   3900.97   1.10503  
3917.01   3918.38   1.37187  
3943.38   3944.69   1.3105   
3946.7    3947.89   1.185    
3994.48   3995.58   1.10084  
4002.21   4003.87   1.65406  
4007.86   4009.37   1.51225  
4025.46   4027.21   1.75028  
4110.09   4111.2    1.11419  
4129.9    4130.92   1.02363  
4148.53   4149.7    1.16962  
4190.23   4191.32   1.08522  
4222.04   4223.04   1.00069  
4276.49   4278.04   1.54803  
4285.81   4286.91   1.10025  
4367.61   4369.04   1.43013  
4395.56   4396.93   1.36884  
4418.5    4419.57   1.06444  
4444.97   4446.46   1.48625  
4476.04   4477.51   1.46403  
4508.44   4509.49   1.04709  
4545.67   4547.19   1.51334  
4560.84   4562.17   1.32575  
4569.49   4570.58   1.09706  
4613.6    4614.72   1.11544  
4624.26   4625.42   1.15347  
4677.35   4678.39   1.04419  
4701.05   4705.38   4.33309  
4706.18   4707.23   1.05034  
4820.38   4821.82   1.43606  
4904.51   4906.13   1.62691  
4923.38   4924.44   1.05725  
4940.7    4941.78   1.07578  
4952.22   4953.31   1.09009  
4984.82   4986.12   1.29831  
5008.37   5009.47   1.09266  
5011.85   5013.19   1.33706  
5027.14   5028.27   1.132    
5047.49   5048.54   1.05084  
5068.32   5069.49   1.16819  
5098.03   5099.44   1.41597  
5108.89   5110.52   1.62275  
5119.25   5120.44   1.19125  
5121.74   5122.88   1.14753  
5167.43   5168.49   1.06031  
5173.99   5175.21   1.21297  
5199.94   5201.28   1.33691  
5229.87   5231.07   1.19928  
5309.84   5311.07   1.22831  
5319.06   5320.08   1.01556  
5326.9    5327.91   1.01316  
5339.78   5340.92   1.14381  
5345.53   5346.74   1.21675  
5356.83   5358.11   1.27881  
5400.94   5402.04   1.10078  
5410.78   5411.96   1.18256  
5431.37   5432.67   1.29487  
5464.75   5465.85   1.10491  
5513.53   5515.03   1.50022  
5536.74   5538.08   1.342    
5549.92   5551.14   1.21856  
5561.47   5562.69   1.22091  
5606.99   5608.3    1.31094  
5613.87   5615.06   1.19266  
5642.69   5643.86   1.17063  
5658.02   5659.65   1.62491  
5698.65   5699.8    1.15347  
5710.72   5711.8    1.07691  
5735.63   5736.81   1.18237  
5754.59   5755.96   1.37491  
5758.97   5760.04   1.06609  
5771.55   5772.55   1.00863  
5774.76   5776.02   1.25687  
5826.64   5827.75   1.10225  
5907.17   5908.5    1.33288  
5964.04   5965.05   1.00666  
5967.04   5968.15   1.11491  
5996.68   5997.96   1.28166  
6004.01   6006.63   2.62141  
6061.53   6062.76   1.23391  
6064.95   6066.15   1.19344  
6070.93   6071.97   1.04228  
6087.44   6088.64   1.20312  
6097.05   6098.08   1.03109  
6117.52   6118.62   1.10462  
6124.63   6126.2    1.57038  
6161.83   6163.75   1.92719  
6198.1    6199.36   1.2635   
6234.32   6235.63   1.31175  
6261.27   6262.87   1.60013  
6359.4    6361.09   1.69203  
6373.12   6374.26   1.14253  
6394.33   6395.35   1.02275  
6400.21   6401.23   1.01953  
6409.3    6410.34   1.04012  
6444.26   6445.62   1.36144  
6458.61   6459.63   1.01525  
6473.92   6475.28   1.36022  
6522.69   6523.98   1.28822  
6526.37   6527.43   1.05344  
6607.94   6608.99   1.0485   
6619.73   6621.43   1.69578  
6631.58   6633.2    1.61409  
6656.83   6657.91   1.08156  
6664.65   6666.21   1.56234  
6686.22   6687.77   1.54806  
6694.96   6698.07   3.10903  
6763.66   6764.9    1.24225  
6781.68   6783.18   1.50794  
6817.3    6818.31   1.00484  
6851.53   6852.54   1.00909  
6870.29   6872.11   1.82603  
6937.72   6939.15   1.43116  
6983.2    6984.65   1.45231  
6996.79   6998.16   1.36716  
7002.38   7003.4    1.01797  
7026.73   7027.9    1.16559  
7081.6    7083.21   1.61163  
7104.2    7105.5    1.29909  
7125.72   7127.57   1.84413  
7135.89   7137.39   1.50306  
7142.4    7143.48   1.08053  
7162.87   7164.6    1.73444  
7175.85   7177.03   1.17916  
7184.85   7186.13   1.27234  
7191.62   7193.04   1.41688  
7234.41   7235.44   1.03238  
7271.54   7272.75   1.21116  
7299.45   7300.7    1.25269  
7323.53   7324.66   1.13519  
7329.44   7330.53   1.08213  
7339.27   7340.27   1.00038  
7357.26   7358.49   1.22762  
7360.64   7362.07   1.42938  
7369.24   7370.48   1.23784  
7381.49   7382.56   1.07459  
7383.94   7385.02   1.08497  
7415.2    7416.24   1.03975  
7452.91   7454.24   1.33119  
7469.35   7470.91   1.5635   
7521.17   7522.38   1.20616  
7532.22   7533.54   1.32334  
7539.46   7540.47   1.01347  
7558.71   7559.97   1.25831  
7564.42   7565.65   1.22959  
7597.6    7598.76   1.16381  
7617.59   7619.21   1.62681  
7635.84   7636.87   1.02925  
7663.7    7664.87   1.16334  
7702.38   7703.69   1.30141  
7710.18   7711.93   1.75694  
7715.79   7717.18   1.38622  
7747.58   7748.69   1.11381  
7768.22   7769.32   1.10153  
7784.33   7785.51   1.18428  
7792.24   7793.81   1.56847  
7804.32   7805.75   1.43272  
7807.85   7809.15   1.29909  
7848.99   7850.42   1.42897  
7856.27   7857.55   1.27581  
7866.69   7868.25   1.559    
7882.1    7883.21   1.11472  
7889.59   7890.64   1.047    
7926.48   7927.97   1.49188  
7931.61   7932.92   1.31662  
7953.41   7954.62   1.21328  
7958.08   7959.15   1.06256  
7984.56   7985.76   1.19553  
7988.14   7990.41   2.26112  
7995.56   7996.96   1.407    
8016.81   8017.87   1.05828  
8026.42   8027.83   1.41853  
8029.15   8030.28   1.12906  
8046.87   8048.47   1.59647  
8054.98   8056.18   1.19872  
8083.46   8084.6    1.14213  
8126.4    8127.75   1.35378  
8155.1    8156.51   1.41656  
8178.84   8180.01   1.16269  
8183.35   8184.37   1.02469  
8185.7    8186.8    1.10288  
8188.33   8189.47   1.13859  
8192.56   8193.87   1.30737  
8203.02   8204.03   1.00538  
8222.29   8224.38   2.09337  
8253.47   8255.01   1.53503  
8284.12   8285.37   1.25247  
8297.64   8299.04   1.39847  
8302.94   8304.01   1.06053  
8304.83   8305.97   1.13522  
8314.12   8315.13   1.01044  
8316.19   8318.79   2.603    
8348.09   8349.43   1.34481  
8373.51   8374.73   1.22037  
8440.09   8441.41   1.32038  
8445.83   8447.11   1.28344  
8454.51   8455.67   1.15216  
8467.65   8468.97   1.32247  
8476.2    8477.39   1.18556  
8485.58   8486.9    1.32778  
8493.36   8494.69   1.32472  
8502.71   8503.95   1.23938  
8560.7    8561.74   1.04109  
8574.62   8575.81   1.19066  
8578.43   8579.81   1.38341  
8584.37   8585.4    1.03481  
8612.91   8613.95   1.03453  
8618.84   8619.92   1.07322  
8646.85   8647.93   1.08225  
8657.54   8658.78   1.24222  
8671.5    8672.8    1.30175  
8688.9    8690.37   1.46944  
8697.31   8698.55   1.24225  
8715.26   8717.17   1.91353  
8743.53   8745.16   1.62734  
8771.91   8773.28   1.36438  
8790.35   8791.51   1.16153  
8795.93   8797.07   1.14284  
8802.02   8803.08   1.06644  
8854.1    8855.26   1.16338  
8869.68   8870.68   1.00331  
8899.92   8901.03   1.10062  
8907.13   8908.26   1.12419  
8952.77   8954.19   1.42019  
8982.91   8985.99   3.08031  
9004.39   9005.57   1.17794  
9026.25   9027.53   1.28091  
9043.91   9044.92   1.00834  
9062.6    9064.16   1.55666  
9069.25   9070.41   1.15869  
9083.45   9084.47   1.02609  
9087.7    9089      1.29753  
9090.96   9091.98   1.01913  
9112.61   9113.87   1.26022  
9146.76   9148.03   1.27025  
9176.24   9177.67   1.42906  
9195.14   9196.43   1.29319  
9219.07   9221.33   2.25653  
9225.2    9226.34   1.13453  
9233.04   9234.5    1.4605   
9240.78   9241.86   1.07672  
9253.96   9255.48   1.51859  
9258.65   9260.07   1.41656  
9263.14   9264.23   1.09     
9265.2    9266.28   1.082    
9280.07   9281.68   1.61084  
9286.3    9287.52   1.22031  
9292.81   9293.86   1.05828  
9344.21   9345.89   1.68075  
9354.19   9355.46   1.26809  
9364.29   9365.71   1.42172  
9384.88   9386.07   1.19778  
9399.05   9400.29   1.23663  
9417.27   9418.31   1.04459  
9420.08   9421.5    1.42156  
9429.24   9430.59   1.35747  
9444.34   9446.4    2.06222  
9480.9    9482.13   1.23366  
9513.54   9514.77   1.22738  
9520.88   9522.42   1.53266  
9559.28   9560.64   1.35356  
9567.75   9568.96   1.20962  
9574.65   9575.66   1.00716  
9623.77   9624.8    1.03253  
9684.51   9685.74   1.22134  
9732      9733.05   1.05241  
9809.93   9810.97   1.04481  
9860.57   9862.04   1.46375  
9875.46   9876.58   1.12691  
9883.06   9884.45   1.39494  
9932.26   9933.63   1.36509  
9938.33   9939.33   1.00272  
9961.84   9963.27   1.43778  
10037.3   10038.4   1.152    
10077.3   10078.7   1.38028  
10097.5   10098.9   1.46806  
10191.2   10192.7   1.45984  
10219.4   10220.5   1.16819  
10246.2   10247.5   1.28287  
10275.6   10277     1.43213  
10365.5   10367     1.46381  
10403     10404.2   1.152    
10435.1   10436.9   1.74866  
10446.6   10447.6   1.09088  
10465.6   10467     1.33584  
10480.7   10481.8   1.1315   
10515.9   10517     1.1045   
10539.6   10540.7   1.10688  
10547.1   10548.5   1.40272  
10578.6   10579.8   1.21863  
10632.6   10633.7   1.11334  
10640.8   10642.4   1.55878  
10645.6   10646.7   1.125    
10676.2   10677.4   1.20431  
10690.7   10691.8   1.13128  
10724.3   10725.7   1.34638  
10734.2   10735.2   1.05625  
10748.9   10750.4   1.48119  
10794.5   10795.7   1.24934  
10819.7   10820.8   1.06897  
10826.2   10827.4   1.22972  
10860.8   10862.2   1.35781  
10902.8   10904.5   1.67584  
10912.6   10913.7   1.09947  
10932.4   10933.6   1.22459  
10946.6   10947.9   1.25247  
10952.2   10955.3   3.10691  
10984.5   10985.8   1.27559  
11024.7   11026.1   1.35766  
11066.1   11067.2   1.15172  
11079.7   11081.3   1.54409  
11084     11085.3   1.29272  
11135.3   11136.5   1.21131  
11213.2   11214.4   1.21175  
11215     11216.2   1.233    
11249.7   11250.8   1.08603  
11283.8   11284.9   1.11709  
11309.5   11310.7   1.22684  
11317.2   11318.8   1.61103  
11321.7   11322.7   1.01247  
11334.4   11335.4   1.06812  
11340.5   11341.8   1.23381  
11346.8   11347.8   1.05509  
11357     11358.5   1.55159  
11368.1   11369.7   1.60725  
11378.7   11380.1   1.41394  
11381.7   11382.7   1.00491  
11418.8   11420.3   1.43094  
11455.6   11456.8   1.22478  
11469.4   11470.6   1.25812  
11537.1   11538.5   1.41847  
11565.2   11566.4   1.18959  
11577     11578.1   1.08897  
11592.4   11593.5   1.0715   
11599.9   11601.1   1.16809  
11614.1   11615.2   1.138    
11618     11619.3   1.33813  
11625.4   11626.4   1.05038  
11628.9   11630.1   1.27747  
11644.8   11645.9   1.08016  
11672.1   11673.1   1.06197  
11688.2   11689.3   1.16406  
11693     11694.1   1.08713  
11717.2   11718.3   1.12453  
11731.6   11733.3   1.64669  
11756.1   11757.3   1.29006  
11759.4   11760.5   1.12438  
11763.7   11764.9   1.21791  
11771.4   11772.4   1.01156  
11783     11784.1   1.07612  
11792     11793.5   1.47769  
11808.6   11809.9   1.28122  
11810.3   11811.5   1.20334  
11827.5   11828.5   1.00297  
11891.8   11892.9   1.13038  
11905.1   11906.7   1.57409  
11910.5   11911.7   1.15312  
11918     11919.4   1.36772  
11921.4   11922.6   1.25656  
11929.1   11930.2   1.12994  
11939.7   11941.2   1.53091  
11947.2   11948.6   1.43369  
11953.2   11954.5   1.27894  
11956.9   11957.9   1.01831  
11967.4   11968.8   1.32309  
11971.2   11972.5   1.29528  
11976.5   11977.9   1.3425   
11983.3   11984.5   1.18828  
11989.9   11991.1   1.124    
12005.9   12006.9   1.01616  
12010.1   12011.1   1.05834  
12014.7   12016     1.31653  
12025.9   12027     1.115    
12035.3   12036.5   1.14847  
12056.1   12058.2   2.14038  
12062.6   12063.8   1.22809  
12067.9   12069.6   1.64181  
12076.5   12078.4   1.9      
12082.5   12083.7   1.27522  
12085.2   12086.3   1.10672  
12109.4   12111.1   1.65972  
12122.5   12124.2   1.71613  
12126.7   12127.8   1.09775  
12141.8   12143.6   1.80969  
12153.8   12155.2   1.48953  
12166.7   12167.7   1.01966  
12169.9   12170.9   1.01244  
12192.7   12194.3   1.60947  
12225.2   12226.2   1.00175  
12243.5   12244.9   1.32397  
12247     12248.2   1.19269  
12250.6   12251.7   1.10197  
12259.3   12260.4   1.14688  
12264.7   12266.6   1.86294  
12285.8   12287.2   1.37888  
12291.4   12292.7   1.29609  
12298.6   12299.8   1.20747  
12319.3   12320.7   1.39809  
12323.6   12325.1   1.49672  
12336.6   12338.1   1.45309  
12347.3   12348.4   1.10084  
12354.8   12357.7   2.93106  
12381     12382     1.05337  
12393.4   12394.6   1.13519  
12451     12452     1.03969  
12480.3   12482.5   2.12416  
12502.4   12504.1   1.64306  
12506     12507.2   1.15397  
12508.8   12510     1.25253  
12548.1   12549.3   1.23812  
12552.2   12553.3   1.07753  
12569.6   12570.7   1.11712  
12584.2   12585.2   1.03078  
12587.1   12588.3   1.22988  
12590.9   12592.2   1.29806  
12624.7   12626.4   1.65184  
12669.3   12670.4   1.09722  
12712.6   12713.7   1.13387  
12776.9   12778.3   1.32584  
12883.4   12884.7   1.37184  
12894.2   12895.3   1.16209  
12899.9   12901.1   1.20722  
12911.8   12913.3   1.42116  
12928.6   12930     1.46406  
12946.1   12947.4   1.25034  
12954.4   12955.7   1.21853  
12961.5   12964.6   3.116    
12965.6   12966.7   1.07841  
12983.5   12984.7   1.21291  
12993.3   12994.8   1.57122  
13037     13038.2   1.16656  
13043     13044     1.05531  
13063.9   13065.2   1.28666  
13077.1   13078.1   1.00513  
13190.8   13192.3   1.4785   
13224.7   13225.9   1.20166  
13243.4   13244.7   1.26328  
13291.8   13292.9   1.01741  
13325.7   13326.8   1.14241  
13397.5   13398.8   1.22769  
13409.5   13410.5   1.01303  
13423.6   13424.6   1.0395   
13493.5   13494.6   1.07134  
13525     13526.1   1.03672  
13542.9   13544.6   1.68672  
13582.4   13584.1   1.67025  
13588.5   13589.5   1.02294  
13604.5   13605.9   1.42491  
13619.1   13620.8   1.64578  
13684.5   13686     1.47066  
13741.4   13743.1   1.72422  
13836.3   13838.6   2.28519  
13871.8   13872.8   1.03981  
13885.6   13886.6   1.01022  
13903.4   13904.6   1.24006  
13919.8   13921.5   1.68469  
13930.3   13931.4   1.16472  
13990.8   13991.9   1.09884  
14002.3   14003.7   1.39547  
14006.6   14008.1   1.51097  
14016.9   14019.1   2.10303  
14033.4   14034.7   1.32766  
14049     14050.6   1.60153  
14056.2   14057.3   1.06891  
14126.6   14127.7   1.10434  
14130.3   14131.5   1.16906  
14169.7   14171.4   1.76159  
14214.7   14216     1.27219  
14229.3   14230.6   1.32981  
14249.7   14251.1   1.42259  
14301.5   14302.5   1.02359  
14304.5   14305.9   1.404    
14316.7   14318.5   1.86125  
14333.1   14334.4   1.21384  
14342     14343.1   1.04397  
14360.5   14362.1   1.61997  
14370.2   14371.5   1.32788  
14374.7   14375.9   1.21825  
14390.2   14391.3   1.13172  
14395.3   14396.7   1.37403  
14401.8   14403.1   1.24863  
14431.9   14433.4   1.54337  
14512.7   14513.8   1.06072  
14521.1   14522.4   1.31859  
14556     14557.1   1.05228  
14620.7   14622.4   1.73059  
14642.9   14644     1.09122  
14665     14666.3   1.28209  
14668.3   14669.7   1.34706  
14678.4   14679.5   1.04625  
14723.1   14724.5   1.33113  
14733.1   14734.5   1.35488  
14765.9   14767     1.10675  
14770     14771.1   1.09419  
14776.9   14778     1.14472  
14781.3   14782.4   1.04459  
14807.6   14808.7   1.15888  
14825.6   14826.7   1.12831  
14835.4   14836.7   1.29862  
14841.2   14842.6   1.41353  
14855.6   14856.9   1.29769  
14873.5   14874.6   1.11119  
14916.3   14917.4   1.15088  
14951.2   14952.3   1.05838  
14959.5   14960.7   1.23634  
14962.7   14964.5   1.73556  
15016.3   15017.6   1.33544  
15030.7   15031.8   1.05709  
15052.4   15053.5   1.01241  
15069.1   15070.5   1.39881  
15075.3   15076.5   1.222    
15078.8   15080.5   1.70666  
15089.7   15090.9   1.18897  
15101.3   15102.8   1.475    
15146.1   15147.4   1.29578  
15158.6   15159.7   1.06925  
15204.8   15206.7   1.93837  
15225.8   15227     1.21819  
15316.7   15319.8   3.09306  
15326.5   15327.5   1.00266  
15334.6   15335.7   1.14525  
15337.7   15338.8   1.13787  
15357.3   15359.3   2.04131  
15376.9   15378.1   1.13509  
15390.2   15391.4   1.22791  
15396     15397.1   1.1555   
15415.2   15416.4   1.29522  
15429     15430.7   1.76388  
15439.7   15440.9   1.14266  
15443     15444.5   1.47844  
15455.5   15456.7   1.14678  
15462.4   15463.8   1.39653  
15465.5   15467     1.55669  
15471.1   15472.2   1.17066  
15479.8   15480.9   1.10947  
15486.8   15487.9   1.12078  
15490.6   15491.9   1.32528  
15503     15504     1.04225  
15524.6   15525.6   1.00969  
15531.4   15532.7   1.27791  
15536.8   15538     1.15312  
15542.6   15544.1   1.53247  
15566.8   15568.3   1.50672  
15594.6   15596.1   1.48625  
15601.1   15602.3   1.10462  
15603.1   15604.7   1.52178  
15619.3   15620.3   1.05053  
15623.4   15624.5   1.12694  
15630.4   15631.5   1.05966  
15637.5   15638.5   1.03641  
15641.1   15642.4   1.24619  
15667.9   15668.9   1.01972  
15681.2   15682.4   1.19441  
15684.6   15686.1   1.47037  
15705.5   15706.9   1.31644  
15748.6   15749.7   1.12338  
15754.9   15756     1.092    
15760.1   15761.4   1.25681  
15763.9   15765     1.08791  
15769.2   15770.6   1.43522  
15781.3   15782.4   1.078    
15790.4   15791.8   1.34262  
15821.5   15822.8   1.28616  
15842.3   15843.3   1.04281  
15873.5   15874.6   1.18013  
15885.8   15887.3   1.49525  
15895.5   15896.6   1.14775  
15918.7   15920.1   1.37475  
15927.9   15928.9   1.07356  
15931.3   15932.7   1.33609  
15936.1   15937.6   1.4705   
15949     15950.6   1.63575  
15953.6   15955     1.39309  
15977.6   15978.7   1.15966  
15989.8   15991     1.18031  
16001.8   16002.9   1.12559  
16009.7   16010.9   1.18497  
16024.9   16026.4   1.50219  
16036.7   16038.2   1.48094  
16066.6   16067.7   1.10213  
16078.5   16079.7   1.16769  
16088.3   16089.8   1.46994  
16117.3   16118.4   1.07088  
16135.8   16136.9   1.03319  
16177.8   16178.9   1.031    
16204.5   16205.9   1.31947  
16209.6   16210.9   1.36991  
16214.9   16216.2   1.32337  
16230.9   16232.1   1.14678  
16237.2   16238.3   1.09459  
16258.9   16260.6   1.76797  
16274.8   16276.1   1.34972  
16284.4   16285.5   1.05591  
16309.3   16310.5   1.26991  
16317.3   16318.7   1.32763  
16321.3   16323.1   1.77603  
16397     16398.2   1.29016  
16407.7   16408.9   1.19978  
16427.3   16428.6   1.31466  
16430.6   16431.8   1.2      
16437.1   16438.4   1.26681  
16453.7   16454.8   1.0865   
16485.5   16486.7   1.20447  
16537.2   16538.4   1.22959  
16554.9   16556.3   1.44231  
16584.3   16585.4   1.08416  
16633.5   16635.4   1.92225  
16714.9   16716     1.03225  
16749.7   16751     1.26638  
16756.5   16757.5   1.01431  
16800.9   16802.1   1.19956  
16809.1   16810.1   1.03569  
16858.3   16859.6   1.30416  
16862.5   16863.6   1.02203  
16865.1   16866.1   1.03069  
16906.8   16907.9   1.12541  
16937.6   16938.6   1.00516  
16967.6   16969     1.36462  
16976.5   16977.6   1.13637  
16992.9   16994.1   1.14925  
17006.5   17007.7   1.26634  
17029.4   17030.5   1.11372  
17081.6   17082.6   1.03478  
17085.5   17086.5   1.07094  
17093.2   17096.3   3.09091  
17097.1   17098.3   1.27056  
17139.4   17141.3   1.86734  
17163.9   17165.4   1.45403  
17172.7   17173.8   1.11347  
17223.6   17225.2   1.58444  
17261.1   17262.3   1.16284  
17272.4   17273.9   1.48694  
17282.2   17283.6   1.47181  
17308.7   17310.1   1.4365   
17315.3   17316.5   1.20856  
17320.1   17321.2   1.14459  
17331.5   17332.6   1.06528  
17345.3   17346.7   1.43459  
17350     17351.1   1.07081  
17361.5   17362.7   1.17022  
17374.4   17375.9   1.48566  
17383.3   17384.9   1.60366  
17398.6   17399.9   1.24925  
17411.8   17413     1.15047  
17419.8   17421.1   1.3285   
17423.9   17425.1   1.17741  
17476.5   17477.6   1.15741  
17499.8   17500.8   1.07656  
17508.8   17510.4   1.65919  
17546.1   17547.6   1.52878  
17568.7   17570     1.33975  
17586.4   17588.3   1.83191  
17592.5   17593.8   1.3065   
17601.4   17602.4   1.0385   
17632.6   17633.7   1.10084  
17641     17642     1.07747  
17688.8   17690.3   1.51956  
17710.2   17711.5   1.37509  
17714.4   17715.5   1.10272  
17722.6   17724     1.39216  
17733.1   17734.6   1.43978  
17757.3   17758.9   1.59775  
17771.1   17772.4   1.33103  
17778.5   17780.4   1.85175  
17790.6   17791.8   1.29447  
17813.4   17814.6   1.10912  
17840.6   17842     1.36172  
17850.8   17852.2   1.38778  
17859.6   17860.7   1.07709  
17878.5   17879.5   1.01447  
17896.8   17898     1.16659  
17908.3   17909.6   1.29731  
17923.1   17924.2   1.11544  
17935.7   17936.7   1.01244  
17949.9   17951     1.10341  
17954.9   17956.1   1.18216  
17983.3   17984.9   1.58862  
17993.5   17994.6   1.06412  
18012.3   18013.4   1.047    
18021.4   18022.4   1.00113  
18043.3   18044.3   1.00672  
18050.3   18051.9   1.58734  
18061     18062.1   1.10809  
18073.6   18074.7   1.12509  
18114.5   18115.7   1.17716  
18148.9   18150.1   1.16706  
18157.1   18158.1   1.03266  
18166.7   18167.7   1.00059  
18198.7   18200     1.24069  
18210.4   18211.8   1.39525  
18237.4   18238.7   1.309    
18256.5   18257.6   1.10484  
18269.2   18270.4   1.17969  
18323.6   18324.9   1.29281  
18339.1   18340.3   1.25984  
18359.6   18361     1.4675   
18376.8   18379.1   2.27113  
18387.9   18389.2   1.33728  
18391.7   18392.8   1.02269  
18399.8   18400.9   1.14803  
18408.6   18409.7   1.05288  
18428.3   18429.5   1.22931  
18432.8   18433.9   1.09513  
18442.3   18444.3   2.01778  
18478.4   18479.4   1.04119  
18503.7   18505.4   1.65422  
18529.2   18530.7   1.465    
18535     18536     1.00175  
18548     18549.4   1.38881  
18557.3   18558.4   1.19209  
18567.6   18569.1   1.49584  
18573.9   18575.1   1.17941  
18584.8   18586.5   1.66153  
18600     18601.2   1.20384  
18611.8   18613     1.24228  
18617.3   18618.4   1.11397  
18696.1   18697.2   1.03309  
18741.3   18742.3   1.00388  
18764     18765.1   1.12175  
18773.5   18774.6   1.10791  
18789.5   18790.8   1.30225  
18811.4   18812.4   1.02528  
18875.2   18876.2   1.02184  
18913.2   18914.2   1.01519  
18942.4   18944     1.50659  
18951.1   18952.2   1.082    
18994.1   18995.3   1.23922  
19006.3   19007.7   1.43734  
19021.8   19023.4   1.54984  
19027.1   19028.4   1.24269  
19034.1   19035.3   1.21003  
19036.9   19037.9   1.07641  
19073.2   19074.4   1.14222  
19078.7   19079.9   1.18691  
19092.9   19094     1.08766  
19106.3   19107.4   1.04469  
19109.2   19110.5   1.25275  
19127     19128.1   1.02697  
19143.9   19144.9   1.05825  
19242.6   19243.8   1.11712  
19246     19247.1   1.08131  
19293.5   19294.5   1.00744  
19295.8   19297.2   1.45197  
19299.8   19300.8   1.02722  
19304.3   19305.3   1.05438  
19337.4   19338.4   1.03009  
19343.6   19344.6   1.00025  
19377.2   19378.8   1.59675  
19417.6   19418.8   1.10941  
19423     19424.3   1.30462  
19441.3   19442.4   1.14194  
19450.4   19451.6   1.225    
19468     19469.1   1.14425  
19471     19472.4   1.31169  
19477.9   19479.3   1.4045   
19484.8   19486.2   1.33413  
19492     19495.1   3.12181  
19495.9   19497.3   1.31516  
19521     19522.4   1.42275  
19539.4   19540.5   1.17181  
19572.9   19573.9   1.03209  
19589.8   19590.9   1.06066  
19608.9   19610.3   1.36903  
19630.7   19631.7   1.05716  
19643.4   19644.7   1.34322  
19670     19671.4   1.39447  
19679.7   19681.2   1.52031  
19718.4   19720.8   2.36625  
19725.6   19726.6   1.03728  
19729.1   19730.4   1.35313  
19750.4   19751.7   1.25944  
19753.2   19754.2   1.06666  
19765.9   19767     1.18359  
19773.4   19774.7   1.30806  
19790.4   19791.7   1.27153  
19801.5   19802.6   1.00175  
19824.4   19825.6   1.27766  
19829.7   19830.7   1.01103  
19836.1   19837.1   1.08303  
19838.6   19839.7   1.12641  
19856.8   19857.8   1.04003  
19858.3   19859.8   1.51159  
19879.4   19880.5   1.17437  
19890     19891.5   1.53563  
19897.3   19899.5   2.27406  
19915.8   19917.2   1.43184  
19923.9   19925.2   1.27887  
19932.8   19934     1.14622  
19938.6   19939.8   1.17028  
19960.6   19961.7   1.06137  
19963.2   19964.3   1.18122  
19980.7   19982.4   1.66112  
20004.9   20006.2   1.31841  
20013     20014.4   1.40316  
20043.6   20044.9   1.28581  
20048.5   20049.9   1.32038  
20070.1   20071.8   1.69331  
20088.6   20089.7   1.08669  
20093.5   20094.5   1.03878  
20114.1   20115.1   1.02006  
20117.1   20118.2   1.13575  
20120.9   20122.5   1.692    
20140.8   20141.9   1.09869  
20149     20150.8   1.77119  
20164.4   20165.6   1.20841  
20170.9   20172.1   1.22891  
20185.3   20186.5   1.13925  
20209.1   20210.5   1.43397  
20227     20228.1   1.12609  
20241.2   20242.6   1.3315   
20272.6   20274.7   2.08484  
20291     20292.3   1.32563  
20306.1   20307.5   1.37394  
20322.1   20323.2   1.09547  
20329     20330.1   1.04822  
20338.2   20340     1.84459  
20391.8   20393     1.22416  
20394.4   20395.9   1.48678  
20433.4   20435     1.53313  
20439.9   20441.2   1.28744  
20449.7   20450.7   1.0015   
20459.7   20461.1   1.36538  
20470     20471.5   1.44581  
20485.1   20486.4   1.25978  
20493.6   20494.8   1.17322  
20520.1   20521.5   1.39744  
20528.5   20529.8   1.29313  
20539.9   20541     1.11013  
20552.6   20553.8   1.23484  
20577.4   20578.9   1.53963  
20669.4   20670.7   1.29309  
20671.9   20673.1   1.16072  
20674.3   20675.4   1.06522  
20679.8   20681.2   1.39297  
20683.2   20684.5   1.35756  
20697.2   20698.3   1.10041  
20707.6   20709.1   1.51616  
20713.9   20715.1   1.18559  
20717     20718.6   1.56697  
20737.9   20739     1.05869  
20752.7   20753.9   1.18069  
20760.4   20761.5   1.02531  
20766.1   20767.5   1.43822  
20777.1   20778.2   1.02241  
20789.8   20790.9   1.08438  
20797.6   20798.6   1.01487  
20839.3   20840.3   1.00728  
20880.2   20881.4   1.18138  
20893.8   20895.3   1.494    
20905.9   20906.9   1.04441  
20907.9   20908.9   1.03928  
20944.7   20946.1   1.34681  
20986.3   20987.3   1.00897  
21051.8   21052.9   1.03497  
21066.5   21067.9   1.488    
21075     21076.4   1.41869  
21106.3   21107.6   1.29884  
21111.8   21113     1.19659  
21116.6   21117.7   1.148    
21121.8   21123     1.25684  
21125.7   21126.8   1.09578  
21129.2   21130.4   1.16309  
21134.8   21135.9   1.05372  
21149.9   21151.1   1.20063  
21155.6   21157     1.42703  
21158.5   21159.8   1.32088  
21178.3   21180     1.76359  
21185.5   21187.1   1.58759  
21189.2   21190.6   1.37981  
21198.5   21199.9   1.46325  
21212.1   21213.2   1.18253  
21219.5   21220.7   1.20731  
21227.1   21228.5   1.37438  
21264.3   21265.9   1.62984  
21274.3   21275.9   1.611    
21281     21282.1   1.14216  
21290.3   21291.3   1.07556  
21293.1   21294.2   1.04881  
21303.2   21304.5   1.33125  
21310.3   21311.6   1.21213  
21328.5   21329.9   1.40088  
21350.6   21352     1.40944  
21363.8   21364.8   1.08684  
21368     21369.1   1.07166  
21381.8   21383.2   1.33537  
21415.5   21416.7   1.20175  
21444     21445.4   1.40247  
21469.9   21473     3.10691  
21474     21475     1.0075   
21505     21506.4   1.40697  
21552.4   21553.7   1.27922  
21590.1   21591.4   1.24434  
21604.4   21605.8   1.43538  
21659.6   21660.7   1.09453  
21747.2   21748.2   1.04928  
21759.9   21761.3   1.37975  
21822.2   21823.6   1.38684  
21840.7   21841.8   1.03513  
21851.5   21852.7   1.20241  
21855.8   21857     1.20041  
21877.3   21878.3   1.02125  
21879     21880.1   1.09369  
21892.8   21894.3   1.47022  
21913.8   21914.9   1.14647  
21922.5   21923.6   1.04188  
21938     21939.5   1.55281  
21953.8   21954.9   1.14147  
21960.8   21962.8   2.01087  
21972.7   21973.8   1.13006  
21981.4   21982.7   1.26138  
21988.7   21990.3   1.65316  
22011.7   22012.7   1.04453  
22033.9   22035.6   1.65338  
22042.7   22043.9   1.2025   
22064.4   22066     1.56697  
22071.8   22073.3   1.54478  
22076.5   22077.5   1.04719  
22090.4   22092     1.64644  
22113.4   22114.8   1.46222  
22133.8   22135     1.13447  
22149.6   22150.6   1.01666  
22185.4   22186.5   1.12662  
22211.9   22213.2   1.32578  
22222     22223.1   1.09534  
22225.1   22226.1   1.02753  
22246.9   22247.9   1.01044  
22264.5   22265.7   1.16959  
22282.8   22283.9   1.06528  
22322.3   22323.4   1.04984  
22357.1   22358.2   1.08678  
22392.5   22394.1   1.56356  
22399.5   22400.7   1.21875  
22407.9   22409.2   1.30822  
22438.1   22439.5   1.46388  
22445.8   22446.8   1.00928  
22450.5   22451.8   1.33197  
22457.5   22458.9   1.35178  
22479.5   22480.8   1.27306  
22532.1   22533.2   1.13338  
22543.2   22544.2   1.05262  
22545.7   22547.7   1.96816  
22551.8   22552.9   1.08159  
22558     22559.2   1.21578  
22609.7   22611     1.27863  
22616.4   22617.7   1.25044  
22632.1   22633.2   1.12688  
22653.8   22654.9   1.05916  
22667.4   22668.8   1.46663  
22679.4   22680.6   1.18734  
22690.1   22691.3   1.16919  
22697.5   22698.6   1.03963  
22699.4   22700.5   1.07734  
22704.9   22706     1.0935   
22710.4   22711.5   1.03678  
22737.5   22738.5   1.01766  
22743.7   22744.8   1.16884  
22748.7   22749.7   1.04181  
22762.5   22763.9   1.37891  
22780     22781     1.03706  
22788.1   22789.3   1.12875  
22802.2   22803.5   1.31344  
22815.2   22816.3   1.12569  
22828.5   22829.6   1.07784  
22857.6   22858.9   1.32941  
22882.2   22883.4   1.16347  
22887.4   22888.8   1.41084  
22894.4   22895.5   1.06447  
22926.6   22927.9   1.35694  
22935.6   22936.6   1.03256  
22942     22943.1   1.03016  
22947     22949.2   2.18756  
22953.7   22954.7   1.01225  
22993.4   22994.5   1.13041  
23004.9   23006.5   1.64056  
23048.9   23049.9   1.04325  
23068.3   23069.5   1.12041  
23087.8   23088.9   1.10659  
23102     23103.4   1.42066  
23120.3   23121.3   1.04937  
23156.8   23157.9   1.07234  
23167.9   23168.9   1.0565   
23226.3   23227.6   1.37134  
23243.3   23244.6   1.31672  
23272.8   23274     1.22119  
23285.9   23286.9   1.01728  
23325.4   23326.8   1.42756  
23331.5   23332.6   1.16353  
23363.9   23365.2   1.32522  
23374.5   23375.7   1.21391  
23378.9   23380.3   1.35178  
23384.8   23386     1.20669  
23400.8   23402     1.13697  
23445.4   23448.4   3.0775   
23449.2   23450.4   1.19178  
23489     23490.2   1.26487  
23519.9   23521.3   1.33675  
23526.2   23527.5   1.28578  
23544.4   23545.6   1.15869  
23556     23557.1   1.03509  
23563.7   23564.8   1.12288  
23582.6   23583.6   1.041    
23594.5   23595.6   1.08869  
23606.9   23607.9   1.05472  
23620.7   23622.1   1.36241  
23645.1   23646.3   1.11778  
23667.5   23669     1.45597  
23684.9   23686.4   1.55084  
23705.6   23706.7   1.09913  
23725.8   23726.9   1.17309  
23732     23733     1.02341  
23738.7   23740.1   1.37775  
23760.3   23761.4   1.07406  
23790.4   23792.3   1.89625  
23798.6   23799.8   1.16372  
23813     23814.2   1.17688  
23822     23824.1   2.095    
23841.4   23842.5   1.06125  
23867.4   23868.5   1.13797  
23895.2   23896.5   1.30316  
23898.5   23900.5   1.93991  
23904.4   23905.6   1.13556  
23925.1   23926.6   1.5205   
23927.7   23928.7   1.01409  
23934.8   23935.9   1.19637  
23937.6   23939.5   1.86481  
23950.2   23951.3   1.08134  
23961.5   23963     1.55975  
23982.6   23983.8   1.21219  
24033.1   24034.5   1.33831  
24079.8   24080.8   1.05878  
24108.8   24110.2   1.33813  
24118     24119.5   1.53231  
24127.2   24128.3   1.1135   
24137.5   24139     1.44194  
24141.8   24142.8   1.07475  
24176.3   24177.6   1.30753  
24190.6   24191.9   1.29928  
24193.4   24194.8   1.40112  
24213     24214     1.02709  
24226     24227.3   1.28619  
24249.9   24251     1.08672  
24264.6   24265.8   1.22106  
24288.4   24289.5   1.08597  
24310.9   24311.9   1.00109  
24325.5   24326.6   1.10359  
24334.2   24335.3   1.09319  
24343.1   24344.2   1.08984  
24354.1   24355.5   1.41278  
24370.5   24371.6   1.13069  
24401.5   24402.9   1.44588  
24411.1   24412.3   1.27472  
24422.3   24423.5   1.25713  
24437.7   24439.3   1.67916  
24471.2   24472.5   1.29812  
24473.5   24474.7   1.18969  
24489.5   24490.7   1.19613  
24508.7   24510.1   1.44175  
24526.5   24528     1.476    
24538.2   24539.8   1.60403  
24559.9   24561     1.10344  
24579.2   24580.6   1.41259  
24582.3   24583.3   1.04412  
24591.1   24592.2   1.13984  
24597.4   24599     1.62522  
24624     24626.1   2.17588  
24628.8   24629.8   1.05916  
24636.5   24637.7   1.17394  
24653.4   24654.6   1.15197  
24676.2   24677.2   1.02106  
24707.5   24708.6   1.05606  
24720.9   24722     1.15181  
24744.4   24745.9   1.50812  
24750.4   24751.5   1.14031  
24758.4   24759.6   1.17988  
24768.9   24770.1   1.25638  
24784.3   24785.6   1.38959  
24789.8   24791.2   1.3835   
24807.2   24808.6   1.38756  
24852.3   24853.9   1.63069  
24872.5   24873.8   1.22766  
24901.7   24903     1.29675  
24905.4   24906.5   1.01791  
24931     24932.1   1.092    
24942     24943.8   1.73616  
24949.8   24951.6   1.73375  
24956.5   24957.6   1.08859  
24967.7   24969.2   1.51003  
24983.3   24984.4   1.14791  
24991.4   24992.7   1.25681  
24998.3   24999.3   1.00406  
25005.7   25007.6   1.94753  
25024.3   25026.2   1.91953  
25035.4   25036.8   1.43553  
25071.3   25073.1   1.81913  
25083.9   25085.3   1.38262  
25103.6   25104.7   1.01903  
25109.1   25110.2   1.09419  
25129     25130.1   1.06375  
25142.2   25143.2   1.03713  
25158     25159.4   1.464    
25160.8   25162     1.17859  
25168     25169.4   1.41088  
25175.2   25176.4   1.14006  
25184.4   25185.7   1.32278  
25205.4   25206.6   1.19853  
25212.8   25214.1   1.31772  
25222.2   25223.5   1.34869  
25238.1   25239.4   1.32541  
25256.8   25258.3   1.47144  
25265.9   25267.3   1.34347  
25270.7   25272     1.35975  
25281.5   25282.6   1.10791  
25293.1   25294.9   1.863    
25308     25309.3   1.32991  
25326     25327.2   1.26412  
25354.8   25356.4   1.61722  
25359.4   25360.5   1.16753  
25363.6   25364.8   1.22297  
25373.4   25374.9   1.52463  
25380.3   25381.7   1.4595   
25388     25389.4   1.38928  
25394     25395.1   1.09028  
25398.8   25400.1   1.33769  
25408     25409.5   1.49059  
25421.2   25422.7   1.49944  
25425.2   25426.4   1.18184  
25431.4   25432.9   1.45188  
25437.5   25438.5   1.07697  
25449.2   25450.3   1.11391  
25453.4   25454.7   1.31866  
25483.9   25485.7   1.82375  
25487.3   25488.3   1.01731  
25490.8   25491.8   1.08088  
25495.5   25496.7   1.18509  
25504.7   25506.4   1.71419  
25512.7   25513.8   1.14538  
25514.7   25516     1.27028  
25518.4   25519.5   1.1145   
25523.7   25525.1   1.42647  
25546.6   25547.8   1.20191  
25550.3   25552     1.76631  
25557.3   25558.5   1.21866  
25560.5   25561.8   1.23744  
25608.7   25609.8   1.15841  
25616.6   25617.9   1.28306  
25625.6   25626.8   1.27513  
25628.5   25629.7   1.25409  
25635.3   25637.2   1.85763  
25670.6   25672.1   1.42806  
25685.6   25686.7   1.10453  
25696.9   25698.7   1.74947  
25703.2   25704.4   1.12631  
25724.7   25725.8   1.13375  
25730.5   25733.6   3.08684  
25734.7   25735.8   1.17194  
25746.2   25748.1   1.92266  
25758.3   25759.5   1.11509  
25793.5   25794.8   1.26453  
25829     25830.3   1.315    
25839.1   25840.1   1.01169  
25855.5   25856.7   1.12416  
25863.1   25864.2   1.07481  
25875.5   25876.8   1.33853  
25886.2   25887.2   1.05322  
25912.7   25914     1.31303  
25948.7   25950.1   1.41916  
25959     25960.3   1.24656  
25981.4   25982.6   1.16025  
25989     25990     1.00259  
25997.6   25998.6   1.06406  
26003.9   26005     1.07959  
26026.1   26027.2   1.15403  
26041     26042.4   1.42084  
26045.6   26046.9   1.36059  
26061.4   26062.6   1.18863  
26063.8   26064.9   1.13619  
26068.5   26069.7   1.25594  
26081.6   26083.2   1.51794  
26091.3   26092.8   1.49116  
26102.3   26103.4   1.08075  
26109.8   26111.1   1.30137  
26116.1   26117.1   1.05053  
26118.1   26119.4   1.2255   
26126.8   26128     1.21519  
26145.9   26147.5   1.53703  
26165.8   26167.2   1.38034  
26180.8   26182.4   1.62481  
26191.1   26192.6   1.52066  
26221.9   26223.4   1.47209  
26235.5   26237.2   1.68669  
26258.2   26259.5   1.32425  
26285.7   26287.2   1.51056  
26291     26292.1   1.12456  
26316     26317.5   1.43903  
26330.9   26332.2   1.31916  
26351.7   26352.8   1.16141  
26374.4   26375.7   1.2835   
26379.1   26380.7   1.58547  
26392.6   26393.7   1.1025   
26402.4   26403.6   1.17016  
26425.3   26426.9   1.58434  
26432.2   26433.3   1.12559  
26437.3   26438.5   1.12884  
26441.9   26443.3   1.37131  
26449     26450.5   1.49638  
26489.6   26490.9   1.23713  
26520.1   26521.7   1.62106  
26534.1   26535.7   1.57769  
26547.5   26548.7   1.27184  
26556.6   26558.1   1.47969  
26568.3   26569.6   1.37344  
26579.5   26581     1.53994  
26589.9   26591.4   1.48697  
26595.3   26596.8   1.50447  
26598.4   26599.5   1.06969  
26601.5   26602.6   1.11478  
26604.7   26606.4   1.66938  
26668.9   26670     1.1005   
26692     26693.1   1.16966  
26703.9   26705.4   1.51788  
26731.5   26732.6   1.19613  
26734.5   26736.2   1.64403  
26761.1   26762.1   1.02284  
26779     26781.3   2.31991  
26848.7   26850     1.342    
26907.1   26908.4   1.32019  
26920.9   26922.2   1.38416  
26931.5   26932.6   1.05791  
26954.7   26956.5   1.79525  
26959.3   26960.3   1.02472  
26970.5   26971.7   1.15609  
26980.3   26981.7   1.41772  
27003.5   27005.1   1.53819  
27029.6   27030.7   1.11288  
27052.5   27053.5   1.00847  
27057.4   27058.4   1.05269  
27066.1   27067.1   1.02406  
27071.6   27072.7   1.09681  
27101.4   27102.5   1.08559  
27104.9   27106     1.05447  
27149.9   27151     1.10856  
27151.8   27152.8   1.06675  
27162.2   27163.3   1.11394  
27165.6   27167     1.32806  
27182.5   27183.7   1.26212  
27189.3   27190.6   1.29316  
27193.5   27194.6   1.12978  
27202.4   27203.4   1.05606  
27223.7   27224.8   1.11047  
27230.9   27232.3   1.41187  
27239     27240.1   1.0245   
27249.1   27250.1   1.03722  
27252.3   27253.5   1.25     
27290.4   27291.5   1.009    
27321.6   27322.8   1.13947  
27333.6   27334.8   1.24656  
27345.5   27346.5   1.00588  
27366.4   27367.6   1.20666  
27392.8   27393.8   1.00831  
27404.3   27405.4   1.08947  
27409     27410.3   1.27497  
27419.1   27421.1   2.02884  
27468.7   27470.6   1.89878  
27483.1   27485.3   2.23525  
27511.1   27512.7   1.54053  
27520.8   27522.3   1.41763  
27527.7   27528.8   1.10131  
27541.8   27543.3   1.50434  
27545.7   27546.9   1.1775   
27552.2   27553.3   1.04509  
27564.3   27565.4   1.05531  
27571.4   27572.5   1.12462  
27585.7   27586.7   1.01553  
27594.4   27595.5   1.07803  
27611.5   27612.5   1.06588  
27619.3   27620.5   1.17206  
27624     27625.4   1.35253  
27629.1   27630.5   1.44034  
27645.2   27646.2   1.01516  
27649.2   27650.3   1.06066  
27653.7   27654.8   1.12431  
27670.3   27671.5   1.14397  
27685.9   27687.3   1.37363  
27704.1   27705.1   1.06497  
27713.9   27715     1.12269  
27726.7   27728.2   1.52653  
27736.8   27738.1   1.27931  
27745.1   27746.2   1.15541  
27752.5   27753.5   1.017    
27760.2   27761.9   1.67309  
27766.1   27767.4   1.37303  
27784.1   27785.6   1.52463  
27793.1   27794.3   1.22256  
27803     27804.1   1.08019  
27816.7   27818.1   1.43028  
27823.9   27825     1.045    
27829.3   27830.4   1.09766  
27834.6   27835.7   1.10484  
27837.5   27838.6   1.09581  
27871.5   27873.7   2.21853  
27887.4   27888.6   1.1845   
27901.2   27902.8   1.58547  
27925.1   27926.3   1.25656  
27934.9   27936.3   1.45819  
27947     27948.5   1.46059  
27966.4   27967.7   1.26791  
27969.3   27970.3   1.00406  
27971.8   27973.1   1.34937  
28011.8   28012.8   1.03281  
28062.7   28064.3   1.60594  
28066.5   28067.7   1.13894  
28074.8   28075.8   1.01788  
28079.9   28081     1.11587  
28084.2   28086     1.80522  
28107.8   28108.9   1.10709  
28128.3   28129.9   1.53734  
28135.4   28136.5   1.15672  
28153.1   28154.7   1.63125  
28166.2   28167.3   1.05447  
28172.8   28173.8   1.07409  
28178     28179.1   1.02737  
28187.7   28190.8   3.11556  
28191.9   28193     1.09884  
28263.6   28264.6   1.08366  
28318.2   28319.8   1.53463  
28360.7   28361.8   1.10375  
28371.1   28372.4   1.26069  
28374.8   28375.9   1.03309  
28382.2   28383.7   1.50281  
28406.1   28407.6   1.46713  
28410.9   28412.2   1.34919  
28438.7   28439.7   1.04203  
28460.7   28461.7   1.00812  
28485.8   28486.9   1.077    
28494.8   28495.9   1.0775   
28498.6   28499.9   1.35316  
28508.4   28509.5   1.04244  
28513     28514.6   1.55975  
28536     28537.4   1.39553  
28540.1   28541.2   1.04797  
28554.5   28555.7   1.19591  
28575.4   28576.6   1.15975  
28591.4   28593.3   1.8925   
28640.4   28641.7   1.34275  
28699.5   28700.9   1.41844  
28719.2   28720.5   1.30716  
28745.1   28746.2   1.19538  
28762.2   28763.8   1.53878  
28784.5   28786.1   1.59209  
28792.5   28793.7   1.1825   
28816     28817.7   1.73031  
28819.2   28820.3   1.03584  
28823.7   28825.1   1.33556  
28833.9   28835.3   1.41025  
28848.1   28849.3   1.27531  
28857.3   28858.9   1.6025   
28866.1   28867.5   1.331    
28869.5   28870.6   1.07684  
28875.5   28877.1   1.60491  
28880.8   28882.1   1.27963  
28885.2   28886.4   1.1805   
28893.6   28895     1.4005   
28909.2   28910.8   1.60053  
28921.2   28922.7   1.50631  
28925.1   28926.1   1.00978  
28935.6   28937.3   1.68303  
28966     28967.6   1.68128  
28972     28973.4   1.39772  
28974.8   28976     1.18041  
28989.3   28990.5   1.23909  
28998.4   29000.7   2.32031  
29009.3   29011.1   1.76863  
29029.2   29030.4   1.22297  
29039.3   29040.9   1.5945   
29045.2   29046.4   1.20422  
29055.8   29057.5   1.69541  
29063.9   29065.1   1.12628  
29070.2   29071.3   1.02603  
29092.7   29094.5   1.76078  
29096     29097.1   1.08387  
29104.7   29105.8   1.05759  
29116.5   29117.8   1.35403  
29118.6   29119.9   1.264    
29128.5   29129.5   1.01703  
29143.2   29145     1.83025  
29154     29155.2   1.12244  
29170.1   29171.3   1.17828  
29186     29187.7   1.73909  
29192.5   29193.8   1.28206  
29197.6   29198.7   1.06628  
29201.1   29202.3   1.24641  
29207.2   29209     1.81647  
29220.7   29221.7   1.04578  
29231.9   29233.6   1.67994  
29246.4   29247.8   1.33622  
29254.1   29255.2   1.11741  
29288.9   29290.5   1.62669  
29295.5   29296.6   1.07122  
29307.7   29309     1.23628  
29332.6   29334     1.41356  
29338.2   29339.4   1.20547  
29340.4   29341.5   1.05603  
29345     29346     1.02447  
29348.2   29349.3   1.07328  
29372.6   29373.8   1.186    
29374.5   29375.5   1.05209  
29378.2   29379.7   1.51116  
29390.3   29391.5   1.25834  
29396.6   29397.7   1.09559  
29466.8   29468.2   1.41078  
29473.8   29474.8   1.01284  
29484.7   29486     1.24822  
29501.2   29502.5   1.34613  
29512     29513.3   1.35903  
29516.4   29517.7   1.28125  
29524.9   29526     1.11231  
29528.8   29530.1   1.29241  
29533.4   29534.5   1.15497  
29540.8   29542.2   1.39637  
29545.1   29546.2   1.1145   
29547.8   29549.1   1.28369  
29556.8   29557.8   1.00059  
29558.4   29560.2   1.84628  
29565.2   29566.3   1.06703  
29570.8   29572     1.22344  
29595.4   29596.9   1.48125  
29603.6   29604.7   1.03044  
29653.1   29654.6   1.53066  
29686     29687.1   1.03056  
29689.5   29690.6   1.06537  
29743.5   29744.6   1.01922  
29748.3   29749.3   1.02809  
29764.2   29765.2   1.02078  
29779.2   29780.3   1.11834  
29796.7   29797.9   1.15463  
29819.3   29820.5   1.17263  
29823.8   29825.1   1.29609  
29831.6   29832.9   1.36775  
29838.9   29840     1.04119  
29843.8   29844.8   1.02941  
29858.1   29859.3   1.20225  
29874.2   29875.3   1.13294  
29898.8   29899.9   1.10038  
29904.5   29906     1.49175  
29937.7   29938.8   1.14453  
29949.9   29950.9   1.06466  
29962.4   29964.1   1.71722  
29984.8   29985.8   1.01197  
30048.5   30049.6   1.08225  
30147.8   30148.9   1.12813  
30153.7   30155.3   1.55016  
30175.3   30176.7   1.47806  
30207.1   30208.6   1.48344  
30217.2   30218.2   1.00975  
30224.4   30226.1   1.69637  
30263.5   30264.5   1.00772  
30277.7   30278.9   1.16431  
30297.9   30299     1.07056  
30305.2   30306.5   1.24562  
30319.4   30320.9   1.53919  
30332.3   30333.9   1.55275  
30341.7   30343.2   1.47716  
30346.5   30347.8   1.32031  
30349.7   30350.8   1.07913  
30368.4   30370     1.56931  
30388.7   30390.4   1.68447  
30397.9   30399.3   1.34197  
30406.9   30408     1.04991  
30415.9   30417.2   1.33594  
30424.8   30426.1   1.23159  
30434.6   30436.1   1.54275  
30459.2   30460.2   1.0435   
30472.4   30473.6   1.13753  
30501.3   30502.5   1.21794  
30528.4   30529.6   1.2875   
30538.9   30540.1   1.20659  
30541.2   30542.4   1.19472  
30590.3   30591.4   1.05212  
30599.2   30600.2   1.00728  
30621.6   30622.9   1.28834  
30639.6   30640.8   1.2065   
30646.1   30647.1   1.01778  
30660.2   30661.2   1.00903  
30673.1   30674.1   1.03816  
30703     30704.2   1.19281  
30729.4   30730.8   1.39106  
30734.9   30736     1.07128  
30759.5   30760.6   1.04897  
30783.8   30785.3   1.49131  
30790.7   30791.9   1.14209  
30809.4   30810.7   1.38978  
30843.6   30844.8   1.16316  
30849.8   30850.9   1.09781  
30864.4   30865.7   1.30784  
30873.1   30874.5   1.37738  
30883.3   30884.4   1.08303  
30887.2   30888.3   1.06219  
30899.8   30900.8   1.00169  
30914.9   30916.4   1.50047  
30927     30928.1   1.1455   
30936.8   30938.2   1.33072  
30955.3   30956.8   1.49134  
30958.5   30959.5   1.01669  
30967.5   30968.8   1.29253  
30985.9   30987     1.14488  
30994.2   30995.4   1.15884  
31003.6   31005.2   1.51475  
31014     31015.1   1.18619  
31022.9   31024.2   1.3205   
31032.4   31033.6   1.19738  
31063.2   31064.3   1.03425  
31067.7   31068.7   1.06047  
31075.7   31076.9   1.21931  
31087.6   31092.2   4.58244  
31125.4   31126.5   1.04     
31140     31141.4   1.40928  
31147     31148.2   1.25884  
31159.6   31160.8   1.20091  
31163.3   31164.9   1.55606  
31186.5   31187.5   1.03181  
31212.6   31213.7   1.16141  
31225.1   31226.6   1.55634  
31264.2   31265.6   1.451    
31269.8   31270.9   1.16975  
31274.4   31275.5   1.12016  
31312.5   31313.7   1.27353  
31316.6   31317.6   1.01141  
31337.4   31339     1.59969  
31344.3   31345.4   1.08537  
31366.8   31367.8   1.00409  
31413     31414     1.04325  
31452.5   31454.2   1.72816  
31461.1   31462.1   1.02934  
31491.7   31492.9   1.2515   
31497.8   31498.9   1.16197  
31500.9   31502.3   1.40306  
31523.3   31524.4   1.05119  
31536.6   31537.8   1.27981  
31565.5   31566.8   1.334    
31572.4   31573.7   1.30788  
31575.4   31576.5   1.09469  
31600.1   31601.4   1.30391  
31607.9   31609     1.10431  
31644.6   31645.8   1.13903  
31670.3   31671.6   1.29903  
31685.4   31686.4   1.02969  
31690.2   31691.5   1.28597  
31714.4   31715.5   1.12488  
31749.5   31750.9   1.36284  
31784.6   31786.7   2.05334  
31796.9   31798     1.08403  
31805.2   31806.2   1.03609  
31810.5   31811.7   1.24931  
31815.6   31817.2   1.60862  
31922.7   31924.1   1.38872  
31927.9   31929     1.13119  
31932.8   31934.1   1.26362  
31937.5   31938.6   1.02809  
31947.3   31948.7   1.36894  
31996.7   31998.1   1.36428  
32106.9   32108.1   1.19866  
32118.1   32119.3   1.23425  
32122.4   32123.9   1.50422  
32162.4   32163.7   1.33631  
32191.7   32192.8   1.06541  
32219.6   32220.7   1.04091  
32222.3   32223.4   1.07681  
32227.7   32228.7   1.005    
32232.2   32233.5   1.29022  
32248.5   32249.5   1.01066  
32281.1   32282.4   1.25394  
32322.7   32324.3   1.5475   
32333.7   32334.9   1.15394  
32346.2   32347.3   1.16338  
32363.3   32364.6   1.31647  
32378.4   32379.9   1.49566  
32398.2   32399.3   1.16106  
32411.1   32412.7   1.55794  
32419.8   32421     1.14072  
32424.7   32426.1   1.39781  
32430.3   32431.7   1.43284  
32439.7   32441.1   1.39025  
32442.3   32443.7   1.42075  
32448.3   32449.7   1.42138  
32454.2   32455.5   1.24406  
32458.8   32459.9   1.073    
32466.8   32468     1.23725  
32477.4   32479.1   1.74775  
32487.2   32488.3   1.16384  
32502.3   32503.3   1.05909  
32506.2   32507.5   1.288    
32515.7   32517.1   1.339    
32554.3   32555.4   1.16566  
32560.8   32561.8   1.00441  
32595.5   32596.7   1.20516  
32599.9   32601.1   1.14381  
32608.2   32609.4   1.26666  
32621     32622.3   1.284    
32624.9   32625.9   1.06641  
32627.5   32628.5   1.01978  
32630.9   32632.1   1.13172  
32644.2   32645.2   1.00091  
32650.4   32652.3   1.86738  
32661.1   32662.3   1.16831  
32666.6   32667.7   1.05147  
32686.8   32688.2   1.37956  
32690.3   32691.3   1.02953  
32705.2   32706.3   1.16197  
32717.9   32719     1.07622  
32741.8   32743.2   1.46047  
32747.3   32749     1.66181  
32756.6   32757.8   1.24325  
32759.7   32760.7   1.07034  
32763     32764.2   1.20447  
32771.6   32772.9   1.36472  
32775.1   32776.4   1.24922  
32779.5   32780.6   1.07544  
32792.3   32793.3   1.00538  
32801     32802.2   1.16947  
32806.1   32807.2   1.10028  
32810.7   32811.9   1.25056  
32823.3   32824.8   1.47484  
32829.2   32830.3   1.13781  
32833.4   32834.7   1.29897  
32842.8   32844.2   1.47663  
32857.2   32858.7   1.49375  
32862.8   32863.8   1.06363  
32879.9   32881     1.10209  
32889.1   32890.2   1.07353  
32900.9   32902.1   1.23522  
32911.1   32912.2   1.11341  
32930.8   32931.8   1.02866  
32934.1   32935.6   1.49816  
32977.4   32978.5   1.13794  
32988.1   32989.2   1.13731  
32993     32994.1   1.11787  
33023.3   33024.4   1.07931  
33033.1   33034.3   1.17     
33049.1   33050.2   1.11675  
33051.3   33052.5   1.12312  
33057.3   33058.4   1.09288  
33061.8   33064.9   3.08022  
33066     33067.3   1.34147  
33086.9   33088.2   1.35028  
33091.8   33092.9   1.1045   
33095.7   33097     1.29153  
33113.5   33114.8   1.28684  
33119.9   33121     1.05434  
33127.1   33128.4   1.32994  
33140.1   33141.3   1.17331  
33141.8   33143.1   1.26631  
33153.9   33155.4   1.57012  
33159.8   33160.8   1.02425  
33169.4   33170.7   1.31988  
33199.2   33200.3   1.0925   
33207.8   33209.1   1.31931  
33214.3   33215.3   1.01494  
33221.2   33222.4   1.11831  
33225.7   33226.9   1.19853  
33239.8   33240.8   1.00962  
33265.1   33266.4   1.30306  
33267.8   33268.8   1.01412  
33269.8   33271     1.21522  
33319.9   33321.1   1.22687  
33322.1   33323.2   1.06291  
33332.9   33334     1.13094  
33345.9   33347.2   1.36791  
33349.7   33350.8   1.14647  
33353.7   33354.9   1.19131  
33358.7   33359.9   1.21359  
33387.6   33389.6   1.97678  
33394.6   33395.7   1.09963  
33399.1   33400.3   1.23269  
33402.4   33403.7   1.30659  
33433.7   33434.9   1.19203  
33461.7   33462.8   1.08272  
33480     33481     1.01866  
33484.7   33486.2   1.43316  
33503.1   33504.5   1.33387  
33512.3   33513.4   1.18978  
33517.6   33518.6   1.00231  
33527.6   33528.7   1.10375  
33533.8   33535.6   1.80778  
33546.2   33547.4   1.19312  
33560.1   33561.7   1.59594  
33564.1   33565.1   1.04378  
33575.7   33576.9   1.23159  
33577.9   33579.1   1.16256  
33583.8   33585.2   1.3735   
33591.8   33593.1   1.392    
33599.7   33600.9   1.22031  
33602.4   33603.5   1.06297  
33605.1   33606.1   1.0165   
33608.7   33609.8   1.11009  
33621     33622.5   1.43597  
33627.4   33628.5   1.12963  
33635.3   33636.9   1.53047  
33642.9   33644.6   1.64884  
33659     33660.7   1.67175  
33678.3   33680.1   1.76616  
33701.4   33704.4   2.96881  
33729     33730.6   1.63738  
33739.5   33740.8   1.24141  
33751.5   33753     1.52916  
33776.6   33778     1.38806  
33787.2   33788.5   1.28259  
33795.6   33797.5   1.82541  
33812.5   33813.7   1.19044  
33831.7   33833.3   1.64072  
33851.5   33852.6   1.03809  
33857.3   33858.6   1.29653  
33877.9   33879.2   1.29144  
33881.6   33882.9   1.27241  
33902.3   33903.4   1.15941  
33917.2   33918.6   1.39366  
33921.2   33922.2   1.01822  
33940.2   33942.2   2.09134  
33951.1   33952.2   1.11634  
33959.5   33960.9   1.40791  
33967.5   33968.9   1.45887  
33971.5   33972.7   1.21613  
33998.9   34000.6   1.72759  
34010.7   34012.2   1.462    
34016.4   34017.7   1.27209  
34020.3   34021.5   1.27819  
34025.8   34027.1   1.27619  
34036.3   34037.4   1.09822  
34042.6   34043.8   1.19766  
34047.3   34049     1.73284  
34077.9   34079     1.09781  
34083.9   34085     1.06272  
34089     34090.2   1.15     
34094.9   34096     1.09581  
34106.3   34108     1.733    
34146.8   34148.1   1.30875  
34152.9   34154     1.14056  
34163.6   34164.8   1.25812  
34169.7   34170.8   1.11072  
34175.3   34176.5   1.20687  
34203.1   34204.3   1.20947  
34217.4   34218.8   1.35322  
34221.3   34222.4   1.04553  
34247.9   34248.9   1.00166  
34256.6   34258.2   1.54691  
34276.5   34278.3   1.74644  
34298.8   34299.9   1.0255   
34302     34303.2   1.21944  
34306.1   34307.5   1.41434  
34313.7   34315.6   1.91166  
34320.9   34321.9   1.04053  
34332.9   34334.2   1.36025  
34348     34349.4   1.36419  
34357.4   34358.4   1.08216  
34364.9   34366     1.05222  
34370.4   34372     1.55769  
34374.3   34375.4   1.17028  
34376.4   34377.6   1.15912  
34386.9   34388.5   1.58991  
34397.7   34399.6   1.8525   
34421.7   34423.1   1.34475  
34425.7   34427     1.21634  
34433.5   34434.6   1.08284  
34438.8   34440.2   1.4195   
34444     34445.2   1.18275  
34447.7   34449.2   1.488    
34457.2   34458.8   1.56378  
34483.2   34484.6   1.41237  
34495.7   34497     1.38797  
34526.4   34527.7   1.27638  
34536.9   34538.8   1.90625  
34552.6   34554.2   1.53747  
34560.7   34561.7   1.05181  
34564.4   34565.7   1.28466  
34567.3   34568.5   1.17506  
34570.6   34571.8   1.25891  
34581.8   34582.8   1.04331  
34592.9   34594.5   1.60472  
34624.1   34625.2   1.1325   
34640.3   34642.1   1.81225  
34651.8   34653.3   1.52534  
34671.4   34673.1   1.68203  
34677.8   34678.8   1.03431  
34683.2   34684.6   1.40384  
34694.8   34696.1   1.34731  
34739.5   34741.2   1.69078  
34750.6   34752.1   1.47878  
34792.1   34793.1   1.03481  
34831.4   34832.6   1.13516  
34837.1   34838.2   1.07191  
34851.9   34853.1   1.21244  
34861.2   34862.2   1.05956  
34876.6   34877.6   1.03141  
34879.1   34880.3   1.2415   
34903.6   34904.8   1.16863  
34929.3   34930.9   1.57422  
34968     34969.1   1.06956  
34974.3   34975.5   1.19456  
34978.9   34980     1.06972  
34994.3   34995.4   1.11709  
35013.1   35014.1   1.04353  
35020.8   35021.8   1.03906  
35048.3   35049.5   1.25066  
35057.1   35058.3   1.22481  
35072.7   35074.1   1.41888  
35076.3   35077.5   1.13034  
35079.6   35080.8   1.17972  
35096.4   35097.4   1.00972  
35097.8   35099.3   1.47978  
35100.9   35102     1.06644  
35108     35109.6   1.62019  
35117.7   35120.6   2.94013  
35154.1   35155.4   1.25359  
35173.5   35174.9   1.46619  
35181.5   35182.6   1.10456  
35203.6   35204.8   1.20925  
35228.1   35229.4   1.30144  
35245.1   35246.9   1.845    
35278.8   35280     1.12441  
35290.5   35291.9   1.41606  
35296.1   35297.2   1.04734  
35311.6   35312.8   1.11038  
35319.7   35320.9   1.16962  
35347.4   35348.9   1.47941  
35382.4   35383.8   1.36081  
35394.2   35395.3   1.08584  
35406     35407.2   1.13987  
35425.5   35426.9   1.32963  
35432.8   35434     1.16547  
35446.3   35447.3   1.01809  
35450     35451.5   1.43969  
35456     35460.1   4.16159  
35472.9   35474.2   1.30447  
35513.1   35515.2   2.10575  
