0         1.65472   1.65472  
7.67556   9.04434   1.36878  
13.892    16.1767   2.28475  
16.9526   18.6362   1.68359  
36.1307   37.4002   1.26941  
81.9862   83.2196   1.23347  
114.987   116.09    1.10297  
143.292   144.609   1.31722  
152.67    154.059   1.38853  
186.249   187.488   1.23925  
191.585   192.746   1.16116  
199.309   200.338   1.02906  
208.895   209.934   1.03922  
213.188   214.197   1.00881  
217.807   219.306   1.49887  
247.984   249.442   1.45859  
261.199   262.227   1.02812  
284.937   286.12    1.18359  
297.732   299.079   1.34737  
373.952   375.146   1.19338  
386.158   387.348   1.18969  
411.915   413.264   1.34916  
428.401   429.611   1.20984  
438.492   439.518   1.02537  
443.461   444.562   1.10109  
454.763   455.9     1.13678  
468.533   470.02    1.48716  
504.007   505.197   1.19034  
538.326   539.644   1.31784  
548.937   550.144   1.20613  
555.067   556.452   1.38563  
571.725   573.166   1.44091  
582.044   583.169   1.12459  
591.709   592.765   1.05625  
597.167   598.274   1.10747  
620.57    621.675   1.10494  
634.018   635.381   1.36225  
638.529   639.6     1.07141  
676.871   678.094   1.22388  
697.806   698.832   1.02619  
713.44    714.661   1.22097  
726.239   727.45    1.21128  
736.566   737.708   1.14209  
740.742   742.223   1.48097  
756.799   757.854   1.05469  
793.569   796.374   2.80484  
815.026   816.075   1.04888  
826.928   828.384   1.45613  
848.318   849.944   1.62666  
868.9     870.487   1.58691  
896.602   897.963   1.36075  
902.248   903.806   1.55831  
910.84    911.897   1.05756  
917.879   919.368   1.48969  
923.235   924.4     1.16531  
934.99    936.386   1.39625  
945.978   947.064   1.08569  
948.799   949.902   1.1035   
953.233   954.589   1.35672  
963.659   965.117   1.4585   
968.891   970.152   1.26041  
971.463   972.613   1.15031  
984.27    985.413   1.14259  
989.771   991.248   1.47725  
992.705   993.764   1.059    
997.214   998.427   1.2125   
1007.94   1009.22   1.27422  
1011.33   1012.4    1.06188  
1026.75   1027.96   1.20897  
1034.57   1036.21   1.64619  
1051.85   1053.33   1.48169  
1060.58   1062.02   1.43666  
1073.34   1074.59   1.25197  
1089.26   1090.35   1.09488  
1104.26   1105.46   1.19272  
1107.6    1108.65   1.04422  
1118.52   1119.62   1.09925  
1120.72   1121.73   1.01     
1125.13   1126.54   1.41419  
1138.94   1140.21   1.27247  
1148.78   1149.91   1.12441  
1152.42   1153.58   1.16097  
1159.48   1160.63   1.14869  
1167.42   1168.74   1.318    
1173.87   1175.11   1.23334  
1179.57   1180.59   1.02059  
1183.77   1184.83   1.05488  
1193.49   1194.6    1.10925  
1209.97   1211.23   1.25891  
1219.06   1220.12   1.06419  
1221.31   1222.62   1.31178  
1231.35   1232.66   1.31744  
1249.07   1250.52   1.44116  
1254.02   1255.15   1.12434  
1255.68   1257.08   1.40128  
1259.93   1260.99   1.05428  
1268.24   1269.28   1.04272  
1277.28   1278.51   1.22388  
1285.82   1286.89   1.06519  
1320.53   1321.63   1.09559  
1350.55   1352.01   1.45141  
1369.2    1370.45   1.2425   
1371.9    1373.16   1.25916  
1389.08   1390.86   1.78372  
1398.31   1399.68   1.36422  
1401.77   1403.11   1.34347  
1406.4    1407.9    1.50647  
1413.9    1415.05   1.15237  
1417.19   1418.45   1.26031  
1432.16   1434.16   1.99863  
1437.52   1438.78   1.25753  
1452.73   1454.12   1.38934  
1455.56   1456.61   1.05131  
1458.82   1459.96   1.14359  
1460.46   1461.79   1.33344  
1478.02   1479.52   1.49316  
1483.32   1484.35   1.03272  
1486.36   1487.56   1.19672  
1491.02   1492.68   1.65584  
1494.11   1495.17   1.05788  
1511.64   1513.56   1.91681  
1520.74   1522.05   1.31497  
1533.04   1534.33   1.28459  
1539.98   1542.47   2.48819  
1551.33   1552.51   1.18516  
1565.29   1566.34   1.04625  
1571.62   1572.95   1.32541  
1609.66   1610.97   1.31216  
1625.42   1626.55   1.12728  
1631.4    1633.01   1.61075  
1639.58   1641.29   1.71637  
1647.23   1648.31   1.07047  
1656.03   1657.42   1.38669  
1668.91   1670.64   1.73678  
1698.94   1700.31   1.37334  
1709.86   1711.14   1.27294  
1714.3    1715.66   1.361    
1719.35   1720.62   1.26731  
1730.66   1731.82   1.16169  
1738.51   1739.52   1.01263  
1743.77   1745.3    1.52575  
1746.89   1748.12   1.22622  
1749.49   1750.51   1.02453  
1770.16   1771.19   1.0325   
1779.76   1781.74   1.97672  
1783.81   1785.29   1.47391  
1791.48   1792.84   1.36587  
1800.27   1801.4    1.13831  
1812.31   1813.95   1.64569  
1820.33   1821.39   1.05556  
1830.53   1831.55   1.01584  
1831.9    1832.94   1.03556  
1854.99   1856.35   1.35934  
1857.59   1858.64   1.05088  
1862.63   1863.63   1.00072  
1883.83   1885.26   1.43556  
1892.78   1894.01   1.22531  
1915.34   1916.77   1.43334  
1926.79   1928.21   1.41437  
1930.43   1931.5    1.06753  
1934.36   1935.95   1.58984  
1950      1951.71   1.70725  
1953.19   1954.34   1.14622  
1957.44   1958.54   1.10525  
1976.46   1977.47   1.01388  
2033.41   2035.27   1.86238  
2040.36   2041.54   1.18119  
2044.34   2045.56   1.2255   
2049.9    2051.27   1.3755   
2057.09   2058.42   1.33522  
2062.61   2063.76   1.15231  
2067.88   2068.89   1.01666  
2081.02   2083.13   2.11303  
2107.07   2108.09   1.01191  
2125.56   2127.19   1.63122  
2153.14   2154.67   1.52463  
2155.21   2156.37   1.15906  
2171.7    2172.85   1.14706  
2182.49   2184.07   1.58291  
2187.76   2189.07   1.30569  
2205.37   2206.93   1.55772  
2209.42   2210.93   1.51072  
2221.14   2222.19   1.0475   
2224.23   2225.53   1.30113  
2227.71   2228.95   1.23375  
2230.82   2233.03   2.21013  
2241.75   2242.82   1.07259  
2248.88   2250.17   1.28988  
2257.19   2258.82   1.63316  
2272.9    2274.09   1.19469  
2278.02   2279.04   1.02403  
2283.62   2285.81   2.19069  
2292.16   2295.38   3.21513  
2296.22   2297.4    1.18016  
2315.24   2316.32   1.07638  
2338.76   2339.76   1.00041  
2365.27   2366.68   1.40631  
2404.08   2405.56   1.48391  
2409.75   2410.94   1.18912  
2419.22   2420.73   1.51609  
2426.15   2427.39   1.23922  
2443.03   2444.06   1.03053  
2446.82   2447.84   1.02653  
2453.05   2454.16   1.10662  
2460.74   2462.09   1.34963  
2464.08   2465.38   1.30722  
2469.65   2471      1.34091  
2488.68   2490.19   1.51322  
2504.93   2506.68   1.74425  
2513.87   2515.66   1.79759  
2516.63   2517.74   1.10981  
2527.93   2529.35   1.42109  
2545.16   2546.51   1.35131  
2547.15   2548.67   1.51444  
2556.67   2558.32   1.64969  
2563.83   2565.23   1.39244  
2566.51   2567.79   1.28116  
2569.93   2571.2    1.27659  
2573.69   2574.89   1.19719  
2585.89   2587.68   1.78731  
2597.04   2598.48   1.44609  
2600.12   2601.43   1.30984  
2610.03   2611.4    1.36938  
2620.09   2621.68   1.58609  
2623.49   2624.62   1.13075  
2627.54   2628.88   1.34587  
2631.07   2632.18   1.10594  
2636.51   2637.83   1.32209  
2640.4    2641.7    1.30444  
2645.99   2647.54   1.55084  
2670.56   2672.27   1.70828  
2682.69   2683.71   1.01619  
2713.09   2715.03   1.93997  
2721.71   2723.03   1.31709  
2725.14   2726.67   1.53466  
2732.76   2734.06   1.29662  
2737.12   2738.31   1.18938  
2744.47   2745.55   1.0845   
2762.79   2764.17   1.38319  
2817.35   2819.19   1.83969  
2843.88   2845.21   1.33641  
2854.16   2855.92   1.761    
2864.36   2865.47   1.10928  
2873.94   2875.03   1.09031  
2885.15   2886.93   1.78781  
2904.74   2905.83   1.08503  
2917.35   2918.82   1.47641  
2922.18   2923.32   1.14244  
2926.7    2927.82   1.12475  
2928.33   2929.53   1.20263  
2938.91   2940.59   1.68416  
2945.7    2947.02   1.31244  
2960.16   2961.9    1.74309  
2970.99   2972.1    1.10547  
2981.71   2983.51   1.79466  
2987.55   2988.68   1.12819  
2990.92   2992.35   1.43591  
3007.21   3008.53   1.32178  
3011.67   3012.84   1.17222  
3015.97   3017.08   1.11056  
3022.74   3023.83   1.08028  
3028.33   3030.23   1.89903  
3049.86   3051.17   1.30975  
3072.35   3073.38   1.02675  
3086.1    3087.42   1.32141  
3093.41   3094.59   1.18203  
3097.26   3098.59   1.33097  
3102.73   3103.83   1.10166  
3112.55   3113.65   1.09891  
3119.51   3121.2    1.69297  
3134.71   3136.38   1.66303  
3177.18   3178.49   1.31209  
3186.9    3188.26   1.36213  
3195.56   3196.84   1.28391  
3213.21   3214.38   1.17047  
3220.78   3221.81   1.03253  
3230.03   3231.05   1.01403  
3233.77   3234.83   1.05662  
3235.61   3236.89   1.27803  
3239.4    3240.51   1.10688  
3241.46   3242.5    1.04659  
3284.66   3285.83   1.17034  
3319.38   3320.62   1.24525  
3331.82   3332.9    1.07787  
3335.62   3336.87   1.24675  
3353.88   3355.48   1.603    
3357.68   3358.77   1.09975  
3373.11   3374.87   1.76728  
3379.88   3381.5    1.62628  
3396.35   3397.7    1.35309  
3401.11   3402.54   1.427    
3404.74   3406.01   1.26981  
3423.99   3425.53   1.53091  
3427.49   3428.52   1.03159  
3431.63   3432.99   1.35906  
3438.09   3439.98   1.88209  
3445.58   3446.83   1.25259  
3450.26   3451.66   1.39972  
3454.91   3456.29   1.37662  
3460.46   3461.76   1.29831  
3469.87   3471.17   1.29266  
3473.13   3474.22   1.09628  
3476.52   3477.76   1.24022  
3486.8    3487.82   1.01863  
3523.5    3524.56   1.05625  
3541.42   3542.84   1.42025  
3545.32   3546.7    1.37756  
3552.75   3554.38   1.62381  
3558.77   3559.86   1.0955   
3565.9    3566.92   1.01087  
3573.62   3574.69   1.07519  
3594.02   3595.86   1.83975  
3619.19   3620.22   1.02075  
3631.42   3632.99   1.56647  
3642.18   3643.59   1.40722  
3647.32   3648.82   1.50078  
3651.55   3652.71   1.15978  
3656.71   3657.84   1.12838  
3658.97   3660.01   1.03859  
3673.14   3674.61   1.46569  
3681.45   3682.79   1.33613  
3689.56   3690.78   1.22453  
3692.96   3694.09   1.12678  
3697.52   3698.97   1.44891  
3710.82   3711.97   1.15084  
3719.32   3721.2    1.88428  
3724.37   3725.38   1.00972  
3728.72   3730.46   1.73397  
3743.31   3744.87   1.55709  
3747.08   3748.72   1.63647  
3763.46   3765.14   1.68112  
3766.02   3767.6    1.57544  
3777.7    3778.86   1.16825  
3794.64   3796.45   1.804    
3798.38   3799.41   1.03494  
3803.44   3804.76   1.31797  
3809.71   3810.77   1.06653  
3813.29   3814.39   1.09369  
3827.97   3830.17   2.19991  
3842.81   3844.72   1.91725  
3850.53   3851.79   1.25812  
3872.95   3874.81   1.86606  
3879.66   3880.83   1.17162  
3884.66   3886.39   1.72481  
3894.76   3895.86   1.10219  
3905.58   3906.62   1.03638  
3911.81   3913.34   1.53597  
3923.66   3924.78   1.12266  
3959.35   3960.46   1.11669  
3964.37   3965.37   1.009    
3980.94   3981.97   1.02666  
4014.87   4016.31   1.43863  
4027.42   4028.42   1.00316  
4031.13   4032.22   1.09169  
4057.26   4058.35   1.08928  
4097.72   4098.76   1.04125  
4106.87   4108.02   1.15016  
4122.86   4124      1.14141  
4178.73   4179.97   1.23863  
4205.25   4206.27   1.01447  
4207.31   4208.36   1.05406  
4217.49   4218.55   1.06684  
4238.58   4240.16   1.57662  
4247.54   4249.47   1.92941  
4257.81   4258.94   1.13056  
4290.79   4291.98   1.19709  
4310.15   4311.25   1.1025   
4320.19   4321.4    1.21469  
4327.08   4328.17   1.08522  
4347.65   4348.66   1.00581  
4351.68   4352.74   1.06391  
4360.55   4361.8    1.25159  
4381.46   4382.47   1.00994  
4390.25   4391.32   1.07288  
4395.28   4396.88   1.59438  
4405.27   4406.99   1.72172  
4444.5    4445.65   1.14806  
4456.49   4458.28   1.78725  
4468.68   4470.14   1.45603  
4477.58   4479.03   1.45312  
4481.5    4482.52   1.02337  
4487.45   4488.8    1.35369  
4491.17   4492.37   1.19944  
4495.99   4497.04   1.04431  
4504.14   4505.29   1.15078  
4506.11   4507.52   1.40944  
4511.19   4512.21   1.02184  
4553.96   4555.42   1.46034  
4578.49   4579.6    1.10541  
4586.14   4587.64   1.50422  
4590.89   4591.99   1.1      
4592.92   4594.19   1.27381  
4597.87   4598.97   1.09784  
4612.63   4613.91   1.27672  
4622.64   4624      1.35916  
4625.25   4626.49   1.24066  
4635.4    4636.54   1.13975  
4639.47   4640.47   1.00347  
4641.76   4643.02   1.26097  
4653.84   4655.33   1.49016  
4658.81   4660.3    1.48481  
4682.99   4686.15   3.16675  
4686.88   4688.23   1.35244  
4696.25   4697.71   1.45663  
4700.35   4701.44   1.08919  
4703.3    4704.34   1.03534  
4705.67   4706.77   1.10591  
4710.38   4711.51   1.13434  
4731.57   4732.78   1.20603  
4750.98   4752.31   1.32812  
4754.22   4755.54   1.32034  
4765.66   4767      1.34531  
4773.88   4774.91   1.02394  
4777.84   4779.54   1.69741  
4784.39   4785.41   1.01969  
4795.84   4797.29   1.45819  
4803.8    4805.03   1.22381  
4808.43   4809.61   1.17672  
4810.62   4811.72   1.09666  
4814.45   4815.85   1.39703  
4822.52   4824.06   1.54453  
4825.66   4826.76   1.10512  
4833.72   4834.97   1.25325  
4837.32   4838.94   1.62022  
4865.09   4866.84   1.75959  
4871.73   4872.99   1.262    
4876.48   4877.86   1.38697  
4886.13   4887.39   1.25109  
4922.71   4924.16   1.44753  
4932.04   4933.29   1.24266  
4935.43   4936.51   1.087    
4938.97   4940.32   1.34825  
4942.85   4944.1    1.24625  
4973.34   4974.65   1.31012  
4985.07   4986.62   1.55556  
4997.72   4999.43   1.71075  
5008.3    5009.3    1.00356  
5011.05   5012.08   1.02828  
5036.9    5037.9    1.00063  
5040.4    5041.65   1.25253  
5047.32   5048.76   1.43616  
5050.71   5051.95   1.24938  
5052.61   5053.96   1.35181  
5058.65   5060.26   1.60775  
5065.21   5066.52   1.31016  
5069.51   5070.64   1.12819  
5077.08   5078.85   1.77447  
5091.7    5092.82   1.11659  
5096.75   5098.53   1.77469  
5103.59   5105.26   1.67097  
5136.7    5138.33   1.62784  
5139.09   5140.99   1.89938  
5153.78   5154.97   1.18653  
5158.29   5159.99   1.69731  
5165.63   5166.85   1.22341  
5188.19   5189.27   1.07812  
5190.4    5192.24   1.84919  
5197.35   5198.95   1.60319  
5201.05   5202.19   1.13669  
5209.96   5211.74   1.78194  
5225.08   5226.45   1.36928  
5231.61   5233.02   1.40378  
5235.52   5236.53   1.00622  
5256.29   5258.16   1.87159  
5267.6    5269.24   1.64088  
5278.9    5280.18   1.28022  
5284.04   5285.53   1.49169  
5287.42   5288.73   1.30334  
5293.01   5294.04   1.03584  
5300.76   5302.21   1.44325  
5309.31   5310.59   1.27509  
5316.28   5317.68   1.40131  
5329.96   5331.18   1.21747  
5346.69   5348.07   1.38184  
5351.73   5352.86   1.13791  
5356.39   5357.5    1.11678  
5360.16   5361.54   1.38259  
5363.29   5364.56   1.26219  
5367.86   5369.02   1.16272  
5370.6    5371.85   1.25194  
5373.89   5375.07   1.17437  
5380.55   5381.82   1.26706  
5384.79   5385.8    1.01012  
5392.04   5393.07   1.03384  
5404.02   5405.16   1.14416  
5412.9    5413.91   1.00962  
5420.49   5421.86   1.36466  
5427.82   5428.96   1.14391  
5431.23   5432.27   1.03438  
5461.52   5462.61   1.08906  
5463.83   5465.43   1.59641  
5473.06   5474.29   1.22397  
5486.75   5489.22   2.46906  
5511.84   5512.88   1.04169  
5527.77   5528.8    1.03406  
5537.8    5539.08   1.27156  
5544.84   5546.07   1.23734  
5557.56   5558.72   1.164    
5578.69   5580.15   1.45547  
5587.7    5588.81   1.11203  
5594.67   5595.83   1.16419  
5596.33   5597.46   1.12862  
5609.19   5610.33   1.14288  
5616.58   5617.74   1.16081  
5625.37   5626.65   1.27753  
5640.62   5641.78   1.15431  
5677.15   5678.62   1.47256  
5703.55   5704.84   1.28944  
5713.51   5714.96   1.44925  
5748.24   5749.51   1.26691  
5767.65   5768.84   1.18863  
5771.71   5772.88   1.16341  
5798.67   5799.89   1.22056  
5806.99   5808.06   1.07725  
5821.33   5822.77   1.43891  
5843.76   5845.31   1.55     
5848.13   5849.26   1.13238  
5860.06   5861.2    1.14191  
5863.94   5865.16   1.21791  
5879.56   5880.68   1.11706  
5886.23   5887.24   1.01275  
5889.78   5890.99   1.20775  
5895.23   5896.83   1.59975  
5899.57   5900.62   1.04509  
5911.37   5912.65   1.27891  
5924.68   5925.83   1.15366  
5927.41   5928.65   1.24444  
5937.01   5938.08   1.06988  
5952.19   5953.27   1.07694  
5982.81   5983.9    1.09378  
5995.4    5996.59   1.18562  
6031.57   6032.68   1.11422  
6035.01   6036.02   1.01188  
6042.95   6044.09   1.13647  
6055.01   6056.15   1.14616  
6063.17   6064.69   1.52275  
6066.83   6068.54   1.71056  
6087.9    6089.95   2.04347  
6105.65   6106.92   1.26391  
6115.63   6116.91   1.28169  
6119.01   6120.19   1.18175  
6144.92   6146.07   1.15584  
6182.06   6183.23   1.16328  
6187.83   6189.14   1.30956  
6191.44   6192.96   1.52784  
6202.07   6203.95   1.87769  
6206.11   6207.99   1.88244  
6265.99   6266.99   1.00169  
6281.81   6283.8    1.98781  
6295.74   6297.41   1.67019  
6314.71   6316.73   2.02225  
6324.61   6326.35   1.73503  
6333.27   6334.34   1.06866  
6344.22   6345.69   1.46956  
6364.99   6366.1    1.10866  
6370.89   6372.03   1.1365   
6379.43   6381.23   1.80178  
6394.32   6396.13   1.81875  
6398.4    6399.72   1.32353  
6421.69   6423.33   1.63338  
6424.02   6425.18   1.15869  
6430.89   6433.07   2.18525  
6438.32   6439.48   1.15953  
6441.65   6442.79   1.13447  
6447.48   6448.49   1.0095   
6450.08   6451.63   1.54631  
6452.15   6453.53   1.37981  
6472.1    6473.31   1.21197  
6478.46   6479.93   1.46747  
6484.28   6487.32   3.04231  
6488.02   6489.7    1.68072  
6508.18   6509.95   1.76412  
6517.89   6519.12   1.23031  
6519.44   6520.96   1.51516  
6545.62   6546.69   1.06641  
6553.97   6555.05   1.07269  
6588.36   6590.21   1.843    
6598.51   6600.06   1.55759  
6612.21   6613.56   1.35013  
6653.67   6655.55   1.88256  
6662.46   6663.51   1.05788  
6665.64   6666.98   1.33747  
6670.9    6672.15   1.24891  
6673.66   6674.72   1.05703  
6686.73   6688.62   1.89059  
6726.3    6727.41   1.10781  
6741.16   6742.47   1.31278  
6754.48   6756      1.52487  
6770.9    6771.96   1.05563  
6788.33   6789.51   1.17878  
6795.47   6796.47   1.00219  
6803.26   6804.67   1.40675  
6817.35   6818.55   1.19975  
6833.11   6834.75   1.63866  
6840.01   6841.12   1.10594  
6842.55   6843.56   1.00931  
6845.7    6846.77   1.06572  
6849.19   6850.24   1.04441  
6862.82   6864.51   1.69263  
6875.72   6876.9    1.18809  
6885.93   6887.14   1.21394  
6898.52   6899.89   1.367    
6906.9    6908.3    1.40725  
6915.29   6916.55   1.25922  
6936.57   6937.74   1.17381  
6942.3    6943.71   1.40888  
6946.26   6947.61   1.34941  
6961.54   6962.72   1.18353  
6968.37   6969.45   1.08572  
6978.87   6980.08   1.20597  
6980.78   6981.86   1.07256  
6994.71   6996.6    1.88769  
7000.16   7001.34   1.18234  
7005.96   7007.06   1.10322  
7009.96   7011.42   1.46344  
7022.53   7024.21   1.68544  
7026.57   7027.76   1.18684  
7029.68   7030.68   1.00156  
7038.48   7039.55   1.06497  
7042.24   7043.3    1.06122  
7054.92   7056.66   1.74375  
7057.76   7058.92   1.15609  
7063.59   7065.05   1.46425  
7066.23   7067.24   1.01728  
7076.5    7077.55   1.04806  
7080.85   7081.97   1.11934  
7091.02   7092.51   1.48762  
7094.08   7095.65   1.57322  
7103.04   7105.05   2.00681  
7108.35   7110.01   1.65984  
7118.32   7119.56   1.24028  
7122.46   7123.52   1.06022  
7127.21   7128.92   1.71162  
7138.51   7140.01   1.49819  
7143.56   7144.65   1.09772  
7149.36   7151      1.63425  
7166.98   7168.21   1.23081  
7173.6    7174.69   1.09256  
7177.23   7178.29   1.063    
7183.03   7184.41   1.37906  
7185.91   7187.18   1.27737  
7189.64   7191      1.35578  
7194.43   7196.25   1.82713  
7198.96   7200.1    1.13541  
7207.16   7208.73   1.56169  
7218.21   7219.57   1.35956  
7221.4    7222.8    1.40484  
7232.25   7233.63   1.37869  
7239.61   7241.26   1.65009  
7247.56   7248.71   1.15572  
7251.34   7252.4    1.05834  
7262.32   7263.89   1.57378  
7276.64   7277.7    1.06681  
7280.24   7281.48   1.23863  
7288.83   7290.29   1.46209  
7290.87   7292.37   1.50322  
7310.5    7311.79   1.28819  
7314.08   7315.2    1.12097  
7323.12   7324.49   1.36975  
7325.77   7327.2    1.42981  
7339.22   7340.39   1.17509  
7348.17   7349.61   1.43488  
7352.07   7353.08   1.00469  
7365.41   7366.43   1.02241  
7373.89   7375      1.10966  
7378.21   7379.24   1.0315   
7381.75   7383.76   2.00434  
7417.38   7418.43   1.05109  
7427.98   7429.46   1.47513  
7442.62   7444.01   1.39253  
7447.31   7448.93   1.61338  
7453.25   7454.28   1.02797  
7463.74   7464.88   1.13813  
7470.91   7472.33   1.41663  
7473.02   7474.06   1.03778  
7476.81   7477.81   1.00838  
7481.72   7482.98   1.26069  
7491.12   7492.54   1.41397  
7495.16   7496.38   1.21494  
7505.85   7507.33   1.472    
7508.49   7509.49   1.00084  
7513.85   7514.9    1.05191  
7526.37   7527.45   1.08425  
7535.92   7537.5    1.58206  
7539.62   7540.7    1.077    
7546      7547.06   1.06203  
7548.63   7549.81   1.17475  
7552.97   7554.21   1.24347  
7558.27   7559.39   1.11938  
7567.37   7568.45   1.07841  
7574.37   7575.42   1.04862  
7580.96   7582.18   1.21731  
7584.13   7585.82   1.68984  
7593.18   7594.26   1.07662  
7602.5    7604.36   1.86444  
7640.17   7641.21   1.044    
7654.12   7655.47   1.35659  
7683.89   7685.52   1.63303  
7691.08   7692.17   1.09266  
7714.26   7715.55   1.28466  
7719.76   7720.86   1.09213  
7730.98   7732.07   1.08613  
7744.2    7745.24   1.03887  
7758.51   7759.58   1.06797  
7765.28   7766.73   1.45719  
7769.03   7770.65   1.61769  
7780.54   7781.95   1.41066  
7790.77   7791.86   1.08334  
7793.91   7795.38   1.46803  
7823.71   7824.89   1.17969  
7828.19   7829.5    1.30469  
7834.64   7835.7    1.06391  
7839.99   7841.15   1.16203  
7845.93   7847.31   1.37987  
7853.92   7855.49   1.56453  
7861.13   7862.4    1.27053  
7877.15   7878.3    1.14994  
7882.39   7884.08   1.68991  
7893.89   7895.28   1.38569  
7898.73   7900.06   1.33325  
7907.45   7909.51   2.06119  
7918.88   7920.58   1.69781  
7924.68   7926.02   1.34084  
7934.24   7935.52   1.27812  
7944.48   7945.67   1.18869  
7948.29   7950.05   1.76544  
7955.99   7957.1    1.10234  
7959.24   7960.54   1.30466  
7965.66   7967.09   1.42712  
7968.45   7969.47   1.02019  
7975.97   7977.57   1.59778  
7983.96   7985.03   1.06841  
7999.04   8000.26   1.21225  
8002.07   8003.71   1.64103  
8037.84   8039.44   1.59203  
8054.15   8055.47   1.32222  
8065.33   8067.16   1.82669  
8084.14   8085.28   1.14444  
8090.63   8091.95   1.31328  
8092.68   8093.71   1.02516  
8111.6    8112.81   1.20972  
8131.19   8132.3    1.11278  
8138.29   8139.64   1.34825  
8142.19   8143.38   1.18269  
8147.41   8149.74   2.3275   
8170.89   8172.31   1.42063  
8176.18   8177.44   1.25991  
8193.31   8194.81   1.49625  
8201.56   8203.28   1.714    
8207.06   8208.09   1.03438  
8210.25   8211.28   1.02731  
8212      8213.13   1.12984  
8232.67   8234.22   1.54372  
8238.39   8240.03   1.64125  
8245.08   8246.41   1.32956  
8259.76   8261.01   1.25028  
8264.5    8265.56   1.06381  
8270.14   8271.15   1.00653  
8276.12   8277.34   1.22066  
8281.26   8283.1    1.83922  
8289.35   8290.97   1.62456  
8304.61   8305.96   1.34441  
8319.22   8321.07   1.85353  
8338.61   8339.62   1.00775  
8342.49   8343.95   1.45666  
8349.58   8351.96   2.38428  
8358.86   8359.87   1.00722  
8377.91   8379.48   1.56728  
8414.34   8415.61   1.26866  
8419.14   8420.88   1.74616  
8424.84   8426.02   1.18069  
8426.91   8428.02   1.11641  
8430.12   8431.55   1.42697  
8440.07   8441.72   1.65825  
8454.54   8455.68   1.14347  
8456.43   8457.85   1.42228  
8459.58   8460.74   1.16366  
8465.76   8467.25   1.48806  
8475.64   8476.79   1.15312  
8492.42   8493.53   1.11662  
8501.42   8503.03   1.61113  
8517      8518.4    1.39169  
8524.38   8525.77   1.38366  
8537.56   8538.91   1.35438  
8543.39   8545.19   1.80378  
8565.94   8567.23   1.2925   
8612.69   8614.24   1.54378  
8619.89   8621.42   1.52891  
8634.03   8635.63   1.60297  
8644.97   8647.01   2.03997  
8654.97   8656.24   1.27291  
8665.61   8666.87   1.26569  
8672.5    8673.59   1.09144  
8677.88   8679.28   1.40003  
8697.65   8698.97   1.322    
8713.64   8714.64   1.00369  
8718.82   8720.17   1.35009  
8725.75   8727.11   1.36494  
8730.7    8731.96   1.25091  
8746.23   8747.97   1.74603  
8756.71   8758.48   1.77653  
8765.61   8766.66   1.04144  
8772.73   8774.67   1.93688  
8794.6    8795.99   1.38628  
8800.28   8801.65   1.36778  
8808.08   8809.27   1.1905   
8810.3    8811.33   1.02419  
8818.91   8820.61   1.70475  
8827.7    8828.93   1.22909  
8832.07   8835.07   2.99869  
8835.99   8837.55   1.56172  
8860.24   8861.41   1.17319  
8871.08   8872.3    1.22172  
8907.4    8908.7    1.30409  
8930.69   8931.84   1.1445   
8968.78   8969.85   1.06438  
8979.88   8980.95   1.06559  
8981.63   8983.12   1.49     
8997.15   8998.96   1.81578  
9007.13   9008.22   1.08528  
9011.26   9012.6    1.34416  
9021.98   9023.68   1.70284  
9029.88   9030.94   1.06066  
9036.63   9037.73   1.10359  
9040.25   9041.42   1.17044  
9068.16   9069.46   1.30397  
9109.04   9110.25   1.20538  
9112.87   9113.95   1.07603  
9149.17   9150.44   1.27     
9173.23   9174.24   1.01356  
9200.27   9201.4    1.13325  
9214.39   9215.68   1.29622  
9240.25   9241.38   1.12088  
9243.06   9244.11   1.04853  
9251.25   9252.7    1.44619  
9299.63   9300.64   1.01419  
9309.06   9310.32   1.25584  
9313.66   9315.86   2.19866  
9360.49   9362.01   1.52544  
9363.6    9364.84   1.24184  
9367.94   9368.96   1.02094  
9369.52   9370.67   1.15659  
9372.62   9373.82   1.19794  
9375.78   9376.95   1.17203  
9377.55   9378.57   1.02184  
9379.2    9381.01   1.80244  
9390.1    9391.39   1.29216  
9393.29   9394.32   1.037    
9395.68   9396.77   1.09169  
9398.62   9399.71   1.08247  
9404.36   9405.52   1.15825  
9407.1    9408.94   1.83588  
9422.88   9424.18   1.29794  
9449.98   9451.2    1.22222  
9481.77   9482.83   1.06012  
9484.65   9486.1    1.44881  
9487.27   9488.44   1.17081  
9505.32   9506.32   1.00234  
9513.66   9515.07   1.40691  
9542.56   9543.64   1.08194  
9577.82   9579.34   1.51203  
9581.63   9582.71   1.07403  
9584.42   9585.44   1.01834  
9590.3    9592.03   1.72837  
9593.18   9594.43   1.25166  
9596.4    9597.77   1.37728  
9613.48   9614.6    1.12534  
9620.05   9621.34   1.28609  
9634.95   9636.18   1.22422  
9641.43   9642.85   1.42584  
9652.83   9653.97   1.13509  
9656.91   9658.01   1.1015   
9659.3    9660.47   1.16791  
9662.26   9663.54   1.28147  
9673.56   9675.39   1.83394  
9677.73   9678.88   1.15256  
9682.67   9683.86   1.19297  
9696.82   9697.93   1.10369  
9698.67   9699.85   1.18088  
9712.67   9714.05   1.38338  
9721.78   9723      1.21237  
9725.94   9727.24   1.30325  
9731.96   9733.09   1.13553  
9739.03   9740.3    1.26338  
9741.23   9742.37   1.13781  
9744.09   9745.22   1.13416  
9754.25   9755.55   1.3055   
9757.21   9758.22   1.01066  
9774.31   9775.44   1.13091  
9820.74   9821.84   1.09822  
9839.31   9840.45   1.13819  
9882.02   9883.56   1.54381  
9910.32   9911.57   1.2515   
9914.99   9915.99   1.00247  
9923      9924.04   1.03991  
9931.12   9932.8    1.67669  
9954.74   9955.82   1.07509  
9956.63   9957.72   1.09534  
9963.95   9965.17   1.227    
9968.62   9969.93   1.30581  
9977.29   9978.33   1.03978  
9982.23   9983.58   1.353    
9986.92   9987.94   1.01769  
9996.86   9998.41   1.55047  
10020.4   10021.5   1.05081  
10024.8   10026.1   1.26534  
10058.9   10060     1.05928  
10062.2   10063.4   1.17328  
10087.5   10089     1.55563  
10093.9   10095.1   1.18141  
10160.4   10161.9   1.44556  
10167.5   10168.9   1.34334  
10173.5   10174.7   1.15766  
10197.2   10198.6   1.36706  
10214.5   10215.7   1.17609  
10225.3   10226.7   1.39963  
10245.3   10246.4   1.13719  
10259.5   10260.6   1.08528  
10261.2   10262.4   1.2365   
10265.9   10267     1.07144  
10282.6   10283.8   1.18119  
10286.4   10287.8   1.401    
10293     10294.8   1.77069  
10307.2   10308.5   1.29444  
10309.3   10310.7   1.31438  
10313.9   10315     1.09006  
10316.1   10317.3   1.25494  
10323.7   10325.1   1.46575  
10328.6   10330     1.36266  
10343.6   10346.7   3.12834  
10376.8   10378     1.15278  
10419.6   10420.6   1.00969  
10446.4   10447.6   1.18456  
10451     10452.4   1.47775  
10485.5   10486.6   1.05484  
10495.5   10496.6   1.08878  
10500.8   10502     1.16181  
10506.4   10507.5   1.15269  
10521.4   10522.8   1.39613  
10533.5   10534.9   1.33759  
10536.5   10537.5   1.03756  
10554.9   10556.3   1.33131  
10576.6   10577.7   1.13953  
10579.3   10580.4   1.03788  
10581.9   10583.1   1.182    
10595.1   10596.1   1.09253  
10612.7   10613.8   1.04909  
10636     10637.2   1.26131  
10643.2   10644.3   1.12228  
10661.7   10662.9   1.17547  
10670.1   10671.3   1.24622  
10695.5   10696.7   1.17534  
10704.2   10705.3   1.09906  
10716.7   10718     1.34381  
10719.7   10720.7   1.02656  
10723     10724.1   1.06922  
10726.8   10727.8   1.00359  
10737.8   10738.9   1.023    
10741.5   10742.6   1.05081  
10752.2   10753.6   1.47697  
10787.7   10789.1   1.36853  
10805.7   10806.7   1.00381  
10814.6   10815.9   1.22816  
10821.9   10823     1.10894  
10827.1   10828.1   1.02484  
10831.9   10832.9   1.03084  
10840.6   10841.7   1.11122  
10844.9   10846     1.11259  
10856     10857.3   1.36641  
10866.5   10867.7   1.15156  
10869     10870.4   1.48334  
10884.1   10885.8   1.76175  
10901.7   10903.2   1.57141  
10913.7   10915.4   1.76897  
10923     10924     1.05012  
10941.7   10942.8   1.10547  
10945.2   10946.3   1.09744  
10972.8   10973.9   1.06491  
10986.9   10988.1   1.22472  
10997.4   10998.8   1.47672  
11002.4   11003.5   1.16147  
11018.6   11019.8   1.26469  
11021.6   11023.1   1.55469  
11039.6   11040.9   1.31075  
11043     11044.5   1.45441  
11058.4   11059.5   1.05028  
11072.1   11073.4   1.26869  
11078.2   11079.2   1.03334  
11079.8   11081.8   2.02306  
11089.7   11090.8   1.01344  
11099.1   11100.6   1.45984  
11102.7   11104     1.31281  
11114.9   11116.3   1.44637  
11119.9   11121.2   1.29959  
11126.4   11127.7   1.23003  
11131.6   11132.9   1.22556  
11136.7   11138     1.30384  
11150.2   11151.4   1.19244  
11154.8   11155.9   1.09344  
11183.8   11185.2   1.41584  
11192.4   11193.5   1.08513  
11196.5   11197.6   1.04703  
11201     11202     1.08931  
11233.9   11235.4   1.52122  
11240.8   11241.9   1.12187  
11253.4   11254.6   1.2785   
11274.3   11275.4   1.14716  
11282.4   11283.4   1.01656  
11293.5   11294.8   1.264    
11301.1   11302.4   1.21313  
11304.7   11305.7   1.01081  
11306.7   11307.9   1.21125  
11324.7   11325.7   1.00338  
11328.1   11329.1   1.00616  
11334.7   11335.8   1.13975  
11339.2   11340.2   1.05322  
11341.7   11343.3   1.59259  
11347.4   11348.7   1.26678  
11355     11356.1   1.13791  
11363.5   11365.2   1.69869  
11368.5   11369.6   1.15109  
11382     11383.2   1.11034  
11389.9   11391.3   1.39109  
11396.6   11397.7   1.12694  
11400.7   11401.8   1.17906  
11406.7   11407.9   1.18716  
11505.2   11506.6   1.39938  
11522     11523.1   1.11478  
11536     11537     1.02431  
11545.1   11546.2   1.13216  
11567.3   11568.6   1.38222  
11577.5   11578.7   1.23319  
11588     11589.1   1.15725  
11622.2   11623.6   1.37981  
11625     11626.1   1.11947  
11627.6   11628.7   1.0765   
11631.9   11633.1   1.18978  
11638.1   11639.3   1.16169  
11642.1   11643.2   1.10644  
11647.8   11649.4   1.61391  
11658.6   11659.7   1.04934  
11668.1   11669.5   1.33297  
11672.4   11673.4   1.05506  
11678.5   11679.8   1.22634  
11680.2   11681.6   1.33628  
11682.6   11683.7   1.08953  
11689.8   11691.1   1.25222  
11697.8   11699     1.19769  
11703.6   11704.8   1.20041  
11707     11708     1.0545   
11713.4   11715     1.54994  
11721.6   11722.6   1.04584  
11724.1   11725.3   1.14072  
11729.6   11731     1.46359  
11772.1   11773.3   1.22934  
11776.8   11778.1   1.25244  
11800.3   11801.3   1.03322  
11804.3   11805.3   1.01303  
11807.5   11808.8   1.25194  
11817.1   11818.5   1.47653  
11827.8   11829.1   1.31953  
11830.8   11831.8   1.00438  
11836.1   11837.5   1.41216  
11838.7   11839.7   1.06319  
11853.2   11854.5   1.33147  
11864.5   11865.5   1.042    
11877.1   11878.1   1.00953  
11879.1   11880.3   1.15966  
11887.2   11888.2   1.01653  
11896.7   11898.3   1.58197  
11922.6   11923.7   1.11231  
11924.3   11925.9   1.58547  
11940.8   11942.4   1.58213  
11948     11949.3   1.26266  
11979.3   11980.6   1.24181  
11990.3   11991.4   1.12353  
11997     11998.4   1.39094  
12018.3   12019.9   1.64634  
12030     12031.4   1.43437  
12038.5   12039.6   1.15584  
12044.2   12045.3   1.08784  
12052.4   12053.6   1.23716  
12057.5   12058.9   1.32891  
12066.6   12067.8   1.17688  
12069.1   12070.1   1.01506  
12070.7   12071.8   1.05109  
12074.4   12075.8   1.33488  
12085.4   12086.5   1.09144  
12088.5   12089.6   1.10653  
12091.9   12093.2   1.26313  
12098.2   12099.3   1.14791  
12107     12108.4   1.40797  
12114.1   12117.3   3.15366  
12118.1   12119.3   1.16194  
12161.5   12162.6   1.09597  
12177.9   12179.5   1.57519  
12184.3   12185.7   1.39247  
12207.4   12208.9   1.47962  
12222.4   12223.6   1.22762  
12225.2   12226.2   1.02006  
12228.4   12229.9   1.41613  
12241.3   12242.7   1.46228  
12251.5   12252.7   1.19928  
12267.5   12268.5   1.05059  
12274.3   12275.9   1.60378  
12282     12283.5   1.46191  
12297.1   12298.1   1.06788  
12314.1   12315.4   1.26934  
12338.5   12340     1.48003  
12376.5   12377.6   1.07716  
12390.4   12392     1.56809  
12395.2   12396.5   1.29891  
12405.7   12407.2   1.44194  
12411.6   12413     1.37572  
12428.3   12429.3   1.04225  
12446.6   12447.7   1.07816  
12462.7   12464.3   1.57766  
12473.2   12474.5   1.32353  
12497.6   12499     1.41625  
12502     12503.1   1.03831  
12514.6   12515.9   1.23569  
12526.9   12528.2   1.31194  
12543.1   12544.7   1.63944  
12559.5   12560.6   1.12153  
12566.7   12568.3   1.59234  
12583.1   12584.7   1.60844  
12587.8   12589.1   1.30128  
12594.9   12596.7   1.77597  
12615.1   12616.6   1.55741  
12637.7   12639.2   1.47691  
12657.5   12658.8   1.30759  
12662.7   12663.9   1.28425  
12672.4   12673.6   1.19994  
12676.6   12677.7   1.03575  
12682.6   12684.2   1.522    
12689.9   12691     1.17181  
12692.7   12694.1   1.39584  
12703.6   12705.4   1.78644  
12710.5   12711.8   1.26922  
12716.6   12717.6   1.04541  
12718.9   12720     1.14619  
12728     12729.2   1.15581  
12739.5   12740.7   1.20138  
12747.4   12748.8   1.4515   
12754.2   12755.3   1.09081  
12764.4   12765.9   1.45231  
12769.5   12770.6   1.17647  
12784.8   12786.4   1.58791  
12788.2   12789.4   1.21856  
12791.7   12792.9   1.22328  
12795.5   12797     1.51925  
12807.3   12809     1.67678  
12810.5   12811.9   1.36288  
12831.2   12832.8   1.5925   
12838.3   12839.6   1.30819  
12844.9   12846.3   1.32122  
12853.3   12854.4   1.146    
12867.8   12868.8   1.01887  
12872.8   12873.9   1.14878  
12875     12876.4   1.42106  
12880.4   12881.9   1.55856  
12892.5   12893.8   1.24988  
12905.4   12906.6   1.25606  
12909.6   12910.7   1.03897  
12911.9   12913.3   1.38178  
12922.6   12924.4   1.793    
12953.7   12954.7   1.02697  
12957.8   12959.6   1.79572  
12992.4   12993.6   1.12169  
13008.5   13009.8   1.29263  
13051.3   13052.4   1.07334  
13102.4   13103.6   1.16147  
13109.5   13110.5   1.03722  
13126.2   13127.3   1.10725  
13148.9   13150.8   1.80203  
13153.6   13154.7   1.08547  
13165     13166.2   1.21559  
13180.2   13182     1.82537  
13218.5   13219.7   1.14613  
13232.1   13233.4   1.3265   
13248.3   13249.8   1.54816  
13258.5   13259.8   1.25816  
13280.9   13282     1.14534  
13286.9   13288.1   1.22566  
13290.9   13292.1   1.12869  
13295.7   13296.9   1.12581  
13305.2   13306.7   1.55875  
13321.1   13322.4   1.31994  
13331.2   13332.5   1.23513  
13348.5   13349.7   1.22697  
13355.6   13356.6   1.04366  
13357.3   13358.5   1.18347  
13379.5   13381.5   1.98484  
13388.3   13389.3   1.01575  
13392.4   13393.5   1.09506  
13404.1   13405.5   1.34144  
13435.9   13437.5   1.56269  
13442.6   13443.7   1.17912  
13446.2   13447.4   1.19181  
13467.5   13468.8   1.29741  
13482.1   13483.3   1.27444  
13484.2   13485.3   1.14244  
13501.5   13502.8   1.28775  
13504.8   13506.1   1.29812  
13507.9   13509.7   1.75584  
13518.8   13520.2   1.44597  
13538.9   13540.3   1.40147  
13578.1   13579.8   1.71628  
13584.6   13586.1   1.49     
13589     13590.2   1.20106  
13603.7   13605     1.34662  
13610.3   13611.5   1.12725  
13614.1   13615.4   1.28569  
13624     13625.3   1.34413  
13660.7   13662.2   1.54334  
13669.1   13670.6   1.483    
13672.3   13673.4   1.02781  
13690.9   13692.6   1.6105   
13698.6   13699.8   1.22219  
13724.1   13725.5   1.39391  
13742.3   13744.2   1.89647  
13769.4   13770.6   1.12153  
13775.4   13776.5   1.13912  
13804.1   13805.3   1.23834  
13812.2   13813.4   1.27297  
13820.3   13822.1   1.79563  
13830.5   13832.1   1.60116  
13856.2   13857.4   1.19791  
13868.1   13869.4   1.29991  
13875     13876     1.00297  
13877.2   13878.7   1.583    
13892.8   13893.9   1.15125  
13896.8   13897.9   1.10119  
13909.1   13910.4   1.22153  
13914.1   13915.3   1.20306  
13924.7   13926.2   1.56225  
13947     13948.1   1.06206  
13949.9   13951.4   1.49209  
13961.7   13963.2   1.51916  
13979.7   13981     1.36003  
14011.7   14013.1   1.42025  
14016.8   14017.9   1.1845   
14019.4   14020.5   1.09622  
14030.1   14031.2   1.19128  
14033.3   14034.8   1.46572  
14047.1   14048.1   1.088    
14049.2   14050.2   1.01628  
14069.8   14071     1.16856  
14071.7   14073     1.32309  
14091.1   14092.3   1.22544  
14094.9   14096     1.0775   
14132.7   14134.1   1.43741  
14142     14143.3   1.28863  
14149.8   14151.1   1.26334  
14158.2   14159.4   1.20134  
14169.3   14170.8   1.435    
14180.1   14181.6   1.543    
14192.1   14193.5   1.36991  
14203.9   14205.5   1.63369  
14209     14210.2   1.18391  
14232     14233.4   1.45984  
14250.1   14251.4   1.33003  
14255.4   14256.6   1.21644  
14258.8   14260.1   1.25831  
14263     14264.3   1.30384  
14268.8   14270.4   1.58466  
14279.3   14280.7   1.41069  
14317.1   14318.3   1.18341  
14331.4   14332.7   1.35081  
14350.3   14351.3   1.00341  
14352.3   14353.5   1.17738  
14380.2   14381.2   1.03081  
14395.8   14397     1.27334  
14414.4   14415.7   1.24397  
14447.1   14448.4   1.25209  
14471.5   14473     1.52172  
14484.6   14487.9   3.29287  
14488.6   14489.8   1.20875  
14495.3   14496.6   1.33597  
14503.4   14504.8   1.34153  
14527.2   14528.6   1.40316  
14535.7   14537     1.30509  
14539.5   14540.6   1.07478  
14563.1   14564.4   1.28853  
14574.5   14575.7   1.22697  
14579.8   14580.9   1.02331  
14582.5   14583.5   1.01306  
14584.6   14585.8   1.22094  
14589.7   14591.2   1.49994  
14607.3   14608.9   1.60591  
14613.8   14615.1   1.22934  
14619.7   14620.9   1.22509  
14628.6   14630.2   1.587    
14652.4   14653.4   1.05519  
14656.4   14657.6   1.22641  
14662.5   14663.6   1.08253  
14675.5   14676.9   1.42456  
14693     14694     1.01881  
14708.6   14709.7   1.10631  
14717.7   14718.8   1.12209  
14732.5   14733.7   1.21844  
14738.1   14739.3   1.21081  
14747.7   14748.8   1.12672  
14765.4   14766.6   1.14263  
14789.4   14790.5   1.05656  
14796.9   14798     1.12481  
14819.7   14821.2   1.55022  
14835.3   14836.6   1.32797  
14838.3   14839.3   1.06644  
14848.3   14849.5   1.14912  
14852.7   14853.9   1.14363  
14925.6   14927.4   1.75519  
14942.8   14944.1   1.36797  
14956     14957.3   1.27891  
14964.3   14965.4   1.11234  
14985.8   14986.8   1.06163  
14988.6   14989.9   1.36834  
15005.6   15006.7   1.12144  
15024.9   15026.2   1.30894  
15031     15032.4   1.43066  
15037.9   15039     1.07709  
15042.8   15044     1.14803  
15048.3   15050     1.6695   
15065.1   15066.4   1.29234  
15099.3   15100.5   1.27959  
15104.1   15105.1   1.03284  
15123.6   15125.2   1.65278  
15135.4   15136.9   1.53306  
15141.1   15142.7   1.63438  
15146.9   15148.1   1.12062  
15149.3   15151     1.6875   
15161.4   15162.6   1.23237  
15166     15167.3   1.30525  
15170.8   15172.3   1.51084  
15237.8   15239.3   1.52478  
15241.3   15242.3   1.01078  
15246.6   15247.9   1.27703  
15273     15274.1   1.05191  
15283.4   15285     1.62538  
15294.6   15295.6   1.00409  
15311.7   15313     1.26791  
15319.1   15320.3   1.22966  
15326.4   15327.5   1.12469  
15339     15340.5   1.44037  
15351.3   15352.8   1.521    
15361     15362.3   1.36312  
15365.9   15367.1   1.18672  
15368.3   15369.4   1.04434  
15371.5   15372.9   1.42234  
15381.7   15383.5   1.8215   
15386.4   15387.4   1.01775  
15404.8   15406.1   1.35094  
15413.5   15414.8   1.31897  
15419     15420     1.02197  
15434.3   15435.5   1.15391  
15443.3   15444.9   1.59906  
15447.9   15449     1.11062  
15452.3   15453.4   1.06612  
15467.4   15468.6   1.17684  
15471.4   15472.8   1.40822  
15475.1   15476.3   1.13191  
15485     15486.1   1.12309  
15495.8   15497.4   1.55766  
15507.8   15509.2   1.35228  
15517.3   15518.4   1.09931  
15528.6   15529.6   1.01194  
15568.5   15570.3   1.81594  
15577.2   15578.4   1.19184  
15591.8   15593.3   1.53287  
15613.6   15614.7   1.07612  
15617.8   15619     1.23581  
15627.3   15629.2   1.86228  
15644.9   15646.5   1.60184  
15648.9   15650     1.12103  
15653.3   15654.3   1.043    
15669.5   15670.8   1.21072  
15671.1   15672.2   1.07016  
15681.3   15682.7   1.37034  
15688.7   15690     1.33494  
15704     15705.4   1.43275  
15714.3   15715.4   1.09022  
15721.7   15722.8   1.12509  
15732.1   15733.6   1.50391  
15736.9   15738.1   1.16959  
15748.4   15749.4   1.03934  
15752.3   15753.6   1.34006  
15765.7   15766.9   1.20603  
15767.4   15768.7   1.23066  
15775.1   15776.3   1.17044  
15783.1   15784.6   1.50116  
15789.4   15790.5   1.19875  
15796.5   15797.7   1.24016  
15800.7   15802.2   1.51138  
15806     15807.5   1.51513  
15811.7   15812.8   1.08813  
15815.4   15816.7   1.30959  
15828.6   15829.8   1.22425  
15861.2   15862.3   1.11325  
15864.3   15865.4   1.10784  
15880.1   15881.2   1.05094  
15890.2   15891.5   1.23934  
15897.7   15899.4   1.62597  
15908.1   15909.8   1.72825  
15927.2   15929.1   1.91703  
15932.5   15934.1   1.62544  
15940.9   15941.9   1.07188  
15950.7   15951.8   1.07644  
15965.1   15966.3   1.17962  
16003.5   16004.5   1.01556  
16013.2   16014.2   1.03972  
16020     16021.6   1.60847  
16028.6   16029.6   1.04278  
16041.7   16043.2   1.50881  
16045.7   16047     1.29012  
16057.9   16059     1.07616  
16059.6   16061.1   1.44278  
16074.8   16076     1.13266  
16081.6   16083.3   1.71775  
16102.4   16103.7   1.28222  
16117.5   16118.8   1.29794  
16122     16123.1   1.07353  
16126.2   16127.6   1.34025  
16132.2   16133.6   1.41213  
16158.7   16160.5   1.72634  
16173.7   16175.2   1.49713  
16179.2   16180.4   1.18034  
16186.8   16188.1   1.27091  
16199.7   16200.9   1.20256  
16207.2   16208.6   1.34872  
16212.8   16216     3.20797  
16216.7   16218.1   1.3815   
16237.2   16238.5   1.25731  
16255.1   16256.4   1.23806  
16273.2   16274.7   1.54009  
16292.5   16294.5   2.00794  
16303     16304.1   1.08659  
16307.6   16309.2   1.52597  
16334.8   16336.6   1.84728  
16356.4   16358     1.57709  
16366.8   16367.8   1.00078  
16372.2   16373.4   1.16656  
16381.3   16382.6   1.34097  
16401.2   16402.3   1.094    
16408.2   16409.3   1.03975  
16412.1   16413.1   1.04009  
16439.8   16441.4   1.58641  
16457.2   16458.4   1.25081  
16473.3   16474.3   1.02363  
16480.1   16481.5   1.34769  
16494.2   16495.5   1.30794  
16505.5   16506.6   1.13509  
16542.9   16544     1.06963  
16549.8   16551.1   1.30322  
16553.5   16554.5   1.03178  
16560.4   16561.8   1.39722  
16582.1   16583.2   1.0445   
16595.2   16596.7   1.53794  
16601.2   16602.5   1.33109  
16606.2   16607.7   1.43525  
16614.4   16615.6   1.25325  
16617.9   16619     1.0675   
16621.9   16623.1   1.21534  
16638.5   16639.7   1.19356  
16654.2   16655.3   1.10775  
16682.9   16684.3   1.38106  
16695     16696.6   1.56128  
16700.9   16702.1   1.21369  
16703.2   16704.3   1.10034  
16706.1   16707.2   1.02947  
16711.3   16712.4   1.15722  
16713.8   16715.3   1.48916  
16721.1   16722.1   1.01656  
16723.3   16725.2   1.91738  
16737.3   16739.3   2.04781  
16747.5   16748.5   1.00287  
16751.5   16752.9   1.48534  
16754     16755.4   1.3815   
16764.1   16765.6   1.44678  
16784.3   16785.5   1.19147  
16786     16787     1.09234  
16798     16799.3   1.33291  
16843.6   16844.8   1.13197  
16856.4   16857.6   1.21825  
16888     16889.1   1.0925   
16897.6   16898.7   1.10262  
16905.9   16907.4   1.52259  
16910.6   16911.9   1.24003  
16919.1   16920.6   1.45034  
16927.6   16929     1.44122  
16934     16935.1   1.08009  
16938.5   16939.6   1.08784  
16949.1   16950.4   1.256    
16955.6   16956.6   1.003    
16967     16968.6   1.579    
16992.2   16993.5   1.29934  
17009.5   17010.7   1.27119  
17020.1   17021.5   1.36191  
17028.4   17029.8   1.36316  
17032.2   17033.3   1.10203  
17034.5   17035.6   1.06297  
17036     17037.2   1.15872  
17043.7   17044.9   1.26925  
17054.3   17055.8   1.45966  
17057.3   17058.4   1.07453  
17084.1   17085.5   1.46422  
17088     17089.1   1.14372  
17111.3   17113.2   1.88244  
17140.3   17141.9   1.55353  
17151.5   17152.8   1.34053  
17159.8   17161     1.222    
17184.7   17185.9   1.20359  
17199.4   17200.6   1.24381  
17208     17209.5   1.5095   
17212.8   17214     1.16659  
17221.8   17223     1.22859  
17225.4   17227     1.51653  
17232.5   17233.8   1.30181  
17263.1   17264.2   1.04284  
17265.2   17266.9   1.67356  
17270.5   17272.1   1.65291  
17279.4   17280.7   1.26347  
17282     17283.2   1.19975  
17295.1   17296.8   1.66031  
17302.4   17303.4   1.01375  
17306.1   17307.4   1.36681  
17318.9   17320.1   1.21331  
17326.4   17327.9   1.48788  
17341.3   17342.9   1.63456  
17383.5   17384.6   1.10925  
17387.9   17389.2   1.32669  
17398.6   17399.7   1.19719  
17404.8   17406     1.19669  
17415.8   17416.9   1.08513  
17425.6   17426.7   1.02034  
17437.4   17438.9   1.51503  
17441.9   17443.2   1.26256  
17457.4   17458.4   1.0325   
17466.4   17467.5   1.1745   
17470.7   17472     1.25119  
17487.1   17488.4   1.32956  
17491.7   17492.7   1.08088  
17507     17508     1.03828  
17511.5   17512.5   1.02656  
17519.4   17520.5   1.1035   
17530.7   17532.2   1.49716  
17539     17540     1.0435   
17565.8   17566.9   1.16494  
17572.7   17574.3   1.59444  
17582     17583.1   1.0355   
17590.6   17592     1.34066  
17597.3   17598.8   1.58834  
17605.6   17607.2   1.50647  
17611.2   17612.7   1.48622  
17617.8   17619.2   1.36669  
17622.6   17624     1.41859  
17635.6   17636.8   1.17153  
17639.9   17641.2   1.33213  
17655.1   17656.4   1.27094  
17706.3   17707.5   1.21219  
17717.7   17719.5   1.83141  
17725.6   17726.7   1.12019  
17738.2   17739.4   1.24913  
17746.1   17747.2   1.12234  
17751.7   17753     1.25184  
17759.4   17760.7   1.27606  
17761.9   17762.9   1.02144  
17766.3   17769.6   3.265    
17770.4   17772     1.57838  
17790.4   17791.8   1.38166  
17797.6   17798.8   1.24287  
17830.4   17831.8   1.36953  
17833.2   17834.3   1.10719  
17844.4   17845.5   1.09966  
17850.5   17852.2   1.65756  
17863.7   17864.7   1.02209  
17871.9   17873.2   1.28797  
17882     17883.5   1.52838  
17890.1   17891.1   1.00128  
17894.2   17895.6   1.42559  
17909.4   17910.6   1.20159  
17937.3   17938.5   1.26913  
17947.3   17948.5   1.18547  
17960.8   17961.9   1.05003  
17978.2   17979.7   1.52309  
17994.2   17995.4   1.12619  
18002.3   18004.1   1.79044  
18007.2   18009     1.73944  
18048     18049.7   1.69078  
18056.2   18057.5   1.245    
18079.5   18080.6   1.05688  
18102.3   18104.2   1.93703  
18131.9   18133.2   1.31566  
18137.9   18139.2   1.32056  
18164.8   18165.8   1.026    
18167.8   18168.9   1.10559  
18171.7   18173.1   1.41909  
18175.5   18176.6   1.14881  
18186.6   18187.7   1.09156  
18211.9   18213.8   1.87503  
18225.5   18226.5   1.0675   
18237.9   18239.1   1.18844  
18242.4   18243.5   1.03519  
18258.1   18259.2   1.13419  
18284.8   18285.9   1.08866  
18298.7   18300     1.24616  
18312     18313.2   1.16637  
18328.9   18330.1   1.19328  
18335.9   18337.1   1.23228  
18350.6   18351.7   1.07831  
18369.6   18372.3   2.74197  
18390     18391.7   1.64431  
18410     18411.2   1.20216  
18415.5   18416.5   1.01116  
18423.7   18424.9   1.18472  
18431.4   18432.5   1.15697  
18441.2   18442.3   1.05444  
18448.7   18449.7   1.07688  
18464.7   18465.9   1.21847  
18472     18473.3   1.29528  
18475.8   18477     1.14253  
18478.1   18479.2   1.15325  
18481.2   18482.6   1.31634  
18488.2   18489.2   1.06803  
18491.8   18492.8   1.06038  
18505.6   18507.2   1.55894  
18516.7   18518.2   1.49472  
18528.9   18530.3   1.42384  
18539.4   18541     1.61419  
18544.2   18545.3   1.12966  
18548     18549.1   1.06972  
18552.9   18554.5   1.59303  
18558.1   18559.8   1.61856  
18564.6   18566.3   1.69816  
18577.7   18578.9   1.23306  
18586.4   18587.9   1.55681  
18614.4   18615.5   1.08144  
18640.9   18642.1   1.20287  
18656.8   18657.8   1.03219  
18666.1   18667.2   1.13044  
18676.3   18677.4   1.11238  
18718.5   18719.9   1.36475  
18736.4   18737.8   1.44538  
18762.8   18764.1   1.22478  
18772.4   18773.6   1.19297  
18776.2   18777.3   1.12147  
18781.8   18782.9   1.08391  
18786.3   18787.4   1.10647  
18790.4   18791.5   1.06991  
18799     18800.3   1.29475  
18804.1   18805.2   1.15559  
18813.8   18814.9   1.10859  
18822.1   18823.3   1.21338  
18832.8   18834.4   1.62794  
18855.1   18856.2   1.10153  
18860.9   18862     1.13787  
18898     18899.3   1.28344  
18951.5   18954.6   3.09394  
18955.4   18956.7   1.26019  
18981.2   18982.2   1.05313  
18987.4   18988.9   1.49319  
19007     19008.4   1.39616  
19015.6   19016.7   1.07153  
19020.1   19021.6   1.45756  
19025.2   19026.2   1.05606  
19028.1   19029.2   1.1165   
19051.7   19053.2   1.45291  
19057.6   19058.7   1.12269  
19064     19065.2   1.28916  
19067.3   19068.4   1.06116  
19078.1   19079.1   1.04269  
19087.9   19088.9   1.05241  
19093.2   19095     1.78412  
19100.2   19102.1   1.92444  
19110.8   19112.5   1.71656  
19114.6   19115.7   1.0755   
19119     19120.4   1.37928  
19123.9   19125.4   1.464    
19126.1   19127.2   1.08591  
19130.9   19132.1   1.15944  
19134.4   19135.9   1.43606  
19137.1   19138.2   1.01122  
19144.1   19145.4   1.32313  
19158.1   19159.4   1.28225  
19166.7   19167.9   1.14303  
19175.5   19177.1   1.52137  
19191.5   19193.5   1.96744  
19199     19200.2   1.22825  
19201.2   19202.2   1.02031  
19209.1   19210.3   1.23294  
19213.7   19214.8   1.06019  
19225.8   19227.3   1.53194  
19231.4   19232.5   1.11441  
19236.9   19238.3   1.40731  
19240.9   19242.7   1.78838  
19251.5   19253.1   1.53906  
19254.7   19255.8   1.09544  
19259.4   19261.1   1.76009  
19265.9   19267.7   1.72359  
19305.4   19306.5   1.13891  
19310.4   19311.5   1.14     
19324.8   19325.8   1.07116  
19331.4   19333.3   1.82291  
19342.8   19344.2   1.33953  
19351     19352.3   1.22575  
19373.6   19375.1   1.52041  
19376.8   19377.9   1.17088  
19387.4   19389     1.51338  
19396.6   19397.9   1.27419  
19398.6   19399.7   1.08613  
19432.1   19433.1   1.00812  
19448.4   19449.6   1.17666  
19463     19464.6   1.60016  
19466.9   19468.1   1.17988  
19495.7   19497.9   2.23053  
19501.8   19502.9   1.1385   
19506.4   19507.7   1.25078  
19510.6   19512.4   1.76622  
19520     19521.4   1.39584  
19561     19562.8   1.80394  
19567.2   19568.4   1.28184  
19586.2   19588.7   2.44072  
19595.5   19596.8   1.25544  
19607.1   19608.4   1.24091  
19609     19610.4   1.44703  
19612     19613.3   1.36694  
19632.7   19634     1.27038  
19649.7   19651.3   1.59609  
19667.1   19668.1   1.01603  
19670.1   19672.3   2.23309  
19680.9   19682.2   1.24841  
19683.5   19684.6   1.16569  
19701.3   19703.3   2.02591  
19716     19717.6   1.62869  
19718.2   19719.3   1.11875  
19721.6   19722.7   1.133    
19729.8   19731.4   1.6235   
19736.4   19737.5   1.05412  
19743.5   19744.7   1.2045   
19745.7   19747.1   1.44172  
19751.3   19752.9   1.61097  
19759.5   19760.9   1.40209  
19766     19767.2   1.14091  
19768.9   19770.1   1.25034  
19770.7   19771.9   1.19497  
19774.1   19775.3   1.14059  
19777.8   19779     1.17841  
19790.2   19791.3   1.14053  
19798.8   19800.2   1.37694  
19803     19804.2   1.12984  
19808.6   19810     1.47397  
19815.7   19816.7   1.01503  
19820.5   19821.7   1.19213  
19830.3   19831.4   1.11728  
19839.3   19840.4   1.13109  
19857     19858.1   1.03509  
19861.4   19862.4   1.02209  
19863.7   19865     1.36316  
19866.6   19868.3   1.66819  
19875.7   19877.1   1.40587  
19889.2   19890.4   1.11553  
19906.6   19908.1   1.51247  
19909.4   19911.1   1.70997  
19914.8   19915.8   1.00378  
19922.4   19923.7   1.35281  
19926.3   19927.8   1.50378  
19933.2   19934.6   1.42241  
19936.5   19937.6   1.11019  
19941.1   19942.4   1.30878  
19943.7   19944.8   1.09253  
19951.5   19952.9   1.3585   
19960.2   19961.6   1.32009  
19963.7   19964.7   1.08066  
19967.6   19969.1   1.568    
19971.8   19973.1   1.29853  
19973.8   19974.9   1.05878  
19975.8   19976.9   1.13272  
19978.8   19979.9   1.09959  
19981.7   19982.8   1.1635   
19989.5   19992.1   2.63225  
20005.2   20006.3   1.12397  
20013.6   20014.7   1.06416  
20015.7   20016.7   1.039    
20021.8   20022.8   1.02972  
20028     20029.1   1.09713  
20031.8   20032.9   1.00872  
20046.7   20047.8   1.05906  
20075.4   20076.5   1.06175  
20088.8   20089.8   1.03831  
20101.3   20103.1   1.78953  
20110.4   20111.4   1.03094  
20113.9   20115     1.07091  
20126.4   20127.4   1.00084  
20130.2   20131.6   1.34084  
20144.4   20146.1   1.63581  
20163.1   20165     1.82919  
20190.3   20191.4   1.11091  
20192.8   20194     1.11141  
20199     20200.2   1.17547  
20201.6   20202.7   1.10369  
20221     20222.1   1.07019  
20226.3   20227.3   1.00144  
20232.4   20233.9   1.49294  
20255.5   20256.7   1.24581  
20258.1   20259.1   1.01853  
20278.4   20279.7   1.27131  
20293.9   20295.1   1.23806  
20299.5   20300.6   1.04812  
20313.3   20314.5   1.25234  
20319.5   20321     1.49941  
20329.4   20330.7   1.27141  
20333.2   20334.6   1.38409  
20337.6   20338.7   1.15419  
20355.6   20356.7   1.14694  
20358.4   20359.6   1.21769  
20364.8   20366.2   1.38294  
20369.3   20370.5   1.11959  
20386.2   20387.6   1.42672  
20394.2   20395.7   1.44728  
20401     20402.2   1.22275  
20409.3   20410.8   1.47538  
20424.8   20426     1.23572  
20429.4   20430.8   1.42056  
20444.3   20445.5   1.17794  
20450.3   20451.6   1.25012  
20456.4   20457.5   1.04597  
20464.4   20465.7   1.35894  
20479.8   20480.9   1.119    
20486.5   20487.7   1.17034  
20488.4   20489.5   1.10531  
20492.7   20494.1   1.38312  
20498     20499     1.05137  
20507.3   20508.7   1.44634  
20511.7   20512.9   1.19953  
20519.5   20520.6   1.10425  
20524.1   20525.1   1.02878  
20532.2   20533.4   1.18906  
20540.1   20541.5   1.33622  
20548.6   20549.8   1.12375  
20556.9   20558     1.11813  
20573.8   20575     1.19075  
20583.5   20584.7   1.23078  
20598.8   20600.2   1.33359  
20605.6   20607.3   1.72791  
20609.9   20611.1   1.14434  
20617.5   20618.6   1.07306  
20630.2   20631.5   1.31719  
20634.4   20635.7   1.32581  
20638.9   20640.2   1.30241  
20642.6   20643.8   1.15744  
20690.4   20691.6   1.23338  
20699.6   20701.1   1.49291  
20704.5   20706.4   1.83813  
20709.3   20710.6   1.24381  
20716.6   20718.1   1.48634  
20721.4   20722.7   1.28537  
20731.9   20733.8   1.88756  
20749     20750.3   1.35475  
20761.8   20762.9   1.10931  
20775.6   20776.6   1.03572  
20779.7   20780.7   1.00459  
20783.9   20785.2   1.25972  
20789.2   20790.3   1.14697  
20792.2   20793.3   1.12794  
20805.3   20806.7   1.37688  
20809     20810.1   1.06806  
20811.7   20813     1.2755   
20813.8   20815     1.18381  
20819.9   20821     1.06716  
20825.8   20827.2   1.35466  
20845.8   20849     3.21109  
20849.9   20851.5   1.64578  
20886.1   20887.2   1.08928  
20912.1   20913.3   1.19841  
20927.4   20928.5   1.06259  
20931.7   20932.9   1.18797  
20936.7   20937.9   1.16103  
20958.3   20959.7   1.39059  
20962.3   20963.4   1.09809  
20970.1   20971.4   1.29441  
20975     20976.3   1.24906  
20980     20981.3   1.38038  
20986.3   20987.4   1.06591  
20992.7   20993.9   1.19512  
20999.3   21000.6   1.29275  
21005.5   21006.9   1.37787  
21026.4   21027.7   1.35322  
21037.9   21038.9   1.00203  
21045     21046.1   1.09778  
21052.8   21054.2   1.41187  
21057.5   21058.7   1.1245   
21060.3   21061.4   1.10275  
21067.7   21069.2   1.4515   
21070.1   21071.2   1.08444  
21072.2   21073.2   1.05997  
21075.4   21076.4   1.04478  
21106.4   21108     1.57925  
21113.7   21115.2   1.46359  
21127.4   21129.2   1.86247  
21144.5   21146     1.50431  
21150.9   21152.2   1.27916  
21158.6   21159.7   1.04134  
21178.1   21179.5   1.40328  
21189.3   21190.9   1.54481  
21199     21200     1.07703  
21226.7   21228     1.21791  
21230.5   21231.8   1.30222  
21235.2   21236.3   1.07284  
21253.7   21255     1.35494  
21264.9   21266.1   1.23247  
21267.9   21268.9   1.02347  
21275.9   21277.2   1.32928  
21298.6   21299.8   1.25366  
21327.1   21328.2   1.06988  
21335.2   21336.4   1.272    
21337.2   21338.5   1.22772  
21340.3   21341.9   1.57734  
21344.3   21345.9   1.51928  
21383.9   21385.4   1.48631  
21397.6   21400.1   2.52838  
21445.9   21447.3   1.36181  
21451.7   21453.4   1.67072  
21465.1   21466.6   1.50241  
21480.5   21481.5   1.02547  
21485.4   21486.6   1.18803  
21496.4   21497.7   1.26     
21504.4   21505.8   1.38884  
21511.6   21512.6   1.05547  
21533.5   21534.9   1.45634  
21540.8   21542.1   1.29394  
21548.1   21549.5   1.38681  
21560.5   21561.7   1.18519  
21571.6   21573     1.38869  
21582.9   21584.3   1.41266  
21597.2   21598.5   1.26438  
21604.1   21605.4   1.27569  
21617.3   21618.4   1.06378  
21670.2   21671.2   1.07322  
21684     21685     1.01459  
21701.7   21702.9   1.13675  
21709.1   21710.2   1.08878  
21712.4   21713.7   1.24153  
21717.2   21718.3   1.11931  
21724.5   21725.5   1.01056  
21729.4   21730.5   1.09966  
21744.8   21745.8   1.01944  
21774.8   21775.9   1.09069  
21782.1   21783.2   1.12919  
21796.8   21797.9   1.09269  
21811     21812     1.06781  
21826.3   21827.4   1.03116  
21854.1   21855.6   1.55563  
21859.5   21860.7   1.17041  
21868.6   21869.9   1.34513  
21905.6   21906.6   1.07731  
21908.4   21909.6   1.144    
21916.7   21917.7   1.00716  
21918.9   21919.9   1.04081  
21934.8   21936.3   1.49069  
21943.3   21944.9   1.54747  
21955.6   21956.8   1.19112  
21999.2   22000.6   1.39469  
22023.3   22024.5   1.22559  
22039.7   22041     1.32691  
22059.9   22061.3   1.3965   
22066.9   22069.2   2.28728  
22096.7   22098     1.31997  
22100.3   22101.3   1.07784  
22108.7   22110.1   1.39091  
22124.1   22125.3   1.18275  
22128.1   22129.7   1.56862  
22137.1   22138.2   1.10156  
22156.2   22157.5   1.30388  
22159.3   22160.8   1.48184  
22166.4   22167.8   1.48762  
22187     22189.2   2.20447  
22205.9   22207.3   1.36563  
22213.4   22214.7   1.24681  
22228.7   22229.8   1.09244  
22242.7   22244     1.3345   
22266.1   22267.6   1.48497  
22270.3   22271.5   1.14472  
22286     22287     1.05388  
22293.4   22294.6   1.17991  
22297     22298.1   1.08181  
22312.4   22313.6   1.27756  
22315.8   22317.2   1.40894  
22347.7   22348.8   1.0985   
22351.7   22352.9   1.229    
22357.9   22358.9   1.0085   
22361     22362     1.06291  
22364.8   22365.8   1.01572  
22382.7   22383.9   1.21331  
22410.5   22411.9   1.34163  
22420.5   22422.2   1.70259  
22426.6   22428.1   1.46406  
22436.7   22437.9   1.22634  
22449.6   22451.1   1.46103  
22460.2   22461.9   1.61397  
22480.9   22482.3   1.41281  
22486.6   22487.7   1.13259  
22489.4   22490.5   1.03928  
22506.9   22507.9   1.06359  
22513.8   22515.6   1.77816  
22520.3   22521.7   1.39631  
22525.1   22526.3   1.17209  
22530.3   22531.8   1.53287  
22534.3   22535.5   1.246    
22546.8   22549.1   2.32578  
22549.7   22554.2   4.50594  
22559.1   22560.2   1.09178  
22595.1   22596.9   1.78575  
22613.6   22615.1   1.42878  
22621.2   22622.4   1.15187  
22641.5   22642.9   1.33297  
22668.4   22669.6   1.2515   
22692.1   22693.5   1.37222  
22703.7   22704.7   1.02247  
22716.2   22717.6   1.40459  
22721.5   22722.6   1.16719  
22724.6   22725.8   1.22222  
22732.8   22734.2   1.42047  
22736.2   22737.5   1.31088  
22744.9   22746.2   1.32838  
22748.2   22749.4   1.27463  
22759.9   22761.1   1.21828  
22772.5   22773.6   1.13963  
22777.5   22778.9   1.43194  
22782.3   22785.5   3.18019  
22786.5   22787.6   1.14712  
22805.5   22806.7   1.26531  
22817.8   22819     1.23087  
22825.5   22826.8   1.37394  
22843.9   22845.2   1.24956  
22848.8   22850.3   1.49334  
22858.5   22859.7   1.24803  
22860.4   22861.7   1.24359  
22862.2   22863.4   1.24247  
22867.7   22868.9   1.16853  
22872     22873.2   1.11828  
22885.2   22887.2   1.95678  
22887.7   22888.9   1.17325  
22899.5   22900.5   1.01575  
22901.4   22903.2   1.73762  
22907.9   22909.3   1.37291  
22909.9   22910.9   1.02509  
22913.5   22914.6   1.09719  
22915.5   22916.7   1.20338  
22922.9   22924.2   1.28531  
22926.5   22927.8   1.27991  
22929.8   22931.1   1.33156  
22935.9   22937.4   1.59106  
22938.6   22940     1.42631  
22941.3   22942.5   1.26706  
22958.4   22959.8   1.37569  
22963     22964.5   1.52694  
22965.8   22967     1.26028  
22970     22971     1.03094  
22980.6   22981.7   1.06194  
22988.8   22989.9   1.11619  
22993.3   22994.3   1.03681  
23004.6   23006.2   1.51178  
23017.4   23018.5   1.07622  
23020.8   23022     1.20141  
23037.6   23038.7   1.09169  
23040.4   23041.7   1.28619  
23043.7   23044.7   1.057    
23051.9   23053     1.0545   
23056.4   23058     1.62128  
23061.3   23062.4   1.08325  
23062.9   23064.1   1.11544  
23068.9   23070.2   1.32578  
23076.7   23078     1.26509  
23081.6   23082.9   1.27453  
23085.5   23086.6   1.08284  
23099.5   23100.8   1.26216  
23106.5   23107.8   1.338    
23116.2   23117.7   1.43953  
23121.1   23122.2   1.07625  
23124.5   23125.7   1.17413  
23128.9   23130.1   1.2125   
23145.6   23147.1   1.43872  
23154.7   23156     1.23962  
23159.5   23161.4   1.94225  
23163.2   23164.7   1.46013  
23172.4   23173.6   1.22091  
23176.2   23177.5   1.29444  
23190.9   23191.9   1.01713  
23192.7   23193.7   1.01325  
23199.9   23201.5   1.61462  
23202.3   23203.5   1.2355   
23211.2   23212.2   1.01156  
23214.1   23215.8   1.67716  
23221.4   23223     1.61187  
23239.3   23240.5   1.21962  
23246.8   23248.2   1.40394  
23248.9   23250.1   1.18131  
23252.1   23253.1   1.02281  
23256.3   23257.9   1.58472  
23262.5   23263.9   1.3435   
23265.7   23267.1   1.40219  
23271.3   23272.7   1.4375   
23274.3   23275.3   1.03197  
23282.2   23283.8   1.54306  
23301.1   23302.2   1.00466  
23325.5   23326.8   1.30166  
23333.6   23334.6   1.00988  
23341.9   23343.1   1.19216  
23365.6   23366.6   1.01303  
23372.9   23374     1.06656  
23390.7   23391.7   1.04669  
23400.1   23401.2   1.06725  
23415.5   23416.9   1.35638  
23418.2   23419.2   1.00247  
23423     23424.3   1.26891  
23435.4   23436.4   1.03072  
23440.9   23442.4   1.48728  
23446.1   23447.1   1.07422  
23449.5   23450.8   1.28863  
23467     23468.4   1.33659  
23479.1   23480.3   1.24319  
23481.9   23482.9   1.03003  
23490.9   23492.5   1.60628  
23496.4   23497.5   1.08056  
23507.3   23508.8   1.52791  
23514.4   23515.7   1.23659  
23518.5   23519.6   1.10578  
23521.9   23523.1   1.18675  
23542.1   23543.2   1.09228  
23557.4   23558.4   1.00887  
23578     23579.4   1.33347  
23598.8   23600.1   1.28444  
23609.8   23610.9   1.14119  
23617     23619.5   2.51141  
23643.4   23644.6   1.27806  
23654.1   23655.4   1.30763  
23667.7   23668.7   1.05869  
23706.5   23708.5   2.02903  
23721.5   23722.7   1.21684  
23730.3   23731.5   1.22562  
23735.9   23736.9   1.07478  
23743.5   23744.5   1.07328  
23747.8   23748.9   1.1805   
23753.1   23755     1.89253  
23761.1   23762.1   1.02838  
23766.8   23768.1   1.28822  
23772.2   23773.6   1.40506  
23780.9   23782.2   1.32947  
23785.1   23786.9   1.85994  
23799     23800     1.01822  
23802     23803.7   1.67909  
23807.2   23808.6   1.36991  
23810.4   23811.6   1.15016  
23815     23816.3   1.30397  
23818.5   23819.9   1.40159  
23831.6   23833.2   1.60563  
23840.4   23841.6   1.22928  
23843     23844.1   1.15884  
23845.3   23846.5   1.14972  
23860.8   23862.3   1.50513  
23871.2   23872.6   1.4195   
23886     23887.6   1.58606  
23888.3   23889.6   1.28347  
23893.8   23894.8   1.05475  
23896.1   23897.3   1.15734  
23899.3   23900.3   1.00925  
23918.4   23919.7   1.28238  
23926.5   23927.6   1.06344  
23928.7   23929.9   1.21594  
23932.4   23933.6   1.21466  
23936.6   23938.2   1.54331  
23939.9   23941.4   1.52772  
23944.9   23946     1.08341  
23947.2   23948.4   1.20719  
23951     23952.1   1.12434  
23957.6   23958.7   1.12987  
23960.9   23962.1   1.23794  
23965.1   23966.4   1.27919  
23968     23969     1.063    
23975.4   23977.1   1.73706  
23979.1   23980.2   1.16363  
23989     23990.6   1.55966  
23994.5   23996.3   1.843    
24000     24001.2   1.25716  
24010.7   24012.4   1.64675  
24018.2   24019.3   1.05181  
24023.6   24024.8   1.16556  
24026.1   24027.2   1.07469  
24059.8   24061     1.2515   
24061.9   24063.2   1.3035   
24071.2   24072.6   1.40912  
24082.4   24083.4   1.04144  
24101.6   24103.2   1.53759  
24110.4   24111.6   1.25581  
24113.2   24114.2   1.04797  
24118.1   24119.3   1.20994  
24120.7   24121.8   1.18969  
24125.2   24126.4   1.26537  
24135     24136.3   1.286    
24139.6   24140.9   1.28272  
24144     24145.1   1.12166  
24151.1   24152.3   1.23009  
24160.9   24162.4   1.47087  
24171.2   24172.2   1.01509  
24179     24180.2   1.16138  
24180.7   24182.1   1.34381  
24184.5   24185.8   1.31241  
24188.9   24189.9   1.00159  
24197.9   24198.9   1.00153  
24200.5   24201.8   1.25691  
24203     24204.3   1.29294  
24210.9   24212     1.03897  
24216.3   24217.5   1.17675  
24218.4   24219.6   1.24241  
24220.3   24221.6   1.28969  
24232.8   24234     1.23762  
24258     24259.2   1.27169  
24265.9   24267.3   1.44066  
24271.9   24273.1   1.24887  
24273.7   24275     1.21591  
24279.1   24280.5   1.42163  
24293.4   24295     1.56934  
24315.4   24317.4   1.91556  
24329.7   24330.8   1.02994  
24337.2   24338.6   1.30641  
24354.4   24355.6   1.21494  
24376.5   24378.1   1.61997  
24405     24406.4   1.31128  
24407.4   24408.5   1.09387  
24410.5   24412     1.44466  
24420.5   24421.5   1.02634  
24423.4   24424.5   1.10359  
24439.2   24440.6   1.33456  
24457.5   24458.8   1.22256  
24473.1   24474.4   1.35769  
24477.7   24479     1.25797  
24482.8   24483.9   1.12325  
24525.5   24526.8   1.22872  
24551.9   24553     1.06869  
24558.2   24559.6   1.37503  
24589.9   24591.1   1.144    
24611.1   24612.1   1.04391  
24616.3   24617.6   1.3125   
24636.8   24638     1.14253  
24643.3   24644.4   1.05803  
24656.7   24657.8   1.09834  
24673     24674.1   1.16716  
24684.1   24685.6   1.51503  
24691.7   24693.2   1.50991  
24708.6   24709.7   1.10797  
24715.6   24717.9   2.33616  
24732.8   24733.9   1.09181  
24740.6   24741.7   1.07559  
24752.8   24753.9   1.05859  
24768.2   24769.5   1.28625  
24791.5   24792.8   1.30078  
24800.6   24801.9   1.36841  
24806.4   24807.6   1.25681  
24827.7   24828.8   1.16056  
24838     24839     1.02663  
24920.5   24921.6   1.07294  
24956.5   24958.4   1.83806  
24969.2   24970.5   1.27209  
24982.4   24983.9   1.45956  
24992.3   24993.4   1.04906  
24996     24997.1   1.05409  
25028.6   25030     1.38103  
25035.2   25036.5   1.312    
25059.5   25060.7   1.24597  
25072.9   25074     1.14369  
25077.9   25079     1.15875  
25085.2   25086.3   1.07062  
25095.8   25097     1.21125  
25098.1   25099.4   1.28866  
25104.1   25105.4   1.28484  
25106.8   25107.8   1.05681  
25109     25110.3   1.26669  
25114.9   25116     1.10766  
25116.3   25117.6   1.26362  
25119.1   25120.3   1.25853  
25128.8   25132     3.22087  
25133     25134.2   1.18653  
25171.8   25173.2   1.34813  
25185.7   25187.4   1.65088  
25213     25214.3   1.29537  
25219.7   25220.8   1.07706  
25223.4   25224.7   1.23041  
25230.9   25231.9   1.02137  
25238.5   25239.9   1.41294  
25240.6   25241.8   1.19344  
25246.8   25248     1.2165   
25253.7   25254.8   1.03497  
25256.4   25257.5   1.08372  
25261.3   25262.3   1.03056  
25264.1   25265.5   1.40147  
25267.5   25268.6   1.07128  
25270.9   25272     1.11303  
25275.2   25276.5   1.35859  
25304.6   25306.5   1.89534  
25322.8   25323.9   1.15119  
25326.2   25327.3   1.19162  
25337.8   25339.3   1.44063  
25341     25342     1.00894  
25348.6   25349.7   1.15291  
25359.5   25361     1.45109  
25367.7   25368.9   1.23322  
25372.6   25374.1   1.46044  
25378.7   25379.9   1.23766  
25382.4   25383.7   1.28744  
25385.7   25386.7   1.00113  
25393.3   25394.6   1.32328  
25395.1   25396.2   1.06528  
25398.9   25400     1.05778  
25403.5   25404.8   1.35884  
25415.7   25417.1   1.37656  
25435.9   25437.5   1.59669  
25453.9   25455.2   1.37766  
25462.9   25464.5   1.62669  
25472.7   25474     1.28156  
25475.6   25477.3   1.69253  
25498.1   25499.1   1.03612  
25522.5   25524.2   1.69931  
25531.4   25532.4   1.01328  
25567.9   25570     2.10159  
25578     25579.2   1.20375  
25594     25595.2   1.22281  
25598.6   25600.6   2.00919  
25602.9   25604     1.08497  
25606.6   25607.9   1.35363  
25609.2   25610.8   1.5585   
25616     25617.2   1.19531  
25622.2   25623.4   1.16303  
25625.3   25626.8   1.48131  
25637.3   25638.7   1.46841  
25643     25644.2   1.25978  
25653.5   25655.1   1.59472  
25656.7   25657.7   1.06578  
25665.5   25666.5   1.01344  
25668.7   25669.9   1.22381  
25672.8   25673.9   1.10381  
25677.2   25678.8   1.56744  
25686.4   25688.4   1.9985   
25695.5   25696.7   1.21294  
25697.7   25698.8   1.14341  
25700.9   25701.9   1.00047  
25718.9   25720.8   1.91972  
25726.3   25727.5   1.15022  
25734.3   25735.4   1.13919  
25739.3   25740.3   1.06297  
25748.4   25749.5   1.06381  
25759.9   25761.2   1.28291  
25763.1   25764.5   1.30706  
25767.6   25768.8   1.2765   
25772.5   25774     1.47175  
25774.6   25776     1.44375  
25780.6   25782.6   1.96097  
25788.7   25789.8   1.11787  
25797.2   25798.4   1.29131  
25802     25803.2   1.27031  
25804.9   25806     1.095    
25808.1   25809.4   1.26297  
25817.2   25819     1.76284  
25842.3   25843.5   1.22728  
25850.7   25852.4   1.76562  
25861.4   25863.1   1.67147  
25865.8   25866.9   1.10447  
25870.4   25872.4   2.06944  
25895.8   25897.8   2.05497  
25905.3   25907.1   1.81769  
25923.4   25924.5   1.15525  
25936     25937.1   1.10291  
25937.6   25938.8   1.15247  
25947.5   25948.5   1.00247  
25950.9   25951.9   1.00206  
25953.9   25956.2   2.25722  
25960.5   25961.6   1.10813  
25962.8   25964     1.15147  
25969     25970     1.04159  
25979.5   25980.6   1.10806  
25982.2   25983.3   1.07081  
25984     25985.2   1.15856  
25990.4   25991.5   1.01894  
25992.3   25994     1.65963  
26004     26005.6   1.52156  
26006.6   26007.9   1.28797  
26014.8   26017     2.18972  
26047     26049.1   2.08213  
26050.2   26051.3   1.12559  
26054.3   26055.7   1.39819  
26062.3   26063.4   1.14281  
26065.3   26066.5   1.14637  
26067.3   26069.1   1.78041  
26080.8   26082.1   1.27325  
26083.3   26085.3   1.98906  
26091.6   26092.7   1.03641  
26095.1   26096.5   1.36403  
26101.8   26103.1   1.24466  
26108.3   26109.4   1.11434  
26117.4   26118.5   1.14519  
26120.6   26121.8   1.14778  
26122.9   26124.2   1.36231  
26126.6   26127.7   1.05169  
26129.3   26130.8   1.43231  
26136.9   26138.5   1.57066  
26142.2   26143.7   1.50616  
26146.9   26148.2   1.27122  
26174.7   26175.7   1.008    
26179.3   26181     1.682    
26186.3   26187.5   1.26053  
26188.2   26189.3   1.13259  
26191.9   26193     1.10137  
26196.1   26198     1.88584  
26204.7   26205.9   1.26519  
26227.1   26228.5   1.44597  
26230.6   26231.6   1.05181  
26233.1   26234.2   1.05425  
26238.5   26239.7   1.13391  
26243.4   26244.8   1.43672  
26253.9   26255     1.17544  
26268.8   26269.8   1.02319  
26283.3   26284.7   1.36059  
26305.9   26307.5   1.54156  
26310     26311.1   1.17719  
26312.2   26313.4   1.21934  
26314.6   26315.6   1.01094  
26316.8   26318     1.166    
26328.2   26329.6   1.37112  
26330.9   26332     1.04244  
26336.9   26337.9   1.04166  
26341     26342.6   1.63841  
26345.3   26346.6   1.31794  
26354.7   26355.9   1.27156  
26358.6   26360.3   1.76866  
26363.4   26365     1.57269  
26367.8   26368.9   1.06759  
26370.9   26372.4   1.48794  
26407.3   26409     1.77284  
26438     26439.7   1.68125  
26447.1   26448.2   1.16694  
26460.9   26462.4   1.50687  
26472.9   26474.6   1.75825  
26481.3   26482.3   1.01025  
26483.9   26485     1.06675  
26489.5   26490.9   1.37272  
26495.8   26497.5   1.69647  
26510.7   26511.7   1.04131  
26513.9   26515.1   1.25972  
26540.2   26541.5   1.35209  
26563.1   26564.7   1.56137  
26576.9   26578.2   1.298    
26584     26585.2   1.24919  
26588.6   26590.2   1.54741  
26597.8   26599     1.14653  
26601     26602     1.0655   
26605     26606     1.00253  
26614.3   26615.5   1.20816  
26622.7   26624     1.28431  
26639.2   26640.8   1.62578  
26643.7   26644.7   1.01653  
26669.4   26670.7   1.2405   
26673.1   26674.7   1.57306  
26691.9   26693.5   1.58116  
26710     26711.1   1.08288  
26723.9   26725.1   1.14678  
26729.4   26730.6   1.16613  
26732.6   26733.7   1.12075  
26735.6   26736.6   1.01087  
26748.1   26749.9   1.8125   
26756.8   26758.8   1.98988  
26765.1   26766.5   1.34022  
26773.7   26774.8   1.16853  
26777.8   26779.1   1.25706  
26780.2   26781.5   1.30937  
26784     26785.2   1.15331  
26797.1   26798.5   1.46391  
26802.5   26803.9   1.33453  
26807.3   26808.5   1.23003  
26810.9   26812.1   1.25847  
26818.7   26820.4   1.68347  
26826.4   26828.1   1.66241  
26832.7   26835.2   2.44112  
26846.7   26848.2   1.45375  
26853.6   26854.9   1.25881  
26866.2   26867.3   1.04903  
26869.1   26870.2   1.05947  
26890.1   26891.2   1.16813  
26895.8   26896.8   1.02819  
26908.7   26910.2   1.54487  
26916.1   26917.6   1.44731  
26923.7   26924.9   1.14184  
26926.3   26927.5   1.22397  
26934.5   26935.7   1.229    
26945.1   26946.3   1.17534  
26950     26951.9   1.92806  
26958.1   26959.2   1.11681  
26966.1   26967.5   1.33406  
26970.2   26971.4   1.23441  
26998.2   26999.6   1.38575  
27006.5   27007.9   1.38787  
27011.9   27013.4   1.55347  
27032.7   27033.7   1.05034  
27037.5   27038.6   1.14538  
27044.8   27046.3   1.5045   
27050.2   27052     1.77838  
27065.8   27066.9   1.06025  
27072.4   27073.7   1.31659  
27075.3   27076.4   1.03894  
27085.1   27086.9   1.77047  
27092.7   27094.6   1.84231  
27101.2   27102.3   1.17469  
27120.4   27122     1.58181  
27130.3   27131.8   1.48047  
27138     27139.6   1.61153  
27142.3   27143.6   1.29044  
27149.4   27150.6   1.16434  
27152.6   27154.1   1.49081  
27160.6   27161.7   1.15359  
27170.3   27171.8   1.46919  
27172.4   27173.7   1.38638  
27179.5   27180.7   1.19788  
27186.9   27188.1   1.25409  
27191.6   27193     1.35278  
27200.5   27201.8   1.28116  
27203.2   27204.2   1.01794  
27206.3   27207.6   1.28513  
27213     27214.4   1.45619  
27220.9   27222.4   1.43266  
27224.7   27225.8   1.11647  
27231.5   27233     1.49375  
27237.5   27238.7   1.23947  
27243.8   27244.8   1.05294  
27248.5   27249.8   1.314    
27258     27259.6   1.57216  
27271.1   27272.1   1.058    
27275.9   27276.9   1.01028  
27278     27279.4   1.44553  
27287.8   27289.2   1.37366  
27297.8   27298.9   1.15316  
27309.5   27311.5   1.95469  
27327.2   27328.3   1.06544  
27334.3   27335.4   1.02478  
27341.1   27342.5   1.35334  
27348.4   27349.7   1.29881  
27358     27359.2   1.18781  
27367.4   27368.7   1.34253  
27374.9   27376     1.07303  
27384.2   27385.9   1.62122  
27389.5   27390.8   1.33019  
27399.3   27400.3   1.01966  
27402.6   27403.7   1.15116  
27417.2   27418.3   1.13681  
27431.2   27432.6   1.41422  
27447.4   27448.6   1.20491  
27469.2   27470.5   1.29747  
27482.1   27484.1   2.07609  
27491.5   27492.9   1.40944  
27495     27496.1   1.15366  
27499.9   27501.4   1.5335   
27509.3   27510.6   1.37809  
27524.5   27526     1.51838  
27528.9   27530.4   1.51147  
27536.9   27538     1.15609  
27539.3   27540.5   1.20837  
27545.5   27546.5   1.00713  
27550.5   27551.6   1.07812  
27568.6   27570.4   1.76756  
27572.9   27576.1   3.20034  
27577     27578.3   1.29166  
27598     27599.1   1.08428  
27615.2   27616.4   1.19344  
27652.9   27654.4   1.52913  
27662.9   27664     1.10159  
27683.2   27684.6   1.33831  
27693.4   27694.9   1.51309  
27697.8   27698.8   1.06175  
27709.2   27710.4   1.284    
27719.2   27720.3   1.17162  
27729.4   27730.6   1.24844  
27731.9   27733.1   1.21094  
27739.1   27740.1   1.03109  
27758.8   27759.9   1.09425  
27769.1   27770.3   1.25594  
27775.2   27776.4   1.15616  
27777.8   27778.9   1.09322  
27783.3   27784.4   1.09537  
27812     27813.1   1.16825  
27814.4   27815.9   1.50453  
27823.3   27824.7   1.41491  
27826.2   27827.4   1.21909  
27828.9   27830.3   1.35747  
27835.1   27836.4   1.30322  
27838.6   27840.2   1.52506  
27851.5   27852.6   1.14791  
27857.8   27858.9   1.06734  
27863.2   27864.6   1.43194  
27881     27882.3   1.31678  
27885.6   27887.3   1.72453  
27889.8   27891.6   1.78238  
27897.4   27898.8   1.36244  
27910.7   27912.3   1.56472  
27917.3   27918.5   1.13519  
27927.3   27928.4   1.13138  
27931.6   27933.5   1.86859  
27938.3   27940.8   2.4235   
27959.3   27961     1.69003  
27982.9   27985.2   2.26969  
27995.3   27996.5   1.17491  
28003.1   28004.7   1.62094  
28013.8   28015.5   1.73469  
28028.8   28029.9   1.16397  
28032.3   28034.4   2.08691  
28037.4   28038.5   1.18559  
28039.8   28041.2   1.38675  
28042.2   28043.3   1.05434  
28045     28046     1.03969  
28058.1   28059.4   1.29784  
28066.6   28067.6   1.00019  
28069.9   28071.9   2.01131  
28074.4   28075.4   1.00481  
28076.2   28077.7   1.54847  
28083.3   28085.2   1.92897  
28106.7   28107.7   1.05212  
28109.1   28110.3   1.21334  
28120.7   28122.4   1.63647  
28135.1   28136.6   1.54191  
28140.4   28141.8   1.41416  
28150.8   28151.9   1.13475  
28153.5   28154.8   1.29038  
28155.8   28156.9   1.03     
28163.8   28165     1.19322  
28168     28169.3   1.28622  
28173.2   28174.3   1.05956  
28175.3   28176.6   1.30916  
28180.2   28182     1.72138  
28185.5   28187     1.48731  
28193.9   28195.2   1.29144  
28206.7   28208.7   1.92616  
28211.7   28212.9   1.17463  
28217.1   28218.5   1.36481  
28224.7   28225.9   1.19656  
28236.1   28237.6   1.50041  
28241.2   28242.4   1.14     
28242.8   28243.9   1.09784  
28244.8   28246.1   1.27725  
28251.9   28253.2   1.30331  
28255.6   28256.9   1.26256  
28259.7   28260.9   1.24978  
28264.3   28265.4   1.0395   
28266.6   28268.6   1.95084  
28275.5   28276.7   1.17825  
28288.1   28289.3   1.13303  
28296.1   28297.5   1.41056  
28300.9   28302.5   1.56456  
28313.6   28315.4   1.84713  
28317.8   28319     1.18653  
28321.1   28322.2   1.11994  
28327     28328.4   1.34422  
28335.2   28336.2   1.02412  
28347.3   28348.4   1.15509  
28349.7   28350.7   1.08409  
28356.7   28358.7   2.015    
28362.1   28363.5   1.40587  
28367.4   28368.7   1.30337  
28369.7   28370.9   1.20756  
28372.3   28373.7   1.33203  
28384.4   28385.5   1.1275   
28387.7   28388.9   1.25338  
28392.7   28394.1   1.347    
28397.6   28398.9   1.26806  
28400.4   28401.6   1.25275  
28403.7   28405.4   1.67216  
28409.5   28410.6   1.15953  
28415     28416.4   1.39084  
28417.2   28418.3   1.02978  
28420.2   28421.5   1.25478  
28422.1   28423.2   1.08734  
28428.3   28429.8   1.49953  
28431.5   28432.6   1.09284  
28442.1   28443.9   1.81025  
28446.9   28448.5   1.54378  
28450     28451.3   1.29472  
28458.7   28460.2   1.45969  
28467.7   28468.8   1.07147  
28493.6   28495     1.34078  
28507.6   28508.8   1.16809  
28516.6   28518     1.39319  
28523.9   28524.9   1.06434  
28528     28529.3   1.25178  
28533.1   28534.2   1.18888  
28535.9   28537.1   1.1935   
28551.4   28552.5   1.07953  
28574     28575.1   1.07072  
28575.6   28576.7   1.09163  
28577.4   28579     1.56222  
28584.1   28585.3   1.157    
28602.9   28604.5   1.61453  
28606.3   28607.7   1.40288  
28619.6   28620.7   1.03375  
28636.5   28637.6   1.09884  
28641.6   28642.8   1.18147  
28647.2   28648.5   1.24959  
28659.7   28660.9   1.21647  
28663.3   28664.4   1.04603  
28665.7   28667.1   1.48913  
28675.6   28676.9   1.31419  
28683.5   28684.8   1.28622  
28686.2   28687.4   1.17866  
28689.9   28691.2   1.27997  
28694.4   28696     1.58584  
28708.7   28710.4   1.7255   
28713.5   28714.6   1.04759  
28718.1   28719.2   1.03781  
28723.4   28724.9   1.54163  
28749.6   28751.8   2.18213  
28755.9   28757.4   1.54737  
28764.6   28765.7   1.07509  
28771.2   28772.3   1.09941  
28773.1   28774.6   1.43466  
28778     28779     1.01422  
28783     28784.5   1.57106  
28798.6   28800.1   1.49319  
28814.2   28815.2   1.00072  
28817.3   28818.4   1.05778  
28819.3   28821.2   1.90391  
28822.5   28823.6   1.17428  
28825.7   28827.8   2.05437  
28843.3   28844.8   1.42819  
28854.4   28856.8   2.38128  
28865.8   28867     1.20159  
28869.5   28871.1   1.54181  
28875.7   28877     1.31259  
28893.4   28894.5   1.16962  
28895.8   28897.3   1.46213  
28898.9   28900.2   1.2195   
28902.1   28903.6   1.44547  
28909.3   28910.8   1.54087  
28922.3   28924     1.63159  
28925.5   28926.6   1.13334  
28928.2   28929.6   1.40522  
28932.1   28933.6   1.47919  
28950.1   28951.3   1.15991  
28962.9   28964     1.11447  
28966.1   28967.4   1.30062  
28968.5   28970.1   1.59594  
28974.4   28975.5   1.10566  
28981.5   28983     1.42997  
28985     28986.7   1.65019  
28989.8   28991.3   1.52959  
28997.1   28998.4   1.30666  
28999.8   29001.1   1.38541  
29006.7   29007.8   1.02619  
29010.3   29011.8   1.55272  
29012.8   29014.3   1.42159  
29017.3   29018.9   1.554    
29019.4   29020.5   1.14034  
29021.3   29023.3   1.95116  
29026.5   29028.2   1.70162  
29031.2   29032.5   1.32181  
29033.1   29034.2   1.13338  
29049.5   29050.5   1.01756  
29053.4   29055     1.54556  
29061.7   29063     1.31397  
29069.6   29071.4   1.73487  
29075.5   29076.7   1.24562  
29080.4   29081.8   1.43106  
29085.9   29087.2   1.24947  
29090.7   29091.9   1.15263  
29095     29096.4   1.43684  
29100.2   29101.2   1.03188  
29109.2   29110.5   1.26087  
29113.1   29114.1   1.02122  
29117.3   29118.4   1.09484  
29124     29125.5   1.50169  
29127.3   29128.3   1.00759  
29132.4   29133.8   1.38672  
29134.8   29136     1.18247  
29138.9   29140.3   1.35453  
29143     29145.8   2.79694  
29164     29165     1.08825  
29168.7   29169.7   1.04725  
29175.3   29176.7   1.33281  
29183.7   29185.1   1.31425  
29196.3   29197.6   1.32347  
29204.3   29205.6   1.29894  
29233.6   29235.4   1.785    
29241.2   29242.3   1.06316  
29250.2   29251.9   1.66781  
29260.1   29261.2   1.08841  
29264     29265.5   1.49528  
29289.3   29291     1.63575  
29312.6   29314.7   2.01681  
29324.5   29325.8   1.31288  
29332.4   29333.5   1.05234  
29335.7   29337.5   1.71266  
29342.3   29344     1.70666  
29346.9   29349     2.06684  
29354.8   29355.9   1.04281  
29358.5   29359.7   1.14547  
29367.8   29368.9   1.10481  
29374.8   29376.1   1.37163  
29384.2   29385.5   1.21822  
29391.9   29393     1.16419  
29412.2   29413.8   1.58763  
29417.9   29418.9   1.00541  
29421.7   29422.8   1.12709  
29425     29426.3   1.23106  
29428.1   29429.6   1.54222  
29438.4   29440.2   1.72775  
29453.4   29454.8   1.41553  
29456.7   29457.8   1.111    
29460.5   29461.7   1.21044  
29464.5   29465.6   1.03581  
29473.3   29474.7   1.31412  
29477.5   29478.7   1.19931  
29488.4   29490.4   2.04653  
29493.4   29494.4   1.01422  
29498.6   29499.8   1.268    
29509.4   29511.2   1.81494  
29520.7   29521.9   1.17134  
29533.5   29534.6   1.16187  
29540.9   29542     1.14169  
29544     29545.4   1.41994  
29548.6   29549.7   1.09431  
29554     29555     1.00041  
29556.8   29558.2   1.45594  
29562.2   29563.7   1.45675  
29565.7   29567.1   1.42825  
29572.9   29574.2   1.32425  
29576.4   29577.5   1.10884  
29579.8   29580.8   1.01578  
29583.5   29585.3   1.75659  
29588.1   29589.3   1.1795   
29591.5   29592.7   1.18991  
29593.8   29595.3   1.46444  
29599.3   29600.4   1.08616  
29601.7   29603     1.21975  
29604.1   29605.5   1.35531  
29607.5   29608.9   1.39413  
29612.9   29613.9   1.051    
29615.6   29617     1.38325  
29618.2   29619.5   1.27428  
29624.9   29626.4   1.48744  
29627.7   29629.2   1.49194  
29641.7   29643.3   1.61928  
29645.5   29646.9   1.41781  
29654.7   29656.2   1.52391  
29664.1   29665.3   1.10587  
29667.8   29669.2   1.41447  
29673.8   29676.8   2.99309  
29682.9   29684.6   1.71741  
29686.6   29688     1.32822  
29697.5   29698.6   1.08275  
29705.7   29707     1.30197  
29711.6   29712.7   1.05006  
29713.6   29714.8   1.23916  
29718.2   29719.7   1.48913  
29723.5   29725.3   1.77216  
29730.9   29732.4   1.50853  
29733.4   29734.4   1.02994  
29737     29740.4   3.3945   
29741.3   29742.8   1.51238  
29753.8   29754.8   1.00209  
29760.5   29761.7   1.17925  
29762.7   29764.4   1.75634  
29779.6   29780.7   1.03988  
29792.9   29794.2   1.20316  
29797.2   29798.4   1.23169  
29804.8   29806.3   1.44381  
29810.7   29812     1.31503  
29829.3   29830.7   1.40184  
29849     29850.6   1.61384  
29887.3   29889.4   2.09541  
29892.7   29893.9   1.18869  
29902.4   29903.9   1.44797  
29919.3   29920.6   1.30509  
29921.3   29922.8   1.54344  
29925     29926.2   1.14609  
29930.2   29931.3   1.12909  
29937.2   29938.4   1.25009  
29938.9   29940     1.07934  
29947.5   29948.9   1.39187  
29960.8   29961.8   1.00178  
29964.7   29965.9   1.16669  
29972.6   29974.3   1.76281  
29987.7   29988.9   1.12413  
29991.4   29992.7   1.30028  
30005.8   30007.6   1.78416  
30028.9   30030.8   1.91813  
30034.8   30035.9   1.07713  
30049.5   30051.7   2.19503  
30057.3   30058.7   1.43119  
30061.5   30062.6   1.09775  
30069.4   30071     1.57094  
30082.2   30083.6   1.41906  
30086.2   30087.4   1.24872  
30095.4   30097.4   1.94712  
30101.3   30102.6   1.26981  
30107.4   30109.1   1.71116  
30125.3   30126.5   1.22869  
30131.5   30133.4   1.90753  
30136.6   30137.7   1.12872  
30138.8   30139.8   1.01066  
30149.9   30151.3   1.35313  
30152.8   30154     1.1295   
30165.1   30166.4   1.27491  
30174.8   30176     1.15559  
30183.3   30184.4   1.04484  
30186.2   30187.7   1.43984  
30191.6   30192.6   1.03763  
30194.8   30196.1   1.28078  
30199     30200.7   1.64231  
30204.7   30206.4   1.74213  
30211.1   30212.6   1.46659  
30214.8   30216.3   1.44028  
30216.7   30218.2   1.48831  
30225.5   30227.2   1.71719  
30240.9   30242.4   1.48134  
30257.1   30258.4   1.38022  
30264.6   30265.9   1.27516  
30274.1   30275.9   1.79041  
30280.4   30281.7   1.26191  
30285.7   30287.3   1.65169  
30288.7   30289.9   1.24728  
30291.5   30293.2   1.70847  
30303.4   30304.6   1.21869  
30313.3   30314.3   1.00275  
30315.8   30317.2   1.33994  
30323.5   30325.3   1.81241  
30334.8   30336.3   1.45491  
30345.3   30346.6   1.30053  
30373     30374.2   1.23759  
30388.1   30389.4   1.30588  
30394.2   30395.7   1.45506  
30396.7   30397.8   1.08525  
30399.3   30400.3   1.01687  
30412.5   30414.2   1.62606  
30422.1   30423.5   1.33522  
30439.1   30440.3   1.18881  
30465.1   30466.5   1.31441  
30479.6   30481.1   1.56169  
30484.2   30485.7   1.49719  
30494.4   30495.6   1.20803  
30496.1   30497.6   1.45497  
30512.1   30513.9   1.74588  
30520     30522.4   2.34756  
30547     30548.2   1.27316  
30554.9   30556.2   1.33772  
30560.4   30561.5   1.06756  
30562.1   30563.1   1.041    
30568     30569.2   1.18597  
30580     30581.4   1.44391  
30585     30586.5   1.52656  
30587.3   30589.5   2.21978  
30612.5   30614.1   1.60866  
30624.8   30626.8   1.95509  
30638.3   30639.7   1.46384  
30641.6   30643.1   1.433    
30644.5   30645.5   1.06903  
30650.5   30651.5   1.00909  
30661.4   30663     1.61672  
30664.2   30665.3   1.12456  
30686.4   30687.5   1.08316  
30705.7   30707.7   2.01425  
30717.5   30718.7   1.12706  
30728.1   30729.8   1.65619  
30735.8   30737.3   1.47516  
30738.9   30740.7   1.80331  
30743.1   30744.4   1.29078  
30745.9   30747.1   1.21813  
30751     30752.3   1.28166  
30757.5   30758.7   1.11866  
30767.2   30768.6   1.37109  
30776.5   30778.1   1.58262  
30783.9   30785.2   1.29178  
30791.7   30792.8   1.03191  
30796.3   30797.4   1.06691  
30804.7   30806.7   1.99906  
30814.4   30816.7   2.27178  
30824     30825.8   1.82759  
30834.7   30836.2   1.50091  
30843     30844.3   1.23628  
30859.2   30860.4   1.19784  
30864.8   30866.5   1.74722  
30869     30870.2   1.17472  
30880.9   30882.2   1.25519  
30889.4   30891.1   1.66637  
30895.2   30896.3   1.059    
30898.5   30900.1   1.64309  
30906.3   30909     2.68728  
30920.1   30921.4   1.33141  
30927.9   30929.6   1.75541  
30946.7   30948.4   1.69334  
30954.5   30955.6   1.10266  
30960.3   30962.3   2.00578  
30965     30966.1   1.08916  
30970.5   30971.8   1.24303  
30975.6   30977.3   1.67022  
30984.3   30985.5   1.23778  
30991.4   30992.6   1.20172  
31001.5   31002.5   1.07578  
31005.1   31006.3   1.1645   
31008.7   31009.8   1.09787  
31012.1   31013.6   1.52884  
31034     31035     1.04044  
31035.8   31037.5   1.60991  
31039.1   31040.3   1.20475  
31045.3   31046.6   1.31419  
31049.9   31051.4   1.50656  
31054.4   31056.1   1.70684  
31067.1   31068.6   1.53419  
31073.2   31074.9   1.75047  
31078.5   31079.7   1.26053  
31086.4   31088.1   1.67403  
31101.1   31102.3   1.21284  
31105.4   31106.9   1.51222  
31110.9   31112.2   1.263    
31116.1   31117.9   1.81153  
31120.1   31121.1   1.01384  
31123.5   31125.2   1.6585   
31129.4   31130.5   1.12075  
31134.1   31136.3   2.13912  
31139.6   31140.6   1.05337  
31142.3   31143.8   1.53103  
31148.7   31149.7   1.01353  
31151.3   31152.7   1.36506  
31153     31154.2   1.15613  
31158     31159.6   1.55828  
31160.7   31162.2   1.52947  
31164.2   31166     1.84791  
31166.7   31169.8   3.14147  
31177.8   31178.9   1.15653  
31189.9   31191.7   1.77669  
31200.9   31202.5   1.54406  
31203.1   31204.3   1.21819  
31206.8   31207.9   1.12872  
31209.9   31211.8   1.89238  
31216.4   31217.8   1.37194  
31219.4   31220.7   1.30262  
31226.2   31227.4   1.12691  
31229     31230.8   1.8005   
31235.3   31236.5   1.14363  
31237.6   31242.1   4.50316  
31253.8   31254.8   1.01044  
31300.1   31301.8   1.63494  
