0         1.61422   1.61422  
33.8132   34.8381   1.02491  
43.5038   44.8205   1.31672  
82.4281   84.0444   1.61631  
104.863   106.126   1.26212  
169.204   170.475   1.27063  
175.095   176.322   1.22687  
193.337   194.347   1.00959  
219.273   220.607   1.334    
233.439   234.522   1.08353  
269.928   271.008   1.08009  
351.836   352.839   1.00309  
357.27    358.424   1.15366  
524.268   525.32    1.0515   
561.993   563.439   1.44625  
627.437   628.617   1.18025  
629.319   630.77    1.45088  
675.118   676.5     1.38184  
726.495   727.689   1.19312  
737.642   738.988   1.34616  
752.784   753.822   1.03797  
761.088   762.153   1.06506  
777.022   778.069   1.04719  
900.792   902.015   1.22275  
908.283   909.317   1.03459  
1022.65   1023.69   1.03694  
1049.66   1050.75   1.09688  
1164.26   1165.46   1.20225  
1166.93   1168.19   1.257    
1173.84   1175.01   1.17506  
1335.32   1336.49   1.174    
1402.23   1403.5    1.26456  
1503.06   1504.19   1.13522  
1527.27   1528.28   1.0085   
1544.08   1545.34   1.25794  
1673.68   1674.93   1.25128  
1685.16   1686.43   1.27044  
1691.55   1692.56   1.00906  
1748.56   1749.94   1.37891  
1760.83   1762.05   1.22006  
1790.47   1791.7    1.23756  
1800.19   1801.48   1.29844  
1834.49   1836.15   1.65934  
1844.76   1846.13   1.36809  
1941.03   1942.04   1.01238  
2155.11   2156.31   1.20141  
2175.42   2177.24   1.81731  
2201.26   2202.57   1.31441  
2250.25   2251.72   1.46478  
2263.67   2264.84   1.16437  
2294.66   2295.78   1.12481  
2301.64   2302.69   1.05566  
2335.57   2336.8    1.23359  
2351.99   2353.1    1.11003  
2363.06   2364.13   1.06291  
2368.25   2369.71   1.45138  
2372.21   2373.37   1.15928  
2429.75   2430.88   1.13066  
2435.75   2436.94   1.18872  
2485.01   2486.17   1.15825  
2607.02   2608.13   1.10912  
2624.84   2626.27   1.43294  
2630.78   2631.83   1.04719  
2711.91   2712.95   1.04172  
2715.46   2716.5    1.03534  
2718.63   2719.82   1.19022  
2748.48   2749.66   1.17184  
2780.24   2781.48   1.23784  
2803.79   2804.83   1.04016  
2808.41   2809.46   1.05091  
2854.56   2855.9    1.34413  
2897.12   2898.34   1.21316  
2949.36   2950.57   1.21409  
2959.91   2961.09   1.17869  
2965.08   2966.32   1.23416  
2969.73   2971.37   1.64469  
2983.79   2984.95   1.15634  
3019.11   3020.33   1.21925  
3031.61   3032.84   1.22684  
3037.55   3038.85   1.29703  
3252.96   3254.11   1.14663  
3299.32   3300.49   1.16756  
3304.82   3306.17   1.35206  
3347.84   3349.15   1.30731  
3406.12   3407.21   1.08575  
3430.12   3431.24   1.12044  
3450.66   3452.01   1.35672  
3499.47   3500.66   1.19128  
3523.24   3524.79   1.55253  
3537      3538.25   1.25216  
3572.75   3574.06   1.30641  
3584.96   3586.34   1.38972  
3603.62   3604.97   1.34072  
3628.51   3629.53   1.01678  
3631.53   3632.55   1.01516  
3679.61   3680.88   1.26609  
3691.88   3693.31   1.42394  
3713.89   3715.23   1.33728  
3726.49   3727.63   1.14144  
3738.81   3739.83   1.02337  
3779.95   3780.98   1.02303  
3806.55   3807.65   1.09862  
3816.2    3817.31   1.11184  
3824.56   3825.58   1.01394  
3847.05   3848.61   1.55519  
4057.66   4058.71   1.04541  
4608.31   4609.64   1.323    
4628.78   4629.78   1.00028  
4639.77   4640.79   1.017    
4648.71   4650.23   1.51247  
4656.21   4657.76   1.5565   
4668.86   4671.8    2.93375  
4694.27   4695.55   1.27441  
5085.61   5086.74   1.12966  
5106.42   5110.26   3.83275  
5111.06   5112.69   1.6255   
5802.01   5803.15   1.13897  
5857.53   5858.73   1.1965   
5896.5    5897.9    1.39794  
5908.91   5910.18   1.26694  
5912.56   5913.82   1.26097  
5964.39   5966.04   1.65291  
5969.73   5970.98   1.25006  
6002.77   6004.09   1.31653  
6037.99   6039.23   1.23984  
6065.93   6067.46   1.52634  
6268.7    6270.23   1.52822  
6294.33   6295.36   1.03566  
6325.48   6327.03   1.55409  
6331.29   6332.78   1.49281  
6351.26   6352.37   1.1085   
6356.24   6357.26   1.01694  
6385.63   6386.9    1.26603  
6388.61   6390.13   1.51784  
6416.21   6417.5    1.28306  
6428.4    6430.08   1.68494  
6433.81   6435.41   1.60544  
6438.59   6439.69   1.09694  
6449.26   6450.71   1.45556  
6462.99   6464.38   1.39181  
6487.15   6488.5    1.34622  
6515.32   6516.9    1.5755   
6537.28   6538.42   1.14119  
6552.95   6553.96   1.01019  
6563.24   6564.47   1.23041  
6578.79   6580.22   1.43078  
6623.06   6624.14   1.08456  
6630.88   6632.25   1.36656  
6676.83   6677.88   1.05619  
6731.47   6732.74   1.27487  
6769.22   6770.23   1.00588  
6847.36   6848.87   1.50794  
6872.37   6873.61   1.23666  
6893.72   6894.77   1.0475   
6930.22   6931.31   1.083    
6958.06   6959.46   1.4      
6967.54   6968.71   1.17075  
7024.28   7025.57   1.29513  
7046.21   7047.79   1.57928  
7050.91   7052.02   1.11584  
7054.64   7055.65   1.01109  
7069.5    7070.58   1.07188  
7076.13   7077.21   1.08175  
7094.52   7095.63   1.10328  
7115.31   7116.54   1.23819  
7125.24   7126.45   1.209    
7135      7136.08   1.07431  
7168.12   7169.17   1.05653  
7192.83   7194.14   1.31303  
7203.21   7204.29   1.08003  
7290.13   7291.37   1.24659  
7364.2    7365.2    1.00775  
7419.86   7420.91   1.04212  
7421.8    7422.82   1.01906  
7464.11   7465.66   1.54287  
7480.69   7481.93   1.23919  
7484.61   7485.63   1.01581  
7487.45   7488.52   1.072    
7492.37   7493.59   1.21734  
7506.02   7507.6    1.58031  
7512.71   7513.73   1.01697  
7537.53   7539.02   1.48841  
7543.79   7544.87   1.08016  
7549.83   7551.01   1.17894  
7555.62   7557.05   1.429    
7573.91   7574.96   1.04722  
7580.88   7582.03   1.15084  
7673      7674.39   1.39166  
7701.91   7703.15   1.24203  
7710.81   7711.92   1.10994  
7826.55   7827.96   1.40734  
7848.84   7850.11   1.26809  
7881.03   7882.21   1.18184  
7887.55   7888.68   1.13281  
7901.07   7902.25   1.18688  
7934.92   7936.04   1.11859  
7949.66   7950.71   1.04872  
7961.56   7962.79   1.23475  
7977.66   7978.72   1.06141  
8002.41   8003.47   1.06356  
8008.63   8009.9    1.26537  
8019.53   8020.61   1.07791  
8024.81   8025.95   1.14356  
8055.96   8057.49   1.52916  
8071.67   8072.74   1.06766  
8091.7    8092.8    1.09928  
8122.24   8123.7    1.45922  
8135.95   8137.18   1.23456  
8150.97   8152.11   1.13625  
8153.98   8155.33   1.35441  
8201.58   8205.7    4.12369  
8364.92   8366.01   1.09022  
8370.11   8371.39   1.27891  
8393.26   8394.66   1.39669  
8415.62   8416.8    1.17413  
8418.34   8419.35   1.00472  
8431.34   8432.72   1.37784  
8485.4    8486.68   1.27887  
8507.9    8508.94   1.0445   
8515.54   8516.64   1.09306  
8517.4    8518.46   1.06337  
8525.77   8526.79   1.02238  
8544.07   8545.07   1.00216  
8563.92   8565.17   1.25672  
8575.6    8576.68   1.07922  
8605.5    8606.75   1.24691  
8618.82   8619.88   1.06381  
8643.37   8644.4    1.03616  
8660.3    8661.91   1.60534  
8702.38   8703.68   1.29784  
8747.74   8748.84   1.09278  
8829.09   8830.14   1.05303  
8958.01   8959.1    1.08775  
8967.15   8968.2    1.05384  
8984.02   8985.52   1.50138  
9009.6    9011.4    1.80569  
9021.3    9022.43   1.13281  
9051.07   9052.31   1.23206  
9078.61   9079.88   1.27369  
9090.21   9091.23   1.02481  
9109.31   9110.4    1.09737  
10560.6   10561.6   1.02434  
10607.6   10608.7   1.07756  
10878.8   10879.8   1.02159  
11003.6   11005     1.45303  
11030.8   11031.8   1.03034  
11058.7   11060     1.30722  
11097.5   11098.5   1.01909  
11132.5   11133.5   1.03034  
11150.8   11152.2   1.44784  
11155.4   11156.5   1.08375  
11168.2   11169.3   1.12916  
11177.6   11179.1   1.43309  
11182.5   11183.7   1.19156  
11374     11375     1.07869  
11674.3   11678.5   4.18416  
13122.7   13124.1   1.41847  
13980.1   13984.2   4.06187  
14125.2   14126.6   1.33062  
14145.3   14146.6   1.37544  
14160.2   14161.4   1.17688  
14170.2   14171.7   1.42644  
14209.4   14210.6   1.13747  
14214     14215.2   1.19322  
14221.8   14223.2   1.33481  
14235.8   14236.8   1.04287  
14266     14267.1   1.05488  
14273.5   14274.7   1.22147  
14290.9   14292.2   1.2905   
14294.7   14295.7   1.03188  
14330.3   14331.4   1.11578  
14335.8   14336.9   1.026    
14338.9   14340     1.04238  
14346.8   14348.1   1.27481  
14359.4   14360.9   1.45947  
14371.2   14372.4   1.19559  
14375.1   14376.6   1.47869  
14382.1   14383.6   1.45984  
14398.8   14399.9   1.14425  
14405     14406.2   1.14144  
14410.1   14411.3   1.22169  
14421.2   14422.7   1.50759  
14433.2   14434.6   1.41903  
14439.7   14441.1   1.35088  
14518.5   14520.2   1.70103  
14552.2   14553.3   1.06169  
14696.4   14697.7   1.32394  
14702.9   14703.9   1.02034  
14725.8   14727.2   1.39466  
14896.4   14897.9   1.48172  
14909.9   14910.9   1.01866  
14946.1   14947.7   1.59806  
14983.5   14984.6   1.07591  
14986.9   14988     1.10406  
15027.6   15028.8   1.19091  
15032     15033.2   1.18553  
15041.6   15042.8   1.19037  
15056.2   15057.7   1.52125  
15105.3   15106.5   1.21928  
15155.8   15156.9   1.13781  
15170.9   15172.4   1.46253  
15351.9   15353     1.11119  
15368.3   15369.4   1.1065   
15379.4   15381     1.66163  
15385.9   15387.4   1.52603  
15397.3   15398.3   1.016    
15411.9   15413     1.06953  
15447.5   15448.7   1.15756  
15484.7   15486.1   1.40791  
15511.2   15513     1.75491  
15571.2   15572.4   1.19084  
15574.3   15575.7   1.36747  
15579.9   15581     1.14147  
15588.8   15589.9   1.11822  
15608.7   15609.7   1.00778  
15611.6   15612.8   1.16972  
15627.6   15629.2   1.53244  
15767.3   15768.3   1.01819  
15783.6   15784.7   1.09903  
15862.4   15863.7   1.28534  
15888.1   15889.2   1.02791  
15913.6   15914.6   1.07709  
15946.1   15947.3   1.19128  
15962     15963.2   1.2055   
15968     15969.1   1.14475  
15973.8   15975.2   1.40269  
16003.9   16005     1.12028  
16062     16063.2   1.21281  
16067.1   16068.3   1.17413  
16079.8   16080.9   1.17519  
16249.9   16254     4.04891  
16972.4   16973.4   1.04328  
16976     16977.1   1.1375   
17017.3   17018.3   1.05953  
17512     17513.1   1.11191  
17652.6   17654.3   1.66866  
17773.1   17774.2   1.03116  
17822.2   17823.3   1.09713  
17841.9   17843     1.13266  
17849.7   17850.8   1.05022  
17899.6   17900.7   1.13038  
17944.7   17945.8   1.06494  
17969.9   17970.9   1.00091  
17997     17998     1.00687  
18467.1   18468.9   1.78403  
19485.6   19489.6   4.08175  
20395.9   20396.9   1.03409  
20421.7   20422.8   1.06422  
20440.2   20441.3   1.11547  
20446.1   20447.5   1.34747  
20667.3   20668.6   1.35084  
20733.1   20734.7   1.58288  
20742.8   20743.8   1.06022  
20751.6   20752.7   1.12222  
20770.4   20771.5   1.08716  
20784.9   20786.1   1.19931  
20787.8   20788.9   1.08347  
20789.7   20790.8   1.02941  
20803.5   20805.1   1.60753  
20807.8   20808.8   1.05378  
20824.8   20825.9   1.10131  
20840.4   20841.8   1.311    
20842.8   20843.8   1.016    
20852.3   20853.3   1.04616  
20881     20882     1.02363  
20891.1   20892.3   1.19194  
20899.8   20901.7   1.84609  
20937.1   20938.2   1.18047  
20962.5   20963.6   1.17128  
21060.8   21061.9   1.10163  
21124.1   21125.2   1.17703  
21133.1   21134.5   1.37216  
21138.1   21139.4   1.2945   
21143.2   21144.3   1.16656  
21155.3   21156.8   1.41966  
21163.4   21164.4   1.03937  
21196.6   21197.7   1.09484  
21207     21208     1.00681  
21236.8   21238     1.21066  
21248.5   21249.7   1.21381  
21262.7   21264.6   1.93591  
21299.6   21300.7   1.079    
21321.4   21322.5   1.07444  
21375.1   21376.3   1.17162  
21383.9   21385     1.11881  
21538.7   21539.7   1.04262  
21601.1   21602.1   1.00747  
21607.9   21609.1   1.22459  
21614.5   21615.6   1.058    
21631.1   21632.1   1.06412  
21636.2   21637.6   1.40609  
21651.3   21652.6   1.37512  
21665.7   21666.9   1.21988  
21672.2   21673.4   1.21119  
21687.2   21688.4   1.139    
21691.3   21692.3   1.00384  
21705.4   21706.7   1.30366  
21721     21722.3   1.30072  
21979.2   21980.8   1.58675  
22063.6   22064.8   1.16753  
22071.6   22073     1.38384  
22090.8   22092     1.21228  
22102.3   22103.6   1.30919  
22153.3   22154.8   1.52725  
22178.8   22180.4   1.55447  
22183     22184.5   1.52763  
22198.1   22199.2   1.12119  
22203.5   22205.1   1.53559  
22218.1   22219.2   1.06647  
22249.4   22250.5   1.10116  
22259.5   22260.6   1.17594  
22263.1   22264.4   1.30937  
22276     22277     1.03575  
22366     22367     1.04441  
22401.5   22403     1.47816  
22591.7   22592.9   1.18922  
22598.2   22599.5   1.29994  
22618.8   22620.9   2.14863  
22892.8   22894.2   1.35131  
22904.4   22905.8   1.44016  
22914     22915.1   1.02628  
22917.5   22918.7   1.15237  
22965.8   22967.1   1.28594  
22991.3   22992.4   1.07506  
22998.3   22999.4   1.12144  
23005.4   23006.6   1.22284  
23023     23024.1   1.0765   
23028.1   23029.6   1.43875  
23043.7   23044.9   1.22128  
23052.2   23053.4   1.17909  
23057.3   23058.4   1.08     
23059.2   23060.4   1.21362  
23178.9   23180.3   1.3905   
23185.7   23187     1.26959  
23198.2   23199.6   1.41456  
23214.9   23216.2   1.28644  
23231.1   23232.2   1.17606  
23235.6   23236.8   1.15338  
23257.7   23258.8   1.07537  
23259.7   23260.7   1.06444  
23270.9   23272     1.02966  
23273.8   23275.3   1.46263  
23277.5   23278.6   1.07753  
23288     23289.1   1.18466  
23303.7   23304.9   1.14978  
23638.6   23642.7   4.09037  
25145.1   25146.2   1.10109  
25223.2   25225.1   1.90663  
25254.3   25255.6   1.36347  
25261.7   25263.5   1.75184  
25288.4   25289.6   1.15606  
25305.6   25306.7   1.16475  
25310.4   25311.5   1.05709  
25322.5   25323.7   1.12256  
25353.2   25354.9   1.71519  
25436.9   25438.1   1.23944  
25448.5   25449.7   1.14434  
25512.5   25513.8   1.23472  
25556.9   25558.8   1.89975  
25564.5   25565.6   1.12069  
25582.9   25584.1   1.17559  
25587.1   25588.3   1.15641  
25612.8   25614     1.20897  
25621.1   25622.1   1.03337  
25677.3   25678.3   1.02847  
25688.4   25689.6   1.209    
25710.6   25712     1.43606  
25726     25727     1.04878  
25750.8   25751.9   1.05681  
25763.1   25764.8   1.63506  
25793.6   25794.9   1.34391  
25815.6   25816.8   1.17813  
25837     25838.2   1.21291  
25851.8   25853.1   1.28163  
25855.5   25856.6   1.07347  
25883.6   25884.9   1.33394  
25891.8   25893.4   1.64638  
25907.5   25908.9   1.41572  
25916.4   25917.5   1.13278  
25922.2   25923.5   1.32462  
25930.4   25931.5   1.14356  
25948.6   25949.9   1.28669  
25953.8   25954.8   1.08888  
25958.4   25959.6   1.24122  
25986.8   25988.2   1.41153  
25994.7   25995.8   1.04612  
25998     25999.4   1.32294  
26012.4   26013.5   1.07791  
26088.2   26089.3   1.01394  
26156.6   26157.7   1.10394  
26191.4   26192.9   1.41372  
26205.6   26206.9   1.30203  
26236.3   26237.3   1.01181  
26250.8   26252.2   1.36991  
26268.6   26269.7   1.12187  
26282     26283     1.04475  
26306     26307.1   1.14041  
26321     26322.1   1.04416  
26333.1   26334.1   1.0685   
26340.3   26341.3   1.04416  
26354.8   26356     1.26863  
26412.2   26413.5   1.23881  
26420.9   26422     1.1275   
26424.3   26428.4   4.08931  
26494.1   26495.4   1.31203  
26517.3   26518.5   1.19884  
27039.1   27040.6   1.47016  
27068.2   27069.7   1.45144  
27077.8   27078.9   1.08331  
27092.5   27093.9   1.35084  
27102.5   27103.5   1.01972  
27132.9   27133.9   1.06675  
27158.9   27160     1.04888  
29431     29432.2   1.13956  
30229.5   30230.9   1.39278  
30508.6   30512.7   4.10678  
30565.6   30567     1.43497  
30576.2   30577.4   1.20747  
30609.7   30610.9   1.17472  
30626.7   30627.9   1.24209  
30637     30638.2   1.13534  
30642.1   30643.2   1.13319  
30652     30653.3   1.29353  
30662.3   30663.5   1.18575  
30701.2   30702.5   1.25675  
30727.8   30729.1   1.29134  
30749.5   30750.5   1.05797  
30757.5   30759     1.45722  
30765.8   30766.9   1.05412  
30780.1   30781.3   1.17362  
30789.3   30790.3   1.02     
30848.7   30849.9   1.21025  
30903.1   30904.2   1.11406  
30917.6   30918.7   1.16659  
30920.8   30922.3   1.5105   
30947.9   30949.2   1.29544  
30954     30955.1   1.05906  
30971.4   30972.5   1.14131  
31001.7   31003.2   1.53925  
31038.4   31039.5   1.1715   
31060.2   31061.3   1.10847  
31063.4   31064.5   1.12903  
31077.7   31078.9   1.25219  
31086.6   31088.1   1.50578  
31098.3   31099.5   1.2025   
31116.4   31117.6   1.16375  
31129.8   31130.9   1.02628  
31132.4   31133.6   1.21622  
31180     31181.2   1.16237  
31188     31189.1   1.04119  
31203.9   31205.4   1.55113  
31216.1   31217.3   1.26009  
31240.1   31241.2   1.15894  
31259.3   31260.7   1.34194  
31283     31284.2   1.25166  
31286.1   31287.2   1.01609  
31438.8   31440.1   1.23653  
31440.1   31441.3   1.24463  
31483.9   31484.9   1.005    
31694.3   31698.4   4.15969  
31759.2   31760.7   1.501    
31808.1   31809.8   1.70303  
31823.5   31825.1   1.60697  
31836.2   31837.6   1.37631  
31844.8   31846     1.23553  
31873.9   31875.4   1.54903  
31891     31892.1   1.09731  
31931     31932.2   1.18912  
31940     31941     1.04584  
32036.3   32037.6   1.32066  
32055.8   32056.9   1.06816  
32074.3   32075.5   1.13741  
32080.1   32081.4   1.28703  
32085     32086.1   1.07234  
32094     32095.4   1.46553  
32104.3   32105.5   1.20188  
32112     32113.3   1.25075  
32118.5   32119.7   1.18338  
32144.5   32146.1   1.51116  
32149.5   32150.6   1.17228  
32164.4   32165.5   1.043    
32186.7   32187.9   1.16622  
32191.7   32192.8   1.04297  
32209.2   32210.3   1.14312  
32216.1   32217.3   1.19859  
32219.9   32221     1.14569  
32241.9   32243.1   1.21316  
32249.1   32250.2   1.07944  
32252     32253.3   1.22509  
32258.2   32259.3   1.12497  
32261.1   32262.2   1.19528  
32266.8   32267.9   1.10169  
32271.2   32272.4   1.18613  
32283.9   32285.1   1.22181  
32326.4   32327.9   1.53222  
32332.2   32333.8   1.59888  
32374.8   32375.8   1.01091  
32382.9   32384.2   1.25428  
32387.2   32388.4   1.21988  
32465.9   32467.1   1.19459  
32520.1   32521.2   1.08794  
32532     32533.2   1.25672  
32634     32635.1   1.12928  
32657.6   32658.8   1.25122  
32661     32662.6   1.60978  
32669.4   32670.7   1.3015   
32676.9   32678     1.02925  
32679     32680.1   1.08262  
32694.9   32696.5   1.65053  
32699.7   32700.7   1.04153  
32716.2   32717.4   1.21053  
32748.6   32750.1   1.431    
32780.9   32782.1   1.13272  
32794.8   32795.9   1.15828  
32807.9   32809     1.08341  
32814.7   32815.8   1.16953  
32826     32827.2   1.167    
32839.3   32840.4   1.14153  
32860.7   32861.9   1.19109  
32864.3   32865.4   1.10337  
32886.1   32887.4   1.34638  
32901     32902.6   1.64178  
32911.5   32913     1.57019  
32921.7   32923.5   1.771    
32959.9   32961.8   1.87847  
32981.4   32982.9   1.42309  
32993.3   32994.5   1.22813  
33003.9   33005.2   1.37684  
33011.1   33012.1   1.04941  
33014.1   33015.7   1.61234  
33112.4   33113.6   1.18269  
33285.3   33286.8   1.53728  
33292.4   33293.7   1.31578  
33377.6   33378.6   1.05744  
33431.1   33432.2   1.08253  
33464.4   33465.5   1.15944  
33551.9   33553.3   1.40231  
33567     33571.1   4.08894  
36163.4   36167.8   4.38912  
37485.7   37486.8   1.08387  
38478     38479.3   1.28878  
39025.8   39026.8   1.02056  
39035.5   39036.6   1.07363  
40847.4   40851.4   4.05103  
44019.9   44021.6   1.73     
44025.6   44026.9   1.33391  
44033.1   44037.3   4.20838  
44086.7   44087.8   1.16953  
44098.9   44100.3   1.41103  
44105.8   44107     1.21547  
44113.4   44114.5   1.09216  
44122.7   44123.8   1.08363  
44141.3   44142.4   1.08128  
44172.2   44173.5   1.3745   
44184.2   44185.2   1.03375  
44217.7   44218.9   1.26216  
44221.2   44222.4   1.16534  
44226     44227.2   1.18331  
44265.5   44266.6   1.14056  
44277.6   44278.6   1.04731  
44310     44311.1   1.06191  
44319.6   44320.7   1.16084  
44329.2   44330.6   1.34281  
44335.1   44336.4   1.25184  
44369.1   44370.6   1.44466  
44404     44405.2   1.1865   
44416.5   44417.5   1.01178  
44433.1   44434.2   1.13256  
44439.2   44440.2   1.00581  
44454.6   44455.8   1.20353  
44467.1   44468.3   1.16047  
44475.1   44476.1   1.02531  
44487.8   44489.3   1.50097  
44501.3   44502.5   1.20938  
44510.9   44512.2   1.34222  
44515.4   44516.5   1.08606  
44528.1   44529.1   1.01416  
44532.4   44533.5   1.12222  
44536.5   44537.6   1.12363  
44542.2   44543.2   1.07131  
44545     44546.7   1.68953  
44555     44556.3   1.27809  
44561.6   44562.8   1.27031  
44576.3   44577.4   1.12666  
44584.1   44585.2   1.00634  
44592.9   44594     1.09419  
44621.1   44622.2   1.08494  
44628.2   44629.5   1.29656  
44637.1   44638.2   1.12478  
44642.9   44644     1.16013  
44646     44647.1   1.11628  
44650.1   44651.2   1.03563  
44654.3   44655.3   1.06641  
44663.5   44665.1   1.59691  
44667.2   44668.6   1.41509  
44701.3   44702.5   1.247    
44710.7   44712.1   1.41544  
44725.1   44726.7   1.62544  
44732.9   44734     1.16941  
44737     44738.1   1.12772  
44752.6   44754.3   1.72613  
44757.3   44759     1.69041  
44773.9   44775.5   1.63141  
44798.3   44800.2   1.881    
44803.3   44804.5   1.24875  
44820.7   44822.4   1.67466  
44829.2   44830.5   1.25734  
44835.4   44836.9   1.52175  
44847.7   44850.2   2.50144  
44874.3   44875.3   1.02466  
44895.7   44896.8   1.09766  
44921.7   44922.8   1.08097  
44927.2   44928.5   1.32328  
45176.3   45177.6   1.31181  
45198.6   45199.6   1.04725  
45201.5   45202.7   1.13091  
45212.4   45213.6   1.15506  
45219.8   45220.8   1.05566  
45237.9   45239     1.10459  
45251.9   45253.1   1.21319  
45305.6   45306.6   1.07403  
45336.4   45337.6   1.25284  
45343.7   45344.8   1.06303  
45375.7   45376.7   1.05106  
45388.3   45389.7   1.37409  
45398.3   45399.8   1.52128  
45527     45528.2   1.13156  
45543.7   45544.8   1.10763  
45620.2   45621.6   1.35928  
45640.9   45642.2   1.29672  
45677.7   45678.8   1.12172  
45742     45743.3   1.35987  
45784.8   45785.9   1.13803  
45823     45824     1.01441  
45961.8   45962.9   1.08394  
46017.5   46018.7   1.24497  
46022.4   46023.7   1.27747  
46083.4   46085     1.61666  
46125.3   46126.6   1.25741  
46131.7   46132.8   1.08816  
46139.2   46140.2   1.04812  
46146.2   46148     1.80241  
46402.6   46403.6   1.00097  
46585.2   46586.4   1.23525  
46618.7   46620     1.24891  
46689.6   46690.9   1.20944  
46693.3   46694.5   1.11722  
46760     46761.4   1.34497  
46781.4   46782.7   1.22484  
46999.7   47003.8   4.10941  
47135.1   47136.6   1.53509  
47148.5   47149.6   1.18912  
47186.8   47188.2   1.36875  
47194     47195     1.03319  
47258.5   47259.5   1.09387  
47326.4   47327.8   1.36022  
47362.3   47364     1.77906  
47376     47377.2   1.20716  
47432.4   47433.6   1.14628  
47761.2   47762.8   1.65475  
47779.7   47781.9   2.15584  
47799.6   47801.2   1.65628  
47810.7   47812.3   1.58853  
47817.7   47819     1.25988  
47830.1   47831.1   1.07547  
47841.2   47843.3   2.1385   
47852.1   47853.2   1.11419  
47856.7   47857.8   1.13181  
47866.8   47867.9   1.12575  
47907.4   47910.2   2.77891  
47912.6   47913.8   1.24988  
47922.4   47923.9   1.598    
47941.4   47942.5   1.11338  
47955.5   47957     1.49544  
47958.2   47959.3   1.03994  
47973.9   47975.1   1.16569  
47977     47978.5   1.57419  
47992.4   47994     1.63231  
48018.6   48020.1   1.53159  
48032.8   48034.1   1.3285   
48055.3   48056.5   1.12006  
48058.1   48059.8   1.68484  
48061.4   48062.7   1.36606  
48066.1   48067.6   1.48866  
48093.6   48095.3   1.70981  
48096.4   48097.9   1.42078  
48104.1   48105.7   1.52034  
48109.7   48110.7   1.01006  
48114.6   48116     1.35925  
48120.3   48121.5   1.20641  
48122.4   48123.5   1.12709  
48125.5   48126.7   1.19341  
48128.5   48129.6   1.05475  
48131     48132.5   1.48981  
48148.3   48149.4   1.03084  
48160.7   48161.9   1.14972  
48474.7   48475.9   1.16731  
48479.6   48480.7   1.09387  
48484.2   48485.2   1.05278  
48491.4   48492.7   1.28234  
48501.1   48502.1   1.03644  
48502.8   48503.8   1.04197  
48504.5   48505.6   1.15375  
48532.7   48534.2   1.53334  
48539.1   48540.4   1.26438  
48541.2   48542.6   1.36581  
48545.1   48546.5   1.37569  
48546.5   48548.3   1.80959  
48589.3   48590.5   1.27788  
48614.6   48615.8   1.17716  
48625.2   48626.3   1.16325  
48628.7   48629.8   1.13556  
48655.4   48656.5   1.10566  
48657.4   48658.6   1.22063  
48663.6   48665.1   1.47372  
48666.3   48667.5   1.20484  
48673.3   48674.5   1.18156  
48685.1   48686.3   1.16962  
48692.5   48694     1.48241  
48705.6   48707.1   1.51484  
48718.5   48719.7   1.13734  
48740.3   48741.6   1.31016  
48750.7   48752     1.21391  
48782.7   48783.7   1.06016  
48799.7   48801.3   1.54534  
48816.4   48817.6   1.19984  
48820.2   48821.4   1.21425  
48826.5   48827.9   1.35266  
48836.3   48838     1.66813  
48840.8   48841.8   1.04653  
48849.4   48850.5   1.075    
48855.9   48857.1   1.20384  
48865.5   48866.6   1.13919  
49211.1   49212.5   1.431    
49251.6   49252.7   1.01369  
49254.8   49255.8   1.01019  
49266.8   49267.9   1.15194  
49273.1   49274.4   1.25122  
49309.6   49310.7   1.00256  
49330.4   49331.8   1.4435   
49347.6   49349.1   1.54381  
49359.4   49360.4   1.0095   
49367.5   49368.7   1.23     
49370.5   49371.5   1.01362  
49399.5   49400.8   1.25941  
49437.1   49438.4   1.23253  
49461.4   49462.4   1.03109  
49512.7   49514     1.25962  
49693     49697     4.04994  
49749.9   49751.5   1.6015   
50277     50278.1   1.07384  
50293.3   50294.5   1.17834  
50305.2   50306.5   1.35097  
50310.5   50311.7   1.15509  
50331.4   50332.5   1.10309  
50335.2   50336.2   1.03412  
50366.4   50367.7   1.33081  
50381.1   50382.1   1.01097  
50392.4   50393.6   1.24819  
50403.2   50404.2   1.03981  
50510.8   50511.9   1.09438  
50572.3   50573.4   1.10547  
50772.9   50774.2   1.30212  
50782.9   50783.9   1.05047  
50803     50804.1   1.11406  
50808.6   50809.8   1.18494  
50823.2   50824.3   1.08416  
50832.4   50833.8   1.37369  
50837.3   50838.4   1.13456  
50857     50858.3   1.39616  
50869.8   50871     1.16403  
50894.3   50895.5   1.2145   
50914.6   50915.7   1.13606  
50938.3   50939.5   1.19338  
50942.2   50943.7   1.48791  
50962     50963.5   1.52644  
50964.8   50966     1.22813  
51003.9   51005.3   1.38669  
51011.3   51012.5   1.13641  
51022.3   51023.8   1.47753  
51037.3   51038.3   1.00381  
51057.6   51059.2   1.56409  
51062.8   51064     1.22759  
51069.8   51071.3   1.49584  
51081.8   51082.9   1.07525  
51085.9   51086.9   1.03384  
51093.8   51094.9   1.08444  
51097.8   51098.8   1.08459  
51124.6   51125.6   1.00019  
51128.6   51129.8   1.17263  
51135.7   51136.8   1.04287  
51146.6   51147.7   1.07503  
51171     51172.1   1.11891  
51179     51180.2   1.16803  
51195.6   51196.7   1.10216  
51217.5   51218.9   1.36175  
51288     51289.5   1.42188  
51307.4   51308.8   1.44369  
51312     51313     1.02722  
51348.6   51349.8   1.1485   
51350.2   51351.3   1.08891  
51351.8   51353.4   1.61594  
51379.2   51380.9   1.74456  
51399.6   51400.7   1.03988  
51417.7   51419     1.27119  
51427.7   51428.8   1.05391  
51437.9   51439     1.02522  
51479.1   51480.4   1.2315   
51485.5   51486.7   1.26328  
51488.9   51490     1.03897  
51578.4   51579.9   1.46519  
51592.4   51593.7   1.26478  
51596     51597.3   1.35666  
51614.5   51616.3   1.86587  
52564.7   52565.7   1.02     
53147     53151.2   4.22194  
53685.3   53686.4   1.09094  
54551.8   54553     1.18056  
55925.2   55926.4   1.23669  
56614.2   56615.2   1.05803  
56617.7   56618.9   1.17878  
56633.2   56634.2   1.05781  
57126.7   57127.7   1.0365   
57130     57131.2   1.16756  
57184.1   57188.5   4.32931  
57710.7   57711.9   1.20984  
57759.3   57760.3   1.04128  
57765.2   57766.3   1.11169  
57797.8   57798.8   1.01459  
58313     58314.1   1.06644  
58367.6   58368.9   1.21975  
58632.1   58634.4   2.33162  
58807.1   58809.6   2.52275  
59759.5   59763.5   4.05909  
61316.6   61317.6   1.04156  
61331.9   61333.5   1.57166  
61360.9   61362.4   1.41709  
61381.5   61382.8   1.21306  
61392.5   61393.6   1.08491  
61419.1   61420.7   1.54831  
61446.2   61447.3   1.08447  
61455.8   61456.9   1.07488  
61475.1   61476.4   1.25609  
61562.4   61563.4   1.01744  
61697.9   61699     1.12441  
61940.9   61942.2   1.26953  
61991.3   61992.5   1.19241  
62131.7   62132.7   1.01609  
62140.8   62142     1.15659  
62522.1   62523.3   1.23131  
62547.6   62549.1   1.48297  
63443.4   63444.5   1.05581  
64722.5   64723.6   1.11438  
64876.3   64880.7   4.35784  
65460.5   65461.6   1.07725  
65597.6   65598.8   1.16531  
65676.5   65677.6   1.13731  
65693.5   65694.6   1.14088  
65834     65835.2   1.15203  
65892.7   65893.9   1.21328  
65908.6   65909.6   1.04453  
65950.4   65951.6   1.20522  
65965.1   65966.2   1.04534  
66006.3   66007.4   1.128    
66028.6   66030.1   1.46647  
66111.8   66112.8   1.01006  
66113.5   66114.7   1.19112  
66127.8   66128.9   1.08747  
66137     66138.3   1.283    
66151     66152     1.03287  
66158.9   66160     1.08822  
66200.7   66202.1   1.34503  
66293.5   66294.6   1.09759  
66613.9   66615     1.07766  
66777     66778     1.00988  
67210.5   67211.5   1.0585   
67284.1   67285.2   1.15356  
67527.1   67528.2   1.06628  
67602.3   67603.7   1.35719  
67665.3   67667.4   2.12162  
67748.9   67751     2.05275  
