0         2.13103   2.13103  
69.6551   71.1719   1.51684  
72.0999   73.2264   1.12653  
74.3185   76.3843   2.06578  
113.108   114.303   1.19422  
123.193   124.446   1.25284  
141.165   142.412   1.24669  
146.119   147.142   1.02272  
160.242   161.507   1.26431  
238.236   239.533   1.29741  
243.42    244.534   1.11438  
249.026   250.059   1.03297  
254.371   255.393   1.02228  
287.191   288.653   1.46153  
352.417   353.439   1.02141  
356.876   358.045   1.16941  
377.711   378.888   1.17622  
414.567   416.186   1.61872  
429.555   430.75    1.19525  
446.662   447.766   1.10381  
472.623   473.823   1.20016  
480.804   482.035   1.2305   
493.729   494.759   1.02978  
499.804   500.993   1.18903  
517.38    518.499   1.11972  
523.797   524.86    1.06328  
525.824   527.096   1.27131  
535.345   536.512   1.16691  
538.105   539.21    1.10563  
554.306   555.481   1.17497  
580.879   582.179   1.29988  
592.412   593.614   1.20138  
606.925   608.318   1.39303  
613.82    614.836   1.01559  
619.328   620.502   1.17413  
659.364   660.782   1.41859  
677.055   678.116   1.06088  
701.597   703.1     1.50281  
717.042   718.087   1.04537  
747.5     748.592   1.09231  
751.706   752.964   1.25825  
765.75    766.813   1.06266  
792.323   793.411   1.08831  
849.637   850.952   1.31553  
863.077   864.556   1.47981  
891.83    893.274   1.44416  
913.361   914.478   1.11741  
932.978   934.269   1.29119  
962.005   963.459   1.45466  
990.126   991.37    1.24353  
995.202   996.273   1.07163  
1001.1    1002.25   1.15084  
1008.92   1010.02   1.10706  
1036.33   1037.75   1.41959  
1040.7    1042.06   1.36578  
1050.09   1051.71   1.62447  
1067.54   1069.33   1.787    
1094.26   1095.55   1.28616  
1117.25   1118.39   1.142    
1179.2    1180.27   1.07284  
1194.68   1195.96   1.27506  
1257.57   1258.8    1.22759  
1269.64   1270.66   1.02259  
1296.32   1297.37   1.04888  
1303.04   1304.09   1.05262  
1315.74   1317.04   1.29928  
1322.61   1324.12   1.51172  
1326.61   1327.61   1.00022  
1331.03   1332.17   1.14387  
1345.61   1346.72   1.10428  
1384      1385.02   1.02634  
1390.88   1392.05   1.16553  
1411.87   1413.13   1.25916  
1422.38   1423.53   1.14506  
1428.84   1429.93   1.087    
1440.89   1442.13   1.23744  
1457.05   1458.65   1.59613  
1477.41   1478.89   1.48797  
1487.26   1488.32   1.05525  
1499.95   1501.34   1.38247  
1512.26   1513.42   1.15925  
1514.75   1515.86   1.10319  
1522.06   1523.55   1.49412  
1526.73   1528.08   1.35559  
1534.01   1535.14   1.12806  
1553.21   1554.27   1.06638  
1568.53   1569.6    1.06747  
1581.66   1582.73   1.06975  
1589.76   1590.88   1.1195   
1603.31   1604.49   1.17984  
1648.61   1649.82   1.21594  
1652.26   1653.91   1.65144  
1661.47   1663.26   1.79028  
1669.48   1670.63   1.14997  
1675.63   1676.91   1.28038  
1686.24   1687.33   1.08987  
1701.76   1703.12   1.36216  
1709.99   1711.26   1.27141  
1713.4    1714.7    1.29547  
1726.46   1727.54   1.07819  
1731.14   1732.56   1.42081  
1745.92   1746.97   1.05069  
1764.35   1765.41   1.06337  
1777.68   1779.03   1.34862  
1785.72   1787.2    1.48444  
1796.65   1797.86   1.20347  
1807.25   1808.29   1.04175  
1824.61   1825.93   1.32     
1843.8    1844.86   1.06253  
1848.48   1849.56   1.08034  
1853.53   1854.66   1.12741  
1892.94   1894.51   1.56647  
1905.52   1906.63   1.11544  
1912.7    1913.75   1.04919  
1918      1919.05   1.05406  
1929.39   1931.07   1.68578  
1943.73   1945.1    1.37456  
1956.98   1958.59   1.61156  
1974.08   1975.21   1.13312  
1995.9    1996.92   1.02991  
2035.64   2036.86   1.21903  
2050.47   2051.9    1.42931  
2064.13   2065.36   1.22716  
2081.3    2082.91   1.61403  
2094.85   2096.4    1.55334  
2104.78   2106.09   1.3035   
2126.36   2127.93   1.56756  
2132.37   2133.65   1.27566  
2135.26   2136.64   1.37794  
2147.65   2149      1.35062  
2167.34   2168.86   1.51703  
2170.9    2171.97   1.07075  
2177.13   2178.28   1.15194  
2189.77   2191.16   1.381    
2205.5    2207.26   1.76728  
2216.4    2217.46   1.058    
2246.23   2250.5    4.26656  
2251.27   2253.35   2.08288  
2274.8    2275.8    1.00294  
2306.98   2308.15   1.16984  
2319.13   2320.15   1.02041  
2321.65   2322.86   1.20816  
2335.28   2336.63   1.35156  
2339.06   2340.08   1.01709  
2384.49   2385.7    1.21644  
2407.45   2408.75   1.29681  
2423.82   2424.83   1.00775  
2440.05   2441.1    1.05012  
2450.61   2451.64   1.02372  
2485.62   2487.39   1.77094  
2509.9    2511.16   1.26153  
2613.37   2614.41   1.04097  
2620.42   2621.44   1.02447  
2662.51   2663.7    1.18778  
2691.05   2692.27   1.21859  
2712.19   2713.25   1.05678  
2726.63   2727.64   1.00366  
2742.42   2743.56   1.14441  
2746.21   2747.34   1.13028  
2755.04   2756.26   1.22272  
2818.22   2819.47   1.24622  
2822.05   2823.13   1.08316  
2830.79   2832.24   1.44547  
2836.73   2838.19   1.45091  
2841.6    2842.74   1.14222  
2857.54   2858.63   1.08966  
2863.93   2865.64   1.71247  
2875.49   2876.68   1.18147  
2910.25   2911.36   1.10891  
2921.5    2922.54   1.03578  
2966.05   2967.09   1.03316  
3000.02   3001.35   1.33891  
3031.8    3033.04   1.24559  
3122.87   3123.91   1.04475  
3136.74   3137.96   1.21884  
3145      3146.28   1.27816  
3156.15   3157.26   1.10525  
3162.22   3163.6    1.37584  
3187.67   3188.99   1.32497  
3199.79   3200.86   1.06956  
3205.51   3206.8    1.29653  
3208.76   3209.88   1.12387  
3211.66   3212.71   1.05328  
3219.5    3220.85   1.35413  
3241.01   3242.87   1.85375  
3256.57   3257.85   1.28563  
3275.66   3276.69   1.03853  
3279      3280.08   1.07963  
3284.23   3285.39   1.15878  
3331.81   3333.17   1.35894  
3373.53   3374.67   1.13538  
3398.71   3399.92   1.20341  
3416.37   3417.72   1.35134  
3432.89   3433.98   1.0915   
3465.97   3467.2    1.22459  
3470.55   3471.84   1.29481  
3488.87   3490.15   1.27769  
3519.25   3520.49   1.24259  
3529.6    3530.85   1.25366  
3538.09   3539.23   1.13675  
3560.51   3561.84   1.33675  
3576.06   3577.19   1.12453  
3597.37   3598.9    1.52869  
3712.22   3713.49   1.26622  
3722.32   3723.47   1.15147  
3749.92   3751.42   1.50381  
3763.07   3764.2    1.1315   
3768.38   3769.7    1.31188  
3778.68   3780.41   1.7315   
3811.68   3812.84   1.15675  
3814.88   3816.6    1.72141  
3829.86   3831.31   1.45084  
3843.1    3844.99   1.88856  
3861.49   3865.66   4.16538  
3866.42   3868.49   2.07112  
3922.39   3923.41   1.022    
4044.07   4045.46   1.39819  
4069.13   4070.29   1.15778  
4101.57   4102.72   1.14437  
4107.33   4108.84   1.50822  
4127.74   4128.97   1.23775  
4177.62   4179.04   1.42538  
4185.93   4186.97   1.03969  
4240.06   4241.22   1.15894  
4244.7    4245.7    1.00203  
4248.35   4249.56   1.20941  
4256.21   4257.22   1.00253  
4266.85   4267.89   1.04444  
4282.82   4284.09   1.26666  
4287.13   4288.4    1.26772  
4294.41   4296.15   1.74063  
4326.08   4327.26   1.17656  
4358.78   4360.38   1.60469  
4387.82   4388.83   1.01153  
4413.91   4415.2    1.29375  
4424.01   4425.13   1.11825  
4427.98   4429.16   1.17441  
4446.26   4447.83   1.57141  
4473.49   4474.7    1.20809  
4480.23   4481.26   1.03456  
4489.19   4490.56   1.36981  
4495.29   4496.47   1.17944  
4501.16   4502.16   1.00284  
4528.97   4530.16   1.19294  
4538.07   4539.18   1.10191  
4590.84   4592.02   1.17997  
4597.94   4599.09   1.14903  
4613.48   4614.64   1.15506  
4638.5    4639.67   1.16791  
4647.14   4648.24   1.09578  
4669.16   4670.23   1.07831  
4677.16   4678.17   1.00984  
4681.84   4683.2    1.36166  
4687.43   4688.46   1.02763  
4695.66   4696.83   1.17503  
4697.5    4698.52   1.01872  
4717.85   4719.47   1.62197  
4745.57   4747.01   1.44653  
4760.17   4761.28   1.10953  
4769.13   4770.26   1.12831  
4788.07   4789.24   1.17284  
4803.9    4805.3    1.39275  
4812.64   4813.66   1.01225  
4836.49   4837.82   1.32469  
4844.74   4845.77   1.03391  
4870.9    4872.04   1.14547  
4879.53   4880.84   1.30753  
4895.83   4897.18   1.35284  
4898.64   4900.05   1.41444  
4912.14   4913.47   1.33653  
4920.38   4921.98   1.59375  
4937.75   4939.55   1.80788  
4957.53   4958.83   1.29534  
5008.01   5009.63   1.61634  
5029.39   5030.69   1.29403  
5047.6    5049.32   1.72162  
5050.91   5051.95   1.04044  
5060.05   5061.34   1.29041  
5066.67   5068.01   1.33794  
5074.14   5075.87   1.73313  
5095.27   5096.55   1.27259  
5160.99   5162.25   1.26353  
5195.42   5196.84   1.42344  
5274.6    5275.85   1.25594  
5323.32   5324.99   1.6675   
5416.93   5418.46   1.52375  
5453.91   5455.13   1.21769  
5489.18   5490.4    1.22134  
5556.45   5557.59   1.13584  
5577.49   5578.65   1.16781  
5613.05   5614.11   1.06172  
5622.53   5623.57   1.04131  
5627.82   5628.98   1.16547  
5632.78   5637.01   4.22697  
5637.71   5639.87   2.16063  
5677.17   5678.5    1.33041  
5736.46   5737.63   1.17444  
5742.2    5743.21   1.00406  
5755.71   5757.11   1.39791  
5761.07   5762.45   1.38347  
5767.11   5768.39   1.27819  
5783.73   5784.74   1.00269  
5809.26   5810.31   1.04428  
5819.67   5820.78   1.10922  
5879.75   5880.93   1.17309  
5885.59   5886.62   1.03306  
5901.08   5902.19   1.1055   
5910.07   5911.15   1.08016  
5919.75   5920.83   1.08594  
5926.35   5927.73   1.37613  
5951.22   5952.38   1.16469  
5963.7    5965.41   1.71384  
5983.39   5984.64   1.24894  
6012.57   6013.77   1.2045   
6016.2    6017.25   1.04784  
6037.17   6038.79   1.62456  
6044.97   6046      1.02975  
6056.37   6057.47   1.10953  
6078.07   6079.36   1.2895   
6115.19   6116.34   1.1435   
6120.42   6122.43   2.00316  
6126.68   6127.7    1.02509  
6147.46   6148.77   1.30881  
6164.36   6165.49   1.12884  
6167.23   6168.5    1.27038  
6172.21   6173.24   1.03603  
6177.87   6179.02   1.14809  
6185.2    6186.7    1.49497  
6222.58   6223.72   1.1405   
6265.36   6266.56   1.20422  
6269.81   6270.84   1.03472  
6291.72   6292.79   1.07866  
6297.94   6299.23   1.29509  
6310.41   6311.68   1.268    
6315.24   6316.36   1.12219  
6325.76   6327.16   1.40637  
6339.91   6341.5    1.59497  
6357.97   6359.45   1.47813  
6360.91   6362.02   1.10534  
6366.22   6367.68   1.45875  
6373.31   6374.62   1.31034  
6384.34   6385.37   1.02728  
6397.08   6398.48   1.39647  
6402.76   6403.79   1.02953  
6404.32   6405.55   1.22747  
6413.41   6414.83   1.42828  
6422.77   6423.78   1.00941  
6449.54   6450.59   1.05531  
6486.67   6488.23   1.55862  
6492.79   6494.23   1.44675  
6505.38   6506.54   1.15587  
6508.68   6510.02   1.34066  
6529.9    6531.99   2.09744  
6538.15   6539.53   1.379    
6544.45   6545.94   1.48509  
6567.92   6569.04   1.11991  
6578.85   6579.89   1.04569  
6584.03   6585.43   1.40328  
6601.26   6602.36   1.09572  
6612.96   6614.01   1.05469  
6625.78   6627.41   1.63616  
6638.86   6640.39   1.52722  
6644.44   6645.46   1.01353  
6665.11   6666.73   1.62225  
6669.74   6670.79   1.05062  
6693.54   6694.66   1.11959  
6718.11   6719.57   1.46072  
6722.68   6723.93   1.25663  
6728.36   6729.42   1.06253  
6732.54   6733.65   1.1185   
6734.94   6735.98   1.03691  
6744.1    6745.28   1.17584  
6771.62   6772.69   1.07066  
6774.28   6775.48   1.20287  
6782.44   6783.97   1.53087  
6795.75   6797.82   2.06581  
6922.79   6923.89   1.10147  
6932.95   6933.98   1.03003  
6964.61   6965.61   1.00431  
6973.37   6974.63   1.26906  
6982.67   6984.59   1.92034  
7004.34   7005.4    1.05378  
7008.84   7009.9    1.05856  
7028.32   7029.58   1.26672  
7042.39   7043.74   1.35244  
7152.65   7153.92   1.26666  
7188.33   7190.09   1.757    
7196.39   7197.54   1.15016  
7201.65   7202.68   1.03238  
7232.29   7233.57   1.28241  
7256.82   7258      1.18847  
7291.11   7292.11   1.00347  
7306.1    7307.15   1.04244  
7342.07   7343.25   1.18325  
7346.03   7347.04   1.01863  
7364.05   7365.49   1.44162  
7377.63   7378.72   1.08831  
7442.83   7444.04   1.20381  
7458.69   7459.81   1.12053  
7483.81   7485.48   1.67178  
7494.11   7495.38   1.27219  
7506.87   7508.32   1.44847  
7528.35   7529.76   1.41175  
7531.77   7532.77   1.00472  
7539.73   7541.34   1.60122  
7561.68   7562.84   1.1585   
7567.31   7568.39   1.08044  
7575.9    7577.2    1.29278  
7581.85   7583.08   1.22947  
7592.74   7594.04   1.30709  
7611.65   7612.68   1.03188  
7643.96   7645.17   1.20819  
7650.81   7651.96   1.14587  
7665.67   7666.88   1.21178  
7673.47   7674.94   1.47325  
7706.57   7708.17   1.59675  
7726.76   7727.94   1.18166  
7732.6    7733.69   1.09856  
7768.17   7769.22   1.04841  
7801.34   7802.46   1.12187  
7809.21   7810.54   1.32966  
7821.98   7823.21   1.22944  
7853.98   7855.25   1.26313  
7875.81   7876.93   1.11494  
7878.84   7879.88   1.04509  
7881.1    7885.33   4.22506  
7886.16   7888.24   2.07947  
8028.32   8029.37   1.05284  
8072.48   8073.97   1.4885   
8114.41   8115.57   1.15878  
8129.52   8130.52   1.00206  
8134.81   8135.84   1.02169  
8144      8145.15   1.14306  
8160.62   8162      1.38334  
8214.33   8215.65   1.31563  
8229.51   8230.57   1.05238  
8240.33   8241.4    1.06966  
8241.81   8242.9    1.08684  
8259.16   8260.43   1.27131  
8266.46   8267.7    1.24006  
8284.94   8286.16   1.22272  
8288.69   8289.85   1.16325  
8299.22   8300.45   1.22997  
8318      8319.54   1.53575  
8355.03   8356.16   1.126    
8365.47   8366.49   1.01963  
8376.84   8377.86   1.02053  
8387.06   8388.15   1.08678  
8416.88   8418.02   1.14237  
8421.35   8422.39   1.04531  
8424.27   8425.39   1.12047  
8427.14   8428.41   1.27453  
8435.5    8436.54   1.04209  
8474.6    8476.01   1.41441  
8521.5    8523.08   1.57791  
8638.59   8640.15   1.56772  
8662.6    8663.63   1.03078  
8707.84   8709.08   1.23572  
8746.95   8747.97   1.02031  
8831.68   8833.57   1.88391  
8860.01   8861.12   1.10303  
8882.42   8883.7    1.28541  
8915.88   8917.02   1.14553  
8920.63   8921.73   1.09884  
8924.87   8926.08   1.20594  
8933.47   8934.5    1.03391  
8939.72   8941.04   1.32009  
8945.62   8946.94   1.32244  
8950.14   8951.23   1.08406  
8953.76   8954.94   1.186    
8957.67   8958.79   1.11862  
8965.03   8966.33   1.30097  
8967.54   8968.59   1.04934  
8982.01   8983.49   1.47675  
8992.86   8994.21   1.35456  
9003.22   9004.4    1.18356  
9006.63   9007.63   1.00003  
9009.93   9011.17   1.2455   
9021.49   9022.62   1.13556  
9026.31   9027.38   1.07084  
9032.61   9033.71   1.09062  
9053.5    9054.62   1.11347  
9058.74   9059.75   1.01162  
9120.93   9122.3    1.37172  
9157.78   9159.26   1.48063  
9164.93   9165.94   1.01009  
9178.06   9179.19   1.12722  
9180.72   9182.1    1.37644  
9185.66   9186.83   1.16769  
9207.41   9208.72   1.31319  
9231.07   9232.15   1.079    
9235.16   9236.26   1.09306  
9241.15   9242.29   1.1495   
9257.21   9258.31   1.10231  
9284.09   9285.74   1.64994  
9292.4    9293.45   1.04438  
9300.58   9301.61   1.03147  
9303.34   9304.42   1.08213  
9311.38   9312.74   1.36531  
9331.2    9332.68   1.47988  
9346      9347.21   1.21225  
9350.15   9351.25   1.09891  
9380.12   9381.19   1.06988  
9385.47   9386.54   1.06969  
9403.01   9404.27   1.25266  
9407.85   9408.94   1.09228  
9414.22   9415.25   1.0245   
9417.14   9418.18   1.04059  
9421.99   9423.28   1.28816  
9432.99   9434.26   1.27544  
9436.34   9437.41   1.07369  
9440.2    9441.31   1.11484  
9441.92   9443.26   1.33816  
9454.53   9455.7    1.17416  
9457.96   9459.02   1.06378  
9460.62   9462.29   1.66897  
9477.46   9478.53   1.06744  
9512.57   9513.85   1.27316  
9515.28   9516.36   1.07619  
9527.34   9528.7    1.35219  
9536.11   9537.65   1.53097  
9558.2    9559.23   1.02497  
9564.24   9565.48   1.24225  
9589.08   9590.34   1.26416  
9669.36   9670.47   1.11366  
9689.91   9690.96   1.04875  
9731.97   9733.87   1.89578  
9744.16   9745.48   1.31722  
9761.74   9762.76   1.02166  
9780.21   9781.57   1.35641  
9799.59   9800.7    1.10481  
9805.7    9806.76   1.06094  
9816.16   9817.35   1.18353  
9858.32   9859.72   1.40806  
9888.99   9890.66   1.67716  
9894.96   9896.09   1.13109  
9921.66   9923.07   1.40872  
9925.33   9926.41   1.08694  
9949.9    9951.33   1.42316  
9955.29   9956.71   1.41931  
9964.32   9965.56   1.24931  
9970.5    9971.57   1.06369  
9980.99   9982.38   1.39584  
9986.89   9988.15   1.25997  
9990.16   9991.32   1.1585   
9993.61   9994.98   1.37153  
10002.9   10004.1   1.15928  
10018.6   10020.1   1.49422  
10041.8   10043.6   1.76525  
10045.4   10046.6   1.10378  
10062.4   10063.7   1.29925  
10069.9   10071.3   1.40822  
10085.1   10086.5   1.46087  
10139.9   10141.1   1.20241  
10142     10143.4   1.39138  
10169.1   10170.5   1.36709  
10175.3   10176.8   1.53016  
10180.6   10182.2   1.58641  
10200.6   10201.9   1.23753  
10243.7   10245.1   1.34753  
10252.5   10253.9   1.32578  
10277.4   10279.1   1.62938  
10329.2   10330.8   1.67953  
10345.4   10346.4   1.01934  
10368.6   10370     1.31916  
10384.3   10385.5   1.16184  
10391.2   10392.6   1.42088  
10396.3   10397.4   1.07963  
10399.2   10401     1.76972  
10407.1   10408.6   1.50991  
10413.5   10414.9   1.42731  
10417.8   10418.8   1.07488  
10432.4   10433.9   1.49838  
10439.9   10441.1   1.22966  
10442.7   10443.9   1.17509  
10450.1   10451.9   1.83     
10477.5   10479.1   1.58781  
10481.4   10482.5   1.06875  
10491.4   10495.7   4.21109  
10496.6   10498.6   2.04778  
10536     10537.2   1.22597  
10556.3   10557.3   1.00653  
10561.3   10562.7   1.39856  
10569.7   10570.7   1.02425  
10589.3   10590.5   1.19303  
10648.5   10649.5   1.00316  
10655.4   10656.9   1.55097  
10667     10668.1   1.12138  
10675.1   10676.7   1.59369  
10705.5   10706.7   1.16387  
10741.2   10742.2   1.006    
10750.7   10752     1.26     
10771.1   10772.5   1.35947  
10781.8   10782.9   1.05612  
10811.5   10812.8   1.34269  
10823.4   10824.5   1.122    
10849.1   10850.4   1.25391  
10854     10855.3   1.30247  
10858.4   10859.7   1.29669  
10863.6   10865     1.35666  
10894     10895.2   1.19688  
10946     10947.2   1.19131  
10964     10965     1.02253  
10983.5   10985.2   1.74822  
11003.5   11004.6   1.13784  
11012.8   11015     2.16528  
11046.5   11048     1.45531  
11058.5   11059.6   1.0835   
11062.2   11063.2   1.04291  
11068     11069.1   1.045    
11073.6   11074.8   1.16506  
11113     11114.8   1.74059  
11125.8   11127     1.22906  
11132.9   11134     1.11372  
11139     11140.1   1.14772  
11142.6   11143.7   1.08491  
11149.2   11150.5   1.29091  
11162.5   11164     1.47991  
11175.5   11177.1   1.52378  
11184     11185.2   1.25087  
11190.5   11191.7   1.15981  
11197.1   11198.1   1.00625  
11199.3   11200.3   1.02978  
11236.6   11237.9   1.32928  
11239.6   11240.7   1.06222  
11245.9   11247.3   1.45197  
11250     11251.3   1.28484  
11267     11268.3   1.38163  
11283.7   11284.8   1.09387  
11303.1   11304.6   1.53631  
11309.3   11310.7   1.39756  
11314.2   11315.9   1.74172  
11328.5   11329.9   1.46066  
11333.4   11334.7   1.22366  
11338.3   11339.8   1.50781  
11344.1   11345.2   1.10378  
11346.7   11348.8   2.10484  
11374.5   11375.6   1.02728  
11386.5   11387.9   1.38703  
11417.9   11419.3   1.38772  
11424.3   11425.4   1.11809  
11452.6   11453.9   1.26891  
11459.7   11460.7   1.02559  
11470.3   11471.3   1.01028  
11473.5   11474.5   1.03869  
11476.4   11477.5   1.06381  
11531.1   11532.1   1.00641  
11538.5   11539.7   1.2405   
11554.8   11556.1   1.29412  
11588.8   11590.1   1.23044  
11607.9   11609.2   1.30841  
11661.8   11662.9   1.01969  
11670.1   11671.3   1.25022  
11684.8   11686.2   1.44653  
11706     11707.1   1.09019  
11716.7   11717.9   1.19081  
11728.6   11730.1   1.50869  
11733.2   11734.9   1.74672  
11738.5   11739.6   1.08969  
11740     11741.2   1.18622  
11745.7   11747.1   1.40912  
11749.1   11750.4   1.31081  
11757.1   11758.4   1.37791  
11766.3   11767.6   1.27203  
11772.2   11773.3   1.06609  
11778     11779     1.0005   
11792.8   11794.1   1.36859  
11796.8   11798.1   1.23903  
11821.9   11823.2   1.37266  
11824.2   11825.4   1.15459  
11831.4   11832.8   1.36834  
11858.1   11859.3   1.19478  
11862.8   11864     1.21675  
11874.8   11875.9   1.08019  
11886.7   11887.9   1.23625  
11891.6   11893.2   1.61825  
11901.8   11902.9   1.07406  
11907.5   11908.8   1.27731  
11915.6   11917     1.35722  
11917.6   11918.6   1.02572  
11934.7   11935.9   1.109    
11942.5   11943.9   1.42312  
11945.6   11946.6   1.019    
11960.7   11961.9   1.21094  
11986.3   11987.9   1.60137  
12010.7   12012     1.30756  
12013.4   12014.8   1.33109  
12016.2   12017.7   1.43722  
12032.6   12033.9   1.36344  
12037.4   12038.8   1.43888  
12046.3   12047.5   1.21372  
12049.1   12050.4   1.32603  
12051.6   12052.7   1.05372  
12062.4   12064.1   1.72744  
12084     12085.2   1.18288  
12086.8   12087.9   1.12609  
12100.5   12101.9   1.35703  
12113.7   12115.4   1.69772  
12119.3   12120.7   1.37078  
12122.6   12123.9   1.24438  
12124.8   12126     1.18237  
12136     12137.1   1.07406  
12141.8   12143.7   1.90391  
12145.8   12146.9   1.10531  
12169.1   12170.2   1.1465   
12177.1   12178.2   1.05734  
12194.2   12195.9   1.73319  
12198     12199     1.04994  
12209.3   12210.5   1.14447  
12219.2   12220.6   1.42766  
12225.8   12227.1   1.32812  
12237.1   12238.7   1.53569  
12244.6   12245.7   1.08256  
12248.4   12249.5   1.06331  
12254.8   12255.8   1.05172  
12260.5   12261.6   1.07591  
12262.4   12263.7   1.33559  
12268.2   12269.3   1.117    
12271     12272.6   1.56709  
12305.9   12306.9   1.03219  
12313     12314.1   1.05422  
12318.7   12319.7   1.02547  
12326.1   12327.6   1.4575   
12329.6   12330.8   1.25522  
12335.4   12336.5   1.11447  
12339.2   12340.4   1.18241  
12340.9   12342.3   1.35816  
12351.4   12352.9   1.49756  
12361.4   12363.1   1.75338  
12374.2   12375.2   1.02263  
12377.7   12378.9   1.19637  
12385.1   12386.6   1.55447  
12390.3   12391.6   1.34741  
12395.6   12396.8   1.19025  
12403.5   12405.1   1.5925   
12407.1   12408.1   1.02375  
12414     12415.1   1.09159  
12429     12430.5   1.472    
12448.3   12449.7   1.32222  
12455.4   12456.7   1.25553  
12461     12462.4   1.42184  
12472.4   12473.7   1.32513  
12482.9   12484.2   1.28331  
12496.8   12498.4   1.60191  
12503.6   12504.8   1.21306  
12506.3   12510.5   4.23091  
12511.3   12513.4   2.06288  
12523.1   12524.5   1.41216  
12529.8   12531.4   1.61631  
12539.1   12540.2   1.15303  
12541.8   12542.8   1.00081  
12549     12550.1   1.09206  
12556.4   12557.9   1.52963  
12560.7   12561.7   1.0605   
12567.3   12568.6   1.24266  
12571.7   12573.1   1.35775  
12577.2   12578.6   1.37869  
12581.6   12582.6   1.02556  
12596.6   12598.2   1.61228  
12605.3   12606.5   1.24913  
12607.9   12608.9   1.01041  
12613.7   12615.3   1.55341  
12638.6   12639.9   1.27328  
12643.8   12644.9   1.03644  
12647.5   12648.8   1.25894  
12657.4   12658.9   1.42919  
12673.2   12674.4   1.15041  
12675.6   12676.8   1.22159  
12680.5   12681.7   1.23797  
12683.2   12684.3   1.06494  
12700.3   12701.4   1.09103  
12704.8   12706     1.24153  
12711.3   12712.3   1.05222  
12714.7   12715.9   1.23853  
12718.5   12719.9   1.31763  
12736.3   12737.6   1.35234  
12763     12764     1.04913  
12767.3   12768.4   1.1235   
12769.5   12770.5   1.05328  
12772.7   12774     1.33825  
12777.7   12779.1   1.39669  
12781.3   12782.7   1.37531  
12791.5   12792.9   1.42716  
12795.4   12796.9   1.47603  
12808.5   12809.8   1.21516  
12823.9   12825.2   1.33581  
12826.4   12827.6   1.18875  
12830.4   12831.5   1.14484  
12838     12839.1   1.15837  
12845.2   12846.5   1.28659  
12850.1   12851.6   1.46794  
12855.9   12857     1.05469  
12882.8   12884.1   1.33556  
12889.6   12890.8   1.18562  
12896.9   12897.9   1.01819  
12911.2   12912.7   1.51181  
12930.3   12931.6   1.22925  
12966.7   12968.3   1.53844  
12971.1   12972.6   1.5675   
12975.4   12976.4   1.06062  
12980     12981.2   1.14941  
12981.9   12983     1.06259  
12984.6   12986.2   1.51991  
13001.4   13002.7   1.24056  
13012.4   13013.6   1.18594  
13023.2   13025.1   1.83278  
13027.3   13029.1   1.72544  
13035.2   13036.7   1.48244  
13046     13047.1   1.11438  
13053.2   13056.1   2.89338  
13064.1   13065.7   1.53669  
13068.7   13069.9   1.25025  
13075.4   13077     1.57244  
13093.9   13095.4   1.42931  
13104     13105.4   1.42822  
13127.4   13128.9   1.51981  
13221.7   13223.7   2.01609  
13229.9   13231.1   1.23206  
13273.8   13274.8   1.06716  
13350.3   13352     1.64556  
13358.3   13359.5   1.26719  
13360.1   13361.5   1.48216  
13395.1   13396.5   1.33466  
13401.5   13402.6   1.08831  
13415.1   13416.7   1.62719  
13450     13451.5   1.43822  
13480     13481.4   1.43666  
13482.2   13483.5   1.3145   
13513.3   13514.8   1.54556  
13516.7   13518     1.24275  
13546.3   13547.5   1.19216  
13548.4   13550     1.62712  
13556.4   13557.8   1.34409  
13570.1   13571.2   1.08072  
13573.1   13574.1   1.0735   
13581.7   13582.7   1.00828  
13589.8   13591.2   1.46703  
13635     13636     1.061    
13674.8   13676.1   1.36103  
13741.9   13743.2   1.25256  
13768.9   13769.9   1.01737  
13838     13839.3   1.35878  
13881.2   13882.2   1.01194  
13901     13902.1   1.12419  
13905.5   13906.6   1.03772  
13910.1   13911.7   1.66397  
13917     13918.2   1.27456  
13919.4   13920.4   1.04247  
13922     13923.3   1.26706  
13935.9   13937.2   1.29791  
13955.2   13956.4   1.14625  
13960.5   13961.6   1.07919  
13972.6   13973.9   1.32181  
13991.1   13992.7   1.56016  
13996.5   13997.9   1.36972  
14006.8   14008.7   1.86566  
14020.5   14021.8   1.25844  
14028.9   14030.1   1.17813  
14036     14037.5   1.58566  
14042.6   14044.1   1.55812  
14081.4   14082.8   1.42134  
14085.2   14086.5   1.21916  
14092.5   14093.7   1.15503  
14098     14099.4   1.40994  
14106.6   14107.7   1.15484  
14115.3   14116.8   1.5195   
14126.7   14128.6   1.92006  
14130     14131.1   1.04875  
14141.2   14142.8   1.66853  
14149.8   14151.1   1.36253  
14153.3   14154.3   1.00072  
14164.9   14166.3   1.40116  
14178.2   14179.5   1.28381  
14186.9   14187.9   1.04603  
14216.6   14217.9   1.2985   
14232.8   14233.8   1.08334  
14253.4   14254.5   1.09884  
14262.3   14263.4   1.09203  
14265.5   14266.6   1.1335   
14293.9   14295.1   1.17362  
14299.5   14300.5   1.021    
14330     14331.4   1.36906  
14345.6   14347.2   1.66916  
14350.4   14351.4   1.07803  
14397.5   14398.8   1.37066  
14407.3   14408.6   1.33678  
14423.4   14424.6   1.267    
14429.2   14430.6   1.42925  
14432.7   14434     1.32619  
14440.1   14441.2   1.07153  
14442.4   14443.4   1.02234  
14449     14450.2   1.25966  
14468.9   14470     1.04688  
14480     14481.1   1.08225  
14490.4   14491.5   1.10434  
14500.4   14501.5   1.10516  
14504.6   14505.8   1.20722  
14515.9   14517.1   1.15634  
14521.3   14522.3   1.04809  
14542.1   14543.5   1.44063  
14544.8   14545.8   1.02416  
14547.9   14549.3   1.40609  
14553.4   14554.8   1.43112  
14556     14557     1.00909  
14569.8   14570.8   1.05134  
14595.7   14596.7   1.04216  
14606.2   14607.4   1.26531  
14620.6   14621.9   1.27719  
14630.5   14631.7   1.22362  
14639.1   14640.2   1.07331  
14645     14646.1   1.09753  
14663.3   14664.4   1.14975  
14683     14684.1   1.17059  
14706.3   14708     1.73406  
14708.9   14710     1.06297  
14717.5   14718.8   1.32084  
14723     14724.2   1.20497  
14738.4   14740.2   1.89338  
14790.7   14792     1.33953  
14827     14828.6   1.62406  
14855.5   14857.8   2.30397  
14862.1   14863.4   1.31216  
14878.5   14880     1.53419  
14902.6   14903.9   1.32006  
14914.1   14915.3   1.16366  
14917.3   14918.8   1.49825  
14923.8   14925     1.16037  
14925.9   14926.9   1.03666  
14928     14929.1   1.11897  
14931.2   14932.3   1.07259  
14941     14942.4   1.43528  
14945.1   14946.3   1.17016  
14953     14954.9   1.97725  
14958.6   14959.8   1.24597  
14962.9   14964     1.08041  
14965.9   14970.1   4.19791  
14970.8   14972.8   2.03556  
14977.3   14978.5   1.19591  
14995.3   14996.3   1.08384  
15003.6   15004.7   1.13678  
15011.7   15012.8   1.05709  
15026.7   15028     1.22966  
15040.5   15041.7   1.27428  
15066.1   15068.2   2.09894  
15086.9   15088.7   1.84987  
15091.5   15092.7   1.19791  
15104.9   15106.2   1.32331  
15117.8   15118.9   1.13934  
15129.2   15130.4   1.26334  
15141.4   15142.9   1.47816  
15146.2   15147.5   1.26778  
15167.1   15168.6   1.48172  
15193.2   15195.3   2.08234  
15212.2   15213.3   1.10378  
15263.3   15264.6   1.28216  
15315.7   15317     1.33394  
15335.3   15336.7   1.44553  
15341.3   15342.4   1.17497  
15344.4   15345.6   1.26763  
15353.5   15354.6   1.06756  
15358.8   15360.1   1.31172  
15371.9   15373     1.04334  
15375.7   15377.1   1.42825  
15397.5   15398.7   1.20178  
15420.2   15421.6   1.39469  
15427.6   15428.7   1.15272  
15438     15439     1.02094  
15456.7   15458     1.32737  
15464.6   15466     1.40216  
15467.2   15468.2   1.03588  
15469.5   15470.9   1.41387  
15478.3   15479.4   1.078    
15481.8   15482.9   1.04966  
15490     15491.8   1.78106  
15532.7   15534     1.27147  
15537.6   15538.6   1.02494  
15548.9   15550     1.13291  
15561.4   15562.6   1.17275  
15571.4   15572.7   1.25344  
15579.2   15580.5   1.23522  
15584.4   15585.5   1.05941  
15588.7   15589.7   1.01216  
15590.1   15591.3   1.12594  
15601.8   15603.7   1.87038  
15614.1   15615.8   1.65594  
15634     15635.1   1.05344  
15638.2   15639.4   1.20644  
15650.7   15651.8   1.09978  
15655.3   15656.8   1.47397  
15659     15660.2   1.13481  
15669.3   15670.6   1.33328  
15675.9   15677.2   1.32031  
15678.6   15679.9   1.29041  
15683.7   15684.9   1.20991  
15686.4   15687.5   1.17941  
15692.7   15693.8   1.08766  
15697     15698.3   1.31509  
15699.2   15700.3   1.11209  
15724     15725.3   1.35519  
15731.4   15732.6   1.17534  
15736.4   15737.7   1.23772  
15741.4   15742.9   1.50028  
15766.3   15767.4   1.09187  
15786.5   15787.8   1.35038  
15828.9   15830     1.06934  
15855.2   15856.8   1.56584  
15862.9   15864.1   1.21134  
15905.5   15906.6   1.01416  
15911.9   15913.4   1.50659  
15917.2   15918.6   1.36619  
15923.2   15924.3   1.09247  
15937.3   15938.9   1.59166  
15950.7   15951.8   1.17619  
15958.6   15960.1   1.48113  
15963.8   15965     1.20619  
15996.9   15999     2.07334  
16003     16004     1.00347  
16041     16043.1   2.11219  
16049.4   16050.6   1.20409  
16067.6   16068.8   1.20347  
16071.1   16072.3   1.24919  
16076.6   16078     1.41347  
16080.5   16081.6   1.03066  
16086.6   16088.2   1.56847  
16097.4   16098.5   1.08853  
16100     16101.3   1.34053  
16107.7   16108.9   1.24578  
16111.4   16112.9   1.48359  
16120     16121.3   1.30219  
16123.9   16125.4   1.46994  
16148.9   16150.2   1.37747  
16152.8   16154.8   2.03463  
16160.2   16161.2   1.02788  
16163.8   16165.2   1.40284  
16170.8   16172.1   1.30525  
16174.4   16175.5   1.17619  
16177     16178.2   1.20063  
16182.6   16184.2   1.6155   
16188.9   16190.9   2.02306  
16193.1   16194.6   1.53341  
16201.1   16202.6   1.50978  
16204.2   16205.5   1.27012  
16207.8   16209.2   1.37266  
16212.9   16213.9   1.00038  
16214.9   16216.1   1.19141  
16223.7   16225     1.29522  
16229.1   16230.6   1.44153  
16237.6   16239.9   2.26303  
16270.4   16271.4   1.04694  
16290.8   16292     1.22309  
16301.1   16302.2   1.1415   
16303.4   16304.5   1.11391  
16345.9   16347.1   1.24147  
16352.7   16353.8   1.13563  
16361.6   16362.8   1.25281  
16368     16369.2   1.22547  
16410.5   16411.6   1.11325  
16456     16457.3   1.28609  
16472.2   16473.4   1.21844  
16477.4   16478.4   1.01869  
16493.8   16495.2   1.33647  
16500.5   16501.7   1.20344  
16507.9   16509.5   1.55309  
16513.5   16514.5   1.06119  
16519.8   16520.9   1.03703  
16539.4   16540.9   1.42028  
16573.8   16575.3   1.46731  
16580     16581.2   1.27275  
16585.5   16586.7   1.14828  
16590     16591.3   1.27034  
16618.7   16619.9   1.27791  
16628.8   16630.2   1.44288  
16644.6   16646.1   1.55313  
16649.9   16651.2   1.30628  
16661.3   16662.5   1.16169  
16665.3   16666.6   1.27669  
16676.2   16677.3   1.0375   
16678.9   16679.9   1.02456  
16701.9   16703     1.13669  
16714.3   16715.5   1.20909  
16721.9   16723.3   1.45088  
16729.6   16731.1   1.51575  
16747.9   16749.2   1.28097  
16766     16767.2   1.13322  
16787.2   16788.6   1.39203  
16800     16801.2   1.14922  
16802.9   16804.1   1.19316  
16807.4   16808.7   1.29534  
16821.4   16823.2   1.80569  
16846.2   16847.9   1.68984  
16850.4   16851.4   1.05031  
16857.8   16859.2   1.38769  
16871.3   16872.5   1.20234  
16874.3   16878.5   4.157    
16879.2   16881.3   2.09403  
16898.4   16899.7   1.27225  
16915.5   16917.2   1.73578  
16919.8   16921     1.16194  
16921.7   16922.7   1.01022  
16926.1   16927.4   1.29859  
16928.5   16929.7   1.17728  
16934.4   16935.4   1.05353  
16946.8   16948.4   1.57922  
16955.6   16956.9   1.36094  
16961.3   16962.4   1.08238  
16966.9   16968     1.09797  
16974.5   16975.8   1.30725  
16988.8   16989.8   1.07425  
16992.3   16993.5   1.16272  
16998.9   17000.2   1.24263  
17006.7   17008     1.33725  
17018.7   17020.1   1.46044  
17023.1   17024.3   1.15963  
17031.1   17032.2   1.13719  
17036     17037.4   1.42437  
17049     17050.1   1.05956  
17052.9   17054.1   1.19528  
17077.7   17079.2   1.58438  
17081.9   17083.1   1.26681  
17084.6   17085.7   1.18444  
17104.9   17106.2   1.37712  
17131.5   17132.7   1.24928  
17134.4   17135.8   1.33422  
17137.8   17138.9   1.08344  
17145.9   17147.4   1.49547  
17149.6   17150.6   1.03206  
17153.2   17154.2   1.02766  
17159     17160.4   1.41916  
17166     17167.2   1.15888  
17171.5   17172.8   1.23956  
17179.1   17180.7   1.64613  
17192     17193.3   1.37609  
17194.7   17195.9   1.18241  
17207.4   17208.5   1.05956  
17228.5   17229.7   1.14419  
17238.7   17240.3   1.55741  
17249.3   17250.8   1.48969  
17260.5   17261.7   1.17794  
17263.4   17264.6   1.27006  
17266.3   17267.6   1.23697  
17268.6   17269.7   1.13816  
17277.5   17278.6   1.10619  
17282.8   17284.2   1.42869  
17287     17288.5   1.44619  
17288.9   17290.1   1.16553  
17295.4   17296.5   1.15853  
17298.7   17300.3   1.55991  
17303.1   17304.5   1.46534  
17319.1   17321.1   1.94372  
17325.4   17326.5   1.13919  
17331.8   17333     1.25469  
17360.1   17361.4   1.28434  
17363.1   17364.3   1.19672  
17368.1   17369.7   1.53137  
17372.3   17373.8   1.52831  
17398.9   17400.2   1.22091  
17407.9   17408.9   1.01459  
17421.4   17423.1   1.73656  
17429.9   17431     1.16688  
17436.5   17437.6   1.1185   
17438.4   17439.6   1.20534  
17441.2   17442.5   1.30819  
17445.4   17446.5   1.13978  
17449.2   17450.3   1.09919  
17458.1   17459.6   1.52806  
17462.1   17463.1   1.07234  
17476.4   17477.8   1.34584  
17495.3   17496.6   1.30853  
17507     17508.1   1.05806  
17543.5   17544.9   1.40141  
17546.7   17547.9   1.19891  
17552.4   17554.5   2.06566  
17580.3   17581.9   1.57728  
17619.5   17620.9   1.36675  
17624.5   17626     1.48419  
17643.9   17644.9   1.02063  
17646     17647.1   1.04038  
17668.3   17669.6   1.23525  
17693.9   17695.1   1.22422  
17705.3   17706.7   1.42063  
17733.8   17735     1.17322  
17758.8   17760.5   1.69112  
17791.9   17793.4   1.52431  
17874.1   17875.1   1.03638  
17888.8   17889.9   1.03206  
17893.4   17894.4   1.05178  
17918.8   17920     1.19419  
17933.5   17934.6   1.12709  
17935.8   17936.9   1.10759  
17984.1   17986.2   2.02753  
18011.8   18012.9   1.08531  
18034.3   18035.7   1.40556  
18042     18043.1   1.08509  
18043.8   18044.9   1.14569  
18053.9   18055.6   1.67894  
18067.4   18068.8   1.36309  
18079.7   18080.8   1.1075   
18084     18085.1   1.05153  
18091.3   18092.4   1.11778  
18115.7   18116.8   1.13806  
18157.6   18158.8   1.17641  
18164.1   18165.1   1.02747  
18165.7   18166.8   1.10909  
18168     18169.1   1.10859  
18176.8   18178.3   1.53137  
18187.6   18189.7   2.12869  
18214.1   18215.1   1.01741  
18226.6   18228     1.47403  
18291.4   18292.7   1.26956  
18312.4   18313.5   1.0545   
18379.8   18380.9   1.02756  
18384.2   18385.4   1.19228  
18394.1   18395.5   1.42456  
18397.7   18398.8   1.05409  
18429.1   18430.4   1.36022  
18434.4   18435.5   1.03172  
18442.9   18444.3   1.42209  
18446.9   18448.1   1.23519  
18459.6   18461     1.36262  
18465     18466.2   1.17206  
18469.2   18470.4   1.13669  
18476.2   18477.8   1.58156  
18480.4   18481.4   1.05344  
18485.3   18486.4   1.16013  
18500.4   18501.8   1.41169  
18511.5   18512.9   1.41122  
18525.7   18527     1.34922  
18530.2   18531.2   1.01566  
18549     18550.2   1.17288  
18560.5   18561.8   1.36991  
18574.9   18576     1.16288  
18580.3   18581.3   1.03     
18587.3   18588.7   1.42616  
18596     18597.5   1.49     
18615.1   18616.5   1.41891  
18622     18623.2   1.14216  
18633.2   18634.2   1.06275  
18637.3   18638.4   1.152    
18640.9   18642.6   1.66837  
18652.6   18654.1   1.51125  
18656.4   18657.6   1.21206  
18661.3   18662.4   1.16853  
18665.3   18666.5   1.16344  
18669.9   18671.3   1.45456  
18686.2   18687.4   1.16525  
18702.3   18704     1.68222  
18728.7   18730     1.27625  
18746.6   18747.6   1.03231  
18751.6   18752.6   1.03188  
18759.8   18764.1   4.26322  
18764.8   18766.9   2.11659  
18799.3   18800.5   1.16991  
18824.9   18826.1   1.2205   
18860     18861.2   1.18338  
18869     18870.1   1.17219  
18873.6   18874.7   1.07984  
18896.7   18897.9   1.22119  
18905.9   18907.1   1.24366  
18935.6   18937.2   1.60025  
18955.5   18956.6   1.08597  
18967.1   18968.1   1.07925  
18989.5   18990.6   1.04331  
19003.3   19004.6   1.29281  
19030.4   19031.6   1.14391  
19055.7   19056.9   1.15741  
19069     19070.4   1.47572  
19075.4   19076.5   1.11116  
19079.8   19080.9   1.17613  
19094.6   19095.7   1.10038  
19106.1   19107.1   1.02212  
19115.3   19116.3   1.07834  
19121.3   19122.5   1.24131  
19123.9   19125.1   1.16363  
19132.6   19133.8   1.17394  
19161.3   19162.4   1.04381  
19164.7   19166     1.36972  
19181.8   19183.1   1.37572  
19191.4   19192.5   1.13572  
19198.6   19199.6   1.06147  
19201.1   19202.2   1.08544  
19216.6   19217.9   1.35103  
19237.3   19238.5   1.25416  
19261.1   19262.4   1.34959  
19263.1   19264.4   1.30922  
19295.2   19296.2   1.04222  
19301.3   19302.3   1.00106  
19312.3   19313.5   1.233    
19323.4   19324.6   1.23234  
19345.7   19347     1.28281  
19373.1   19374.3   1.22369  
19375.5   19376.7   1.16794  
19381.3   19382.4   1.07169  
19394.3   19395.7   1.34481  
19399.3   19400.3   1.05872  
19400.8   19401.9   1.04384  
19403     19404.1   1.09072  
19417.6   19419     1.36763  
19422.6   19423.8   1.20469  
19453.1   19454.2   1.182    
19459.8   19460.9   1.01791  
19464     19465.2   1.18869  
19470.9   19472.1   1.16416  
19477.8   19478.9   1.08722  
19481.1   19482.2   1.05066  
19489.4   19490.7   1.25253  
19509.8   19510.8   1.00291  
19520.4   19522.3   1.87709  
19536.4   19537.4   1.01531  
19564.8   19566.3   1.52659  
19582.1   19583.2   1.11684  
19592.2   19593.4   1.24931  
19599.5   19600.8   1.30075  
19611     19612.4   1.33941  
19635.8   19637.5   1.70844  
19643.9   19645.1   1.24359  
19648.5   19649.5   1.01859  
19652.3   19653.3   1.03309  
19661.5   19662.7   1.167    
19706.5   19707.6   1.1115   
19722.7   19723.9   1.25338  
19728.6   19729.7   1.02397  
19748.4   19750.3   1.85981  
19756.9   19758.3   1.34775  
19765.1   19766.6   1.54272  
19772.5   19773.7   1.18694  
19813.7   19815.1   1.43828  
19825.3   19826.3   1.01853  
19829.6   19830.7   1.0555   
19839.5   19841.1   1.51491  
19849.7   19850.8   1.07262  
19853.5   19854.7   1.18875  
19894.9   19896.3   1.37828  
19901     19902.3   1.29163  
19906.9   19908.2   1.21784  
19912     19913.1   1.08578  
19932.6   19933.7   1.116    
19943     19944.1   1.09975  
19966.7   19968     1.30622  
19983.2   19984.3   1.05603  
19989.6   19990.6   1.08134  
19995.5   19996.5   1.04766  
20007.8   20009.1   1.29937  
20026.9   20028.1   1.21009  
20030.2   20031.4   1.16353  
20038     20039.2   1.28419  
20041     20042.6   1.61619  
20069.5   20070.7   1.22703  
20134.3   20135.7   1.40013  
20145     20146.1   1.06353  
20154     20155.2   1.18569  
20157     20158.3   1.29128  
20200.7   20201.8   1.06278  
20209.9   20211     1.06662  
20221.7   20222.8   1.084    
20230.3   20231.3   1.01116  
20236.8   20237.8   1.05434  
20249.6   20250.7   1.09944  
20259.4   20260.6   1.20913  
20280.1   20281.6   1.48744  
20303     20304.2   1.259    
20312.3   20313.5   1.18178  
20340.7   20341.8   1.12738  
20354.9   20356.1   1.19369  
20387.3   20388.7   1.37609  
20425.4   20426.4   1.01444  
20434     20435     1.02328  
20442.9   20444     1.10838  
20458.9   20460     1.06838  
20501.2   20502.3   1.12369  
20520.6   20521.7   1.135    
20544.2   20545.3   1.05862  
20550.5   20551.9   1.37584  
20559.3   20560.4   1.06266  
20576.4   20577.8   1.44572  
20590.4   20591.4   1.02737  
20592.3   20593.4   1.08563  
20602.8   20603.9   1.10888  
20606.3   20607.5   1.15228  
20619.5   20621.3   1.77547  
20624.7   20625.8   1.11587  
20658.2   20659.6   1.41606  
20665.9   20667.1   1.25553  
20682.2   20683.3   1.14025  
20695.5   20696.9   1.37647  
20701.5   20702.5   1.06469  
20705.3   20706.4   1.06272  
20709.6   20710.6   1.07969  
20718.2   20719.7   1.52691  
20732.7   20734.6   1.87587  
20751.2   20753.3   2.06925  
20757.8   20758.8   1.00316  
20768.5   20769.5   1.03541  
20778.9   20779.9   1.06516  
20785.9   20787     1.07541  
20816.6   20818.2   1.67647  
20819.7   20820.7   1.02678  
20825.2   20826.4   1.19103  
20827.9   20829     1.08881  
20840.1   20841.4   1.31934  
20892.7   20894     1.22256  
20920.5   20921.6   1.15816  
20926.9   20928.2   1.29866  
20954.2   20955.4   1.21687  
20956.3   20957.5   1.17544  
20960.2   20961.6   1.46403  
20967     20968.1   1.11172  
20972.4   20973.5   1.06281  
20978.7   20980.3   1.57856  
20981.8   20983     1.15709  
20988.1   20989.2   1.08056  
20992.3   20996.5   4.24666  
20997.3   20999.4   2.08319  
21004.5   21005.5   1.02222  
21010.9   21011.9   1.01944  
21039.7   21040.8   1.18144  
21042.3   21043.8   1.56025  
21048.5   21049.6   1.11744  
21057     21058.4   1.32537  
21079.4   21080.8   1.31919  
21083.4   21084.5   1.17422  
21104.5   21105.8   1.36147  
21136.3   21137.6   1.29606  
21153.8   21155.8   1.99491  
21160.1   21161.3   1.13466  
21161.6   21162.7   1.01228  
21169     21170.3   1.29128  
21246.1   21247.4   1.27744  
21257.1   21258.2   1.05544  
21278.7   21279.8   1.10166  
21282.9   21284     1.05388  
21287     21288.1   1.16275  
21302.1   21303.2   1.11728  
21307.2   21308.6   1.43928  
21309.4   21310.5   1.06166  
21315.3   21316.8   1.50753  
21319.2   21320.2   1.00769  
21370.6   21372     1.36328  
21383.6   21385     1.43478  
21395     21396.1   1.08991  
21398.2   21399.2   1.02947  
21407.4   21408.5   1.09122  
21440.4   21441.8   1.34419  
21445.3   21446.3   1.06447  
21449.8   21451.1   1.29087  
21477.3   21478.4   1.09144  
21480.2   21481.3   1.18156  
21488     21489.2   1.219    
21494.6   21495.6   1.02894  
21528.2   21529.8   1.66187  
21539.8   21541     1.20847  
21556.1   21557.2   1.07581  
21564.3   21565.5   1.17738  
21579.1   21580.2   1.14697  
21581.1   21582.3   1.21266  
21605.6   21606.8   1.21366  
21609.3   21610.7   1.43903  
21632.1   21633.4   1.24616  
21637.4   21638.4   1.02175  
21643.6   21644.7   1.10153  
21647.8   21648.9   1.06041  
21674.3   21675.6   1.31303  
21712.2   21713.3   1.09241  
21749.6   21750.6   1.03294  
21855.6   21856.7   1.07763  
21865.6   21866.6   1.01244  
21870     21871.1   1.17231  
21875.6   21876.7   1.13131  
21889.8   21890.9   1.04469  
21895.9   21897     1.11403  
21930.3   21931.3   1.03131  
21933.5   21934.6   1.11956  
21937.7   21939.4   1.61625  
22039.8   22040.9   1.07937  
22048.2   22049.6   1.37478  
22056     22057.4   1.42666  
22070.8   22072     1.18725  
22084.5   22085.7   1.26316  
22092.9   22094     1.16637  
22112.3   22113.7   1.37319  
22124.8   22126     1.16387  
22132.6   22133.8   1.19666  
22140.7   22141.8   1.11522  
22149.6   22151     1.39312  
22205.5   22206.5   1.07591  
22225.9   22227.1   1.19459  
22257.7   22259.1   1.37484  
22274.7   22276.6   1.82828  
22284.7   22286     1.23366  
22305     22306.2   1.11372  
22322.3   22323.5   1.23022  
22379.7   22380.9   1.19522  
22395.4   22396.9   1.55019  
22406     22407.5   1.50406  
22414.5   22416     1.58594  
22423.9   22425     1.12587  
22449.6   22451.3   1.72056  
22456.9   22458.2   1.2555   
22479.6   22481.4   1.83553  
22515.8   22517     1.13919  
22519.3   22520.6   1.24525  
22534.8   22535.9   1.13013  
22539.4   22540.6   1.14684  
22546.8   22548.5   1.716    
22551     22552.1   1.09666  
22559.7   22561.2   1.50691  
22568.7   22569.7   1.05459  
22572.7   22573.7   1.05406  
22580.4   22581.5   1.09316  
22583.2   22584.3   1.12738  
22604.3   22606.4   2.10431  
22630.2   22631.5   1.34422  
22673.9   22675.5   1.55403  
22686.5   22687.5   1.00594  
22691.2   22692.3   1.08438  
22718.3   22719.4   1.07834  
22723.6   22724.7   1.05434  
22727.6   22728.6   1.01134  
22750.4   22752.1   1.71269  
22782.6   22783.9   1.27175  
22809     22810.4   1.39819  
22826.7   22828.2   1.52934  
22847.9   22849.6   1.65519  
22854.9   22855.9   1.04453  
22892.2   22893.2   1.02963  
22939.7   22941.1   1.41925  
22981.8   22982.9   1.02044  
23021.9   23022.9   1.05372  
23028.5   23029.9   1.38691  
23061.9   23063     1.17803  
23106.4   23107.5   1.09813  
23117.9   23122.1   4.21909  
23122.9   23125.1   2.11019  
23148.8   23150.7   1.90081  
23170.5   23171.8   1.29556  
23178.9   23180.1   1.14463  
23184.6   23185.8   1.14875  
23200.3   23201.4   1.08756  
23227.7   23228.8   1.16081  
23254.9   23256.6   1.69884  
23262     23263.4   1.41894  
23270.3   23272     1.72203  
23282.9   23284     1.08469  
23301.1   23302.6   1.4815   
23305.8   23306.9   1.09125  
23317     23318.1   1.09978  
23326     23327.3   1.31506  
23328.9   23330     1.02841  
23336.7   23338.1   1.37359  
23345.3   23346.6   1.291    
23351.8   23353     1.14016  
23369.4   23370.4   1.04262  
23376.5   23377.7   1.24034  
23388.8   23389.8   1.04391  
23393.5   23394.7   1.15175  
23398.6   23399.6   1.07647  
23441.3   23442.5   1.18472  
23462.6   23463.7   1.07544  
23475.3   23476.3   1.02434  
23516.4   23517.7   1.30022  
23521.3   23522.5   1.18159  
23524.9   23526.3   1.37675  
23528.5   23529.6   1.03363  
23539     23540.1   1.07809  
23559.8   23561.6   1.79531  
23572.3   23573.7   1.35631  
23633.2   23634.2   1.00612  
23695.6   23696.6   1.01553  
23731.4   23732.6   1.24344  
23745.3   23746.6   1.26063  
23865.9   23867.6   1.70803  
23957.9   23959.1   1.1355   
23978.1   23979.3   1.20197  
23994.1   23995.4   1.25788  
23998.7   24000     1.27197  
24031.4   24032.6   1.19066  
24040.7   24041.8   1.0705   
24050.2   24051.6   1.32159  
24078.6   24079.6   1.00778  
24089.9   24090.9   1.08841  
24104.4   24105.6   1.16206  
24114.1   24115.1   1.03366  
24120.4   24121.8   1.41613  
24198.3   24199.7   1.39319  
24207.1   24208.3   1.24366  
24236.2   24237.2   1.03497  
24271.1   24272.3   1.22263  
24273.9   24275     1.1665   
24304.1   24305.3   1.15694  
24313.6   24314.6   1.01631  
24317.2   24318.3   1.13197  
24319.5   24320.6   1.11675  
24365.8   24366.9   1.15194  
24368     24369.3   1.36859  
24391.2   24393.5   2.32309  
24398.8   24399.9   1.10666  
24489.1   24490.3   1.24178  
24517.8   24519     1.21072  
24525.6   24526.8   1.26034  
24560.7   24562     1.29306  
24564.3   24565.7   1.33638  
24568.2   24570.5   2.28653  
24621.3   24622.4   1.06763  
24637     24638.6   1.53559  
24647.6   24648.7   1.0835   
24662.2   24663.5   1.30728  
24670.6   24671.6   1.04506  
24682.6   24683.7   1.06078  
24687.7   24688.8   1.11784  
24723     24724.1   1.12047  
24726.3   24727.5   1.17422  
24732.3   24733.5   1.19813  
24753.6   24755.8   2.23178  
24767.2   24768.5   1.25956  
24773.8   24775     1.21331  
24785.8   24787.2   1.40587  
24797.7   24799.2   1.52106  
24804.2   24805.5   1.31406  
24836.3   24837.7   1.46834  
24847.1   24848.2   1.15841  
24891.2   24892.5   1.33116  
24930.6   24931.7   1.08422  
24932.6   24933.7   1.0905   
24948.2   24949.4   1.16488  
24953.9   24954.9   1.03719  
24973.4   24974.5   1.16672  
25009.6   25010.7   1.11328  
25045.1   25046.2   1.10444  
25070.1   25071.3   1.14378  
25100.8   25102.1   1.25972  
25127.5   25128.7   1.18203  
25145.8   25146.8   1.0775   
25160.2   25161.5   1.259    
25173.9   25175.3   1.3995   
25178.8   25180.1   1.27609  
25216.2   25217.6   1.40481  
25231.8   25233     1.17703  
25235.4   25236.6   1.14875  
25243.6   25247.8   4.27778  
25248.9   25251     2.09109  
25268.6   25269.6   1.01556  
25320.6   25321.7   1.10869  
25329.7   25331.3   1.53328  
25341.6   25343.2   1.61134  
25379.7   25380.9   1.16059  
25389.5   25390.7   1.19484  
25398.9   25400.2   1.30956  
25424.3   25425.9   1.51175  
25461.5   25462.7   1.17716  
25467.3   25468.4   1.09066  
25479.7   25481.1   1.428    
25492.2   25493.2   1.00797  
25541.8   25543.5   1.62219  
25569     25570.1   1.07925  
25585.3   25586.7   1.41028  
25612.3   25613.6   1.33075  
25621     25622.1   1.12828  
25642     25643.2   1.16484  
25683     25684.1   1.06134  
25711.5   25712.6   1.11566  
25734     25735.1   1.07459  
25768.6   25769.8   1.28869  
25783.2   25784.6   1.42631  
25793.7   25794.9   1.20106  
25828.2   25829.3   1.04128  
25831.9   25833.6   1.73531  
25868.3   25869.4   1.16275  
25882.7   25884     1.27397  
25916.4   25917.6   1.26372  
25939.6   25940.7   1.16803  
25959.6   25960.8   1.22131  
25972.9   25973.9   1.04909  
25979.3   25980.4   1.1385   
25989.3   25990.3   1.04775  
25995.7   25996.8   1.11509  
26017.5   26018.6   1.13297  
26030.5   26031.6   1.17875  
26042.7   26044.1   1.36591  
26052.7   26053.9   1.25116  
26055.2   26056.3   1.08781  
26058.4   26059.4   1.01806  
26059.8   26061     1.237    
26067.5   26069.3   1.88447  
26092.2   26093.2   1.01881  
26167.4   26168.5   1.08547  
26172.2   26173.2   1.02309  
26188.4   26189.6   1.169    
26202.9   26204     1.16875  
26211.6   26212.9   1.33513  
26260.9   26262     1.10616  
26265.1   26266.2   1.15041  
26315.8   26317.9   2.06119  
26332     26333.4   1.42497  
26342.4   26343.5   1.15803  
26354.2   26355.6   1.40291  
26358.6   26359.6   1.0025   
26365.9   26367.3   1.3265   
26378.6   26379.9   1.28375  
26423.6   26424.6   1.06475  
26426.6   26427.8   1.19984  
26432.8   26433.8   1.05497  
26447.8   26449.1   1.27334  
26458.8   26459.9   1.06491  
26475.9   26477     1.11872  
26484.5   26485.5   1.06281  
26520.5   26521.9   1.41888  
26546.6   26548.2   1.61372  
26564.8   26566.3   1.45713  
26572.9   26573.9   1.01044  
26582.8   26583.9   1.12984  
26584.5   26585.8   1.23084  
26594     26595.1   1.03812  
26598.4   26600.2   1.81084  
26622.2   26623.4   1.17772  
26679.7   26680.8   1.194    
26682.1   26683.2   1.05391  
26700.1   26701.1   1.04006  
26705.2   26706.4   1.23797  
26712.3   26713.9   1.58191  
26724     26725     1.03078  
26733.4   26734.5   1.02994  
26769.4   26770.4   1.0045   
26773.3   26774.7   1.44606  
26785     26786     1.01609  
26787.6   26788.8   1.13447  
26791.6   26792.8   1.2045   
26806.3   26807.9   1.64256  
26842.8   26843.8   1.01378  
26877.9   26879     1.09534  
26899.9   26901     1.05181  
26914.3   26915.4   1.12803  
26921     26922.1   1.09531  
26935.1   26936.6   1.54991  
26963.1   26964.2   1.11112  
26970.5   26972     1.46022  
27004.7   27006.1   1.32894  
27027.6   27028.8   1.20303  
27058.2   27059.5   1.25588  
27075.1   27076.2   1.02747  
27103.1   27107.4   4.24034  
27108.4   27110.6   2.17006  
27149.6   27150.7   1.14613  
27190.9   27192.1   1.24881  
27219.2   27220.6   1.34513  
27222.6   27223.6   1.07734  
27232.1   27233.2   1.09062  
27234.2   27235.3   1.12131  
27243     27244.2   1.19759  
27277.5   27278.8   1.37053  
27303.5   27304.6   1.12803  
27329.7   27331     1.26672  
27341.6   27342.9   1.29009  
27358.9   27360.7   1.72394  
27374.3   27375.4   1.08497  
27399.6   27401     1.35069  
27408.1   27409.8   1.70713  
27426.8   27428.4   1.58159  
27446.5   27447.9   1.41319  
27489.6   27490.9   1.29347  
27493     27494.4   1.40981  
27499.2   27500.4   1.12747  
27503.4   27504.9   1.52372  
27516.1   27517.2   1.02478  
27524.5   27525.5   1.01113  
27527.8   27528.9   1.07881  
27545.3   27546.4   1.10731  
27563.5   27564.8   1.33794  
27570.8   27571.8   1.01203  
27622     27623.3   1.34253  
27626.2   27627.3   1.06184  
27648.1   27649.5   1.42672  
27681     27682.2   1.13209  
27700.9   27702.4   1.49556  
27705.1   27707.4   2.29387  
27754.5   27755.9   1.42172  
27765.2   27766.2   1.02966  
27778.5   27779.6   1.09772  
27795.6   27796.9   1.33709  
27833     27834.1   1.10819  
27856.9   27858.1   1.18525  
27872.8   27874.1   1.24     
27878.8   27880.8   1.97166  
27926.1   27927.4   1.30291  
27974.3   27975.5   1.26869  
27999.8   28001.2   1.41606  
28014.6   28015.8   1.13363  
28055.8   28056.9   1.04034  
28128.6   28129.7   1.12791  
28142     28143.2   1.16766  
28144.1   28145.1   1.0015   
28160.3   28161.4   1.14644  
28225.4   28226.4   1.01297  
28264.8   28266     1.12622  
28278.2   28280.1   1.91603  
28359.7   28360.8   1.09684  
28364.7   28365.9   1.24078  
28378.5   28379.7   1.20481  
28382.7   28383.7   1.02881  
28392.4   28393.6   1.16719  
28432.7   28433.7   1.02881  
28491.5   28492.6   1.0225   
28498.2   28499.4   1.20534  
28501     28502.2   1.19816  
28537     28538.2   1.13603  
28541.9   28542.9   1.03909  
28553.5   28555.1   1.60013  
28560.2   28561.5   1.29556  
28564.3   28565.4   1.084    
28607.7   28609.4   1.75859  
28612.9   28614.1   1.12191  
28629.4   28630.7   1.29263  
28634.7   28635.9   1.17425  
28640     28641.4   1.39966  
28665.5   28666.9   1.33053  
28669.7   28670.7   1.00028  
28686.2   28687.7   1.50287  
28713.9   28715.2   1.26131  
28737.5   28738.9   1.41691  
28743.6   28744.6   1.08131  
28755.4   28756.6   1.21391  
28763.8   28765.3   1.45506  
28777.1   28778.2   1.16738  
28781.2   28782.6   1.37091  
28789     28790.2   1.14991  
28801.6   28803.1   1.44863  
28805.9   28808.1   2.16934  
28835.5   28837     1.57116  
28861.2   28862.4   1.26016  
28868.1   28869.5   1.38194  
28875.2   28876.8   1.62594  
28894.6   28896.4   1.80428  
28932.5   28933.9   1.39263  
28938.5   28939.7   1.25066  
28955.4   28956.6   1.21653  
28991.7   28992.9   1.20378  
29004.2   29005.4   1.18394  
29011.1   29012.4   1.35619  
29022.1   29023.2   1.16609  
29035.2   29036.3   1.01694  
29043.8   29045.3   1.431    
29050.8   29052     1.24938  
29079.5   29080.7   1.17684  
29085.4   29086.6   1.19356  
29103     29104.3   1.32394  
29145.6   29146.9   1.3075   
29185.2   29186.3   1.10881  
29213     29214.4   1.37878  
29216.1   29217.2   1.07556  
29231.5   29233     1.53006  
29239.1   29240.1   1.02737  
29246.6   29248.1   1.45931  
29251.5   29252.6   1.04294  
29263.6   29265     1.37197  
29271.6   29272.6   1.04072  
29277.9   29279.1   1.13984  
29280.3   29281.7   1.39144  
29283.6   29284.7   1.14653  
29287     29288.1   1.11872  
29295.1   29296.2   1.10622  
29298.8   29300     1.16587  
29303.4   29307.5   4.14084  
29308.5   29310.6   2.09106  
29355.5   29356.7   1.19938  
29410.4   29411.6   1.18959  
29414.2   29415.6   1.34431  
29432.6   29433.8   1.17634  
29441.2   29442.5   1.29453  
29452.9   29454.2   1.29397  
29460.8   29461.9   1.09291  
29473.4   29474.6   1.218    
29504     29505.2   1.23166  
29508     29509.2   1.20666  
29510     29511.2   1.1775   
29515.1   29516.4   1.22513  
29525.3   29526.4   1.11434  
29536.5   29537.7   1.25194  
29547.7   29549.2   1.51403  
29556.7   29557.8   1.05856  
29564.7   29566     1.31703  
29576.6   29577.8   1.21441  
29583.9   29585     1.12572  
29592.3   29593.4   1.09253  
29596.1   29597.2   1.08672  
29609.5   29610.6   1.09231  
29615.1   29616.2   1.10422  
29632.1   29633.4   1.28344  
29644.3   29645.3   1.02691  
29655.6   29657.3   1.61488  
29672.9   29674.1   1.16837  
29676.4   29677.4   1.04012  
29680.9   29682.2   1.27203  
29683.1   29684.2   1.05988  
29688     29689.1   1.1445   
29724.8   29725.9   1.12844  
29741.2   29742.4   1.17466  
29743.2   29744.4   1.20072  
29751.1   29752.3   1.2095   
29758.7   29759.9   1.1835   
29771.7   29773     1.25913  
29774.2   29775.5   1.341    
29795.5   29796.7   1.21147  
29807     29808.2   1.17703  
29821.1   29822.5   1.44681  
29832.7   29833.8   1.0695   
29834.3   29835.4   1.11816  
29838.9   29840     1.11134  
29870.7   29871.8   1.05969  
29880.1   29881.3   1.16159  
29882.2   29883.4   1.14491  
29885.7   29886.8   1.04291  
29890.7   29891.9   1.20463  
29894.1   29895.1   1.04103  
29897.9   29898.9   1.01803  
29910.2   29911.3   1.03031  
29916.3   29917.7   1.3495   
29921.5   29922.6   1.12041  
29933.3   29934.5   1.18013  
29951.7   29953.1   1.33428  
29965     29966.1   1.16069  
29968.5   29969.6   1.11369  
29973.8   29975.6   1.77834  
29977.5   29979.2   1.63219  
29981.1   29982.5   1.39703  
29985.5   29988.5   2.94375  
30035.5   30037.1   1.54281  
30049.4   30050.7   1.31872  
30064.5   30065.7   1.26238  
30088.3   30089.7   1.43159  
30095     30096.4   1.39056  
30108.2   30109.9   1.70603  
30112.5   30114.1   1.58944  
30119.8   30121.6   1.73572  
30126     30127.3   1.3255   
30128.9   30130.3   1.33534  
30144.9   30146.1   1.15387  
30154.1   30155.2   1.03125  
30161.1   30162.1   1.05559  
30169.6   30171.3   1.70637  
30183.9   30185.5   1.62084  
30211.1   30212.8   1.71538  
30221.7   30222.9   1.16712  
30250     30251.6   1.53078  
30260.5   30262     1.45203  
30269.2   30270.3   1.13978  
30271.5   30272.6   1.06678  
30279.9   30281.1   1.24244  
30300     30301.5   1.50922  
30304.1   30305.2   1.14822  
30312.6   30314.6   2.00928  
30318.8   30320.1   1.31928  
30322.8   30324.1   1.34056  
30332.6   30333.9   1.28803  
30335.2   30336.6   1.37359  
30347.1   30348.1   1.04691  
30375.7   30376.8   1.07653  
30382.1   30383.9   1.82419  
30392.3   30393.6   1.24087  
30403.1   30404.6   1.42288  
30407.1   30408.4   1.28934  
30410.7   30412     1.31325  
30425.9   30427.1   1.20422  
30430.8   30431.9   1.15647  
30433.8   30435     1.13491  
30444.8   30446     1.16406  
30447.7   30448.8   1.17922  
30454.8   30455.8   1.03328  
30456.9   30457.9   1.01131  
30466.1   30467.5   1.34497  
30500.3   30501.6   1.33094  
30504.2   30505.3   1.11831  
30511     30512     1.07834  
30514.5   30515.9   1.38556  
30518.2   30519.5   1.35184  
30521     30522.1   1.07753  
30529     30530     1.05931  
30533.6   30534.7   1.07397  
30537.6   30539.1   1.44059  
30540.1   30541.3   1.20112  
30543.5   30545.8   2.2835   
30550.5   30552.2   1.68806  
30566.3   30567.6   1.298    
30603.5   30605.4   1.94459  
30611     30612.4   1.46903  
30616.9   30618.1   1.23184  
30642.8   30644.2   1.40122  
30646.3   30647.3   1.05569  
30649.6   30650.7   1.02647  
30656.5   30658.2   1.65794  
30665.5   30666.7   1.21503  
30671.9   30673     1.09913  
30673.6   30674.7   1.11103  
30675.3   30676.4   1.10094  
30687.2   30688.3   1.07872  
30695.3   30696.5   1.25047  
30715.9   30716.9   1.02066  
30720.9   30722.7   1.85356  
30733.5   30735     1.51769  
30737.8   30738.9   1.08631  
30743.3   30745.4   2.0175   
30750.9   30752     1.05853  
30752.7   30753.9   1.16247  
30769.7   30771     1.34681  
30782.4   30783.9   1.43459  
30786.9   30788     1.09531  
30789.6   30790.7   1.07444  
30793.1   30794.4   1.24666  
30797.6   30798.8   1.27316  
30802.7   30804     1.25275  
30805.6   30806.8   1.17756  
30809.5   30810.5   1.02134  
30814.9   30815.9   1.00966  
30820.7   30822     1.26734  
30829.9   30831     1.05409  
30834.1   30835.3   1.23259  
30845     30846.7   1.63134  
30848.1   30849.3   1.18691  
30852.6   30854.2   1.64031  
30859.4   30860.6   1.16353  
30862.5   30863.9   1.41906  
30868     30869.4   1.38391  
30879.8   30881.5   1.68416  
30884.3   30886.5   2.18925  
30923     30924.4   1.40594  
30960.2   30961.4   1.18775  
30969     30970.5   1.46756  
30998.4   30999.6   1.11938  
31026.2   31027.3   1.03697  
31069.1   31070.4   1.306    
31085.9   31087     1.08038  
31088.1   31089.4   1.288    
31093     31094.3   1.31397  
31113.2   31114.6   1.36387  
31116.2   31117.5   1.27447  
31119.3   31120.3   1.04337  
31124.5   31125.5   1.01597  
31127.8   31129     1.15891  
31134.5   31135.7   1.19509  
31169.4   31170.7   1.36391  
31178.8   31179.9   1.11622  
31195.8   31197.1   1.31563  
31236.7   31237.9   1.25391  
31255.6   31257     1.38541  
31261.2   31262.4   1.29125  
31278.1   31279.2   1.10447  
31286.4   31287.6   1.24478  
31310.5   31311.7   1.21156  
31341.2   31342.4   1.19703  
31356.5   31357.7   1.20669  
31358.7   31359.7   1.02825  
31363.1   31364.1   1.03672  
31366.9   31367.9   1.08341  
31370.5   31371.5   1.00059  
31377.1   31378.5   1.43653  
31385.7   31387     1.34275  
31394.9   31396.2   1.29838  
31401.8   31402.9   1.06175  
31408     31409.4   1.39566  
31419.4   31423.6   4.2625   
31424.7   31426.8   2.09741  
31518.7   31519.8   1.06806  
31642.4   31643.6   1.21769  
31646.6   31647.7   1.07569  
31657.2   31658.2   1.00897  
31744.7   31745.8   1.06772  
31786.6   31787.8   1.19512  
31792.3   31793.5   1.1305   
31806.9   31808     1.15425  
31827.3   31828.6   1.30394  
31866.4   31867.7   1.24016  
31907.3   31908.4   1.04188  
31919.5   31921     1.5195   
31960.7   31961.8   1.11022  
31975.4   31976.7   1.25106  
31977.2   31978.2   1.06819  
31981.1   31982.3   1.18681  
32013.2   32014.4   1.21391  
32034.2   32035.3   1.02256  
32049.5   32051     1.48675  
32063     32064.2   1.16703  
32067.8   32068.9   1.10931  
32070.7   32071.8   1.14528  
32074.8   32075.9   1.12681  
32083.8   32085     1.21853  
32094.7   32095.9   1.23569  
32103.5   32104.7   1.17631  
32114.8   32116.7   1.90663  
32126.2   32127.7   1.44669  
32149.8   32151.2   1.44209  
32160.3   32161.5   1.13956  
32173.9   32175.3   1.35516  
32177.4   32178.5   1.10394  
32189.5   32190.7   1.17675  
32203.8   32204.9   1.04575  
32215.1   32216.6   1.55972  
32248.8   32249.8   1.07987  
32258.1   32259.3   1.18097  
32275.7   32276.9   1.19362  
32280.4   32281.4   1.04188  
32287.2   32288.5   1.26212  
32342.1   32344.1   1.99975  
32399.2   32400.4   1.24266  
32430     32431.4   1.33097  
32447.5   32448.6   1.09119  
32453.9   32455.1   1.21203  
32496.1   32497.2   1.16841  
32506     32507.3   1.31556  
32521.6   32522.9   1.30684  
32559.9   32561.5   1.61494  
32572     32573.2   1.19253  
32598     32599.3   1.28891  
32614.6   32615.7   1.07212  
32675.3   32676.4   1.14234  
32679.2   32680.4   1.11431  
32691.2   32692.7   1.46275  
32722.5   32724     1.42391  
32738.1   32739.2   1.09856  
32745.6   32746.6   1.01972  
32751.8   32752.9   1.10638  
32757.3   32758.4   1.09366  
32780.7   32781.9   1.16506  
32856     32857.3   1.26019  
32892.4   32893.5   1.13694  
32918.6   32920.3   1.70269  
32933.9   32935.1   1.19069  
32950.6   32952.2   1.55944  
32964.8   32966.3   1.51291  
32982.4   32983.9   1.46406  
33008.6   33009.7   1.11394  
33038.7   33039.8   1.07572  
33047.8   33048.9   1.092    
33076.2   33077.4   1.13378  
33079.4   33080.5   1.11759  
33092.8   33094     1.17978  
33099.5   33100.8   1.22019  
33107.3   33108.5   1.24716  
33128.3   33130.2   1.87669  
33139     33140.2   1.21047  
33147.2   33148.3   1.08128  
33164     33165.3   1.32544  
33170.8   33172.3   1.50144  
33222.6   33223.7   1.16331  
33227.1   33228.2   1.06841  
33242.6   33243.8   1.18453  
33253.5   33254.7   1.13763  
33261.3   33262.4   1.1195   
33270.1   33271.1   1.08397  
33307.7   33308.9   1.25681  
33310.9   33311.9   1.01147  
33334.3   33335.4   1.19388  
33350.9   33352.2   1.23678  
33376.4   33377.7   1.21928  
33382     33383.2   1.14344  
33404.8   33406     1.23994  
33428     33429.1   1.09669  
33453.6   33454.6   1.05963  
33466.5   33467.6   1.07128  
33473.2   33474.5   1.28328  
33489.3   33490.5   1.13563  
33504.2   33505.4   1.297    
33509.1   33510.3   1.19725  
33532.9   33534.3   1.36338  
33537.1   33541.2   4.13303  
33542.4   33544.5   2.08031  
33586.3   33587.4   1.04819  
33606.7   33607.9   1.1595   
33620.5   33621.5   1.00278  
33626.3   33627.6   1.29094  
33652.6   33653.7   1.09047  
33779     33780     1.00975  
33788.8   33789.9   1.12484  
33793.7   33794.9   1.16922  
33800.4   33801.4   1.08059  
33806.8   33808.3   1.46525  
33828     33829.2   1.16766  
33878     33879.7   1.697    
33899.1   33900.2   1.09544  
33907.4   33908.5   1.12122  
33951.9   33953.3   1.43806  
33971.7   33972.9   1.21166  
33976.8   33978.2   1.42456  
33979.4   33980.6   1.20813  
33983.7   33985.2   1.53266  
33987.4   33988.4   1.06222  
33998.8   34000.3   1.48678  
34001.3   34002.4   1.10109  
34006.1   34007.7   1.60934  
34022.1   34023.2   1.13991  
34027.8   34029.4   1.66328  
34031.9   34033.1   1.16953  
34034.2   34035.2   1.04859  
34041.1   34042.5   1.31616  
34043.8   34045.3   1.50131  
34054.2   34055.8   1.60644  
34060.5   34062.1   1.52334  
34066.6   34067.7   1.14141  
34080.8   34082.5   1.7505   
34094     34095     1.07556  
34113.1   34114.4   1.32125  
34139.4   34140.5   1.13397  
34142.9   34144.2   1.31069  
34146     34147     1.04741  
34159.6   34160.7   1.10041  
34163.3   34164.6   1.28681  
34168     34169.3   1.29678  
34180.8   34182.4   1.56563  
34201.5   34202.7   1.24412  
34211.8   34213     1.22863  
34215.8   34217.5   1.74606  
34222.7   34224.2   1.50931  
34240.5   34242.1   1.6165   
34247.5   34248.5   1.03528  
34264.7   34265.7   1.02144  
34308.6   34309.7   1.17112  
34316.8   34318.1   1.21716  
34326.9   34328     1.05175  
34335     34336.4   1.42228  
34339.3   34340.4   1.10816  
34344     34345.1   1.07306  
34357.5   34359.2   1.64456  
34383.5   34384.6   1.14203  
34385.8   34386.8   1.05416  
34388.9   34390.5   1.56966  
34405.4   34406.9   1.48631  
34415.3   34416.6   1.27422  
34421.5   34422.6   1.05888  
34430     34431.1   1.18516  
34439.7   34440.8   1.0205   
34448.7   34450.3   1.61138  
34452     34453.5   1.54797  
34464.9   34466.3   1.39247  
34472.9   34474     1.12262  
34475.4   34476.7   1.35522  
34481.3   34482.3   1.02541  
34498.9   34500.2   1.25672  
34502.7   34504.4   1.65681  
34512.5   34513.9   1.43228  
34514.8   34515.8   1.00369  
34520.1   34521.4   1.38466  
34522.4   34523.7   1.3405   
34530.4   34531.8   1.33763  
34536.3   34537.4   1.06459  
34548.6   34549.6   1.05428  
34584.6   34585.6   1.01194  
34598.3   34599.3   1.00481  
34611.8   34613.2   1.36128  
34616.1   34617.2   1.09378  
34636.1   34637.4   1.29719  
34663.7   34665     1.33613  
34671.9   34673.1   1.11897  
34712     34713.5   1.46147  
34715.7   34717.2   1.47484  
34727.3   34728.5   1.2265   
34744.9   34746.3   1.45713  
34754.2   34755.4   1.23659  
34767.2   34768.6   1.39744  
34792.1   34793.1   1.01719  
34800.7   34801.8   1.12044  
34802.6   34803.7   1.06344  
34843.8   34845.2   1.40187  
34848.8   34850.1   1.32525  
34853.9   34855     1.13038  
34862.1   34863.7   1.55212  
34865.2   34866.2   1.02212  
34873.3   34874.4   1.134    
34882.1   34883.3   1.22006  
34899.3   34900.8   1.51584  
34916     34917.5   1.52481  
34918.9   34919.9   1.02313  
34923     34924.3   1.37278  
34941.8   34943.3   1.53325  
34956.8   34958.1   1.21253  
35048.2   35049.4   1.15325  
35052.4   35053.9   1.45081  
35099.9   35101     1.10109  
35102     35103.1   1.15741  
35111.2   35112.3   1.06366  
35125.9   35127.3   1.38444  
35133.7   35137.8   4.1195   
35138.8   35140.9   2.09091  
35159.9   35161     1.09291  
35203.7   35204.7   1.03669  
35241.5   35242.6   1.16359  
35247.1   35248.5   1.42181  
35278.4   35279.5   1.07919  
35287.3   35288.9   1.65722  
35307.8   35308.9   1.03463  
35382.7   35383.8   1.11669  
35415.8   35417.2   1.31481  
35446.8   35448     1.14841  
35489.8   35490.9   1.02334  
35511.6   35513     1.37675  
35517     35518     1.0025   
35522.6   35523.9   1.22169  
35539.9   35541.1   1.15759  
35565.5   35566.9   1.47125  
35584.9   35586.2   1.30781  
35589     35590     1.01431  
35594.1   35595.5   1.35913  
35600     35601.1   1.19209  
35611.5   35612.6   1.07897  
35633.8   35635.2   1.36309  
35694.3   35695.4   1.15025  
35714.6   35715.8   1.17047  
35718.2   35719.3   1.06934  
35725.4   35726.7   1.27056  
35735.6   35736.7   1.099    
35751     35752.4   1.39187  
35778.6   35779.9   1.25303  
35788.3   35790.1   1.83578  
35809.5   35810.7   1.2325   
35819.6   35820.6   1.01103  
35860.1   35861.8   1.68138  
35892.6   35894.4   1.74556  
35899.8   35901.4   1.5945   
35919.5   35920.7   1.20259  
35942.1   35943.1   1.03044  
35965.3   35966.7   1.35541  
35987.3   35988.3   1.02425  
35990.9   35992     1.03713  
35993.9   35995.1   1.13403  
35998.7   36000     1.34203  
36025.5   36026.6   1.05703  
36049.3   36050.3   1.00472  
36051.9   36053     1.11091  
36059.5   36060.8   1.29747  
36067.5   36068.6   1.16503  
36107.6   36108.7   1.14531  
36130.5   36131.7   1.23775  
36160.2   36161.3   1.14888  
36196.8   36197.9   1.16563  
36200.3   36201.3   1.04988  
36205.9   36206.9   1.00116  
36221.5   36222.5   1.01025  
36243     36244.2   1.19381  
36274.1   36275.4   1.28775  
36302.3   36303.4   1.03659  
36316.9   36318.2   1.23278  
36344.2   36345.7   1.51225  
36359.6   36360.8   1.17325  
36363.7   36365     1.25819  
36379.8   36381.1   1.22806  
36391.6   36393.1   1.52763  
36410.8   36412.1   1.33759  
36425.2   36426.2   1.03578  
36438.8   36439.9   1.12497  
36455.6   36457.5   1.88075  
36468     36469.2   1.18669  
36501.2   36502.5   1.29616  
36506.6   36507.8   1.12144  
36515     36516.4   1.43181  
36541.8   36542.9   1.08559  
36553.6   36555.4   1.87859  
36574.1   36575.8   1.63972  
36597.5   36598.6   1.06903  
36602.7   36603.9   1.16059  
36609.1   36610.3   1.16959  
36634.6   36635.8   1.22188  
36643.9   36645     1.12166  
36655.7   36657.3   1.65253  
36670.5   36671.8   1.34713  
36677.1   36678.1   1.00716  
36687.8   36689     1.15031  
36694.5   36695.7   1.23706  
36701.4   36702.7   1.324    
36706     36707.6   1.60975  
36726.7   36727.7   1.035    
36732.6   36734.3   1.72938  
36739     36740.2   1.16044  
36740.6   36741.6   1.047    
36758.5   36759.6   1.07728  
36776.7   36777.9   1.26763  
36792.2   36793.4   1.16488  
36805.2   36806.3   1.05803  
36809.6   36810.9   1.3055   
36814.3   36815.5   1.26044  
36822.8   36823.9   1.02959  
36824.7   36826     1.23562  
36838.3   36839.3   1.00375  
36846     36847.1   1.02028  
36848.6   36850     1.35309  
36863.8   36865.4   1.53972  
36875.5   36876.9   1.39881  
36881.6   36882.7   1.15947  
36884.1   36885.3   1.16147  
36889.3   36890.8   1.46125  
36893.7   36895.2   1.44784  
36909.1   36910.3   1.28453  
36915     36916     1.06678  
36958     36959.1   1.073    
37012.6   37013.6   1.00287  
37032.9   37033.9   1.05106  
37039.7   37040.7   1.00906  
37068.9   37069.9   1.04275  
37081.7   37083.1   1.32391  
37086.5   37087.7   1.18822  
37106.1   37107.7   1.57941  
37115.2   37116.7   1.53503  
37135.9   37137.2   1.28797  
37159.4   37160.4   1.05941  
37173.7   37175.1   1.42041  
37177.9   37179.1   1.19028  
37191.9   37192.9   1.00522  
37195.2   37196.4   1.22644  
37240.2   37241.7   1.50256  
37308.2   37309.5   1.31956  
37324.8   37325.9   1.14491  
37330.2   37331.5   1.20741  
37350.8   37351.8   1.04059  
37355.5   37356.6   1.11106  
37367.7   37368.9   1.15675  
37371.8   37373.1   1.3055   
37381.6   37383     1.39172  
37430.7   37431.9   1.23672  
37457     37458.2   1.17231  
37464.9   37466.6   1.61144  
37507.2   37508.3   1.18119  
37513.3   37514.4   1.15469  
37552.9   37554.1   1.29156  
37578.9   37580.2   1.24344  
37585.9   37587     1.07763  
37590.7   37592.1   1.34203  
37603.6   37604.9   1.31447  
37605.6   37609.8   4.20031  
37610.8   37612.9   2.07719  
37636.5   37637.6   1.04759  
37762.9   37764     1.17091  
37830.7   37831.8   1.03284  
37862.3   37863.4   1.15584  
37923.4   37924.5   1.09894  
37948.7   37950     1.34441  
37973.5   37974.7   1.24838  
38000.4   38001.8   1.38325  
38022     38023.3   1.23616  
38046.6   38047.8   1.16169  
38088.5   38090.8   2.20597  
38105.4   38106.6   1.22178  
38122.5   38123.7   1.21556  
38191.9   38193     1.12266  
38198     38199.1   1.10137  
38209.7   38210.8   1.09669  
38214.2   38215.3   1.09787  
38250.1   38251.2   1.11666  
38260.7   38261.9   1.20466  
38276.3   38277.6   1.28384  
38283.9   38285.1   1.24663  
38293.8   38294.8   1.09503  
38299.1   38300.3   1.25428  
38312.3   38313.7   1.40966  
38340     38341     1.05191  
38351.1   38352.5   1.31875  
38371.2   38372.4   1.11103  
38374.5   38375.9   1.39406  
38392.5   38394     1.55575  
38421     38422     1.00738  
38422.8   38423.9   1.14778  
38453.1   38454.4   1.30703  
38466.7   38467.8   1.08503  
38468.4   38469.6   1.14637  
38479.9   38481     1.03403  
38497.7   38498.8   1.07475  
38524.9   38526     1.15341  
38527.1   38528.1   1.02916  
38535.6   38536.6   1.06469  
38541.8   38543.4   1.52706  
38546.2   38547.3   1.08363  
38551.9   38553.4   1.47813  
38557     38558.4   1.41431  
38562.4   38563.5   1.15072  
38564.1   38565.3   1.16534  
38572.2   38573.6   1.42097  
38580.4   38581.7   1.30763  
38587.1   38588.5   1.35013  
38601.4   38602.5   1.15616  
38609.1   38610.6   1.45778  
38616.2   38617.3   1.17656  
38620.2   38621.5   1.36381  
38627     38628.3   1.26216  
38639.3   38640.8   1.48625  
38658.2   38659.8   1.68069  
38678     38679.1   1.02984  
38691.8   38692.9   1.08238  
38696.8   38698.1   1.29047  
38712.4   38713.7   1.27994  
38717.8   38718.9   1.09613  
38721.5   38722.6   1.19781  
38723.1   38724.4   1.28378  
38729     38730.2   1.17613  
38736.9   38738.1   1.15688  
38777.3   38778.9   1.60925  
38785.3   38786.3   1.01362  
38792.8   38793.8   1.02669  
38805.8   38807     1.16472  
38809.5   38810.9   1.4295   
38815.9   38817.2   1.35081  
38823.6   38824.8   1.15512  
38829.5   38830.7   1.20228  
38841.8   38843     1.19712  
38888.6   38890     1.397    
38907.8   38909.1   1.29012  
38913     38914.1   1.08344  
38924.1   38925.5   1.36491  
38932.3   38933.4   1.11491  
38946.2   38947.8   1.58309  
38989.9   38991.1   1.13784  
39005     39006.3   1.30775  
39015.8   39017.1   1.30466  
39044.4   39045.8   1.36378  
39064.7   39065.9   1.19572  
39082.1   39083.5   1.46431  
39084.9   39086.4   1.55644  
39158.9   39160.2   1.33225  
39208.7   39210.3   1.59666  
39222.6   39224.1   1.52559  
39267     39268.3   1.24759  
39293.5   39294.5   1.00309  
39310.5   39311.6   1.13697  
39317.5   39318.5   1.02709  
39322.2   39323.3   1.11088  
39338.2   39339.2   1.00475  
39369.4   39370.6   1.16378  
39383.4   39385     1.60081  
39391.8   39392.9   1.09953  
39406.6   39408     1.33569  
39423.5   39424.9   1.37297  
39426.9   39428     1.17525  
39434.9   39436.4   1.47922  
39442.8   39444.3   1.48831  
39445     39446.7   1.60984  
39482.6   39483.9   1.32156  
39489.2   39490.7   1.42425  
39508.1   39509.8   1.62391  
39515.7   39520.1   4.3515   
39520.9   39523     2.07694  
39566.9   39568.1   1.23859  
39606.2   39607.3   1.16944  
39711.9   39713.1   1.21816  
39723.3   39725     1.63553  
39749.1   39750.2   1.18359  
39824.7   39825.8   1.14325  
39847     39848.2   1.11981  
39882.1   39883.2   1.15853  
39909.9   39911.2   1.30106  
39947.4   39948.6   1.207    
39972.1   39973.1   1.01984  
39985.8   39986.8   1.08516  
40004.9   40005.9   1.072    
40036.9   40038     1.05584  
40054.1   40055.2   1.05262  
40075.1   40076.6   1.44153  
40115.1   40116.1   1.03278  
40119.9   40121.3   1.36038  
40122.4   40123.5   1.02228  
40132.6   40134     1.32759  
40145.2   40146.4   1.29019  
40209.7   40211.2   1.47997  
40218.3   40219.4   1.08009  
40240.3   40241.4   1.09528  
40244.4   40245.4   1.06503  
40282.3   40284.2   1.96594  
40301.4   40302.5   1.09669  
40304.8   40305.8   1.07081  
40344     40345.2   1.13897  
40347.3   40348.5   1.12122  
40388.4   40389.4   1.00784  
40467.4   40468.5   1.04012  
40486.1   40487.1   1.03456  
40487.5   40488.7   1.10403  
40494.5   40495.8   1.31878  
40535.7   40537.4   1.68609  
40541.1   40542.8   1.69319  
40560.1   40561.1   1.02816  
40579.6   40581.5   1.87725  
40591.7   40593     1.28597  
40650.9   40652.2   1.23584  
40656.3   40657.3   1.00887  
40665.3   40666.7   1.39644  
40685.9   40687.4   1.52206  
40696.1   40697.5   1.38638  
40706.5   40708     1.50528  
40713.8   40714.8   1.02678  
40746.5   40747.8   1.28884  
40750.1   40751.3   1.17009  
40767.2   40768.4   1.17978  
40803.9   40805.4   1.49797  
40824.4   40825.5   1.12044  
40827.2   40828.3   1.10397  
40833.4   40834.8   1.37769  
40851.7   40853.1   1.39372  
40854.7   40855.8   1.01562  
40863.2   40864.5   1.24938  
40893.9   40895.3   1.47413  
40900.2   40901.3   1.12022  
40901.8   40903     1.22631  
40917.9   40919.3   1.38953  
40926.6   40928.1   1.48834  
40930.1   40931.7   1.59953  
40935.9   40937.3   1.47887  
40949.9   40951.3   1.41663  
40957.2   40958.3   1.06019  
40973.9   40975     1.06969  
40975.4   40976.5   1.06334  
40992.7   40994.4   1.67334  
40996.5   40997.5   1.02406  
40999.3   41000.5   1.21366  
41001.1   41002.5   1.31784  
41006.6   41007.9   1.26431  
41016.1   41017.8   1.68969  
41027.9   41029.1   1.17997  
41030.4   41031.4   1.08103  
41053.1   41054.3   1.18244  
41057.4   41058.6   1.26687  
41062.2   41063.4   1.22747  
41072     41073.3   1.30053  
41085.4   41087.2   1.85825  
41115.4   41116.7   1.28263  
41126.4   41127.8   1.42772  
41174.9   41176     1.04234  
41176.6   41177.9   1.31706  
41178.7   41183     4.26644  
41186.7   41188.8   2.10725  
41194.8   41195.8   1.00369  
41209     41210.1   1.07284  
41241.5   41242.7   1.11819  
41257.1   41258.1   1.01009  
41284.8   41285.9   1.15256  
41299.9   41301.3   1.31622  
41326.5   41327.6   1.02344  
41337.2   41338.4   1.25422  
41385.6   41386.7   1.08247  
41397.1   41398.3   1.11503  
41433.9   41435.1   1.19503  
41453.6   41454.6   1.02569  
41460.3   41461.4   1.06278  
41464.1   41465.1   1.0055   
41474.1   41475.2   1.04591  
41511.1   41512.2   1.05922  
41567.5   41568.7   1.16928  
41571.9   41573.2   1.38909  
41591.6   41592.7   1.08569  
41608     41609.1   1.05534  
41610.8   41612.2   1.43459  
41622.7   41623.7   1.02944  
41626     41627.1   1.02906  
41628.9   41630     1.13387  
41634.4   41635.5   1.12009  
41662     41663.2   1.17331  
41677.8   41679.4   1.61359  
41687.2   41688.3   1.062    
41706.8   41708.2   1.37809  
41725.6   41726.8   1.24306  
41745     41746.2   1.21203  
41752.7   41754.1   1.45106  
41766.7   41767.9   1.16272  
41782     41783     1.01713  
41809.8   41810.9   1.15903  
41819.6   41820.6   1.00247  
41821.6   41822.6   1.03428  
41847.9   41849.4   1.42922  
41906.9   41908.1   1.18781  
41915.5   41917     1.45184  
41930.1   41931.2   1.13794  
41935.5   41936.7   1.23769  
41946.2   41947.4   1.22372  
41950.1   41951.3   1.16587  
41954.1   41955.5   1.42969  
42075.5   42077.6   2.09053  
