33.5431   35.1768   1.63366  
35.9619   37.3429   1.38106  
53.8468   54.8589   1.01212  
63.6463   64.669    1.02269  
67.2257   68.3687   1.14297  
72.9438   74.6167   1.673    
127.055   128.268   1.21322  
159.632   160.635   1.00388  
171.013   172.219   1.20637  
297.386   299.016   1.63038  
321.468   322.53    1.06259  
369.508   370.634   1.12587  
391.884   392.972   1.08844  
403.662   404.817   1.15544  
415.494   416.531   1.037    
426.842   428.056   1.21434  
445.516   446.885   1.36903  
455.741   456.765   1.02325  
475.779   477.359   1.58025  
503.433   504.871   1.43806  
541.666   542.987   1.32022  
562.764   563.843   1.07844  
764.03    765.388   1.35769  
774.008   775.11    1.10172  
779.035   780.213   1.17747  
797.314   798.493   1.17928  
807.105   808.287   1.18253  
819.174   820.253   1.07884  
831.282   832.367   1.08466  
857.692   858.709   1.01706  
868.859   869.906   1.04669  
873.996   875.187   1.19081  
921.474   922.539   1.06491  
933.708   934.805   1.09666  
939.625   941.13    1.50497  
952.65    954.722   2.07247  
971.076   972.197   1.12084  
990.753   991.926   1.17347  
1027.64   1029.04   1.40463  
1034.09   1035.21   1.11672  
1065.86   1066.95   1.09044  
1119.01   1120.48   1.46434  
1124.93   1126.01   1.07878  
1133.76   1134.99   1.23072  
1195.94   1197.26   1.321    
1219.9    1220.96   1.05838  
1236.77   1238.07   1.30084  
1274.18   1275.23   1.04788  
1289.19   1290.31   1.11975  
1317.47   1318.53   1.05978  
1330.9    1332.22   1.31934  
1367.79   1368.97   1.17878  
1430.91   1432.05   1.13272  
1449.47   1450.65   1.18506  
1457.12   1458.43   1.30628  
1527.04   1528.04   1.00431  
1535.3    1536.37   1.06172  
1551.79   1553.08   1.28541  
1570.21   1571.22   1.00706  
1577.81   1578.84   1.03047  
1595.58   1596.62   1.03566  
1598.43   1599.54   1.11681  
1611.46   1612.54   1.07247  
1664.06   1665.25   1.19034  
1680.66   1682.1    1.44394  
1718.77   1719.98   1.21169  
1726.3    1727.47   1.16719  
1732.14   1733.3    1.15112  
1761.59   1762.94   1.35228  
1766.12   1767.22   1.10675  
1784.94   1786.23   1.29838  
1793.41   1794.44   1.03047  
1800.41   1801.51   1.10613  
1814.07   1815.63   1.56022  
1845.08   1846.23   1.14997  
1852.87   1856.28   3.41469  
1857.07   1858.13   1.06072  
1866.51   1867.66   1.15634  
1873.85   1875.14   1.28919  
1900.9    1902.05   1.14309  
1952.42   1953.57   1.15387  
2024.54   2025.58   1.03628  
2033.26   2034.47   1.21609  
2064.69   2066.08   1.39681  
2071.59   2072.73   1.14578  
2080.32   2081.7    1.38203  
2165.85   2167.45   1.59922  
2177.51   2178.75   1.23959  
2184.33   2185.5    1.16994  
2214.75   2216.45   1.69669  
2230.97   2232.12   1.14981  
2260.31   2261.45   1.14028  
2274.03   2275.7    1.66978  
2324.97   2326.41   1.44319  
2341.19   2342.3    1.10903  
2385.5    2386.68   1.17544  
2400.3    2401.38   1.07528  
2404.31   2405.61   1.29475  
2423.78   2425.03   1.24703  
2453.02   2454.27   1.25709  
2461.55   2462.62   1.07025  
2473.54   2474.73   1.19306  
2510.33   2511.56   1.22844  
2589.69   2591.11   1.41994  
2612.39   2613.77   1.382    
2644.13   2645.3    1.16741  
2714.52   2715.62   1.10038  
2844.37   2845.46   1.09044  
2867.72   2868.98   1.26056  
2897.4    2898.41   1.0135   
2938.45   2940.1    1.65397  
2957.65   2959.32   1.67437  
2964.54   2965.66   1.12294  
2978.95   2980.19   1.23859  
3008.89   3010.19   1.30153  
3021.1    3022.39   1.28684  
3028.58   3029.64   1.05791  
3056.92   3058.13   1.20631  
3089.87   3091.44   1.57169  
3141.73   3142.99   1.26691  
3161.11   3162.35   1.24619  
3164.85   3166.02   1.16628  
3173.46   3174.81   1.35428  
3188.66   3189.94   1.27663  
3194.55   3195.72   1.16741  
3221.18   3222.69   1.51038  
3227.16   3228.47   1.3035   
3232.45   3233.74   1.29584  
3243.98   3245.2    1.221    
3259.51   3261.17   1.66569  
3280.6    3281.74   1.14475  
3296.69   3297.93   1.24009  
3306.23   3307.46   1.22966  
3338.76   3340.5    1.74309  
3391.72   3392.82   1.09272  
3396.3    3397.38   1.08537  
3415.57   3416.61   1.04125  
3424.47   3425.59   1.12163  
3431.2    3432.69   1.49006  
3441.75   3442.99   1.23928  
3448.39   3449.92   1.52666  
3468.91   3469.99   1.07997  
3473.15   3474.46   1.30934  
3485.94   3486.96   1.01609  
3497.03   3498.21   1.17459  
3518.68   3520.08   1.39841  
3539.45   3540.5    1.05638  
3560.82   3562.07   1.25091  
3566.98   3568.2    1.22097  
3578.46   3579.49   1.02675  
3587.84   3588.99   1.14466  
3600.21   3601.51   1.29972  
3623.89   3624.97   1.07797  
3632.33   3633.48   1.15809  
3637.39   3638.51   1.11775  
3645.69   3646.96   1.27225  
3681.63   3682.91   1.27503  
3692.38   3693.66   1.2765   
3697.92   3699.08   1.16472  
3715.39   3716.47   1.08184  
3735.91   3737.27   1.36109  
3748.56   3749.76   1.19759  
3762      3763.14   1.14334  
3769.5    3770.69   1.1875   
3789.17   3790.3    1.12756  
3800.26   3801.92   1.65656  
3863.83   3865.46   1.63578  
3935.01   3936.3    1.28937  
3952.49   3954.17   1.67628  
3961.88   3963.06   1.17766  
3986.52   3987.61   1.09641  
4002.03   4003.1    1.07809  
4020.06   4021.2    1.1445   
4036.55   4037.55   1.00397  
4051.73   4053.2    1.46975  
4058.42   4059.5    1.08053  
4070.03   4071.14   1.11038  
4095.19   4096.34   1.15028  
4098.06   4099.18   1.11531  
4116.16   4117.4    1.24484  
4143.35   4144.57   1.21575  
4150.97   4151.98   1.01116  
4153.43   4154.66   1.22784  
4156.77   4158.02   1.24788  
4166.5    4167.77   1.26287  
4175.2    4176.33   1.13406  
4179.94   4181.26   1.32262  
4183.3    4184.53   1.23263  
4185.26   4186.26   1.00331  
4195.23   4196.3    1.0685   
4205.01   4206.03   1.01569  
4209.15   4210.19   1.04581  
4211.57   4212.57   1.00394  
4219.09   4220.32   1.22944  
4222.37   4223.63   1.26016  
4227.55   4228.88   1.32897  
4240.43   4241.68   1.24656  
4243.55   4244.7    1.14512  
4252.42   4253.65   1.23219  
4269.58   4273.25   3.66809  
4274.08   4275.27   1.19325  
4288.08   4289.22   1.14259  
4318.52   4319.59   1.07216  
4335.57   4336.66   1.09034  
4369.93   4370.95   1.02256  
4393.21   4394.37   1.15894  
4403.82   4404.83   1.006    
4453.51   4454.73   1.21941  
4456.46   4457.83   1.372    
4491      4492.85   1.84813  
4641.97   4642.99   1.01597  
4652.89   4654.12   1.23047  
4703.75   4704.99   1.24294  
4785.05   4786.11   1.06412  
4804.24   4805.25   1.01412  
4810.79   4811.93   1.13222  
4823.13   4824.35   1.21972  
4843.42   4844.6    1.17956  
4847      4848.1    1.10456  
4862.05   4863.24   1.18881  
4864.83   4865.83   1.00331  
4868.93   4870.21   1.28166  
4873.85   4874.91   1.06156  
4875.81   4877.45   1.63563  
4892.72   4893.87   1.15319  
4898.79   4900.23   1.44875  
4939.88   4941.43   1.55509  
4962.68   4963.84   1.15912  
4968.91   4969.95   1.04106  
4972.49   4973.5    1.01444  
4977.14   4978.4    1.25447  
4980.27   4981.32   1.04556  
4988.06   4989.76   1.7      
5010.34   5011.77   1.43472  
5014.47   5015.55   1.08072  
5018.35   5019.41   1.06316  
5023.53   5024.8    1.26634  
5034.99   5036.52   1.53119  
5058.26   5059.75   1.48203  
5064.74   5066.05   1.31012  
5068.67   5069.85   1.1835   
5079.59   5080.62   1.03116  
5100.54   5102.36   1.82181  
5109.33   5110.48   1.15216  
5116.35   5117.65   1.29584  
5133.64   5134.89   1.25291  
5136.14   5137.46   1.31922  
5141.11   5142.27   1.16063  
5144.96   5146.25   1.28644  
5150.9    5151.99   1.09034  
5161.82   5162.82   1.00434  
5180.9    5181.99   1.08834  
5196.22   5197.28   1.05403  
5226.17   5227.33   1.16122  
5241.31   5242.61   1.29459  
5249.16   5250.39   1.228    
5263.83   5264.88   1.05091  
5270.75   5272.09   1.34566  
5281.78   5282.98   1.19966  
5290.02   5291.07   1.05475  
5297.67   5298.82   1.15172  
5308.23   5309.59   1.35753  
5346.93   5348.19   1.26275  
5381.3    5382.41   1.10578  
5429.82   5430.93   1.10222  
5435.73   5436.86   1.12306  
5467.7    5469.1    1.39931  
5526.05   5527.42   1.36922  
5566.97   5568.2    1.22094  
5584.95   5586.11   1.15863  
5591.97   5593.03   1.05934  
5607.71   5608.74   1.02925  
5621.43   5622.6    1.16666  
5639.21   5640.43   1.21309  
5643.32   5644.51   1.19509  
5665.03   5666.69   1.66422  
5673.24   5674.59   1.34747  
5677.17   5678.29   1.12269  
5688.52   5690.05   1.53484  
5704.37   5705.65   1.28012  
5718.78   5720.3    1.52153  
5776.64   5777.76   1.11253  
5779.89   5781.07   1.182    
5820.63   5821.79   1.15637  
5835.41   5836.83   1.41478  
5849.43   5850.55   1.12347  
5857.6    5858.84   1.23694  
5886.17   5887.27   1.10072  
5909.34   5910.76   1.42175  
5945.72   5947.09   1.36716  
5974.12   5976.02   1.89356  
6008.31   6009.41   1.10053  
6013.59   6017.3    3.708    
6018.07   6019.94   1.86706  
6022.51   6023.55   1.03656  
6038.31   6039.54   1.23469  
6051.79   6053.12   1.32584  
6060.16   6061.46   1.29281  
6066.16   6067.24   1.08191  
6083.78   6084.98   1.19794  
6091.12   6092.35   1.23425  
6093.22   6094.33   1.11347  
6105.01   6106.07   1.0605   
6114.76   6116.08   1.32066  
6137.4    6138.49   1.09262  
6155.67   6156.93   1.26347  
6164.96   6165.99   1.02884  
6181.63   6182.74   1.11447  
6184.59   6185.65   1.06134  
6196.72   6197.74   1.01766  
6201.71   6203.09   1.38838  
6223.35   6224.43   1.07778  
6240.34   6241.39   1.04325  
6279.07   6280.12   1.05488  
6303.85   6304.86   1.00791  
6324.93   6326      1.06584  
6344.79   6345.82   1.02919  
6359.3    6360.31   1.01831  
6366.93   6368.14   1.21522  
6373.63   6375.22   1.58884  
6383.9    6385.27   1.36866  
6395.22   6396.57   1.35194  
6434.95   6436.44   1.49841  
6442.26   6443.28   1.02513  
6443.92   6444.95   1.03228  
6447.04   6448.06   1.01759  
6458.22   6459.27   1.04625  
6470.92   6472.45   1.53628  
6490.84   6492.41   1.56059  
6495.32   6496.84   1.52531  
6500.54   6501.79   1.25822  
6508.97   6510.08   1.11372  
6576.36   6577.72   1.36816  
6595.89   6597.4    1.51447  
6608.62   6609.79   1.16569  
6647.12   6648.49   1.36959  
6649.95   6651.07   1.12187  
6656.02   6657.06   1.042    
6665.28   6666.62   1.33859  
6754.24   6755.72   1.48259  
6781.73   6782.94   1.21753  
6786.47   6787.9    1.43672  
6838.94   6840.91   1.96288  
6862.87   6863.88   1.00891  
6911.84   6912.89   1.04769  
6943.3    6944.9    1.60491  
6986.9    6987.93   1.03103  
7015.2    7016.81   1.60622  
7032.6    7033.68   1.07622  
7055.52   7056.69   1.16853  
7070.2    7071.51   1.31137  
7094.7    7096      1.29819  
7117.35   7118.52   1.17506  
7151.44   7152.51   1.07337  
7163.29   7164.47   1.17959  
7168.54   7169.74   1.20256  
7175.39   7176.75   1.36959  
7181.76   7182.79   1.03069  
7184.73   7185.99   1.26544  
7194.12   7195.35   1.22856  
7198.22   7199.33   1.11166  
7211.44   7212.48   1.04206  
7232.96   7234.16   1.19616  
7253.66   7255.06   1.39631  
7265.67   7266.67   1.00097  
7279.76   7281      1.23722  
7285.29   7286.41   1.11759  
7287.22   7288.26   1.04106  
7296.88   7297.94   1.06278  
7329.58   7330.69   1.10488  
7343.36   7344.62   1.26566  
7394.52   7395.87   1.34519  
7418.62   7419.66   1.03828  
7423.57   7424.6    1.02869  
7461.86   7463.1    1.23591  
7466.58   7467.83   1.25087  
7472.93   7474.37   1.43925  
7500.55   7501.95   1.39569  
7509.31   7510.36   1.05453  
7517.64   7518.71   1.07387  
7548.28   7549.45   1.16719  
7566.62   7567.66   1.03966  
7574.76   7575.81   1.04969  
7599.36   7600.38   1.02087  
7608.4    7609.6    1.19741  
7629.13   7630.14   1.01103  
7653.82   7655.04   1.21856  
7669.62   7670.92   1.29359  
7675.81   7676.99   1.17984  
7703.18   7704.37   1.18691  
7724.34   7725.55   1.20916  
7727.35   7728.49   1.14531  
7743.01   7744.28   1.26878  
7765.68   7766.78   1.09494  
7768.82   7769.84   1.01997  
7791.28   7795.03   3.74947  
7795.84   7796.85   1.00584  
7817.16   7818.24   1.07862  
7838.02   7839.72   1.70272  
7881.23   7882.68   1.45394  
7890.46   7892.04   1.57984  
7908.51   7909.94   1.43088  
7944.04   7945.61   1.56866  
7952.7    7953.79   1.09056  
7965.39   7966.94   1.55462  
8015.52   8017.18   1.65378  
8021.74   8022.99   1.25247  
8029.98   8031.33   1.35728  
8057.07   8058.07   1.00628  
8151.75   8152.91   1.15809  
8163.09   8164.51   1.41456  
8173.88   8174.94   1.05603  
8199.27   8200.8    1.52563  
8209.71   8210.72   1.00575  
8343.88   8345.08   1.19981  
8395.87   8397.1    1.22603  
8414.97   8416.47   1.49306  
8429.5    8430.65   1.1455   
8474.73   8475.86   1.12984  
8520.15   8521.55   1.40122  
8526.32   8527.56   1.23528  
8586.36   8587.55   1.1895   
8632.79   8633.85   1.06066  
8657.48   8659.11   1.62959  
8700.9    8701.96   1.05816  
8710.58   8711.61   1.03775  
8714.76   8715.85   1.08131  
8722.94   8724.29   1.34666  
8752.41   8753.74   1.32566  
8756.55   8757.65   1.09831  
8758.79   8759.91   1.11691  
8762.78   8763.94   1.15553  
8776.44   8777.54   1.09313  
8782.7    8783.93   1.22394  
8798.54   8799.56   1.01844  
8805.86   8806.89   1.02884  
8875.41   8876.5    1.09766  
8877.87   8879.38   1.51359  
8889.96   8891.78   1.81406  
8924.82   8925.87   1.04563  
8933.71   8935.17   1.4665   
8943.14   8944.14   1.00378  
8952.69   8953.88   1.19538  
8957.78   8959.03   1.24409  
8982.37   8983.54   1.16647  
9002.64   9003.75   1.10947  
9009.48   9010.99   1.51416  
9030.34   9031.39   1.05725  
9055.59   9056.78   1.19334  
9057.82   9059      1.17725  
9081.78   9083.05   1.27628  
9084.31   9085.4    1.09359  
9096.02   9097.31   1.29666  
9126.36   9128.31   1.94744  
9134.94   9136.33   1.39406  
9185.47   9186.83   1.36062  
9190.55   9191.68   1.12159  
9194.93   9196      1.06731  
9206.28   9207.72   1.44244  
9221.95   9222.97   1.01122  
9235.21   9236.27   1.06297  
9244.4    9245.48   1.07881  
9251.22   9252.3    1.07128  
9253.92   9255.59   1.67463  
9266.5    9267.7    1.206    
9276.24   9277.27   1.03203  
9288.05   9289.34   1.29075  
9295.55   9296.56   1.00953  
9300.4    9301.42   1.01859  
9303.75   9304.83   1.08303  
9306.63   9307.69   1.05891  
9315.96   9317.17   1.21041  
9328.37   9329.84   1.47009  
9331.88   9332.98   1.10356  
9341.5    9342.54   1.03925  
9347.91   9349.01   1.10316  
9365.19   9366.81   1.62125  
9370.5    9371.53   1.02819  
9374.98   9376.07   1.08819  
9405.12   9406.78   1.66344  
9449.3    9450.62   1.31119  
9455.19   9456.25   1.05584  
9467.14   9468.33   1.19006  
9475.52   9476.62   1.10222  
9482.73   9483.9    1.16978  
9507.35   9508.55   1.19969  
9513.38   9514.5    1.11906  
9520.12   9521.52   1.40434  
9546.02   9548.2    2.18297  
9550.07   9551.26   1.19572  
9555.33   9556.47   1.13856  
9559.58   9560.91   1.33313  
9570.1    9571.23   1.13109  
9609.62   9610.72   1.09828  
9629.55   9631.08   1.52881  
9644.76   9645.97   1.21303  
9654.07   9655.55   1.47772  
9657.28   9660.9    3.62013  
9661.77   9662.81   1.04219  
9692.11   9693.25   1.14431  
9705.58   9706.59   1.00991  
9713.72   9714.88   1.16069  
9720.95   9722.03   1.07987  
9737.95   9739.32   1.36953  
9764.09   9765.16   1.066    
9766.84   9767.96   1.12347  
9772.29   9773.77   1.48313  
9786.54   9787.77   1.23303  
9791.75   9792.79   1.03609  
9809.18   9810.21   1.02919  
9812.79   9814.02   1.23338  
9815.13   9816.27   1.14375  
9827.14   9828.94   1.80137  
9842.05   9843.67   1.62159  
9848.83   9850.01   1.17944  
9853.51   9854.66   1.15475  
9862.64   9863.83   1.19756  
9866.15   9867.35   1.19922  
9886.19   9887.3    1.11891  
9896.61   9898.68   2.06509  
9903.82   9904.87   1.04734  
9906.48   9907.57   1.09153  
9911.44   9912.64   1.20087  
9922.48   9923.85   1.36803  
9950.66   9952.04   1.38206  
9956.61   9958.04   1.43522  
9967.23   9968.56   1.32259  
9978.64   9980.03   1.39263  
9985.3    9986.39   1.08816  
10000.5   10001.9   1.43241  
10005     10006.3   1.27566  
10010.4   10011.7   1.31719  
10014.7   10015.8   1.12272  
10031.7   10033.3   1.59147  
10036.7   10038.8   2.16656  
10048.2   10049.4   1.18359  
10051.5   10052.7   1.23847  
10057.8   10058.8   1.06366  
10073.3   10074.7   1.39506  
10076.3   10077.6   1.31484  
10084.1   10085.9   1.74241  
10088.3   10089.7   1.32709  
10094.4   10096.1   1.62056  
10098.2   10099.3   1.08466  
10105.9   10107.2   1.23388  
10109.4   10110.6   1.20022  
10136.2   10138     1.72534  
10150.2   10151.7   1.49713  
10158.2   10159.3   1.07809  
10163.9   10165.1   1.28513  
10166.2   10167.2   1.02009  
10174.6   10175.9   1.30391  
10187.6   10188.7   1.0805   
10192.8   10194.2   1.40947  
10205.4   10206.5   1.09381  
10210.5   10211.8   1.21863  
10219.6   10221.5   1.84184  
10264.2   10265.5   1.31544  
10276.3   10278     1.69938  
10292.1   10293.6   1.47209  
10308.3   10309.8   1.50625  
10333.8   10335.5   1.67181  
10339.8   10340.8   1.06728  
10342     10343.3   1.31488  
10357.7   10359.5   1.76931  
10372.8   10374     1.20913  
10383.2   10384.7   1.48459  
10398.8   10399.9   1.09031  
10416     10417.4   1.38859  
10420.3   10421.4   1.16209  
10435.9   10437.6   1.70816  
10440.9   10442     1.17359  
10444     10445.3   1.32347  
10451.7   10452.7   1.06212  
10465.8   10467     1.24722  
10469.9   10471.6   1.65922  
10478.5   10479.5   1.01263  
10500.8   10502     1.20709  
10504     10505.3   1.28784  
10543.4   10544.9   1.47122  
10546.5   10547.9   1.40587  
10552     10553.5   1.46756  
10557.4   10558.9   1.46772  
10566.1   10567.3   1.17906  
10569.1   10570.2   1.09941  
10579.2   10580.4   1.18084  
10587.7   10588.9   1.20572  
10604.8   10606.4   1.61856  
10614.8   10616.2   1.44078  
10617.6   10619     1.32384  
10620.2   10621.4   1.18378  
10626.2   10627.2   1.00681  
10628.5   10629.6   1.11616  
10636.2   10638     1.79041  
10653.1   10654.3   1.21197  
10665.9   10667     1.15081  
10676.9   10677.9   1.00381  
10687.3   10688.9   1.58703  
10703.3   10704.5   1.26044  
10734.8   10735.9   1.12206  
10751.2   10752.2   1.02763  
10778     10779.3   1.3325   
10794.1   10795.2   1.03216  
10805.4   10806.7   1.35816  
10810.5   10811.7   1.25263  
10820.7   10821.8   1.14191  
10832     10833.1   1.13334  
10834     10835.7   1.65712  
10884.4   10885.4   1.02909  
10908.8   10910     1.26734  
10934.1   10935.2   1.04322  
10981     10982     1.06622  
10989.1   10990.5   1.32094  
11069.5   11070.8   1.36378  
11074     11075.1   1.11841  
11090     11091.4   1.34331  
11124.6   11126.2   1.59922  
11138.6   11139.6   1.08262  
11152.4   11153.4   1.01809  
11165.9   11166.9   1.04044  
11229.9   11231.1   1.22141  
11244.4   11245.5   1.10547  
11247.9   11249     1.12625  
11252.6   11253.7   1.10609  
11256.4   11257.5   1.05025  
11268.2   11269.3   1.12956  
11289.4   11290.6   1.22894  
11307.4   11308.5   1.09003  
11314.7   11315.8   1.08041  
11330.3   11331.5   1.16312  
11346.4   11347.6   1.14094  
11366.2   11367.4   1.15141  
11374     11375.1   1.10906  
11384.6   11385.6   1.05194  
11451.1   11452.2   1.157    
11465.4   11467.1   1.69556  
11510.3   11511.3   1.01453  
11520.6   11521.8   1.23663  
11525.7   11527.1   1.45409  
11543.6   11544.7   1.12584  
11548.9   11550.2   1.32306  
11559.7   11561     1.28572  
11562.7   11563.9   1.156    
11596.6   11597.7   1.10137  
11616.6   11618     1.32275  
11620.4   11624     3.60625  
11624.9   11626.8   1.97513  
11638.2   11639.6   1.35756  
11715.9   11717.4   1.47903  
11738.2   11739.3   1.14928  
11783.7   11785.2   1.52616  
11791.8   11792.8   1.02447  
11806.5   11807.6   1.1035   
11809.6   11810.7   1.19419  
11823.2   11824.3   1.13628  
11842     11843     1.00116  
11850.3   11851.3   1.07184  
11881.9   11883.4   1.49681  
11895     11896.2   1.22547  
11912.9   11914     1.12953  
11959.5   11960.9   1.40363  
11971.4   11972.8   1.39684  
11981.2   11982.3   1.14463  
11998.8   12000.2   1.43953  
12005.5   12006.8   1.24797  
12034     12035.5   1.55137  
12053     12054.8   1.80572  
12058     12059.1   1.05019  
12073.7   12075.1   1.33722  
12087.4   12088.6   1.15969  
12108.6   12109.7   1.11238  
12111.6   12112.7   1.02309  
12118     12119.4   1.37069  
12128.8   12130.2   1.43391  
12152.9   12154     1.14384  
12196.6   12197.7   1.14284  
12198.6   12199.7   1.10744  
12203.3   12204.3   1.0145   
12210     12211.4   1.47219  
12227.5   12228.6   1.06931  
12237.8   12239.4   1.62363  
12251.1   12252.6   1.43825  
12262.4   12263.7   1.35841  
12268.1   12269.2   1.06147  
12299.3   12300.4   1.08575  
12301.7   12302.8   1.08784  
12314.9   12316.1   1.17338  
12336.4   12337.8   1.443    
12400     12401.3   1.31925  
12453.3   12454.9   1.56669  
12479.9   12481.5   1.62591  
12492.1   12493.4   1.32     
12510.1   12511.2   1.07737  
12529.1   12530.1   1.04478  
12547     12548.1   1.06581  
12548.7   12549.9   1.17944  
12563.3   12564.3   1.00291  
12585.3   12586.3   1.06678  
12604.2   12605.6   1.44503  
12612.6   12613.8   1.16488  
12630.1   12631.3   1.21459  
12648.1   12649.3   1.14681  
12667.8   12669.1   1.254    
12684.4   12685.8   1.43928  
12687.1   12688.2   1.09169  
12723.4   12724.7   1.29059  
12750.3   12751.4   1.096    
12762.1   12763.3   1.17056  
12778.3   12779.3   1.00525  
12781.2   12782.4   1.243    
12800.6   12802.4   1.82556  
12812.9   12814     1.07062  
12839.5   12840.7   1.20228  
12868.9   12870     1.11081  
12883.5   12885.1   1.53884  
12894.2   12895.5   1.26425  
12909.6   12910.8   1.193    
12914.9   12916.3   1.32681  
12921.4   12922.5   1.08303  
12969.5   12971.8   2.29572  
12976.5   12977.8   1.24091  
13001.8   13003     1.24956  
13005.5   13006.8   1.31684  
13009     13010.2   1.16912  
13018.3   13019.3   1.03172  
13022.4   13023.7   1.30916  
13025     13026     1.01334  
13027.9   13029.1   1.27012  
13031.4   13032.6   1.16712  
13038.1   13039.6   1.46759  
13042     13043.1   1.11138  
13044.3   13045.6   1.35125  
13057.4   13058.7   1.32078  
13063.6   13064.8   1.16266  
13086.1   13087.3   1.16819  
13099.9   13101     1.05294  
13130.8   13132.3   1.49778  
13144.2   13145.2   1.04066  
13172     13173.1   1.12809  
13179     13180.3   1.28072  
13207.5   13208.6   1.10337  
13220     13221     1.03456  
13222.7   13224.5   1.81294  
13245.5   13246.5   1.02334  
13264.8   13266.2   1.39475  
13297.9   13299.6   1.74306  
13335.4   13336.4   1.01784  
13343.2   13344.2   1.031    
13362.7   13363.8   1.14684  
13393.4   13394.7   1.25347  
13416.4   13417.7   1.30766  
13420.1   13421.1   1.01516  
13444.1   13445.6   1.53241  
13479.8   13481.1   1.33366  
13500     13501     1.04922  
13542.1   13543.5   1.38013  
13550.7   13552.6   1.87731  
13577.5   13578.6   1.13153  
13584     13585     1.01537  
13586     13587.4   1.36159  
13601.3   13602.6   1.30972  
13603     13604.2   1.23653  
13629.9   13631     1.18516  
13632.6   13633.6   1.02541  
13646.4   13647.4   1.03159  
13656     13657.3   1.29309  
13662.7   13663.9   1.17778  
13670.4   13671.8   1.32553  
13673.3   13674.5   1.17619  
13707.1   13708.4   1.2615   
13711.9   13713     1.06791  
13719.4   13720.5   1.10666  
13726.3   13729.9   3.65219  
13730.8   13732.2   1.39959  
13785.9   13786.9   1.03269  
13857.9   13858.9   1.02319  
13955.2   13956.3   1.16606  
14025.6   14027     1.46534  
14078.5   14079.6   1.12197  
14120.2   14121.3   1.02906  
14143     14144     1.03612  
14160.2   14161.2   1.00684  
14168.3   14169.3   1.04087  
14183.9   14185.1   1.16019  
14195.3   14196.3   1.03513  
14208.5   14209.5   1.03534  
14248.8   14250.2   1.43178  
14310     14311.4   1.49125  
14352.9   14354     1.14691  
14404.7   14405.9   1.26647  
14460     14461.1   1.15691  
14468.7   14469.8   1.14022  
14494.7   14496.7   1.96819  
14566.5   14567.8   1.23875  
14598.5   14599.6   1.08997  
14615.5   14616.6   1.09003  
14631.6   14632.8   1.20588  
14644.2   14645.9   1.66166  
14659.7   14660.8   1.13725  
14675.8   14677     1.18759  
14687.5   14688.7   1.20672  
14698.7   14700.1   1.39209  
14709     14710.2   1.21037  
14721.1   14722.5   1.34425  
14762.8   14763.8   1.05966  
14805.4   14807     1.67112  
14886.5   14887.7   1.15591  
14915.6   14916.8   1.21197  
14967     14968.6   1.64531  
14978.9   14980.1   1.257    
14987.6   14988.7   1.06609  
15013.3   15014.5   1.16213  
15031.4   15032.8   1.37391  
15039.3   15040.4   1.01644  
15048.5   15049.5   1.00328  
15070.2   15071.4   1.19903  
15077.9   15079     1.09397  
15125.9   15127.1   1.23831  
15175.2   15176.7   1.51491  
15209.1   15210.3   1.19303  
15221.7   15223.5   1.74369  
15244     15245.8   1.78737  
15288.5   15290.1   1.56984  
15292.7   15293.8   1.17709  
15297.3   15298.6   1.34916  
15314.1   15315.3   1.21125  
15316.8   15317.9   1.10691  
15323     15324.1   1.11475  
15337.9   15339.1   1.19353  
15342.3   15343.4   1.14062  
15348     15349.2   1.26209  
15364.5   15366.3   1.77372  
15372     15373.1   1.0845   
15405.2   15406.2   1.02487  
15421.1   15422.3   1.16641  
15423.3   15424.3   1.07881  
15425.7   15426.9   1.128    
15430.4   15431.7   1.26659  
15434.4   15435.7   1.28859  
15436.6   15437.7   1.15094  
15448.2   15449.7   1.58741  
15484.8   15486     1.19253  
15505.2   15506.3   1.11387  
15526.6   15527.7   1.14841  
15539.4   15540.5   1.17728  
15544.7   15545.8   1.11016  
15553.8   15554.8   1.01978  
15564.5   15565.5   1.05434  
15566.4   15567.8   1.38641  
15578     15579.1   1.07272  
15583.2   15584.3   1.16559  
15587.9   15588.9   1.01709  
15596.7   15597.9   1.16278  
15633.4   15635.1   1.68756  
15641.6   15642.7   1.10472  
15665.7   15666.7   1.03028  
15671.5   15673.5   2.03169  
15725.1   15726.1   1.00744  
15737.7   15741.3   3.52387  
15742.1   15743.3   1.15847  
15785.3   15786.4   1.09519  
15818.6   15819.6   1.00028  
15820.9   15822     1.10778  
15845.4   15846.5   1.07416  
15869.7   15870.8   1.12497  
15913.8   15915.1   1.30566  
15971.8   15973.5   1.67856  
15980.1   15981.4   1.26475  
16017.1   16018.7   1.58181  
16053.4   16055.1   1.69969  
16063.3   16064.3   1.05612  
16067.1   16068.3   1.21503  
16072.1   16073.4   1.33644  
16093.1   16094.2   1.18388  
16101.2   16102.3   1.12672  
16126.8   16127.9   1.10038  
16154.6   16156     1.426    
16164.2   16165.6   1.42338  
16188     16189.5   1.492    
16209.6   16210.9   1.24681  
16217.9   16219.3   1.36347  
16229.2   16230.2   1.01772  
16241     16242.1   1.04272  
16248.3   16249.7   1.43147  
16262.9   16264.4   1.48119  
16278.1   16279.2   1.09144  
16299.7   16300.8   1.09509  
16313.1   16314.3   1.1775   
16321.8   16323     1.22734  
16325.1   16326.2   1.11094  
16340.1   16341.2   1.1215   
16370.8   16372.3   1.54334  
16381.1   16382.3   1.25009  
16389.4   16390.4   1.00119  
16394.7   16396.6   1.93772  
16407.1   16408.3   1.17819  
16410.6   16412.1   1.4635   
16423.9   16425.3   1.40291  
16451.3   16452.8   1.51731  
16463.5   16464.7   1.20453  
16484.2   16486     1.79253  
16492     16493.2   1.2725   
16515.6   16516.9   1.33991  
16520.7   16521.8   1.12075  
16526.2   16527.2   1.07903  
16550.5   16551.6   1.10547  
16568.5   16569.7   1.25753  
16571.1   16572.4   1.37056  
16583.3   16584.6   1.23722  
16586.8   16587.8   1.06166  
16589.3   16590.6   1.31309  
16608.8   16609.8   1.05828  
16613.2   16614.2   1.02828  
16625.3   16627     1.63312  
16629.1   16630.1   1.00997  
16634.2   16635.6   1.37522  
16646.2   16647.5   1.298    
16660     16661.1   1.14819  
16671.8   16673.9   2.06703  
16676.7   16677.9   1.24719  
16682.6   16684     1.31806  
16691.4   16692.5   1.09519  
16694.8   16695.9   1.09778  
16699.9   16701.7   1.74931  
16742.6   16743.6   1.04772  
16745.8   16747.3   1.58713  
16757.7   16758.9   1.20906  
16767.7   16768.8   1.1665   
16779.6   16781.2   1.58553  
16788.3   16789.4   1.08959  
16812.4   16814     1.55666  
16825.4   16826.8   1.37931  
16829.2   16830.5   1.29775  
16832.5   16833.6   1.08925  
16839.8   16841.1   1.23475  
16849.6   16850.7   1.13469  
16868.1   16869.2   1.05953  
16875     16876.5   1.51166  
16891.4   16892.4   1.06059  
16947     16948.1   1.10972  
16956.6   16957.7   1.09759  
16967     16968.4   1.45466  
17001.8   17002.9   1.14828  
17004     17005.2   1.14925  
17013     17014.1   1.14309  
17066.9   17068.7   1.82     
17072.2   17074.2   1.92019  
17081.8   17083.3   1.47584  
17092.4   17093.7   1.33137  
17105.9   17107.4   1.53519  
17147.7   17149     1.32869  
17157.6   17158.9   1.27238  
17164.4   17165.4   1.01291  
17174     17175.2   1.26362  
17177.1   17178.4   1.29981  
17240.2   17241.6   1.4005   
17244.6   17245.6   1.07694  
17279.4   17281     1.59475  
17286.2   17287.3   1.10516  
17292.2   17293.7   1.50222  
17299.1   17300.2   1.12575  
17320.6   17321.7   1.06125  
17326.1   17327.3   1.25084  
17331.3   17332.3   1.02475  
17341.7   17343     1.23406  
17346.2   17347.4   1.19475  
17352.8   17354     1.14794  
17368     17369.1   1.15431  
17370.4   17371.5   1.13266  
17374.4   17375.5   1.07778  
17376.5   17377.6   1.17988  
17385     17386.1   1.07044  
17425.3   17426.5   1.24063  
17436.8   17438     1.15656  
17449.3   17451     1.66784  
17458.1   17459.2   1.132    
17472.3   17473.5   1.20828  
17480.6   17481.6   1.05156  
17512.8   17513.9   1.09422  
17530.6   17534.3   3.67825  
17574.1   17575.1   1.00806  
17589.8   17591.4   1.60559  
17636.9   17638.5   1.63216  
17651.1   17652.2   1.08669  
17666.7   17668     1.28038  
17681.4   17682.6   1.16572  
17695.3   17696.4   1.06734  
17720.3   17721.4   1.09647  
17727.9   17729.1   1.17037  
17737.9   17739     1.07759  
17748.7   17749.9   1.16975  
17761.4   17762.7   1.32862  
17776.5   17777.8   1.31925  
17797.7   17798.9   1.21747  
17803.7   17804.8   1.1155   
17837.1   17838.2   1.10363  
17871.2   17873     1.87409  
17908.1   17909.2   1.04869  
17959.8   17960.9   1.10069  
17965     17966.1   1.01828  
17998.8   18000.2   1.41922  
18016.6   18018     1.45422  
18030     18031.2   1.21394  
18048.9   18050.2   1.29778  
18054.7   18056     1.25225  
18094.5   18095.5   1.04719  
18100.7   18101.9   1.19281  
18125.6   18126.7   1.06259  
18135.5   18136.8   1.24034  
18148.7   18150.2   1.448    
18189.1   18190.4   1.29287  
18230.7   18232.2   1.51066  
18246.2   18247.4   1.15828  
18263.1   18264.2   1.08803  
18270.5   18271.8   1.31888  
18277.2   18278.4   1.22975  
18289.3   18290.4   1.06406  
18309.5   18310.6   1.12497  
18314.2   18315.3   1.07434  
18321.6   18322.6   1.02388  
18324.6   18325.7   1.14209  
18326.6   18327.8   1.206    
18345.9   18347.4   1.43184  
18353.5   18354.7   1.14706  
18361.9   18363     1.08231  
18364     18365     1.04072  
18391.5   18392.5   1.03709  
18425     18426.1   1.13456  
18443.1   18444.7   1.62075  
18455.6   18456.8   1.16931  
18463.3   18464.5   1.17034  
18472.8   18473.9   1.07597  
18479.8   18481.6   1.7875   
18501.2   18502.3   1.07959  
18531.5   18532.5   1.01591  
18537.3   18538.3   1.03137  
18551.8   18552.9   1.17309  
18569.1   18570.6   1.49347  
18600.1   18601.3   1.21891  
18616.8   18618     1.14222  
18643     18644.2   1.16922  
18678.2   18680.2   1.97828  
18715.5   18717.1   1.5725   
18721     18722.3   1.22519  
18728.8   18730.2   1.40413  
18732.5   18734     1.43331  
18738.1   18739.2   1.07684  
18745.6   18746.7   1.098    
18757     18758.1   1.08272  
18774.4   18775.5   1.08937  
18781.7   18782.9   1.18863  
18787.3   18788.5   1.22591  
18805.6   18806.7   1.17678  
18839.7   18840.8   1.12691  
18843.8   18845.1   1.27278  
18848.1   18849.4   1.33059  
18859.4   18860.4   1.01822  
18888.8   18890     1.21103  
18912.3   18913.6   1.30319  
18925.5   18926.5   1.04128  
18953.5   18955.3   1.74381  
19035.2   19036.2   1.02072  
19067.7   19069     1.28487  
19092.2   19093.3   1.16153  
19114.2   19115.3   1.10222  
19143.9   19145.4   1.50831  
19152     19153.1   1.12797  
19168.3   19169.5   1.15994  
19170.1   19171.6   1.48213  
19183.4   19184.4   1.07859  
19198.1   19199.5   1.3755   
19215.7   19216.8   1.17437  
19251.4   19252.6   1.18544  
19261.7   19263.3   1.55266  
19274.2   19275.2   1.039    
19279     19280.2   1.23725  
19290.9   19292.6   1.781    
19315.9   19317.5   1.59316  
19323.8   19324.9   1.02728  
19333.8   19334.8   1.02066  
19367.5   19368.9   1.39094  
19383.6   19384.7   1.13972  
19387.2   19388.5   1.23744  
19399.3   19400.5   1.10697  
19410.4   19411.6   1.17381  
19426.1   19427.2   1.14778  
19430.8   19431.9   1.081    
19442     19443.2   1.12387  
19446.6   19447.7   1.12953  
19464.9   19466.4   1.48766  
19470.4   19471.7   1.27966  
19473     19474.2   1.20628  
19477.1   19478.3   1.22747  
19497.7   19498.7   1.03163  
19502.7   19503.7   1.00428  
19505.9   19507.1   1.1775   
19511.1   19512.3   1.23334  
19515.5   19516.5   1.05747  
19520.3   19521.3   1.00588  
19524.8   19526.4   1.59553  
19546.1   19547.8   1.67725  
19585.8   19587.4   1.62256  
19593.6   19594.9   1.26472  
19609.1   19610.6   1.52581  
19615.2   19616.4   1.18066  
19663.7   19665.4   1.60747  
19675.2   19676.2   1.02012  
19680.9   19682.3   1.36444  
19688.5   19690     1.50569  
19692.6   19693.7   1.12916  
19694.9   19696     1.09353  
19712.3   19713.4   1.09575  
19729.2   19730.2   1.03719  
19748.7   19750.1   1.33734  
19759.6   19760.7   1.13619  
19787     19788.1   1.07325  
19793.6   19794.7   1.14     
19808     19809     1.07181  
19815.4   19816.6   1.18559  
19821.3   19822.6   1.33472  
19829.8   19830.9   1.15406  
19854.6   19855.6   1.06369  
19872.7   19873.9   1.19759  
19884.5   19885.9   1.35053  
19899.1   19900.7   1.53816  
19913     19914.2   1.22837  
19918.9   19922.6   3.68322  
19923.5   19924.5   1.05859  
19934.8   19935.8   1.01891  
19964     19965.4   1.34566  
19990     19991.2   1.17478  
19992.7   19993.8   1.11175  
20055.5   20057     1.47447  
20068.8   20070     1.19672  
20071.5   20072.7   1.17806  
20084.6   20085.6   1.077    
20106.3   20107.4   1.10241  
20113.6   20114.9   1.32378  
20124.8   20125.9   1.12516  
20139.5   20140.7   1.20322  
20167.2   20168.3   1.07003  
20172.1   20173.3   1.15325  
20184.9   20186     1.13894  
20189.3   20190.8   1.42209  
20199.6   20200.7   1.13916  
20211.5   20213.4   1.93975  
20223.4   20224.4   1.04328  
20229.5   20230.9   1.35144  
20236.2   20237.2   1.01019  
20242     20243.5   1.48116  
20249.1   20250.5   1.46628  
20270     20271.1   1.08406  
20292     20293.4   1.44463  
20301.6   20302.8   1.22559  
20306     20307.4   1.32884  
20320.1   20321.5   1.438    
20351.3   20352.3   1.04216  
20374.2   20376.2   2.04591  
20386.8   20387.9   1.07178  
20392.8   20394.2   1.42063  
20402.9   20404.6   1.65772  
20407.7   20408.7   1.00009  
20412     20413.5   1.51119  
20415.7   20416.9   1.16816  
20418.4   20419.5   1.10694  
20423.6   20425.1   1.50369  
20432     20433     1.026    
20437.1   20438.9   1.71684  
20445     20446.1   1.07141  
20447     20448.1   1.14891  
20450.6   20451.9   1.23731  
20456.7   20457.7   1.01628  
20463.6   20464.9   1.31619  
20474.9   20476.2   1.30719  
20478.7   20480.1   1.3655   
20513     20514.4   1.40031  
20519.2   20520.9   1.76847  
20571.2   20572.4   1.12328  
20607.9   20609.4   1.49328  
20611.9   20613.7   1.79784  
20622.5   20623.8   1.28341  
20636.9   20638.6   1.66919  
20646.9   20648.3   1.40853  
20671.7   20673.1   1.43309  
20677.4   20678.4   1.03003  
20710     20711.1   1.13159  
20725.8   20727.5   1.68541  
20734.2   20737     2.73338  
20783     20784.2   1.24325  
20798.5   20799.5   1.05819  
20803.8   20804.8   1.06691  
20823.4   20824.8   1.3445   
20838.5   20839.6   1.12228  
20850.4   20851.4   1.08406  
20856.3   20857.4   1.09953  
20874.1   20875.2   1.02988  
20911.5   20912.5   1.00162  
20922     20923     1.03591  
20929.6   20930.8   1.26263  
20949.8   20951.2   1.45359  
20957.7   20959     1.22131  
20966.2   20967.2   1.02447  
20972.6   20973.7   1.04922  
20979.5   20980.7   1.17191  
20987     20988.2   1.13025  
20991.2   20992.5   1.22519  
20999.3   21000.5   1.21359  
21006.2   21007.7   1.46094  
21042.4   21044.1   1.62387  
21048.7   21050     1.29444  
21053.9   21055.3   1.45322  
21097.3   21098.5   1.20525  
21113.4   21114.5   1.13047  
21139.9   21140.9   1.04559  
21150.1   21151.3   1.135    
21154.9   21155.9   1.01928  
21178.5   21179.7   1.18312  
21189     21190.1   1.07084  
21196.3   21197.7   1.32516  
21202.2   21203.4   1.16572  
21205.5   21207     1.48663  
21218.3   21219.9   1.62638  
21248.6   21250.2   1.60206  
21268.2   21270.2   1.99125  
21285.1   21286.4   1.29366  
21303.3   21304.6   1.28809  
21307.8   21309.2   1.40372  
21317.5   21319.4   1.88884  
21330.1   21331.4   1.33447  
21341.1   21342.1   1.001    
21351.3   21352.8   1.45059  
21355     21356.1   1.06363  
21362.8   21364     1.14553  
21385.6   21386.7   1.07791  
21400.5   21401.7   1.23959  
21408.7   21409.7   1.01366  
21423.1   21424.7   1.57759  
21428.1   21429.4   1.39153  
21433.1   21434.3   1.20303  
21454.5   21455.9   1.36328  
21503.2   21504.8   1.63363  
21509.6   21510.8   1.18312  
21535.2   21536.3   1.16463  
21540     21541.1   1.09859  
21549.4   21550.7   1.3925   
21560.1   21562.2   2.07047  
21588.3   21589.6   1.34478  
21593.1   21594.3   1.17938  
21605.6   21606.9   1.37172  
21636.1   21637.5   1.36613  
21647.2   21648.8   1.6285   
21664.2   21665.5   1.21594  
21670.5   21671.6   1.15391  
21684.6   21686.1   1.48506  
21689.6   21690.8   1.21916  
21736.4   21737.4   1.07088  
21740.7   21742.6   1.86387  
21771.4   21772.6   1.26591  
21784.3   21785.5   1.16922  
21788.5   21789.7   1.2305   
21796.3   21797.7   1.40378  
21803     21804.2   1.1375   
21829.3   21830.5   1.18972  
21841.7   21843     1.25538  
21854.9   21856.2   1.34662  
21863     21864.3   1.30497  
21870.2   21871.5   1.29397  
21875.5   21876.7   1.21572  
21886.6   21887.6   1.01034  
21907.6   21909.1   1.53053  
21915.7   21916.9   1.172    
21919.2   21920.9   1.6555   
21936.8   21937.9   1.13016  
21950.3   21951.4   1.12744  
21958.8   21960.5   1.74666  
22019.7   22021.1   1.46378  
22027.3   22028.4   1.14181  
22031     22032.4   1.38434  
22042.8   22043.9   1.08028  
22060.3   22062.2   1.89316  
22074     22075.1   1.15606  
22081.1   22082.3   1.17791  
22087.2   22088.5   1.36356  
22094.9   22098.5   3.62506  
22099.4   22100.5   1.14325  
22132.4   22133.5   1.09328  
22157.6   22158.8   1.14447  
22257.9   22259.1   1.17138  
22297.8   22299     1.22156  
22344     22345.2   1.16366  
22466     22467.1   1.09975  
22509.6   22511.1   1.54328  
22559.5   22561     1.49913  
22564     22565.5   1.48119  
22569.6   22570.9   1.30156  
22583.7   22584.8   1.01778  
22586.8   22588.1   1.35784  
22621.4   22622.8   1.40809  
22643.3   22644.3   1.03553  
22653.6   22654.8   1.15966  
22683.1   22684.3   1.19328  
22696.7   22697.8   1.06372  
22704.1   22705.4   1.30556  
22725.1   22726.6   1.49172  
22735.1   22736.2   1.1065   
22757.6   22758.6   1.0595   
22786.1   22787.5   1.43578  
22796.5   22797.6   1.10153  
22820.2   22821.9   1.71766  
22834.3   22835.5   1.19444  
22843.7   22844.8   1.09303  
22866.1   22867.1   1.00247  
22911     22912.1   1.18284  
22920.6   22921.9   1.27053  
22941.2   22943     1.75819  
22962.3   22963.5   1.26459  
22983.8   22985.2   1.45769  
22990.3   22991.6   1.25291  
23019.8   23020.8   1.00509  
23086.2   23087.7   1.49884  
23105.6   23106.7   1.1065   
23112.8   23114.4   1.5975   
23134     23135     1.08109  
23170.3   23171.9   1.61213  
23191.4   23193.1   1.65225  
23200.6   23201.9   1.29647  
23210.7   23212.8   2.02038  
23233.7   23234.8   1.14088  
23242.9   23244     1.07612  
23250.7   23251.9   1.21516  
23275.1   23276.4   1.32066  
23280.5   23281.9   1.39959  
23288.3   23289.4   1.09166  
23292.4   23293.6   1.2045   
23298.5   23300     1.50741  
23323.4   23324.6   1.22047  
23347.4   23349.1   1.71775  
23352.4   23353.4   1.02759  
23365.4   23366.9   1.49381  
23368.9   23370.2   1.24006  
23380.4   23381.8   1.40047  
23418.1   23419.7   1.65644  
23427.6   23428.9   1.29666  
23443.3   23444.5   1.29606  
23463     23464.9   1.96353  
23475.1   23476.4   1.23053  
23495.8   23497.7   1.86125  
23506.6   23507.7   1.08169  
23523.5   23524.5   1.06197  
23536.2   23537.3   1.06859  
23542.2   23543.2   1.01212  
23565.8   23567.4   1.67434  
23569.1   23570.3   1.18794  
23584.9   23586.2   1.23734  
23588.5   23589.6   1.11069  
23602.1   23603.2   1.04091  
23609.9   23611.4   1.54541  
23628.4   23629.8   1.40037  
23671.2   23672.7   1.50444  
23675     23676.1   1.02306  
23726.2   23727.6   1.3435   
23742     23743.2   1.18003  
23758.7   23759.8   1.08366  
23761.3   23762.4   1.12606  
23767.7   23769.1   1.49313  
23776.6   23777.8   1.26959  
23803.6   23805.1   1.56744  
23840.2   23841.5   1.25594  
23871.8   23873.9   2.04653  
23891.2   23892.3   1.09675  
23898.9   23900     1.12741  
23981.7   23982.8   1.10894  
23986.5   23987.6   1.11166  
24030.2   24031.5   1.27975  
24065.9   24066.9   1.06931  
24120.1   24121.3   1.19647  
24125.5   24126.7   1.188    
24141.6   24142.7   1.10797  
24171.6   24172.7   1.0945   
24216.2   24217.4   1.22478  
24220.5   24221.8   1.28716  
24236     24237.5   1.47713  
24242.1   24243.1   1.00266  
24250.9   24252.1   1.18072  
24266.3   24267.4   1.11928  
24291.3   24292.5   1.12662  
24306.6   24307.7   1.05531  
24339.3   24340.5   1.27287  
24351.7   24353     1.26959  
24358.5   24360     1.46044  
24371.8   24372.9   1.11275  
24418.9   24420.6   1.63959  
24483     24484.3   1.28825  
24488.2   24489.4   1.13266  
24500.1   24501.3   1.16669  
24504.2   24507.8   3.64506  
24508.9   24510.1   1.13859  
24547     24548.4   1.33688  
24569.1   24570.3   1.19191  
24601.5   24602.8   1.29047  
24698.1   24699.4   1.303    
24713.7   24714.7   1.03366  
24726.6   24728     1.31656  
24755.6   24756.7   1.11866  
24766.8   24768.5   1.72047  
24833.8   24834.8   1.07075  
24841.7   24842.9   1.12922  
24858.5   24859.5   1.00422  
24867.4   24869     1.51956  
24871     24872.4   1.3225   
24886.3   24888.1   1.83347  
24897.2   24898.3   1.08309  
24904     24905.4   1.46459  
24910.5   24911.9   1.36225  
24919.2   24920.7   1.47503  
24927     24928.4   1.35706  
24943.6   24944.7   1.10534  
24960     24962.8   2.80056  
24996     24997.1   1.08134  
25036.5   25037.9   1.342    
25085.7   25086.8   1.16944  
25119.5   25121.1   1.53247  
25181.8   25183.4   1.58359  
25186     25187     1.01175  
25201.3   25202.5   1.28028  
25221.8   25223     1.27409  
25230     25231.2   1.14278  
25239.7   25240.9   1.29278  
25243.1   25244.7   1.62359  
25256.8   25257.9   1.11553  
25283.9   25285.2   1.32725  
25297.8   25298.8   1.00078  
25305.3   25306.4   1.11444  
25341     25342     1.00425  
25348.3   25349.3   1.00703  
25352     25353.1   1.10675  
25368.6   25369.6   1.04125  
25402.7   25403.9   1.1685   
25426.2   25427.4   1.23625  
25472.9   25474     1.01184  
25497.6   25498.6   1.01891  
25521.6   25522.8   1.21953  
25564.7   25566.2   1.477    
25601.1   25602.2   1.12434  
25615.9   25616.9   1.07841  
25623.8   25625.1   1.30462  
25657.2   25658.5   1.30406  
25665     25666.2   1.12297  
25672.1   25673.3   1.22538  
25677.7   25678.7   1.06294  
25720.3   25721.7   1.38981  
25726.2   25727.3   1.03822  
25739.1   25740.3   1.16172  
25782     25783.4   1.32937  
25790.6   25791.7   1.06075  
25827.7   25828.8   1.05     
25845.7   25846.9   1.25     
25871.2   25872.2   1.06216  
25927.3   25928.6   1.24791  
25972.3   25973.4   1.03881  
25982.1   25983.3   1.22384  
26095.4   26096.4   1.06553  
26100.1   26101.2   1.17925  
26151.9   26153.1   1.12928  
26167     26168.2   1.18003  
26188.2   26189.3   1.06309  
26215.6   26216.8   1.1775   
26225.9   26226.9   1.08113  
26231.6   26233.1   1.46644  
26251.2   26252.2   1.02422  
26258.8   26260     1.14353  
26299.1   26300.8   1.69837  
26306.8   26308.7   1.85578  
26325.2   26326.3   1.08719  
26330.8   26331.9   1.02522  
26338.4   26339.6   1.20562  
26358.5   26359.6   1.06791  
26371     26372.4   1.40966  
26410.1   26411.7   1.59741  
26432.7   26434.1   1.39975  
26444     26445     1.01784  
26449.2   26450.6   1.36572  
26453.9   26455.3   1.43203  
26484.9   26486     1.16156  
26503.8   26505     1.21094  
26549.5   26553.3   3.76359  
26554.4   26555.4   1.02097  
26583.3   26584.6   1.32531  
26613.2   26614.3   1.03022  
26621.1   26622.7   1.60366  
26645.4   26646.7   1.35006  
26651.8   26652.8   1.05666  
26678.5   26679.7   1.21256  
26719.5   26720.7   1.10684  
26733.9   26735.2   1.20934  
26749.2   26750.2   1.04769  
26756.5   26757.7   1.17228  
26767     26768.3   1.27147  
26794.5   26796.3   1.80366  
26843.6   26845.1   1.53097  
26924.7   26926.3   1.63631  
26936.1   26937.8   1.65094  
26946.6   26947.6   1.06459  
26978.3   26980.2   1.96203  
26982.7   26983.8   1.05612  
26988.2   26989.3   1.178    
27065.5   27067     1.46966  
27076.7   27078     1.28025  
27082.4   27083.5   1.09247  
27085.8   27086.9   1.0205   
27088.9   27090     1.13175  
27096.9   27098.2   1.28594  
27137.3   27139     1.72016  
27150.1   27151.1   1.00541  
27195.7   27197     1.24     
27201.9   27203     1.14934  
27206.5   27207.6   1.11675  
27218.6   27219.6   1.05791  
27225.1   27226.6   1.49141  
27232.7   27233.9   1.16894  
27242.6   27243.7   1.09163  
27262.9   27264.2   1.29522  
27272.2   27273.4   1.24238  
27285.5   27286.5   1.07681  
27302.7   27304     1.33197  
27305.9   27307     1.10594  
27314.6   27315.9   1.31678  
27319.4   27320.4   1.01191  
27328     27329     1.04206  
27358.5   27359.7   1.15109  
27371.4   27372.7   1.29     
27389.6   27390.8   1.17219  
27398.8   27400.1   1.23588  
27413.5   27414.8   1.33038  
27422     27423.3   1.25487  
27450.2   27451.3   1.05956  
27455.7   27457.5   1.77541  
27462.8   27464     1.19894  
27516     27517.1   1.12525  
27562     27563     1.01081  
27568.2   27569.3   1.13056  
27572.8   27573.9   1.15772  
27605.7   27607     1.26963  
27610.6   27611.7   1.08703  
27628.6   27629.7   1.03856  
27641.5   27642.6   1.108    
27664.7   27666.3   1.52256  
27678.2   27679.2   1.03319  
27711.4   27712.6   1.21272  
27723.7   27724.8   1.11438  
27743     27744.6   1.57022  
27754.3   27756.1   1.75594  
27794.1   27795.2   1.06903  
27802.8   27804.3   1.47831  
27806.1   27807.1   1.02169  
27841.5   27842.7   1.18578  
27845.2   27846.2   1.04194  
27947.2   27948.2   1.00628  
27976.6   27977.6   1.0335   
27992.9   27994.4   1.51256  
28003.1   28004.6   1.48378  
28046.5   28047.7   1.19166  
28061.2   28062.4   1.16131  
28079.3   28080.4   1.09744  
28085.2   28086.5   1.25431  
28104.8   28106     1.24291  
28110.2   28111.2   1.07003  
28134.8   28135.9   1.03809  
28142.1   28143.2   1.08813  
28165.8   28166.9   1.12144  
28219.9   28221.4   1.48016  
28237.6   28239     1.39763  
28249.4   28250.5   1.07169  
28312.9   28314.4   1.47069  
28350     28351.1   1.16259  
28377.1   28378.2   1.07569  
28405.8   28406.8   1.02547  
28416.6   28417.8   1.17263  
28424.2   28425.3   1.10759  
28435.7   28436.9   1.21153  
28475.5   28476.6   1.13922  
28485.8   28487.2   1.37334  
28525.5   28527.1   1.61187  
28532.5   28533.5   1.04519  
28547     28548.4   1.44725  
28558.4   28559.5   1.09978  
28572.2   28573.8   1.64009  
28581.4   28582.8   1.38512  
28585     28586.2   1.18772  
28601.9   28603.1   1.24031  
28634.3   28635.6   1.27853  
28641.5   28642.5   1.00022  
28744.9   28746     1.02928  
28749.7   28750.9   1.15869  
28780.7   28781.8   1.11712  
28794.8   28796.2   1.34319  
28803.7   28804.7   1.00294  
28813.3   28814.3   1.02331  
28826.4   28827.6   1.16431  
28873.2   28874.5   1.29234  
28879.4   28880.6   1.19341  
28930.8   28932.2   1.38981  
28948.9   28950.5   1.50466  
28987.6   28988.8   1.22216  
29055.9   29057.7   1.82694  
29082.7   29086.4   3.67284  
29087.4   29088.9   1.42775  
29145.6   29146.6   1.08494  
29167.3   29168.4   1.0905   
29197.1   29198.3   1.17059  
29200.9   29202     1.14569  
29211.6   29212.6   1.01834  
29220     29221.4   1.34906  
29230     29231.5   1.50928  
29246.8   29247.9   1.11706  
29275.3   29276.5   1.16831  
29281.2   29282.5   1.26619  
29286.7   29287.9   1.24075  
29296.4   29297.9   1.48606  
29306.9   29307.9   1.01069  
29325.7   29326.9   1.18778  
29332.9   29334.8   1.84303  
29354.2   29355.5   1.29609  
29377.7   29379     1.33603  
29407.1   29408.4   1.3015   
29457.9   29459.2   1.35181  
29461.2   29462.2   1.00653  
29471.8   29473.2   1.39666  
29485     29486.1   1.0945   
29507.2   29508.4   1.20878  
29518.3   29519.7   1.36528  
29536.4   29537.6   1.19281  
29540.4   29541.9   1.52803  
29562.5   29564.2   1.69344  
29583.6   29584.7   1.12678  
29611.6   29613     1.45791  
29619.6   29621.5   1.85756  
29632.8   29633.9   1.09834  
29648.9   29649.9   1.02619  
29675.3   29676.3   1.00006  
29683.6   29684.7   1.1675   
29711     29712.3   1.27803  
29745     29746.3   1.36066  
29768.3   29769.9   1.57531  
29790     29791.2   1.19616  
29806.3   29807.6   1.26384  
29828.7   29829.9   1.24291  
29891.1   29892.7   1.56772  
29901.6   29902.6   1.02594  
29906     29907.3   1.25463  
29943.8   29945.3   1.50025  
29972.2   29973.3   1.12622  
30022.5   30023.5   1.043    
30058.9   30059.9   1.01988  
30085.6   30087     1.40259  
30136     30137.3   1.33216  
30159     30160.6   1.57662  
30178.8   30180.2   1.35947  
30198.5   30199.8   1.25353  
30215.9   30216.9   1.00881  
30217.3   30218.9   1.59466  
30226.9   30228.1   1.21244  
30236     30237.4   1.46141  
30240.6   30241.6   1.03353  
30245.1   30246.2   1.09903  
30246.8   30247.9   1.06591  
30250     30251.4   1.40109  
30284.5   30286.1   1.61325  
30333.1   30334.2   1.13603  
30350.7   30351.7   1.03856  
30354     30355.1   1.11056  
30381.5   30382.8   1.27219  
30397     30398     1.01588  
30407.7   30409.4   1.62428  
30413.4   30414.5   1.12119  
30436.2   30437.5   1.26534  
30441     30442.1   1.12841  
30474.5   30475.6   1.06406  
30487.6   30488.9   1.28963  
30497.1   30498.8   1.75969  
30508.6   30510.4   1.76294  
30518.6   30520.3   1.63469  
30537.1   30538.3   1.20728  
30543.8   30544.8   1.07472  
30546.9   30548.1   1.19044  
30568.9   30570     1.17144  
30594.6   30596.2   1.58378  
30606.4   30608.1   1.73719  
30622.5   30623.9   1.31619  
30629.3   30630.5   1.27022  
30649.8   30651.5   1.70506  
30667     30668.2   1.15756  
30685.5   30687.3   1.80016  
30710.8   30712.4   1.62369  
30721.7   30723.2   1.51194  
30724.7   30725.9   1.24788  
30739     30740.7   1.72291  
30772.7   30774.2   1.49925  
30781.8   30783     1.15178  
30796.1   30797.4   1.36591  
30800.1   30801.2   1.02875  
30802.6   30803.7   1.07834  
30830.1   30831.6   1.5065   
30838     30839.1   1.12584  
30845.5   30846.6   1.03972  
30874.4   30875.6   1.15844  
30892.5   30894     1.46222  
30916.5   30917.7   1.14413  
30928.9   30929.9   1.06447  
30937.1   30938.4   1.35862  
30942     30943.5   1.42428  
30951.8   30953.9   2.13297  
30996.2   30997.8   1.66884  
31001.4   31002.6   1.26944  
31031.4   31032.9   1.48469  
31035.9   31037.1   1.14987  
31042.8   31043.8   1.058    
31056.9   31058.6   1.71463  
31064.9   31066.3   1.38766  
31068.6   31070.1   1.57056  
31080.4   31081.7   1.28159  
31086.6   31087.9   1.29497  
31095.5   31096.7   1.19922  
31098.9   31100.3   1.35038  
31104     31105.3   1.22353  
31106.2   31107.5   1.24084  
31109.8   31111.3   1.44353  
31128.5   31129.8   1.25866  
31150     31151.3   1.30062  
31153.7   31155.4   1.67916  
31161.6   31163.5   1.83019  
31172.5   31173.6   1.09022  
31175.9   31177.7   1.81294  
31181     31182.7   1.77313  
31186.6   31188.1   1.46875  
31193.5   31195.9   2.38741  
31210.1   31211.2   1.12097  
31223.7   31225     1.32069  
31240.1   31241.5   1.46513  
31251.1   31252.8   1.70037  
31265.1   31266.3   1.15475  
31283.4   31284.8   1.32559  
31291     31292.3   1.33787  
31295     31296     1.01816  
31316     31317.8   1.79697  
31323.5   31324.6   1.13862  
31329.8   31330.9   1.13088  
31332.5   31333.8   1.20972  
31337.2   31338.4   1.23119  
31348     31351.7   3.70863  
31352.8   31354.1   1.26606  
31379.6   31380.6   1.04081  
31391.1   31392.5   1.4275   
31403.3   31404.7   1.31659  
31415     31416     1.05262  
31425.8   31427.3   1.48972  
31432.3   31433.4   1.10106  
31435.6   31436.8   1.14244  
31453.7   31455     1.25666  
31460.3   31461.5   1.12791  
31467.6   31468.7   1.09469  
31509.1   31510.4   1.38381  
31532.5   31533.5   1.06469  
31541.2   31542.5   1.33769  
31551.3   31553.1   1.77459  
31572.4   31573.5   1.08794  
31583.3   31584.4   1.06503  
31586.8   31588     1.11006  
31592.6   31593.8   1.24544  
31601.2   31602.3   1.10009  
31618.4   31619.7   1.3535   
31639.7   31641.6   1.88684  
31648.7   31650.2   1.43316  
31656.5   31657.6   1.09213  
31664     31665.4   1.36147  
31671.9   31673     1.11131  
31685.5   31687.1   1.59519  
31712.1   31713.3   1.18475  
31728.6   31729.8   1.18434  
31737.3   31738.8   1.56875  
31776.6   31778     1.36741  
31782.6   31784.1   1.51781  
31790.9   31792.4   1.45794  
31800.5   31802     1.43197  
31807.4   31808.7   1.299    
31816.6   31818.1   1.51841  
31822.5   31824.3   1.79931  
31831.9   31833.1   1.25341  
31841     31842.3   1.33747  
31852     31853.1   1.07459  
31873.9   31875.1   1.21116  
31915.3   31917.3   2.018    
31934.1   31935.2   1.047    
31939.5   31940.7   1.17828  
31944.8   31946     1.16759  
31963.5   31964.8   1.29141  
31990.6   31991.7   1.14531  
31997.8   31999     1.11778  
32004     32005.1   1.04578  
32013.8   32015.1   1.32412  
32031.4   32032.7   1.25006  
32045.6   32047     1.39897  
32062.8   32064.2   1.38066  
32077.1   32078.4   1.22609  
32082.8   32083.9   1.09163  
32089.4   32090.5   1.12472  
32107.9   32109.2   1.29184  
32127.3   32128.7   1.33459  
32132.6   32134.1   1.46222  
32136.5   32137.5   1.09244  
32144.9   32146.1   1.18831  
32152     32153.3   1.32666  
32163.5   32164.7   1.16916  
32166.1   32167.3   1.15041  
32169.5   32170.9   1.33344  
32184.8   32186.7   1.91875  
32286.4   32287.5   1.08131  
32333.7   32334.7   1.00828  
32360.5   32361.5   1.00666  
32393.5   32394.6   1.03834  
32431.3   32432.4   1.09516  
32473.7   32475.2   1.44781  
32522.1   32523.5   1.45709  
32527     32528.2   1.19013  
32568.2   32569.5   1.24444  
32598.6   32599.8   1.24416  
32614.5   32615.7   1.16878  
32639.4   32640.6   1.18047  
32668.6   32670.1   1.44888  
32673.7   32674.8   1.04691  
32689.3   32691     1.655    
32696.3   32697.7   1.39334  
32715.8   32717     1.15213  
32727.7   32728.9   1.12325  
32751.2   32752.4   1.25331  
32791.1   32792.3   1.19419  
32807.5   32809.2   1.67884  
32822.8   32824     1.22631  
32846.5   32847.8   1.23828  
32890.5   32891.8   1.29825  
32913.1   32914.4   1.33631  
32927.3   32928.7   1.37813  
32977.1   32978.7   1.61534  
32988.8   32990.2   1.43841  
33022.4   33023.7   1.20813  
33045.9   33047.3   1.45138  
33059.1   33060.5   1.40103  
33083.8   33085.1   1.32444  
33100.5   33101.7   1.21919  
33132.9   33134.4   1.54506  
33164.3   33165.7   1.35219  
33180.7   33182     1.31891  
33193     33194.5   1.50303  
33205.2   33206.7   1.52859  
33251     33252.2   1.17469  
33258.2   33259.3   1.08906  
33287.1   33288.4   1.27931  
33290.6   33291.8   1.27784  
33300     33301.5   1.48459  
33312.4   33313.8   1.37075  
33320.3   33322.1   1.82097  
33338.7   33339.7   1.01109  
33343.5   33345     1.50803  
33351.4   33352.7   1.32359  
33373.3   33374.5   1.25166  
33376.3   33377.6   1.29541  
33386.9   33388.1   1.16959  
