0         1.62131   1.62131  
7.17275   11.3738   4.20109  
12.0666   13.2764   1.20978  
36.7342   37.7419   1.00775  
41.0408   42.1084   1.06769  
89.4049   90.434    1.02913  
107.908   109.062   1.15447  
143.135   144.248   1.113    
147.402   148.41    1.008    
183.505   184.745   1.23978  
193.29    194.699   1.40925  
196.11    197.274   1.16347  
238.272   239.569   1.29766  
283.853   285.493   1.64047  
316.39    317.441   1.05122  
323.846   324.91    1.06353  
331.012   332.185   1.17259  
345.961   347.546   1.58488  
352.572   353.984   1.41206  
359.656   360.912   1.25622  
378.42    379.455   1.03534  
405.036   406.057   1.02191  
453.179   454.255   1.07612  
466.584   467.665   1.08078  
468.287   469.409   1.12256  
481.462   482.474   1.01134  
490.212   491.249   1.03653  
523.488   524.603   1.11494  
533.831   535.103   1.27219  
548.773   550.343   1.56975  
565.655   566.751   1.09578  
581.394   582.777   1.38266  
624.318   625.446   1.12791  
657.503   658.579   1.07569  
722.938   724.195   1.25709  
777.923   779.482   1.55916  
818.561   819.797   1.23641  
840.143   841.179   1.03559  
853.376   855.053   1.67653  
861.102   862.277   1.17512  
882.482   883.558   1.076    
907.809   909.066   1.25744  
913.896   915.071   1.17566  
926.269   928.051   1.78191  
932.461   933.654   1.19338  
951.519   953.118   1.59888  
961.184   962.233   1.04906  
970.309   971.692   1.38316  
996.201   997.559   1.35816  
1003.09   1005.34   2.25419  
1010.12   1011.61   1.49122  
1042.69   1043.81   1.11272  
1052.3    1053.41   1.11675  
1064.75   1066.04   1.28503  
1083.64   1084.88   1.24366  
1101.58   1102.73   1.14472  
1110      1111.07   1.06653  
1116.6    1117.79   1.18747  
1151.47   1152.71   1.24075  
1171.34   1172.49   1.15075  
1183.59   1184.79   1.20175  
1192.93   1194.55   1.61622  
1196.5    1197.6    1.10275  
1198.67   1199.79   1.12322  
1209.12   1212.3    3.18009  
1246.01   1247.34   1.32672  
1268.73   1270.03   1.302    
1285.08   1286.08   1.006    
1286.83   1288.11   1.2765   
1292.93   1294.01   1.07744  
1309.19   1310.3    1.11075  
1341.26   1342.41   1.15494  
1345.25   1346.69   1.43837  
1363.23   1364.51   1.28184  
1376.2    1377.53   1.33656  
1381.18   1382.41   1.22866  
1384.92   1386.09   1.17897  
1394.2    1395.45   1.2545   
1405.21   1406.4    1.18916  
1411.12   1412.26   1.13916  
1426.92   1428.34   1.425    
1441.8    1442.98   1.17616  
1451.61   1453.46   1.85922  
1461.91   1463.17   1.26081  
1467.5    1468.61   1.11369  
1523.47   1524.74   1.27663  
1531.38   1532.52   1.13712  
1537.03   1538.09   1.05659  
1541.85   1543.18   1.33041  
1544.77   1546.32   1.55691  
1588.3    1589.36   1.061    
1629.18   1630.47   1.28731  
1666.45   1667.66   1.214    
1686.29   1687.57   1.27884  
1718.81   1720      1.19316  
1732.11   1734.09   1.97616  
1755.38   1756.4    1.02047  
1763.17   1764.32   1.14187  
1766.62   1767.66   1.03944  
1778.42   1779.55   1.13366  
1789.13   1790.2    1.07159  
1807.07   1808.35   1.27947  
1826.53   1827.84   1.31275  
1833      1834.1    1.09716  
1838.5    1839.68   1.18572  
1860.27   1861.89   1.617    
1878.07   1879.26   1.19525  
1899.04   1900.28   1.23762  
1908.57   1910.01   1.43734  
1912.04   1913.04   1.00138  
1925.69   1927.33   1.63106  
1933.74   1934.75   1.00609  
1938.23   1939.64   1.41775  
1966.87   1967.89   1.0185   
1975.9    1976.98   1.08419  
1985.14   1986.42   1.2795   
1989.3    1990.74   1.44194  
2024.57   2026.15   1.57853  
2039.62   2040.66   1.03603  
2046.08   2047.16   1.08438  
2066.44   2067.52   1.077    
2070.65   2071.66   1.01403  
2086.41   2087.44   1.03247  
2117.96   2119.1    1.1325   
2133.81   2135.11   1.30597  
2140.65   2141.87   1.22197  
2159.01   2163.15   4.14009  
2163.94   2165.19   1.25256  
2336.06   2337.33   1.26903  
2408.4    2409.49   1.08734  
2498.44   2499.7    1.25822  
2509.08   2510.11   1.02988  
2521.73   2522.79   1.06297  
2524.56   2525.85   1.28728  
2669.54   2670.66   1.116    
2676.08   2677.36   1.27725  
2689.8    2691.07   1.26803  
2711.84   2713.1    1.26703  
2737.08   2738.5    1.41547  
2740.83   2742.24   1.41141  
2771.72   2772.95   1.22866  
2776.65   2777.73   1.07891  
2814.55   2815.91   1.35913  
2852.55   2853.66   1.11122  
2861.93   2863.2    1.27569  
2867.95   2869.05   1.09719  
2883.69   2884.75   1.063    
2894.87   2896.18   1.30681  
2924.39   2925.43   1.04281  
2955.6    2956.66   1.06428  
2963.43   2964.55   1.11806  
3009.02   3010.23   1.21053  
3050.2    3051.28   1.07787  
3057.41   3058.75   1.33566  
3063.75   3064.78   1.02828  
3067.16   3068.4    1.24428  
3088.86   3090.3    1.43813  
3150.98   3152.17   1.18575  
3157.98   3159.27   1.28094  
3164.89   3166.27   1.38794  
3173.52   3174.62   1.0925   
3196.77   3197.86   1.0895   
3200.92   3202.21   1.29212  
3218.81   3220.2    1.3865   
3232.72   3233.91   1.19069  
3242.69   3243.82   1.12413  
3266.13   3267.55   1.42219  
3276.88   3278.24   1.35606  
3290.5    3291.78   1.27578  
3328.36   3329.53   1.16878  
3371.49   3373.1    1.60591  
3375.55   3376.66   1.11009  
3382.23   3383.28   1.04862  
3430.08   3431.63   1.54472  
3449      3450.1    1.09722  
3465.21   3467.78   2.56928  
3487.78   3489.09   1.30641  
3593.3    3594.75   1.45178  
3604.85   3605.87   1.01978  
3678.86   3680.13   1.26528  
3691.05   3692.08   1.03225  
3728.32   3729.63   1.312    
3745.81   3746.93   1.12794  
3771.53   3773.27   1.74188  
3797.23   3798.73   1.49619  
3812.26   3813.7    1.43756  
3822.33   3823.38   1.05784  
3828.78   3830.16   1.38278  
3841.09   3842.34   1.25216  
3876.93   3878.03   1.10672  
3887.76   3889.44   1.678    
3899.77   3900.95   1.18441  
3905.73   3906.84   1.118    
3911.34   3912.38   1.04209  
3913.42   3914.47   1.0455   
3918.83   3920.31   1.48144  
3924.08   3925.1    1.02175  
3928.42   3929.45   1.0315   
3935.72   3937.45   1.73181  
3943.3    3944.57   1.27438  
3972.16   3973.4    1.23766  
4021.69   4022.82   1.12872  
4048.66   4050.03   1.364    
4064.74   4068.71   3.977    
4069.45   4070.85   1.39466  
4121.08   4122.67   1.58963  
4163.51   4164.71   1.20344  
4178.92   4180.02   1.091    
4194.73   4196.01   1.27859  
4207.86   4208.89   1.03422  
4214.9    4216.69   1.79353  
4232.94   4234.09   1.15106  
4237.48   4238.54   1.05662  
4247.93   4249.24   1.30572  
4260.8    4261.9    1.10184  
4264.67   4265.74   1.06453  
4269.76   4271.05   1.28944  
4271.98   4272.98   1.00019  
4275.74   4276.84   1.10213  
4298.14   4299.3    1.15463  
4310.84   4312.07   1.23366  
4318.94   4320.07   1.12944  
4325.25   4326.48   1.22897  
4336.51   4337.67   1.16106  
4341.21   4343.16   1.94444  
4377.85   4379.04   1.18706  
4395.46   4396.48   1.02806  
4424.33   4425.67   1.34241  
4456.15   4457.39   1.24409  
4518.44   4519.67   1.23172  
4524.89   4526.03   1.13444  
4541.29   4542.65   1.35859  
4555.31   4556.34   1.03344  
4558.2    4559.23   1.02903  
4564.48   4565.62   1.13575  
4571      4572.41   1.41116  
4604.78   4606.27   1.48994  
4637.92   4638.97   1.05612  
4644.03   4645.15   1.12609  
4651.96   4653.96   2.00284  
4678.44   4679.54   1.0995   
4690.77   4692.79   2.01856  
4723.11   4724.13   1.01841  
4781.29   4782.96   1.67784  
4822.06   4823.29   1.22516  
4824.77   4825.8    1.02453  
4833.12   4834.69   1.56872  
4847.23   4848.48   1.25666  
4875.65   4877.2    1.54578  
4920.06   4921.89   1.82728  
4925.77   4926.8    1.02175  
4948.55   4950.1    1.55659  
4965.73   4967.08   1.34888  
4969.15   4970.51   1.35994  
4982.49   4984.02   1.53194  
5017.05   5018.05   1.00109  
5032.24   5033.38   1.14759  
5034.6    5035.64   1.03606  
5052.56   5053.99   1.42856  
5081.26   5082.38   1.12522  
5084.05   5085.21   1.16606  
5086      5087.16   1.15931  
5098.55   5099.78   1.23562  
5127.37   5128.81   1.44194  
5131.71   5133.01   1.29631  
5165.67   5166.75   1.07937  
5169.67   5170.83   1.15844  
5179.59   5180.9    1.30588  
5185.38   5186.5    1.12144  
5187.75   5188.76   1.00934  
5191.36   5192.38   1.01875  
5197.59   5198.61   1.02472  
5208.72   5209.83   1.10684  
5210.69   5211.78   1.09334  
5232.14   5233.36   1.21884  
5239.81   5241.45   1.64309  
5249.04   5250.36   1.32397  
5254.06   5255.18   1.11406  
5258.01   5259.02   1.01594  
5262.91   5264.24   1.339    
5272.37   5273.99   1.62112  
5280.81   5281.85   1.03497  
5285.25   5286.41   1.16897  
5297.46   5298.77   1.3045   
5299.95   5301.18   1.22691  
5307.3    5308.69   1.38894  
5320.86   5322.13   1.27463  
5332.87   5334.16   1.29103  
5341.49   5344.07   2.57313  
5382.52   5383.79   1.26997  
5399.7    5400.9    1.2045   
5420.31   5421.62   1.31528  
5494.9    5496.23   1.33081  
5522.17   5523.17   1.00647  
5540.97   5541.98   1.00438  
5574.18   5575.48   1.30744  
5584.04   5585.13   1.0935   
5606.61   5608.18   1.57147  
5632.68   5633.74   1.05791  
5679.03   5680.43   1.40128  
5704.71   5705.97   1.26147  
5713.18   5714.2    1.01562  
5731.55   5733.32   1.76553  
5747.54   5748.61   1.06944  
5764.45   5765.53   1.07381  
5772.5    5773.68   1.18625  
5789.31   5790.6    1.28831  
5805.3    5806.53   1.23319  
5819.2    5820.45   1.24706  
5833.84   5835.04   1.20075  
5837.88   5839.04   1.15694  
5852.9    5854.38   1.47569  
5869.78   5871.06   1.28081  
5884.82   5886.13   1.30566  
5901.37   5902.44   1.06403  
5915.64   5917.14   1.50494  
5929.67   5930.72   1.051    
5945.17   5946.21   1.04019  
5949.2    5950.23   1.03228  
5954.03   5955.37   1.33097  
5957      5958.14   1.13391  
5964.79   5966.07   1.28078  
5982.66   5983.78   1.12009  
6012.09   6013.41   1.32056  
6019.64   6020.9    1.26188  
6030.75   6031.92   1.17047  
6036.94   6037.95   1.00553  
6050.93   6052.04   1.11297  
6064.82   6066.19   1.37166  
6100.71   6101.92   1.21631  
6124.23   6125.65   1.42359  
6142.44   6143.79   1.35634  
6155.55   6159.74   4.19028  
6160.48   6162.16   1.6865   
6189.96   6190.98   1.02256  
6235.28   6236.32   1.04653  
6238.5    6239.5    1.00578  
6258.02   6259.37   1.35491  
6264.29   6265.37   1.07959  
6286.27   6287.78   1.50947  
6290.61   6291.91   1.30534  
6297.2    6298.34   1.14013  
6322.08   6323.22   1.14781  
6325.74   6326.91   1.16841  
6330.92   6331.97   1.05144  
6336.38   6337.8    1.42697  
6378.9    6380.26   1.36013  
6404.14   6405.27   1.12813  
6486.81   6488.4    1.59413  
6500.61   6501.95   1.33766  
6514.74   6516.01   1.26256  
6558.8    6559.87   1.06631  
6573.55   6574.71   1.165    
6592.78   6593.81   1.03034  
6619.58   6621.02   1.43925  
6625      6626.06   1.06038  
6639.72   6640.93   1.21272  
6641.77   6642.8    1.02475  
6648.21   6649.23   1.02625  
6651      6652.26   1.26856  
6656.7    6658.13   1.42403  
6667.74   6669.12   1.38006  
6675.47   6676.77   1.29909  
6684.83   6686.01   1.173    
6700.75   6702.03   1.28216  
6725.46   6726.69   1.23675  
6784.41   6785.64   1.23444  
6812.96   6813.97   1.01491  
6851.55   6852.55   1.00222  
6870.31   6871.38   1.06266  
6877.47   6878.78   1.31819  
6910.01   6911.32   1.30913  
6914.15   6915.26   1.11603  
6942.88   6943.89   1.01856  
6946.27   6947.44   1.17488  
6950.76   6952.02   1.26359  
6969.23   6970.48   1.25113  
6971.38   6972.43   1.04472  
6975.02   6976.24   1.22019  
6981.95   6983.11   1.16041  
7051.29   7052.42   1.13025  
7055.39   7056.58   1.18938  
7063.06   7064.38   1.32575  
7073.39   7074.46   1.07409  
7080.03   7081.58   1.54487  
7084.42   7085.45   1.03631  
7095.98   7097.17   1.19069  
7101.33   7102.34   1.00756  
7106.23   7107.32   1.08772  
7113.76   7114.81   1.04922  
7122.3    7123.37   1.06878  
7164.44   7165.73   1.28653  
7169.05   7170.12   1.07038  
7174.86   7176.04   1.18384  
7191.86   7193.28   1.41312  
7221.77   7222.78   1.00362  
7225.63   7226.67   1.03975  
7240.52   7241.6    1.07819  
7242.9    7244.2    1.30075  
7268.57   7269.83   1.256    
7296.24   7297.38   1.13584  
7300.76   7301.78   1.02009  
7358.54   7360.16   1.61291  
7376.82   7377.97   1.14931  
7381.35   7383.04   1.69275  
7394.2    7395.22   1.01494  
7407.57   7408.95   1.38431  
7416.44   7417.48   1.04166  
7425.45   7426.61   1.16056  
7430.94   7432.11   1.16528  
7454.86   7456.4    1.53778  
7472.53   7473.85   1.32122  
7487.6    7488.75   1.14834  
7493.43   7494.66   1.22669  
7502.08   7503.11   1.02831  
7509.55   7510.68   1.13628  
7527.09   7528.61   1.51247  
7531.75   7532.99   1.24569  
7560.02   7562.76   2.73934  
7587.23   7588.34   1.10931  
7633.92   7634.93   1.01216  
7641.74   7642.76   1.023    
7652.77   7653.97   1.19791  
7665.66   7666.94   1.27484  
7679.38   7680.8    1.41969  
7682.01   7683.04   1.02916  
7687.2    7688.21   1.01016  
7709.92   7710.94   1.02081  
7725.99   7727.02   1.02731  
7771.94   7772.96   1.02184  
7815.34   7817.03   1.68378  
7835.03   7836.18   1.15206  
7846.98   7848.14   1.16019  
7874.68   7875.98   1.30322  
7890.23   7891.43   1.20144  
7897.24   7898.3    1.05303  
7906.61   7907.68   1.06778  
7909.92   7911.14   1.22275  
7916.89   7918.19   1.30528  
7948.53   7949.82   1.28772  
7977.18   7978.39   1.21738  
7993.4    7994.42   1.02066  
8005.08   8006.28   1.20234  
8012.22   8013.41   1.19059  
8022.74   8024.04   1.29434  
8049.68   8050.97   1.2895   
8065.73   8067.18   1.45719  
8080.81   8082.28   1.47319  
8086.96   8088.12   1.16147  
8090.36   8094.52   4.15534  
8095.35   8096.61   1.25672  
8138.44   8139.64   1.20194  
8172.48   8173.7    1.21591  
8178.59   8179.88   1.29203  
8201.51   8202.76   1.24913  
8209.42   8210.54   1.11909  
8223.23   8224.83   1.59534  
8289.65   8290.79   1.13175  
8294.89   8296.2    1.3115   
8302.35   8303.39   1.03441  
8314.3    8315.82   1.51947  
8347.38   8348.57   1.18888  
8380.72   8382.19   1.46962  
8409.36   8410.4    1.04181  
8433.63   8435.1    1.47584  
8472.1    8473.41   1.30759  
8493.57   8494.88   1.3065   
8533.04   8534.56   1.52075  
8603.13   8604.39   1.25869  
8616.28   8617.34   1.06025  
8621.95   8622.97   1.01919  
8638.32   8639.48   1.15778  
8651      8652.18   1.17825  
8653.29   8654.61   1.32559  
8664.76   8665.94   1.17837  
8676.82   8678.04   1.226    
8684.28   8685.34   1.06134  
8692.91   8694.24   1.32806  
8698.59   8699.61   1.02075  
8702.22   8703.28   1.05641  
8740.09   8741.18   1.09603  
8761.06   8762.1    1.04334  
8783.21   8784.38   1.17172  
8787.73   8788.77   1.03669  
8795.05   8796.29   1.23947  
8837.39   8838.63   1.24519  
8852.92   8854.77   1.85025  
8893.68   8894.72   1.03988  
8896.23   8897.26   1.0275   
8902.04   8903.45   1.40691  
8984.91   8986.04   1.1285   
8991.33   8992.49   1.16291  
9000.58   9001.68   1.10722  
9016.04   9017.1    1.05984  
9023.55   9024.99   1.43331  
9031.79   9032.85   1.06031  
9034.11   9035.58   1.47131  
9040.71   9041.83   1.12541  
9076.86   9078.29   1.42841  
9092.17   9093.23   1.06022  
9097.41   9098.77   1.35875  
9102.18   9103.69   1.51491  
9110.38   9111.48   1.09847  
9113.62   9114.85   1.22978  
9122.09   9123.16   1.06728  
9126.58   9127.89   1.30981  
9130.79   9132.38   1.58697  
9138.01   9140.81   2.80141  
9197.8    9198.83   1.02559  
9210.54   9211.9    1.36125  
9251.36   9252.43   1.06888  
9288.46   9289.57   1.10841  
9292.86   9294.17   1.31522  
9313.01   9314.3    1.28747  
9371.24   9372.69   1.44644  
9410.25   9411.89   1.63384  
9415.23   9416.35   1.12325  
9465.4    9466.85   1.44866  
9509.95   9511.27   1.32728  
9523.96   9525.29   1.32291  
9536.01   9537.26   1.24397  
9551.09   9552.25   1.16244  
9553.77   9554.81   1.04253  
9562.58   9563.71   1.12894  
9571.9    9573.02   1.11859  
9602.81   9603.93   1.11616  
9606.55   9607.76   1.21469  
9610.58   9611.68   1.09337  
9622.93   9624.02   1.08853  
9642.74   9643.8    1.06094  
9661.61   9662.92   1.30372  
9669.29   9670.33   1.037    
9675.87   9677.23   1.35259  
9689.24   9690.46   1.2175   
9695.16   9696.57   1.40419  
9715.89   9717.03   1.14144  
9722.18   9723.4    1.21756  
9726.84   9727.87   1.03741  
9740.83   9742.31   1.47188  
9753.86   9755.19   1.32744  
9761.26   9762.64   1.37647  
9772.35   9773.59   1.24162  
9775.74   9776.89   1.15128  
9779.23   9780.32   1.09613  
9796.27   9797.45   1.18303  
9801.8    9802.81   1.00269  
9812.34   9813.86   1.522    
9818.55   9819.61   1.06513  
9837.38   9838.56   1.18106  
9840.38   9841.43   1.04684  
9864.91   9866.02   1.11028  
9914.33   9915.63   1.29384  
9934.84   9935.99   1.15391  
9938.68   9939.89   1.21309  
9947.41   9948.63   1.21794  
9952.59   9956.72   4.13306  
10002.2   10003.2   1.06812  
10077.9   10079.1   1.1405   
10095.4   10096.7   1.23691  
10104.7   10106.2   1.47653  
10137.4   10138.9   1.475    
10157     10158.2   1.16925  
10169     10170     1.03203  
10185.5   10186.7   1.21509  
10209     10210.5   1.48959  
10216.5   10217.6   1.06941  
10221.6   10222.8   1.16044  
10225.5   10227.2   1.72138  
10240     10241.8   1.75487  
10252.8   10254.6   1.76803  
10264.5   10265.6   1.16528  
10280.5   10281.7   1.16066  
10303.9   10305.5   1.56963  
10309.8   10311     1.20991  
10315     10316.3   1.2925   
10319     10320.1   1.09866  
10324.1   10325.7   1.65994  
10374.9   10375.9   1.02963  
10400     10401.3   1.33356  
10404.3   10405.7   1.34528  
10408.6   10409.6   1.0355   
10448.2   10449.2   1.03722  
10472.3   10474     1.63922  
10483.2   10484.2   1.00178  
10502.1   10503.4   1.23972  
10515.5   10516.8   1.33813  
10540.5   10541.8   1.30763  
10554.2   10555.7   1.51938  
10569.1   10570.2   1.19528  
10574.2   10575.2   1.04509  
10587.1   10588.1   1.03022  
10591.3   10592.4   1.10897  
10614     10615.5   1.55591  
10632.1   10633.4   1.34375  
10659.3   10660.8   1.46362  
10670.3   10671.4   1.105    
10675.2   10676.6   1.39141  
10704.3   10706     1.67097  
10726.7   10728.1   1.37925  
10736.1   10737.5   1.37319  
10764.4   10765.4   1.052    
10766.6   10767.6   1.01487  
10789.1   10790.2   1.12016  
10795.5   10796.8   1.3305   
10802.4   10803.8   1.35225  
10814.4   10815.4   1.05137  
10829.7   10831     1.31069  
10890.5   10892.1   1.59094  
10901.2   10902.6   1.36291  
10907.6   10908.7   1.06709  
10911.2   10912.4   1.15781  
10921     10922.3   1.34344  
10923.3   10924.8   1.47409  
10928.1   10930.8   2.63844  
11045.3   11046.3   1.07147  
11064.8   11066.1   1.28078  
11113.8   11114.8   1.01381  
11152.1   11153.6   1.55763  
11188.4   11189.4   1.022    
11200.6   11201.8   1.23947  
11215.7   11216.7   1.00913  
11226.1   11227.1   1.03988  
11253.4   11254.6   1.22991  
11265.2   11266.3   1.04544  
11288.6   11289.7   1.10019  
11332.5   11333.5   1.04181  
11339.3   11340.3   1.05059  
11359.1   11360.3   1.26481  
11362.6   11363.8   1.207    
11373     11374.1   1.09644  
11391.3   11392.4   1.06097  
11399.1   11400.6   1.55234  
11411.1   11412.3   1.19459  
11428.5   11429.9   1.33213  
11447.2   11448.2   1.00209  
11467.9   11469     1.12534  
11482.8   11484.4   1.56609  
11512.1   11513.2   1.10666  
11515.5   11516.7   1.16741  
11538.6   11539.8   1.24419  
11548     11549.3   1.26216  
11569.6   11571.1   1.42481  
11575.2   11576.2   1.02597  
11585.2   11586.3   1.04459  
11589.2   11590.3   1.16381  
11594.6   11595.8   1.18956  
11611.3   11612.5   1.21597  
11618     11619     1.03434  
11633.3   11634.4   1.09628  
11655.4   11656.8   1.35462  
11673     11674     1.00341  
11690.3   11691.5   1.26794  
11693     11694.4   1.33694  
11707.5   11711.5   4.08506  
11712.3   11713.8   1.49616  
11727.4   11728.6   1.197    
11741.5   11742.8   1.24759  
11788.8   11790.5   1.75766  
11850     11851     1.02241  
11879.4   11880.7   1.26403  
11946.4   11947.4   1.06781  
11958.9   11960     1.027    
11974.4   11975.5   1.13019  
12024.7   12026.1   1.33444  
12043     12044.7   1.69547  
12053.5   12054.7   1.13094  
12059.9   12061     1.10537  
12072.3   12073.9   1.57038  
12078     12079     1.05556  
12098.5   12099.8   1.28416  
12136.7   12137.9   1.15016  
12154.5   12155.8   1.28697  
12158.3   12159.3   1.03778  
12163.8   12164.8   1.04844  
12178.9   12180.1   1.22384  
12213.4   12214.5   1.02769  
12230.3   12231.4   1.05509  
12252.3   12253.4   1.09325  
12279.4   12281.2   1.77481  
12313.3   12314.5   1.172    
12362     12363.2   1.20703  
12407.8   12409.1   1.30444  
12470.6   12471.9   1.29094  
12501.9   12503     1.10478  
12506.6   12507.6   1.06491  
12534.4   12535.4   1.04003  
12544.1   12545.1   1.07066  
12550.6   12551.6   1.00325  
12581.6   12582.6   1.01378  
12587.8   12588.8   1.04259  
12612     12613     1.00919  
12621.1   12622.4   1.25069  
12636.7   12638.4   1.70275  
12663.4   12665     1.62894  
12681.1   12682.3   1.18622  
12686.5   12687.6   1.05378  
12690.9   12692.3   1.38559  
12702.5   12704.1   1.59697  
12712.1   12713.1   1.0375   
12740.6   12741.8   1.16756  
12829.2   12830.3   1.18844  
12833.2   12834.2   1.03466  
12844.9   12846.4   1.51484  
12848     12849.2   1.19762  
12858.2   12859.4   1.26575  
12863.3   12864.4   1.06012  
12876.8   12877.9   1.05569  
12897.5   12898.8   1.31534  
12905.8   12907.2   1.39525  
12922.1   12923.3   1.17244  
12950.5   12951.7   1.12278  
12975.8   12977.1   1.29853  
12995.2   12996.2   1.00984  
13029.3   13030.5   1.22322  
13038.2   13039.3   1.06088  
13043.3   13044.6   1.27313  
13052.4   13053.5   1.13616  
13096.2   13097.6   1.40334  
13102.5   13103.6   1.15916  
13116.7   13118.2   1.47562  
13134.1   13135.1   1.01306  
13142.9   13144.5   1.63281  
13149.2   13150.4   1.19425  
13158.1   13159.8   1.76338  
13174.6   13176.2   1.62163  
13191.2   13192.3   1.10122  
13226.9   13228.2   1.30797  
13230.7   13231.8   1.08828  
13249.1   13250.3   1.21934  
13336.1   13337.7   1.61256  
13346.5   13347.5   1.00887  
13376.6   13377.8   1.25597  
13424.3   13428.7   4.40634  
13429.3   13431.4   2.05481  
13576.7   13577.8   1.06094  
13600.2   13601.5   1.29341  
13602.6   13603.6   1.03256  
13730.4   13731.8   1.37175  
13750.9   13751.9   1.06537  
13760.4   13761.4   1.01944  
13772.6   13773.6   1.08272  
13778.2   13779.4   1.20428  
13797.1   13798.4   1.33572  
13812.2   13813.3   1.04625  
13827     13828.1   1.10053  
13845.3   13846.4   1.05681  
13860.8   13862     1.1785   
13878     13879.3   1.29241  
13879.8   13881.3   1.53334  
13905.5   13907     1.55431  
13919.2   13920.4   1.16613  
13961.4   13962.4   1.02178  
13985.8   13987.1   1.3575   
14022.6   14023.8   1.16719  
14084.6   14085.7   1.01988  
14101.4   14102.4   1.07038  
14103.5   14104.5   1.03547  
14108.1   14109.4   1.36097  
14133.2   14134.3   1.14594  
14151.5   14152.7   1.15406  
14157.1   14158.2   1.03056  
14163.7   14165.2   1.51284  
14178.2   14179.5   1.30916  
14246.8   14248     1.13069  
14260.6   14261.7   1.15163  
14267.4   14269.9   2.55088  
14315     14316.2   1.13828  
14324.5   14325.5   1.03344  
14331.2   14332.8   1.56328  
14338.3   14339.3   1.01588  
14347.4   14348.5   1.06606  
14357.8   14358.9   1.04578  
14368.5   14370     1.48562  
14383.8   14384.8   1.01516  
14394.1   14395.1   1.05681  
14397.9   14399.5   1.56906  
14411.4   14412.6   1.26622  
14439.7   14440.9   1.19366  
14458.6   14459.8   1.20631  
14463.8   14464.9   1.14253  
14468.2   14469.2   1.003    
14470.1   14471.1   1.03325  
14482.8   14484.3   1.54566  
14510.5   14511.8   1.27459  
14519.3   14520.4   1.06247  
14528.2   14529.5   1.32278  
14542     14543.3   1.27313  
14546.1   14547.1   1.02753  
14548.8   14549.9   1.0495   
14558.3   14559.5   1.26588  
14596     14597     1.07009  
14600.5   14601.7   1.23116  
14611.2   14612.3   1.079    
14745.3   14746.5   1.27234  
14769.9   14771     1.13594  
14774.8   14776     1.25944  
14829.6   14830.7   1.15566  
14836.5   14837.7   1.18444  
14870.7   14871.8   1.01644  
14886.4   14888     1.62975  
14897.7   14899     1.29922  
14928.9   14930     1.06194  
14937.1   14938.5   1.41075  
14940.6   14941.8   1.22087  
14984.7   14985.9   1.26125  
15021.5   15022.7   1.18972  
15046.8   15047.8   1.03303  
15090.6   15091.7   1.11719  
15103.3   15104.4   1.15175  
15114.5   15115.6   1.01     
15128.9   15130.1   1.21194  
15135.7   15136.7   1.09691  
15147.5   15148.6   1.09838  
15160     15161     1.00831  
15173.9   15175.1   1.23503  
15188.5   15189.6   1.03834  
15194.9   15196     1.11331  
15200     15201.3   1.32581  
15206.4   15210.6   4.14444  
15211.4   15212.5   1.11203  
15334.1   15335.2   1.11969  
15344.6   15345.7   1.11641  
15350.8   15352.3   1.40878  
15357.3   15358.3   1.01578  
15395.1   15396.5   1.37516  
15423.2   15424.7   1.53566  
15431.1   15432.2   1.09419  
15438.1   15439.5   1.40816  
15446     15447.1   1.16084  
15454.7   15455.8   1.04106  
15480.2   15481.3   1.09062  
15497.8   15499     1.12969  
15542.1   15543.4   1.27988  
15560.6   15561.8   1.22722  
15581.4   15582.6   1.16628  
15636.9   15638.1   1.24788  
15706     15707.5   1.54669  
15765.9   15767     1.17856  
15808.4   15809.8   1.3375   
15843.7   15845     1.35866  
15868.1   15869.4   1.35456  
15872.6   15874     1.40853  
15887.2   15888.4   1.15184  
15900.7   15902.1   1.48475  
15917.9   15919     1.13978  
15920.5   15921.6   1.093    
15926.8   15928     1.19278  
15938.6   15940     1.44984  
15971.7   15972.7   1.06169  
15979.6   15981.2   1.59966  
15993.2   15994.3   1.07212  
16001     16002.2   1.12331  
16016.9   16018.1   1.18719  
16026.4   16027.6   1.227    
16031.6   16032.6   1.07616  
16034.4   16036     1.56528  
16065     16066.2   1.20144  
16081.5   16082.9   1.40591  
16085.5   16086.7   1.13147  
16095.8   16097     1.25266  
16116.8   16118.2   1.42613  
16130.4   16131.7   1.29934  
16168.1   16169.2   1.11062  
16179.5   16181.2   1.65063  
16187.2   16188.4   1.21875  
16214.9   16216     1.15347  
16220.3   16221.3   1.04716  
16222     16223.3   1.29166  
16237     16238.1   1.05475  
16248.2   16249.5   1.27016  
16273.5   16274.6   1.12081  
16283.3   16284.4   1.04897  
16288     16289.3   1.35163  
16292.8   16293.9   1.11997  
16299.4   16300.5   1.06706  
16319.4   16320.5   1.12444  
16329     16330.1   1.03781  
16334.8   16335.8   1.03431  
16365     16366.1   1.049    
16374.7   16375.9   1.20156  
16387.8   16388.9   1.08641  
16397.9   16399     1.14372  
16411.5   16412.8   1.28709  
16465.7   16466.7   1.00513  
16491.6   16492.7   1.06656  
16520.6   16522     1.37991  
16528.3   16529.7   1.38688  
16554.1   16555.5   1.44709  
16574.8   16575.8   1.02669  
16602.4   16603.4   1.02247  
16617.7   16619.2   1.504    
16635.5   16636.9   1.32272  
16642.8   16644     1.123    
16682.1   16683.2   1.11253  
16694.5   16696.4   1.87909  
16697.9   16698.9   1.03     
16699.4   16700.5   1.11472  
16713.4   16714.5   1.08966  
16720.2   16721.6   1.41053  
16761.6   16762.7   1.17625  
16769.8   16771.3   1.51572  
16789.5   16790.8   1.25325  
16809.1   16810.2   1.06075  
16822.8   16824.3   1.45856  
16853.4   16855.2   1.80172  
16857.2   16858.3   1.13478  
16885.1   16886.2   1.15503  
16893.1   16894.2   1.11969  
16907.5   16908.9   1.38247  
16969.8   16971     1.12225  
16986.7   16987.8   1.09628  
16994.6   16995.6   1.02347  
17001.7   17002.9   1.18709  
17012.4   17013.8   1.34375  
17016.5   17018     1.43284  
17022.5   17024.2   1.64234  
17048.5   17049.5   1.06638  
17053.8   17055.1   1.27831  
17058     17060.6   2.55466  
17096.1   17097.1   1.05091  
17107.7   17109     1.26716  
17118.6   17119.8   1.20037  
17121.8   17123.3   1.46775  
17142.4   17143.8   1.39722  
17159.1   17160.1   1.04875  
17185.3   17186.4   1.11459  
17200.1   17201.2   1.10131  
17223.8   17225.2   1.43016  
17235.7   17237     1.2265   
17256.2   17257.4   1.23772  
17261.3   17262.4   1.04781  
17273     17274     1.02259  
17304.1   17305.5   1.38069  
17356.4   17357.6   1.24016  
17375.4   17376.5   1.13613  
17380.1   17381.1   1.03828  
17386.3   17387.7   1.37422  
17394.9   17399.3   4.36625  
17400.1   17402.2   2.02194  
17442     17443.2   1.21256  
17467.1   17468.3   1.1915   
17500.3   17501.3   1.04341  
17509     17510.1   1.13544  
17523.9   17525.4   1.46034  
17538.2   17539.3   1.14059  
17555.5   17556.8   1.25006  
17581.4   17582.7   1.27828  
17593.5   17594.7   1.18359  
17620.4   17621.4   1.05128  
17644.6   17646     1.38325  
17648.9   17650.1   1.19138  
17691.8   17692.9   1.08044  
17696     17697     1.02619  
17753     17754.6   1.60019  
17766.7   17767.8   1.10953  
17770.9   17772.1   1.27681  
17795.1   17796.4   1.276    
17808     17809     1.03641  
17826.9   17828.1   1.23634  
17831.6   17833     1.41372  
17836.5   17837.5   1.03809  
17839.5   17840.6   1.15891  
17843.5   17844.6   1.09163  
17906     17907.4   1.31175  
17916.9   17917.9   1.01863  
17938.4   17939.7   1.29269  
17964.2   17965.5   1.29697  
17967.9   17969.1   1.21503  
17976.7   17977.9   1.21603  
17996.8   17998.2   1.44294  
18005.5   18006.8   1.27681  
18010.5   18011.6   1.10256  
18015.6   18016.8   1.26116  
18020     18021.2   1.1495   
18031.9   18033.2   1.294    
18039.9   18041     1.13413  
18045.2   18046.4   1.18741  
18048.3   18049.4   1.09056  
18054.4   18055.9   1.48638  
18081.4   18082.5   1.12725  
18087.3   18088.6   1.26038  
18096.5   18098.1   1.67756  
18100.8   18101.9   1.05041  
18108.2   18109.4   1.17353  
18114.5   18115.7   1.25075  
18125.9   18127     1.1165   
18139.5   18140.7   1.21081  
18150.7   18152.2   1.5055   
18167.2   18168.3   1.09013  
18171.9   18173.1   1.17494  
18182.9   18184.1   1.2005   
18202.6   18203.6   1.06588  
18207.4   18208.6   1.17128  
18232.5   18233.8   1.22597  
18247.6   18248.6   1.01562  
18253.6   18254.8   1.22913  
18258.9   18260.3   1.43378  
18268.7   18270     1.31134  
18272.6   18274.2   1.53303  
18288.9   18290     1.09337  
18309     18311.6   2.5505   
18333.5   18334.8   1.32525  
18345.9   18347.2   1.345    
18350.1   18351.2   1.08772  
18357     18358     1.03537  
18365.5   18366.5   1.03066  
18394     18395     1.01287  
18397.7   18398.7   1.01375  
18433.8   18435.3   1.48741  
18481.5   18482.7   1.12328  
18500.6   18502.2   1.56656  
18512.7   18514     1.29631  
18528.8   18529.9   1.086    
18532.7   18533.9   1.15034  
18550.8   18551.9   1.08694  
18572.7   18573.7   1.02994  
18578.1   18579.4   1.318    
18600.7   18601.9   1.22447  
18677.6   18678.8   1.17291  
18681.7   18682.7   1.04725  
18700.5   18701.8   1.29347  
18705.1   18706.3   1.19284  
18707.8   18709.1   1.21903  
18748.3   18749.4   1.08294  
18779     18780.6   1.62806  
18791.5   18792.7   1.26059  
18841.8   18843.3   1.52391  
18869.3   18870.6   1.31669  
18892.2   18893.4   1.25519  
18923.3   18924.9   1.56506  
18948.5   18949.7   1.2645   
18971.1   18972.4   1.25069  
18992.5   18993.7   1.16325  
19028.9   19031.5   2.52963  
19058.2   19059.3   1.07666  
19081     19082.8   1.78116  
19092.7   19093.9   1.23572  
19113.8   19114.9   1.13828  
19177.3   19178.4   1.08972  
19188.1   19189.2   1.1515   
19198.7   19199.8   1.07769  
19217.4   19218.9   1.47431  
19235.9   19237     1.11256  
19239.5   19240.6   1.08322  
19242.4   19246.5   4.10741  
19247.3   19249.3   2.03766  
19282.1   19283.5   1.44406  
19295.3   19296.6   1.27506  
19305.5   19306.7   1.14356  
19380     19381.6   1.56513  
19386     19387.1   1.06988  
19425.2   19426.5   1.29884  
19455.1   19456.4   1.30975  
19470.4   19471.5   1.08884  
19477.2   19478.4   1.20213  
19496.8   19498.2   1.37984  
19535     19536.3   1.26222  
19561.9   19563.1   1.28234  
19576.3   19577.5   1.20134  
19598.9   19600.3   1.39044  
19626.8   19628.1   1.29975  
19729.1   19730.5   1.36816  
19732.5   19734     1.56669  
19761.5   19762.6   1.12512  
19819.7   19820.9   1.29566  
19867.6   19868.6   1.01419  
19873.4   19874.4   1.01612  
19887.7   19888.8   1.11638  
19966.4   19967.4   1.00119  
19977.7   19978.8   1.14309  
19994.3   19995.5   1.14881  
20003.4   20004.7   1.2755   
20016.6   20018.5   1.87819  
20034.6   20035.8   1.19094  
20039.3   20040.3   1.02812  
20043.3   20044.4   1.11306  
20055.4   20056.5   1.12891  
20074.3   20076.5   2.16744  
20101.3   20102.9   1.59975  
20113.8   20115.1   1.23009  
20118.7   20119.9   1.17712  
20136.3   20138     1.69353  
20149     20151.5   2.53469  
20185.3   20186.4   1.06725  
20218.7   20220     1.27012  
20232     20233.6   1.67194  
20248     20249.1   1.11284  
20283.3   20284.3   1.05431  
20296.4   20298.1   1.66403  
20346.6   20347.7   1.10841  
20358.1   20359.3   1.22169  
20364     20365     1.02731  
20372.4   20374     1.64066  
20386.6   20388.2   1.60116  
20389.6   20390.9   1.273    
20398.2   20399.5   1.279    
20415.1   20416.2   1.05831  
20434.2   20435.6   1.38916  
20451     20452.3   1.33597  
20474.9   20476.4   1.51834  
20499.4   20500.7   1.3165   
20525.8   20526.9   1.13259  
20548     20549.4   1.37559  
20552.8   20553.9   1.03803  
20572.8   20574.2   1.42853  
20582.3   20583.4   1.11047  
20599.3   20600.4   1.09369  
20618.6   20620.4   1.77834  
20636     20637.1   1.113    
20645.3   20646.8   1.48353  
20652.4   20653.7   1.30903  
20657.4   20658.5   1.13697  
20659.6   20660.8   1.22428  
20675.4   20676.7   1.23494  
20679.5   20680.7   1.23928  
20683.7   20684.9   1.24141  
20693     20694.2   1.22016  
20696.4   20697.7   1.23313  
20698.9   20700     1.07219  
20704.6   20706.3   1.73747  
20715.9   20716.9   1.00256  
20727.2   20728.5   1.29412  
20740.5   20742.2   1.70063  
20771.2   20772.5   1.30103  
20793.6   20794.6   1.00397  
20802.7   20804     1.25309  
20808.3   20809.5   1.12209  
20811.2   20815.3   4.09369  
20816.2   20817.4   1.26931  
20821.9   20822.9   1.00981  
20825.1   20826.1   1.05388  
20841.4   20842.5   1.11184  
20847.4   20848.7   1.37338  
20853.8   20855     1.18059  
20903.5   20905.2   1.67816  
20924.9   20926     1.07078  
20928.8   20930     1.21022  
20991     20992.5   1.47531  
21000.3   21001.6   1.31478  
21037.8   21038.9   1.09041  
21056.9   21058.1   1.18141  
21061.2   21062.3   1.15456  
21063.5   21064.7   1.10481  
21065.9   21066.9   1.03006  
21082.2   21083.6   1.363    
21092.8   21093.9   1.12622  
21112.4   21113.7   1.28484  
21122.5   21123.7   1.186    
21147.3   21148.8   1.50334  
21159.4   21160.6   1.17906  
21188.5   21189.7   1.25775  
21206.9   21208     1.14769  
21212.6   21213.8   1.17919  
21215.4   21216.5   1.13262  
21237.3   21238.4   1.04419  
21250.5   21251.7   1.23988  
21270.1   21271.2   1.11859  
21274.3   21275.3   1.04356  
21301.7   21302.8   1.03884  
21311.1   21312.2   1.11472  
21325.6   21326.7   1.16822  
21329.9   21331.4   1.47359  
21339.4   21340.5   1.04231  
21346.5   21349.1   2.59678  
21374     21375.3   1.29281  
21377.4   21378.4   1.00313  
21405.3   21406.3   1.03484  
21415.5   21416.6   1.10878  
21427.5   21428.6   1.17272  
21464.4   21465.6   1.18066  
21468.9   21470.1   1.22916  
21493.6   21494.8   1.18738  
21500.1   21501.3   1.21128  
21505.8   21506.9   1.09613  
21515.2   21516.3   1.08097  
21528.5   21529.9   1.36809  
21533     21534     1.03556  
21545.5   21546.5   1.01887  
21550.1   21551.7   1.51672  
21560.4   21561.8   1.39269  
21574.2   21575.3   1.03684  
21579.5   21580.6   1.13481  
21587.7   21588.9   1.24409  
21620.5   21621.5   1.04759  
21639.6   21640.8   1.14622  
21647.4   21648.4   1.00906  
21678.3   21679.7   1.3585   
21697     21698.5   1.44956  
21703.9   21706.7   2.85797  
21754.6   21755.8   1.17406  
21757.7   21758.8   1.06963  
21796.6   21797.7   1.0795   
21811.7   21812.9   1.20884  
21828     21829.2   1.20897  
21835.8   21836.8   1.01025  
21843.1   21844.2   1.09391  
21849.7   21851     1.27194  
21866.8   21867.8   1.07141  
21873.2   21874.3   1.11297  
21886.7   21888.4   1.70747  
21897.9   21898.9   1.01175  
21916.6   21917.8   1.22231  
21921.7   21923.2   1.51212  
21930.6   21932.3   1.733    
21965.4   21966.9   1.49591  
21979     21980.2   1.18175  
21987.2   21988.3   1.12019  
22010.1   22011.2   1.09013  
22014.2   22015.3   1.10537  
22018.6   22019.7   1.04672  
22030.6   22032     1.39387  
22037.4   22038.6   1.109    
22052.3   22054.3   1.98172  
22071.4   22072.9   1.44453  
22076     22077.1   1.14397  
22092.4   22093.7   1.29044  
22097.1   22098.5   1.40834  
22107.1   22108.4   1.25566  
22122     22123.1   1.08159  
22128.3   22129.6   1.35488  
22130.7   22131.8   1.02844  
22145.5   22146.5   1.05197  
22152.2   22153.4   1.18459  
22173     22174.7   1.73272  
22196.7   22198.2   1.49788  
22208.8   22210     1.20209  
22228.9   22230.2   1.34525  
22236     22237.1   1.01016  
22238     22239.2   1.13875  
22264.3   22265.3   1.0295   
22302.5   22303.7   1.20837  
22311     22312.2   1.18788  
22321.4   22322.9   1.56238  
22328.7   22330.3   1.67134  
22351.1   22352.3   1.13316  
22363.1   22364.2   1.05241  
22365     22366.3   1.26919  
22382.4   22383.4   1.05012  
22397.3   22398.3   1.00256  
22421.7   22423.4   1.66037  
22436.8   22437.9   1.04747  
22440.6   22441.7   1.09963  
22465.9   22466.9   1.01728  
22469.3   22473.5   4.14138  
22483     22484     1.01863  
22537.3   22538.4   1.06978  
22573.8   22575.3   1.47481  
22599.5   22600.5   1.06834  
22615     22616.2   1.12716  
22630     22631.3   1.38956  
22642.4   22643.6   1.26425  
22647.7   22648.9   1.18981  
22656.1   22657.5   1.33478  
22695.5   22697     1.46969  
22702.5   22704.1   1.56375  
22744.1   22745.1   1.00878  
22753.3   22754.8   1.54609  
22765.7   22767.2   1.45478  
22773     22774     1.014    
22782.7   22784     1.32056  
22790.5   22791.6   1.12344  
22814.8   22815.9   1.14616  
22817.8   22818.9   1.14366  
22825.6   22826.7   1.08453  
22849     22850.2   1.25119  
22852.3   22853.5   1.19822  
22860.4   22861.6   1.20491  
22885.7   22887.3   1.65306  
22910     22911.1   1.17119  
22922.2   22923.2   1.01844  
22962.7   22963.7   1.01731  
22970.5   22971.7   1.1235   
22974.1   22975.7   1.62791  
22981.4   22982.7   1.22225  
22996.6   22997.7   1.12034  
23006.7   23007.8   1.11647  
23018.7   23020.2   1.55966  
23046.3   23047.4   1.09613  
23063.7   23064.7   1.0205   
23085.2   23086.5   1.28212  
23089     23090.2   1.20813  
23094.8   23095.8   1.02803  
23114.8   23115.8   1.043    
23151.9   23153.4   1.52731  
23167.1   23168.6   1.57772  
23186.9   23188.4   1.50297  
23206.1   23207.2   1.05591  
23236.3   23237.3   1.05606  
23253     23254.3   1.32844  
23256.2   23257.5   1.25869  
23268     23269.6   1.56953  
23271.1   23272.3   1.16284  
23287.6   23289.1   1.47075  
23299.7   23302.3   2.5675   
23334.4   23335.5   1.03456  
23344.7   23345.9   1.19044  
23385.1   23386.2   1.13787  
23397.7   23398.8   1.10759  
23429.9   23431     1.15503  
23435.5   23436.7   1.22072  
23438.1   23439.7   1.52456  
23445.7   23446.8   1.15403  
23456.6   23457.9   1.29366  
23459.6   23460.9   1.36259  
23470.7   23471.7   1.04559  
23472.9   23474     1.06113  
23483.5   23484.6   1.11744  
23498     23499.7   1.70244  
23513.1   23514.2   1.12309  
23529.1   23530.3   1.2145   
23539.9   23541.4   1.54641  
23548.7   23549.9   1.26322  
23559.3   23560.7   1.38209  
23570.1   23571.1   1.03231  
23579.2   23580.4   1.18103  
23585.7   23586.9   1.18431  
23590.9   23592.8   1.85809  
23607.8   23609     1.24975  
23619.7   23621.1   1.42684  
23662.3   23664     1.60875  
23667.5   23668.7   1.23097  
23676.2   23677.3   1.13575  
23686.1   23687.4   1.289    
23688.6   23689.7   1.14197  
23696.1   23697.4   1.29134  
23700.5   23701.6   1.05566  
23709.5   23710.7   1.25838  
23721.4   23723.1   1.69944  
23726.4   23727.8   1.37034  
23744.9   23746.5   1.56009  
23755.3   23757.1   1.84337  
23771.4   23772.6   1.23109  
23777     23778.4   1.39453  
23787.1   23788.1   1.01209  
23792     23793.2   1.193    
23801.6   23802.6   1.00728  
23804.1   23805.3   1.23072  
23807.8   23809.6   1.76094  
23813.6   23815.3   1.70031  
23821.3   23822.9   1.56278  
23837.4   23838.6   1.15069  
23840.4   23841.4   1.02063  
23861.4   23862.6   1.27709  
23876.5   23877.6   1.15616  
23894.4   23895.6   1.20078  
23901.8   23903.2   1.41175  
23908.2   23909.8   1.51744  
23917.2   23918.4   1.12662  
23920.6   23921.9   1.33528  
23924.8   23926.3   1.51022  
23934.7   23936     1.33247  
23943.1   23944.3   1.19797  
23954.2   23955.6   1.41653  
23965.8   23967.7   1.93188  
23974.5   23976     1.5175   
23977.8   23979.4   1.57812  
23995.9   23997     1.15466  
24011.1   24012.4   1.35728  
24016.8   24018.4   1.58006  
24025.8   24027     1.16366  
24027.4   24030     2.53891  
24114.4   24115.4   1.01084  
24125.9   24127.3   1.39953  
24152.9   24154.2   1.27503  
24210.1   24211.2   1.09203  
24230.4   24231.5   1.04256  
24232.2   24233.7   1.46922  
24253.5   24255     1.41613  
24328.7   24329.9   1.17797  
24341.1   24342.1   1.03822  
24368.4   24369.7   1.23775  
24391.6   24393     1.41566  
24416.4   24417.5   1.06572  
24464     24465.3   1.27691  
24512     24513.2   1.22375  
24514.2   24515.6   1.39647  
24540.1   24541.3   1.14375  
24565.2   24566.7   1.45316  
24583.1   24584.4   1.21516  
24624.6   24625.8   1.24591  
24642     24643.1   1.10888  
24650.9   24651.9   1.04328  
24690.7   24694.9   4.19678  
24695.8   24697.2   1.32444  
24753.1   24754.3   1.15659  
24756.3   24757.5   1.21722  
24803.4   24805.2   1.78328  
24833.1   24834.1   1.0095   
24854.4   24855.6   1.18406  
24867.7   24868.9   1.19428  
24873     24874     1.05991  
24908.3   24909.8   1.56047  
24924.3   24925.3   1.01291  
24946.1   24947.2   1.12025  
24965.3   24966.3   1.06975  
24976.6   24977.9   1.25906  
25009.3   25010.6   1.29012  
25020.9   25022.4   1.42541  
25035.6   25037     1.36275  
25057     25058.2   1.18094  
25060.2   25061.2   1.00653  
25069.6   25070.6   1.03322  
25073.9   25075.4   1.49978  
25082.9   25084     1.09834  
25099.9   25101     1.10641  
25146.9   25148.4   1.54194  
25164.7   25165.9   1.2035   
25201.3   25202.5   1.16712  
25214.9   25216     1.06528  
25362.1   25363.3   1.17575  
25372     25373.1   1.14431  
25403.7   25404.8   1.01759  
25426.7   25427.8   1.09672  
25465     25466.3   1.27922  
25483.1   25484.3   1.17044  
25524.6   25526.7   2.11025  
25556.6   25558     1.36531  
25583.7   25584.7   1.05019  
25593.7   25594.9   1.19519  
25600.3   25601.5   1.22578  
25610.6   25611.7   1.00212  
25626     25627     1.02044  
25652.5   25653.8   1.29356  
25681     25682.4   1.3335   
25688.1   25689.1   1.06794  
25692     25693.1   1.14663  
25710.2   25711.3   1.15434  
25771.6   25772.8   1.23725  
25782.5   25784     1.51959  
25857.6   25858.7   1.08919  
25862.9   25864.2   1.25525  
25880.8   25882.2   1.39903  
25890.9   25892     1.01619  
25912.1   25913.2   1.09291  
25927.4   25928.6   1.23547  
25935.8   25936.9   1.05444  
25942.5   25943.7   1.22741  
25951.7   25953     1.28628  
25972.5   25973.7   1.16941  
25976.1   25977.3   1.23384  
25990.2   25991.2   1.00625  
25994.6   25995.7   1.07419  
26019.4   26020.4   1.04487  
26025.8   26026.8   1.00937  
26044.4   26045.5   1.08678  
26073.6   26075.3   1.72106  
26085.2   26086.5   1.21434  
26093.5   26095.1   1.59219  
26103.5   26104.7   1.24759  
26139     26140.1   1.07078  
26170     26171.2   1.22081  
26187.4   26188.4   1.00922  
26214.6   26215.7   1.06872  
26259.7   26260.8   1.11841  
26272.4   26273.7   1.27972  
26298     26299.2   1.23569  
26305.7   26306.7   1.04359  
26326.9   26328.1   1.20459  
26354.7   26356     1.28663  
26375.7   26376.9   1.17881  
26382.8   26383.9   1.17797  
26389.3   26390.6   1.31375  
26397.9   26398.9   1.05062  
26419.6   26420.7   1.14003  
26434.5   26435.5   1.01534  
26447.6   26448.8   1.24694  
26488.5   26489.8   1.27328  
26517.8   26519     1.15616  
26524     26525.1   1.11047  
26533.2   26534.5   1.27631  
26569.9   26571.1   1.24188  
26577.5   26578.6   1.10712  
26596.8   26598     1.19144  
26603.3   26604.8   1.53269  
26621.1   26622.5   1.42497  
26652.8   26653.8   1.01578  
26659.1   26660.6   1.44081  
26677     26678.4   1.41997  
26680.2   26681.4   1.13013  
26698.4   26699.4   1.02659  
26703     26704.1   1.10634  
26711.1   26712.1   1.052    
26750.5   26752.2   1.73956  
26800.6   26802.4   1.76741  
26838.2   26839.4   1.23078  
26846     26847.5   1.48731  
26854.6   26855.9   1.29397  
26886.7   26888.1   1.392    
26900.8   26902     1.28097  
26949.7   26951.2   1.54553  
26952.4   26956.6   4.23953  
26980.2   26981.5   1.24978  
27009.4   27010.6   1.12866  
27043.1   27044.3   1.23025  
27052.6   27053.7   1.09666  
27088.7   27089.7   1.0465   
27097.6   27099     1.41066  
27131.7   27132.7   1.00319  
27138.3   27139.4   1.08481  
27156.1   27157.2   1.19263  
27175.5   27176.5   1.03337  
27206.4   27207.6   1.21731  
27232.3   27233.3   1.09041  
27236.8   27237.9   1.05928  
27256.3   27257.3   1.07459  
27270     27271.1   1.082    
27272.1   27273.1   1.0345   
27286.5   27287.7   1.19322  
27300     27301.6   1.55506  
27314.5   27315.5   1.04359  
27329.3   27330.6   1.25272  
27335.2   27336.4   1.12566  
27348.2   27349.4   1.17009  
27372.9   27374     1.15803  
27395.6   27396.6   1.03113  
27414.3   27415.4   1.12428  
27423     27424     1.00809  
27460.3   27461.5   1.22447  
27470.5   27471.9   1.35397  
27490.8   27492     1.15741  
27497.1   27498.3   1.26884  
27505.9   27507     1.11694  
27540.6   27542.1   1.48528  
27544.9   27546     1.08888  
27594.1   27595.1   1.03906  
27605.1   27606.7   1.59981  
27640     27642     2.00072  
27688.8   27690.6   1.74394  
27711.5   27712.5   1.06816  
27727.6   27728.7   1.09544  
27730.5   27731.6   1.13837  
27741     27742.1   1.05375  
27749.7   27750.7   1.01169  
27769     27770.1   1.09897  
27787.5   27788.7   1.23197  
27804.5   27805.5   1.04116  
27817.4   27818.5   1.10919  
27862     27863.5   1.49084  
27890     27891.1   1.13672  
27897.9   27898.9   1.02009  
27937.5   27939     1.49178  
27946.3   27947.4   1.03678  
27959.4   27960.7   1.353    
27971.4   27972.4   1.04125  
27981.1   27982.2   1.12744  
27994.4   27995.5   1.11662  
28065.6   28066.6   1.02363  
28070.2   28071.4   1.11781  
28088.3   28089.5   1.22009  
28111.3   28112.4   1.15722  
28130.9   28132     1.07866  
28139.7   28141     1.29672  
28148.6   28149.7   1.06372  
28160.8   28162.3   1.45603  
28175.6   28176.9   1.32359  
28207.7   28208.8   1.13609  
28220.1   28221.4   1.23694  
28236.8   28238     1.13953  
28254.4   28255.6   1.24212  
28271.6   28272.6   1.02669  
28280.1   28281.3   1.20056  
28309.2   28310.4   1.14444  
28318.3   28319.5   1.14834  
28329.7   28330.9   1.16166  
28335.1   28336.7   1.57853  
28346.2   28347.4   1.19019  
28404     28405.1   1.02556  
28406.1   28407.3   1.23494  
28450.5   28452.4   1.91084  
28458.6   28459.7   1.05212  
28477.5   28478.9   1.41016  
28488     28489.2   1.25875  
28514.5   28515.7   1.27572  
28517.6   28518.8   1.27581  
28551.8   28552.8   1.03925  
28563.6   28564.9   1.27788  
28568.3   28569.3   1.01141  
28592.9   28594.1   1.17266  
28605     28606     1.0135   
28609.7   28610.7   1.07616  
28614.2   28615.2   1.02322  
28617.4   28618.6   1.19644  
28623.2   28626.6   3.42794  
28627.7   28628.8   1.17875  
28775.8   28777.1   1.20241  
28804.9   28806     1.12094  
28850.3   28851.5   1.15053  
28868.5   28869.5   1.04287  
28889.8   28891     1.19663  
28904.2   28905.6   1.35475  
28942.4   28943.8   1.45522  
28952.5   28953.5   1.00853  
28961.7   28962.9   1.17278  
28963.5   28964.5   1.03866  
28983.9   28985.5   1.59897  
28992.7   28993.7   1.05341  
29018.3   29019.6   1.32666  
29049.3   29050.6   1.31872  
29053     29054     1.03916  
29063.3   29064.4   1.06937  
29074.4   29075.6   1.16078  
29083     29084.2   1.21691  
29093     29094.1   1.09913  
29115.6   29117.2   1.56084  
29120.3   29121.4   1.06184  
29166.6   29168.2   1.57325  
29170.1   29171.2   1.11375  
29175.2   29176.3   1.02537  
29191.2   29192.4   1.26666  
29221.9   29223.9   1.98559  
29231.8   29233.2   1.39381  
29257     29258.5   1.47956  
29266.2   29267.6   1.36056  
29270.3   29271.5   1.19616  
29297.1   29298.6   1.44656  
29304.7   29305.8   1.13941  
29313     29314     1.0005   
29332.6   29333.9   1.24672  
29341     29342.2   1.21103  
29355.4   29356.8   1.35794  
29358.8   29359.9   1.09956  
29371.4   29372.6   1.22634  
29414.2   29416.1   1.92828  
29418.7   29419.9   1.20325  
29429.5   29430.5   1.07147  
29431.5   29433.7   2.276    
29469.8   29470.8   1.02944  
29476.3   29477.6   1.35631  
29485.6   29486.7   1.12219  
29497.1   29498.1   1.02803  
29548.7   29549.8   1.0765   
29560.3   29561.3   1.02656  
29565.3   29566.5   1.20188  
29596.5   29597.6   1.10559  
29603.9   29605     1.10787  
29617.6   29618.9   1.34531  
29623.3   29624.4   1.09625  
29635.2   29636.8   1.58241  
29642.4   29643.5   1.09369  
29645.6   29646.8   1.26391  
29657     29658.4   1.43966  
29665.4   29666.5   1.01412  
29693.6   29694.6   1.04856  
29697.7   29699.1   1.42603  
29710.9   29712     1.06203  
29715     29716.2   1.19112  
29729.6   29730.8   1.1925   
29738.4   29739.6   1.17512  
29740.9   29742     1.094    
29762.7   29763.7   1.06113  
29779.4   29780.5   1.176    
29795.4   29796.8   1.35247  
29812.4   29813.6   1.22234  
29830.7   29831.8   1.05466  
29838.5   29839.9   1.39894  
29852.1   29853.4   1.28075  
29860.5   29861.6   1.09238  
29867.4   29868.6   1.16031  
29871.6   29872.7   1.03113  
29916.1   29917.2   1.08131  
29930.5   29931.6   1.05522  
29939.5   29940.7   1.16141  
29955.8   29957.2   1.36312  
29963.3   29964.4   1.05597  
29994.3   29995.5   1.18653  
30006.3   30007.4   1.02853  
30042.3   30043.6   1.32122  
30062.7   30063.8   1.09647  
30068.3   30069.5   1.12375  
30072.9   30074     1.03428  
30074.9   30076     1.04331  
30110.7   30112.4   1.72522  
30116     30117.2   1.18984  
30131     30132.5   1.46006  
30144.2   30145.7   1.43556  
30176     30177.3   1.31153  
30194.4   30195.4   1.06353  
30214.6   30216     1.42888  
30246.9   30247.9   1.05234  
30293.9   30295.3   1.3405   
30298.3   30299.4   1.03594  
30307.8   30308.9   1.11766  
30319.5   30320.6   1.12072  
30357.2   30358.3   1.17425  
30365.6   30366.9   1.30959  
30386.2   30387.3   1.04509  
30395.9   30396.9   1.01722  
30401.9   30402.9   1.0505   
30426.6   30427.7   1.026    
30428.1   30429.2   1.17894  
30451.5   30452.6   1.18103  
30461.2   30462.7   1.55053  
30506.7   30508     1.20338  
30517.2   30518.3   1.10238  
30561.1   30562.3   1.18375  
30582.5   30583.6   1.09919  
30598.9   30600     1.09794  
30632.9   30637.1   4.21606  
30661.6   30662.8   1.12987  
30706.6   30707.9   1.30603  
30711.3   30712.4   1.09422  
30728.9   30730.5   1.59384  
30814.9   30816     1.1435   
30833.1   30834.4   1.27331  
30842.2   30843.3   1.12     
30864.7   30865.7   1.00256  
30877.6   30878.8   1.18178  
30888.2   30889.2   1.03194  
30901.6   30902.7   1.18119  
30917.6   30918.6   1.00044  
30935.5   30936.9   1.36978  
30946.8   30947.8   1.04409  
30968.3   30969.5   1.26816  
30994.2   30995.5   1.24841  
31001.6   31002.7   1.10372  
31009     31010.1   1.04844  
31035.8   31036.9   1.05494  
31120.8   31121.9   1.14266  
31163.3   31164.3   1.04825  
31166.7   31168.1   1.33319  
31186.7   31188.2   1.51675  
31191.5   31192.5   1.05134  
31200.9   31202     1.11994  
31253.1   31254.1   1.09369  
31258.8   31259.9   1.12025  
31304.2   31305.4   1.24422  
31334.9   31336.3   1.37647  
31358.3   31359.5   1.16134  
31364.2   31367     2.82931  
31400.4   31402     1.61503  
31408.4   31409.8   1.41356  
31444.1   31445.3   1.19762  
31446.1   31447.5   1.36053  
31481.1   31482.4   1.28769  
31496.5   31497.7   1.22109  
31515.4   31516.9   1.50331  
31527.9   31529.1   1.16731  
31544     31545.2   1.2375   
31561.6   31563     1.38816  
31570.6   31571.9   1.23997  
31580.2   31581.6   1.37572  
31613.2   31614.7   1.51075  
31626.8   31628.2   1.35513  
31655.8   31656.9   1.07803  
31671.5   31672.6   1.17622  
31690     31691.2   1.12972  
31701.4   31702.7   1.26519  
31727.6   31729     1.43744  
31811.2   31812.5   1.31409  
31846.5   31847.6   1.08581  
31854     31855.1   1.08653  
31860.1   31861.3   1.15756  
31889     31890.1   1.12541  
31894.7   31896     1.2905   
31905.8   31907.2   1.33078  
31912.8   31913.9   1.09281  
31930.1   31931.1   1.05025  
31934.2   31935.5   1.26516  
31948.3   31950.1   1.71022  
31977     31978.1   1.08034  
32028.3   32029.7   1.397    
32039.3   32040.3   1.04022  
32052.5   32053.7   1.20075  
32061.6   32062.6   1.01603  
32072.8   32074     1.19478  
32077.5   32078.9   1.37359  
32091.1   32092.4   1.22487  
32127.8   32129     1.21325  
32162.5   32163.6   1.14753  
32184.9   32186.5   1.57844  
32193.3   32194.4   1.09691  
32196.5   32197.7   1.20778  
32207.5   32208.9   1.38425  
32222.2   32223.4   1.25506  
32244.1   32245.9   1.81869  
32268.7   32270.1   1.35113  
32314.9   32316     1.088    
32323.1   32324.2   1.18547  
32327.9   32329     1.1755   
32345.8   32347.2   1.41284  
32370     32371.2   1.122    
32426.2   32427.2   1.00391  
32455.2   32459.5   4.29872  
32460.4   32461.6   1.14266  
32514.6   32515.9   1.24847  
32555.8   32557     1.15134  
32578.9   32579.9   1.00487  
32603.5   32604.7   1.23034  
32619.1   32620.4   1.28756  
32623.5   32625     1.49928  
32633.1   32634.2   1.09737  
32667.3   32668.9   1.58097  
32703.6   32704.6   1.03766  
32707.5   32708.6   1.05291  
32711.7   32712.8   1.11222  
32720.1   32721.1   1.03034  
32769     32770.4   1.44619  
32775.7   32776.7   1.06609  
32786.1   32787.3   1.27228  
32802.6   32803.9   1.24272  
32828.9   32830     1.02244  
32848.9   32849.9   1.03663  
32858     32859.5   1.50472  
32868.7   32869.7   1.04869  
32897     32898.8   1.78406  
32909.9   32911     1.17534  
32919.4   32920.9   1.41122  
32927.2   32928.5   1.32469  
32945.1   32946.2   1.14819  
32948.3   32949.4   1.15106  
32952.9   32954     1.13825  
32964.4   32965.5   1.04416  
32970.9   32972.2   1.32994  
32980.5   32982.1   1.54441  
32991.7   32992.9   1.22788  
33017.3   33018.4   1.15403  
33021.4   33022.6   1.22869  
33026.2   33027.5   1.21219  
33043.5   33045     1.46584  
33048.9   33050     1.09816  
33102.6   33103.7   1.16112  
33119.2   33120.4   1.15175  
33147.3   33148.4   1.13556  
33165.2   33166.3   1.16263  
33196.6   33197.6   1.00056  
33226.7   33227.7   1.01094  
33233.7   33235.4   1.70634  
33262.1   33263.3   1.189    
33276.1   33277.2   1.16222  
33295.2   33296.6   1.35341  
33318.7   33320.3   1.63016  
33340.6   33341.7   1.10462  
33352     33353.4   1.44766  
33358.1   33359.1   1.06391  
33377     33378     1.01309  
33416.2   33417.4   1.17872  
33451.4   33452.5   1.04175  
33459.8   33460.9   1.01519  
33484.6   33485.6   1.02113  
33490.8   33491.8   1.09844  
33611.7   33613     1.30662  
33656.3   33657.3   1.00016  
33667.6   33668.7   1.10963  
33676.8   33677.8   1.07953  
33701.5   33703     1.49588  
33760.7   33762     1.28297  
33796.7   33798     1.22391  
33887     33888.1   1.14872  
33903     33907.2   4.16275  
33908.2   33909.5   1.33384  
33936.5   33938     1.47597  
33946.6   33947.7   1.11722  
33983.6   33984.8   1.26256  
33995.2   33996.5   1.3195   
34011.1   34012.2   1.11056  
34016     34017.3   1.23016  
34027.1   34028.2   1.09456  
34032.8   34033.9   1.11912  
34056.6   34057.9   1.279    
34073.1   34074.7   1.66334  
34092.6   34094     1.36919  
34096.7   34097.7   1.014    
34102.9   34104.1   1.27156  
34106.7   34108.2   1.52556  
34116.8   34117.9   1.01634  
34123.7   34125.2   1.52772  
34130.6   34131.9   1.30616  
34143.7   34144.8   1.03316  
34205.8   34207.1   1.32819  
34231.7   34233     1.21578  
34257.8   34258.9   1.09466  
34300.6   34301.8   1.20591  
34306.1   34307.5   1.38681  
34321.7   34322.9   1.23666  
34372.5   34373.5   1.0635   
34435.6   34436.7   1.09147  
34498.3   34499.4   1.05372  
34574.4   34575.6   1.25403  
34596.3   34598.4   2.11391  
34627.4   34628.7   1.25856  
34657.2   34658.5   1.23622  
34686.1   34687.7   1.54328  
34714.3   34715.5   1.26378  
34732.2   34733.6   1.36888  
34741.6   34742.7   1.12122  
34749     34750.1   1.08925  
34762.5   34763.6   1.078    
34767.8   34769.2   1.45872  
34789.7   34790.8   1.11859  
34818.3   34819.5   1.16097  
34825.3   34826.7   1.36844  
34831.1   34832.3   1.21978  
34860.3   34861.4   1.02806  
34876.9   34878.1   1.18847  
34892.8   34893.9   1.05309  
34954.4   34956.1   1.75022  
34993.9   34995.6   1.67541  
35005.2   35006.2   1.00869  
35011.2   35012.2   1.05225  
35020.2   35021.3   1.02884  
35034     35035     1.01388  
35045.6   35046.6   1.06225  
35059.5   35060.5   1.06919  
35123.2   35124.3   1.05822  
35176.4   35178     1.58172  
35184.7   35185.8   1.13541  
35219     35220.1   1.12297  
35241.7   35243     1.26422  
35254.5   35256.2   1.69275  
35277.8   35279.1   1.30513  
35283     35284     1.06984  
35296.5   35297.6   1.12987  
35322.9   35324.5   1.63244  
35331.2   35332.3   1.1315   
35339.1   35340.8   1.61128  
35356.8   35358.4   1.63844  
35362.5   35363.8   1.34462  
35377.7   35378.7   1.06884  
35385.6   35386.9   1.29878  
35393     35394.1   1.12116  
35396.7   35397.7   1.01788  
35419.6   35421.1   1.53322  
35428.6   35430.1   1.53181  
35442.9   35444.1   1.22697  
35461.5   35462.5   1.06744  
35474.5   35476.3   1.78619  
35491.3   35492.7   1.41103  
35502     35503     1.07994  
35537.6   35538.9   1.27944  
35551.7   35552.9   1.16512  
35556.3   35557.4   1.05744  
35560.1   35562.3   2.17388  
35566.2   35567.7   1.55453  
35596.4   35597.4   1.01947  
35638     35639.2   1.2045   
35669.7   35671.3   1.54616  
35686.9   35688.1   1.22247  
35689.9   35691.2   1.27897  
35700.3   35701.9   1.54988  
35711.3   35712.8   1.51766  
35756.6   35757.9   1.29322  
35777.9   35779.4   1.42894  
35809.4   35810.4   1.04509  
35820.1   35821.2   1.14847  
35856.7   35858.2   1.43241  
35903.3   35904.4   1.10016  
35923.9   35924.9   1.02763  
35928.8   35930.5   1.77953  
35933.9   35935.2   1.30944  
35963.2   35964.4   1.12922  
35990.5   35991.7   1.15663  
35992.9   35994     1.16863  
36011.2   36012.4   1.14994  
36034.8   36036.2   1.37238  
36057.1   36058.4   1.3785   
36084.5   36085.6   1.16344  
36094.4   36095.9   1.50825  
36146.7   36148.2   1.49959  
36154.9   36159.1   4.20656  
36209.3   36210.5   1.17056  
36247.2   36248.2   1.0335   
36253.8   36255     1.20134  
36333     36334.3   1.35053  
36354.2   36355.3   1.06597  
36370.6   36371.6   1.07038  
36378.5   36379.6   1.08688  
36432.2   36433.3   1.09519  
36440.9   36442     1.08491  
36481.6   36483.1   1.49144  
36495.5   36496.6   1.14178  
36508.5   36509.6   1.12225  
36515.8   36517.4   1.60697  
36525.5   36526.5   1.00181  
36543.8   36545.4   1.53369  
36567.9   36569.2   1.27756  
36574     36575.1   1.12206  
36608.4   36609.9   1.57319  
36644.4   36645.6   1.21666  
36660.8   36661.9   1.10997  
36669.2   36670.3   1.07391  
36688.7   36690.2   1.42994  
36703.7   36705.3   1.59234  
36710.3   36711.5   1.217    
36716     36717.2   1.19828  
36735.2   36737     1.79044  
36751     36752.1   1.07606  
36755.4   36756.7   1.26844  
36760.3   36761.9   1.59472  
36785.1   36786.4   1.35363  
36794     36795.3   1.31125  
36826     36827.2   1.16253  
36844.5   36846.1   1.64941  
36874.5   36875.5   1.01259  
36879.4   36880.4   1.02128  
36896.6   36897.8   1.16547  
36904.4   36905.6   1.21437  
36920.5   36921.8   1.32428  
36931.7   36932.8   1.04494  
36957.9   36959.2   1.2585   
36965.4   36966.7   1.31363  
36981.2   36982.7   1.47672  
36987.8   36989.2   1.41956  
37007.1   37008.3   1.19888  
37023.6   37025     1.37025  
37033.2   37034.4   1.18897  
37037.1   37040.2   3.11666  
37064     37065.4   1.35141  
37086.8   37087.9   1.09081  
37101.7   37102.9   1.26881  
37121.2   37122.7   1.51391  
37139.7   37141.1   1.40975  
37147.7   37148.9   1.12888  
37170.8   37172     1.27281  
37179.3   37180.7   1.38847  
37199.3   37200.5   1.10947  
37214.9   37216     1.06919  
37222.1   37223.8   1.70328  
37243.1   37244.3   1.21863  
37259     37260     1.03409  
37274.8   37276.3   1.44106  
37304.3   37305.8   1.55828  
37315     37316.1   1.06981  
37324.4   37325.4   1.02131  
37348.7   37349.8   1.02891  
37361.2   37362.8   1.62328  
37371.6   37372.8   1.17634  
37384.4   37386.3   1.89381  
37395.9   37397.1   1.23966  
37412.1   37413.2   1.09175  
37433.3   37434.3   1.02597  
37478.4   37479.6   1.19181  
37508.8   37510.3   1.50659  
37530     37531.1   1.10631  
37537.2   37538.5   1.27925  
37543.3   37544.4   1.14741  
37549.5   37550.7   1.16413  
37558.8   37560.5   1.65972  
37644.6   37645.9   1.26959  
37653.7   37655.3   1.51731  
37674.1   37676     1.84703  
37684.1   37685.3   1.15616  
37688.4   37689.4   1.01713  
37709.4   37710.6   1.16622  
37716.6   37717.6   1.03881  
37736.9   37737.9   1.00716  
37740.2   37741.3   1.14541  
37742.7   37746.8   4.15712  
37747.7   37748.8   1.07834  
37751.8   37753.5   1.68619  
37755.4   37756.5   1.05206  
37757.9   37759.5   1.54147  
37793     37794.6   1.55056  
37796.4   37797.9   1.44084  
37800.4   37801.6   1.19797  
37802.1   37803.4   1.24691  
37804.8   37806.2   1.40969  
37809.6   37810.6   1.04838  
37828.9   37830.5   1.59919  
37836     37837.1   1.15809  
37842.2   37843.4   1.16466  
37844.5   37846.2   1.68309  
37846.6   37847.7   1.09572  
37848.3   37850.2   1.91403  
37863.1   37864.2   1.14709  
37865.7   37866.7   1.06488  
37879.6   37881.1   1.49578  
37888     37889.8   1.7455   
37892.3   37894.3   2.00375  
37894.7   37895.9   1.21544  
37896.4   37897.9   1.54419  
37903.9   37904.9   1.02666  
37933.6   37935.2   1.55753  
37938     37940.3   2.32259  
37940.8   37941.8   1.01519  
37942.4   37944.1   1.7325   
37965.9   37966.9   1.01675  
37973     37974.4   1.35297  
37979.2   37980.4   1.13884  
37981.2   37982.4   1.25119  
37986     37989.8   3.83984  
37998.7   37999.7   1.00431  
38001.5   38003     1.52247  
38019.9   38021.6   1.69341  
38039.2   38040.3   1.16366  
